<?xml version="1.0" encoding="UTF-8"?>
<testsuite name="features.TestRunner" tests="2" skipped="0" failures="0" errors="0" timestamp="2023-07-17T04:01:02" hostname="NITHINPN" time="17.868">
  <properties/>
  <testcase name="[1:7] login practicetestautomation page demo case" classname="features.TestRunner" time="10.845"/>
  <testcase name="[1:4] testing ui automation" classname="features.TestRunner" time="7.02"/>
  <system-out><![CDATA[09:31:02.773 [Test worker] DEBUG com.jayway.jsonpath.internal.path.CompiledPath - Evaluating path: $
09:31:02.801 [Test worker] DEBUG com.intuit.karate.shell.Command - found / verified free local port: 9222
09:31:02.803 [chrome_1689566462788] DEBUG com.intuit.karate.driver.chrome_1689566462788 - command: [C:\Program Files\Google\Chrome\Application\chrome.exe, --remote-debugging-port=9222, --remote-allow-origins=*, --no-first-run, --user-data-dir=C:\Intellij projects\git-actions\build\chrome_1689566462788, --disable-popup-blocking, --remote-allow-origins=*], working dir: build\chrome_1689566462788
09:31:02.808 [Test worker] DEBUG com.intuit.karate.driver.chrome_1689566462788 - poll attempt #0 for port to be ready - localhost:9222
09:31:02.992 [chrome_1689566462788-out] DEBUG com.intuit.karate.driver.chrome_1689566462788 - 
09:31:02.992 [chrome_1689566462788-out] DEBUG com.intuit.karate.driver.chrome_1689566462788 - DevTools listening on ws://127.0.0.1:9222/devtools/browser/0a04b4d0-0fd0-4724-b692-51f1858a2ca2
09:31:03.066 [Test worker] DEBUG com.intuit.karate.driver.chrome_1689566462788 - poll attempt #1 for port to be ready - localhost:9222
09:31:03.536 [Test worker] DEBUG org.apache.http.client.protocol.RequestAddCookies - CookieSpec selected: karate
09:31:03.544 [Test worker] DEBUG org.apache.http.client.protocol.RequestAuthCache - Auth cache not set in the context
09:31:03.548 [Test worker] DEBUG com.intuit.karate - request:
1 > GET http://localhost:9222/json
1 > Host: localhost:9222
1 > Connection: Keep-Alive
1 > User-Agent: Apache-HttpClient/4.5.14 (Java/11.0.16.1)
1 > Accept-Encoding: gzip,deflate


09:31:03.550 [Test worker] DEBUG org.apache.http.impl.conn.PoolingHttpClientConnectionManager - Connection request: [route: {}->http://localhost:9222][total available: 0; route allocated: 0 of 5; total allocated: 0 of 10]
09:31:03.568 [Test worker] DEBUG org.apache.http.impl.conn.PoolingHttpClientConnectionManager - Connection leased: [id: 0][route: {}->http://localhost:9222][total available: 0; route allocated: 1 of 5; total allocated: 1 of 10]
09:31:03.569 [Test worker] DEBUG org.apache.http.impl.execchain.MainClientExec - Opening connection {}->http://localhost:9222
09:31:03.571 [Test worker] DEBUG org.apache.http.impl.conn.DefaultHttpClientConnectionOperator - Connecting to localhost/127.0.0.1:9222
09:31:03.572 [Test worker] DEBUG org.apache.http.impl.conn.DefaultHttpClientConnectionOperator - Connection established 127.0.0.1:54707<->127.0.0.1:9222
09:31:03.573 [Test worker] DEBUG org.apache.http.impl.conn.DefaultManagedHttpClientConnection - http-outgoing-0: set socket timeout to 30000
09:31:03.573 [Test worker] DEBUG org.apache.http.impl.execchain.MainClientExec - Executing request GET /json HTTP/1.1
09:31:03.573 [Test worker] DEBUG org.apache.http.impl.execchain.MainClientExec - Target auth state: UNCHALLENGED
09:31:03.573 [Test worker] DEBUG org.apache.http.impl.execchain.MainClientExec - Proxy auth state: UNCHALLENGED
09:31:03.575 [Test worker] DEBUG org.apache.http.headers - http-outgoing-0 >> GET /json HTTP/1.1
09:31:03.575 [Test worker] DEBUG org.apache.http.headers - http-outgoing-0 >> Host: localhost:9222
09:31:03.575 [Test worker] DEBUG org.apache.http.headers - http-outgoing-0 >> Connection: Keep-Alive
09:31:03.575 [Test worker] DEBUG org.apache.http.headers - http-outgoing-0 >> User-Agent: Apache-HttpClient/4.5.14 (Java/11.0.16.1)
09:31:03.575 [Test worker] DEBUG org.apache.http.headers - http-outgoing-0 >> Accept-Encoding: gzip,deflate
09:31:03.576 [Test worker] DEBUG org.apache.http.wire - http-outgoing-0 >> "GET /json HTTP/1.1[\r][\n]"
09:31:03.576 [Test worker] DEBUG org.apache.http.wire - http-outgoing-0 >> "Host: localhost:9222[\r][\n]"
09:31:03.576 [Test worker] DEBUG org.apache.http.wire - http-outgoing-0 >> "Connection: Keep-Alive[\r][\n]"
09:31:03.576 [Test worker] DEBUG org.apache.http.wire - http-outgoing-0 >> "User-Agent: Apache-HttpClient/4.5.14 (Java/11.0.16.1)[\r][\n]"
09:31:03.576 [Test worker] DEBUG org.apache.http.wire - http-outgoing-0 >> "Accept-Encoding: gzip,deflate[\r][\n]"
09:31:03.576 [Test worker] DEBUG org.apache.http.wire - http-outgoing-0 >> "[\r][\n]"
09:31:03.577 [Test worker] DEBUG org.apache.http.wire - http-outgoing-0 << "HTTP/1.1 200 OK[\r][\n]"
09:31:03.577 [Test worker] DEBUG org.apache.http.wire - http-outgoing-0 << "Content-Security-Policy:frame-ancestors 'none'[\r][\n]"
09:31:03.577 [Test worker] DEBUG org.apache.http.wire - http-outgoing-0 << "Content-Length:1278[\r][\n]"
09:31:03.577 [Test worker] DEBUG org.apache.http.wire - http-outgoing-0 << "Content-Type:application/json; charset=UTF-8[\r][\n]"
09:31:03.577 [Test worker] DEBUG org.apache.http.wire - http-outgoing-0 << "[\r][\n]"
09:31:03.577 [Test worker] DEBUG org.apache.http.wire - http-outgoing-0 << "[ {[\r][\n]"
09:31:03.577 [Test worker] DEBUG org.apache.http.wire - http-outgoing-0 << "   "description": "",[\r][\n]"
09:31:03.578 [Test worker] DEBUG org.apache.http.wire - http-outgoing-0 << "   "devtoolsFrontendUrl": "/devtools/inspector.html?ws=localhost:9222/devtools/page/0AE96E7847A78EB2491507051ADA5CD8",[\r][\n]"
09:31:03.578 [Test worker] DEBUG org.apache.http.wire - http-outgoing-0 << "   "id": "0AE96E7847A78EB2491507051ADA5CD8",[\r][\n]"
09:31:03.578 [Test worker] DEBUG org.apache.http.wire - http-outgoing-0 << "   "title": "Google Network Speech",[\r][\n]"
09:31:03.578 [Test worker] DEBUG org.apache.http.wire - http-outgoing-0 << "   "type": "background_page",[\r][\n]"
09:31:03.578 [Test worker] DEBUG org.apache.http.wire - http-outgoing-0 << "   "url": "chrome-extension://neajdppkdcdipfabeoofebfddakdcjhd/_generated_background_page.html",[\r][\n]"
09:31:03.578 [Test worker] DEBUG org.apache.http.wire - http-outgoing-0 << "   "webSocketDebuggerUrl": "ws://localhost:9222/devtools/page/0AE96E7847A78EB2491507051ADA5CD8"[\r][\n]"
09:31:03.578 [Test worker] DEBUG org.apache.http.wire - http-outgoing-0 << "}, {[\r][\n]"
09:31:03.578 [Test worker] DEBUG org.apache.http.wire - http-outgoing-0 << "   "description": "",[\r][\n]"
09:31:03.578 [Test worker] DEBUG org.apache.http.wire - http-outgoing-0 << "   "devtoolsFrontendUrl": "/devtools/inspector.html?ws=localhost:9222/devtools/page/CFEDE0E15A62C1C0FDD3E0DD78FEEFC8",[\r][\n]"
09:31:03.578 [Test worker] DEBUG org.apache.http.wire - http-outgoing-0 << "   "id": "CFEDE0E15A62C1C0FDD3E0DD78FEEFC8",[\r][\n]"
09:31:03.578 [Test worker] DEBUG org.apache.http.wire - http-outgoing-0 << "   "title": "Google Hangouts",[\r][\n]"
09:31:03.578 [Test worker] DEBUG org.apache.http.wire - http-outgoing-0 << "   "type": "background_page",[\r][\n]"
09:31:03.579 [Test worker] DEBUG org.apache.http.wire - http-outgoing-0 << "   "url": "chrome-extension://nkeimhogjdpnpccoofpliimaahmaaome/background.html",[\r][\n]"
09:31:03.579 [Test worker] DEBUG org.apache.http.wire - http-outgoing-0 << "   "webSocketDebuggerUrl": "ws://localhost:9222/devtools/page/CFEDE0E15A62C1C0FDD3E0DD78FEEFC8"[\r][\n]"
09:31:03.579 [Test worker] DEBUG org.apache.http.wire - http-outgoing-0 << "}, {[\r][\n]"
09:31:03.579 [Test worker] DEBUG org.apache.http.wire - http-outgoing-0 << "   "description": "",[\r][\n]"
09:31:03.579 [Test worker] DEBUG org.apache.http.wire - http-outgoing-0 << "   "devtoolsFrontendUrl": "/devtools/inspector.html?ws=localhost:9222/devtools/page/A50641084A8A3045F96F34C59356E0BE",[\r][\n]"
09:31:03.579 [Test worker] DEBUG org.apache.http.wire - http-outgoing-0 << "   "id": "A50641084A8A3045F96F34C59356E0BE",[\r][\n]"
09:31:03.579 [Test worker] DEBUG org.apache.http.wire - http-outgoing-0 << "   "title": "Welcome to Chrome",[\r][\n]"
09:31:03.579 [Test worker] DEBUG org.apache.http.wire - http-outgoing-0 << "   "type": "page",[\r][\n]"
09:31:03.579 [Test worker] DEBUG org.apache.http.wire - http-outgoing-0 << "   "url": "chrome://welcome/",[\r][\n]"
09:31:03.579 [Test worker] DEBUG org.apache.http.wire - http-outgoing-0 << "   "webSocketDebuggerUrl": "ws://localhost:9222/devtools/page/A50641084A8A3045F96F34C59356E0BE"[\r][\n]"
09:31:03.579 [Test worker] DEBUG org.apache.http.wire - http-outgoing-0 << "} ][\r][\n]"
09:31:03.584 [Test worker] DEBUG org.apache.http.headers - http-outgoing-0 << HTTP/1.1 200 OK
09:31:03.585 [Test worker] DEBUG org.apache.http.headers - http-outgoing-0 << Content-Security-Policy:frame-ancestors 'none'
09:31:03.585 [Test worker] DEBUG org.apache.http.headers - http-outgoing-0 << Content-Length:1278
09:31:03.585 [Test worker] DEBUG org.apache.http.headers - http-outgoing-0 << Content-Type:application/json; charset=UTF-8
09:31:03.590 [Test worker] DEBUG org.apache.http.impl.execchain.MainClientExec - Connection can be kept alive indefinitely
09:31:03.593 [Test worker] DEBUG org.apache.http.impl.conn.PoolingHttpClientConnectionManager - Connection [id: 0][route: {}->http://localhost:9222] can be kept alive indefinitely
09:31:03.593 [Test worker] DEBUG org.apache.http.impl.conn.DefaultManagedHttpClientConnection - http-outgoing-0: set socket timeout to 0
09:31:03.593 [Test worker] DEBUG org.apache.http.impl.conn.PoolingHttpClientConnectionManager - Connection released: [id: 0][route: {}->http://localhost:9222][total available: 1; route allocated: 1 of 5; total allocated: 1 of 10]
09:31:03.594 [Test worker] DEBUG org.apache.http.impl.conn.PoolingHttpClientConnectionManager - Connection manager is shutting down
09:31:03.594 [Test worker] DEBUG org.apache.http.impl.conn.DefaultManagedHttpClientConnection - http-outgoing-0: Close connection
09:31:03.595 [Test worker] DEBUG org.apache.http.impl.conn.PoolingHttpClientConnectionManager - Connection manager shut down
09:31:03.597 [Test worker] DEBUG com.intuit.karate - response time in milliseconds: 46
1 < 200
1 < Content-Security-Policy: frame-ancestors 'none'
1 < Content-Length: 1278
1 < Content-Type: application/json; charset=UTF-8
[ {
   "description": "",
   "devtoolsFrontendUrl": "/devtools/inspector.html?ws=localhost:9222/devtools/page/0AE96E7847A78EB2491507051ADA5CD8",
   "id": "0AE96E7847A78EB2491507051ADA5CD8",
   "title": "Google Network Speech",
   "type": "background_page",
   "url": "chrome-extension://neajdppkdcdipfabeoofebfddakdcjhd/_generated_background_page.html",
   "webSocketDebuggerUrl": "ws://localhost:9222/devtools/page/0AE96E7847A78EB2491507051ADA5CD8"
}, {
   "description": "",
   "devtoolsFrontendUrl": "/devtools/inspector.html?ws=localhost:9222/devtools/page/CFEDE0E15A62C1C0FDD3E0DD78FEEFC8",
   "id": "CFEDE0E15A62C1C0FDD3E0DD78FEEFC8",
   "title": "Google Hangouts",
   "type": "background_page",
   "url": "chrome-extension://nkeimhogjdpnpccoofpliimaahmaaome/background.html",
   "webSocketDebuggerUrl": "ws://localhost:9222/devtools/page/CFEDE0E15A62C1C0FDD3E0DD78FEEFC8"
}, {
   "description": "",
   "devtoolsFrontendUrl": "/devtools/inspector.html?ws=localhost:9222/devtools/page/A50641084A8A3045F96F34C59356E0BE",
   "id": "A50641084A8A3045F96F34C59356E0BE",
   "title": "Welcome to Chrome",
   "type": "page",
   "url": "chrome://welcome/",
   "webSocketDebuggerUrl": "ws://localhost:9222/devtools/page/A50641084A8A3045F96F34C59356E0BE"
} ]


09:31:03.608 [Test worker] DEBUG com.jayway.jsonpath.internal.path.CompiledPath - Evaluating path: $
09:31:03.609 [Test worker] DEBUG com.intuit.karate.shell.Command - ready to accept http connections after 489 ms - http://localhost:9222/json
09:31:03.610 [Test worker] DEBUG org.apache.http.client.protocol.RequestAddCookies - CookieSpec selected: karate
09:31:03.610 [Test worker] DEBUG org.apache.http.client.protocol.RequestAuthCache - Auth cache not set in the context
09:31:03.610 [Test worker] DEBUG com.intuit.karate - request:
1 > GET http://localhost:9222/json
1 > Host: localhost:9222
1 > Connection: Keep-Alive
1 > User-Agent: Apache-HttpClient/4.5.14 (Java/11.0.16.1)
1 > Accept-Encoding: gzip,deflate


09:31:03.611 [Test worker] DEBUG org.apache.http.impl.conn.PoolingHttpClientConnectionManager - Connection request: [route: {}->http://localhost:9222][total available: 0; route allocated: 0 of 5; total allocated: 0 of 10]
09:31:03.611 [Test worker] DEBUG org.apache.http.impl.conn.PoolingHttpClientConnectionManager - Connection leased: [id: 1][route: {}->http://localhost:9222][total available: 0; route allocated: 1 of 5; total allocated: 1 of 10]
09:31:03.611 [Test worker] DEBUG org.apache.http.impl.execchain.MainClientExec - Opening connection {}->http://localhost:9222
09:31:03.611 [Test worker] DEBUG org.apache.http.impl.conn.DefaultHttpClientConnectionOperator - Connecting to localhost/127.0.0.1:9222
09:31:03.612 [Test worker] DEBUG org.apache.http.impl.conn.DefaultHttpClientConnectionOperator - Connection established 127.0.0.1:54708<->127.0.0.1:9222
09:31:03.612 [Test worker] DEBUG org.apache.http.impl.conn.DefaultManagedHttpClientConnection - http-outgoing-1: set socket timeout to 30000
09:31:03.612 [Test worker] DEBUG org.apache.http.impl.execchain.MainClientExec - Executing request GET /json HTTP/1.1
09:31:03.612 [Test worker] DEBUG org.apache.http.impl.execchain.MainClientExec - Target auth state: UNCHALLENGED
09:31:03.612 [Test worker] DEBUG org.apache.http.impl.execchain.MainClientExec - Proxy auth state: UNCHALLENGED
09:31:03.613 [Test worker] DEBUG org.apache.http.headers - http-outgoing-1 >> GET /json HTTP/1.1
09:31:03.613 [Test worker] DEBUG org.apache.http.headers - http-outgoing-1 >> Host: localhost:9222
09:31:03.613 [Test worker] DEBUG org.apache.http.headers - http-outgoing-1 >> Connection: Keep-Alive
09:31:03.613 [Test worker] DEBUG org.apache.http.headers - http-outgoing-1 >> User-Agent: Apache-HttpClient/4.5.14 (Java/11.0.16.1)
09:31:03.613 [Test worker] DEBUG org.apache.http.headers - http-outgoing-1 >> Accept-Encoding: gzip,deflate
09:31:03.613 [Test worker] DEBUG org.apache.http.wire - http-outgoing-1 >> "GET /json HTTP/1.1[\r][\n]"
09:31:03.613 [Test worker] DEBUG org.apache.http.wire - http-outgoing-1 >> "Host: localhost:9222[\r][\n]"
09:31:03.613 [Test worker] DEBUG org.apache.http.wire - http-outgoing-1 >> "Connection: Keep-Alive[\r][\n]"
09:31:03.614 [Test worker] DEBUG org.apache.http.wire - http-outgoing-1 >> "User-Agent: Apache-HttpClient/4.5.14 (Java/11.0.16.1)[\r][\n]"
09:31:03.614 [Test worker] DEBUG org.apache.http.wire - http-outgoing-1 >> "Accept-Encoding: gzip,deflate[\r][\n]"
09:31:03.614 [Test worker] DEBUG org.apache.http.wire - http-outgoing-1 >> "[\r][\n]"
09:31:03.614 [Test worker] DEBUG org.apache.http.wire - http-outgoing-1 << "HTTP/1.1 200 OK[\r][\n]"
09:31:03.614 [Test worker] DEBUG org.apache.http.wire - http-outgoing-1 << "Content-Security-Policy:frame-ancestors 'none'[\r][\n]"
09:31:03.614 [Test worker] DEBUG org.apache.http.wire - http-outgoing-1 << "Content-Length:1278[\r][\n]"
09:31:03.614 [Test worker] DEBUG org.apache.http.wire - http-outgoing-1 << "Content-Type:application/json; charset=UTF-8[\r][\n]"
09:31:03.614 [Test worker] DEBUG org.apache.http.wire - http-outgoing-1 << "[\r][\n]"
09:31:03.615 [Test worker] DEBUG org.apache.http.wire - http-outgoing-1 << "[ {[\r][\n]"
09:31:03.615 [Test worker] DEBUG org.apache.http.wire - http-outgoing-1 << "   "description": "",[\r][\n]"
09:31:03.615 [Test worker] DEBUG org.apache.http.wire - http-outgoing-1 << "   "devtoolsFrontendUrl": "/devtools/inspector.html?ws=localhost:9222/devtools/page/0AE96E7847A78EB2491507051ADA5CD8",[\r][\n]"
09:31:03.615 [Test worker] DEBUG org.apache.http.wire - http-outgoing-1 << "   "id": "0AE96E7847A78EB2491507051ADA5CD8",[\r][\n]"
09:31:03.615 [Test worker] DEBUG org.apache.http.wire - http-outgoing-1 << "   "title": "Google Network Speech",[\r][\n]"
09:31:03.615 [Test worker] DEBUG org.apache.http.wire - http-outgoing-1 << "   "type": "background_page",[\r][\n]"
09:31:03.615 [Test worker] DEBUG org.apache.http.wire - http-outgoing-1 << "   "url": "chrome-extension://neajdppkdcdipfabeoofebfddakdcjhd/_generated_background_page.html",[\r][\n]"
09:31:03.615 [Test worker] DEBUG org.apache.http.wire - http-outgoing-1 << "   "webSocketDebuggerUrl": "ws://localhost:9222/devtools/page/0AE96E7847A78EB2491507051ADA5CD8"[\r][\n]"
09:31:03.615 [Test worker] DEBUG org.apache.http.wire - http-outgoing-1 << "}, {[\r][\n]"
09:31:03.615 [Test worker] DEBUG org.apache.http.wire - http-outgoing-1 << "   "description": "",[\r][\n]"
09:31:03.616 [Test worker] DEBUG org.apache.http.wire - http-outgoing-1 << "   "devtoolsFrontendUrl": "/devtools/inspector.html?ws=localhost:9222/devtools/page/CFEDE0E15A62C1C0FDD3E0DD78FEEFC8",[\r][\n]"
09:31:03.616 [Test worker] DEBUG org.apache.http.wire - http-outgoing-1 << "   "id": "CFEDE0E15A62C1C0FDD3E0DD78FEEFC8",[\r][\n]"
09:31:03.616 [Test worker] DEBUG org.apache.http.wire - http-outgoing-1 << "   "title": "Google Hangouts",[\r][\n]"
09:31:03.616 [Test worker] DEBUG org.apache.http.wire - http-outgoing-1 << "   "type": "background_page",[\r][\n]"
09:31:03.616 [Test worker] DEBUG org.apache.http.wire - http-outgoing-1 << "   "url": "chrome-extension://nkeimhogjdpnpccoofpliimaahmaaome/background.html",[\r][\n]"
09:31:03.616 [Test worker] DEBUG org.apache.http.wire - http-outgoing-1 << "   "webSocketDebuggerUrl": "ws://localhost:9222/devtools/page/CFEDE0E15A62C1C0FDD3E0DD78FEEFC8"[\r][\n]"
09:31:03.616 [Test worker] DEBUG org.apache.http.wire - http-outgoing-1 << "}, {[\r][\n]"
09:31:03.616 [Test worker] DEBUG org.apache.http.wire - http-outgoing-1 << "   "description": "",[\r][\n]"
09:31:03.616 [Test worker] DEBUG org.apache.http.wire - http-outgoing-1 << "   "devtoolsFrontendUrl": "/devtools/inspector.html?ws=localhost:9222/devtools/page/A50641084A8A3045F96F34C59356E0BE",[\r][\n]"
09:31:03.616 [Test worker] DEBUG org.apache.http.wire - http-outgoing-1 << "   "id": "A50641084A8A3045F96F34C59356E0BE",[\r][\n]"
09:31:03.616 [Test worker] DEBUG org.apache.http.wire - http-outgoing-1 << "   "title": "Welcome to Chrome",[\r][\n]"
09:31:03.616 [Test worker] DEBUG org.apache.http.wire - http-outgoing-1 << "   "type": "page",[\r][\n]"
09:31:03.616 [Test worker] DEBUG org.apache.http.wire - http-outgoing-1 << "   "url": "chrome://welcome/",[\r][\n]"
09:31:03.616 [Test worker] DEBUG org.apache.http.wire - http-outgoing-1 << "   "webSocketDebuggerUrl": "ws://localhost:9222/devtools/page/A50641084A8A3045F96F34C59356E0BE"[\r][\n]"
09:31:03.616 [Test worker] DEBUG org.apache.http.wire - http-outgoing-1 << "} ][\r][\n]"
09:31:03.617 [Test worker] DEBUG org.apache.http.headers - http-outgoing-1 << HTTP/1.1 200 OK
09:31:03.617 [Test worker] DEBUG org.apache.http.headers - http-outgoing-1 << Content-Security-Policy:frame-ancestors 'none'
09:31:03.617 [Test worker] DEBUG org.apache.http.headers - http-outgoing-1 << Content-Length:1278
09:31:03.617 [Test worker] DEBUG org.apache.http.headers - http-outgoing-1 << Content-Type:application/json; charset=UTF-8
09:31:03.617 [Test worker] DEBUG org.apache.http.impl.execchain.MainClientExec - Connection can be kept alive indefinitely
09:31:03.617 [Test worker] DEBUG org.apache.http.impl.conn.PoolingHttpClientConnectionManager - Connection [id: 1][route: {}->http://localhost:9222] can be kept alive indefinitely
09:31:03.617 [Test worker] DEBUG org.apache.http.impl.conn.DefaultManagedHttpClientConnection - http-outgoing-1: set socket timeout to 0
09:31:03.617 [Test worker] DEBUG org.apache.http.impl.conn.PoolingHttpClientConnectionManager - Connection released: [id: 1][route: {}->http://localhost:9222][total available: 1; route allocated: 1 of 5; total allocated: 1 of 10]
09:31:03.617 [Test worker] DEBUG org.apache.http.impl.conn.PoolingHttpClientConnectionManager - Connection manager is shutting down
09:31:03.617 [Test worker] DEBUG org.apache.http.impl.conn.DefaultManagedHttpClientConnection - http-outgoing-1: Close connection
09:31:03.618 [Test worker] DEBUG org.apache.http.impl.conn.PoolingHttpClientConnectionManager - Connection manager shut down
09:31:03.618 [Test worker] DEBUG com.intuit.karate - response time in milliseconds: 6
1 < 200
1 < Content-Security-Policy: frame-ancestors 'none'
1 < Content-Length: 1278
1 < Content-Type: application/json; charset=UTF-8
[ {
   "description": "",
   "devtoolsFrontendUrl": "/devtools/inspector.html?ws=localhost:9222/devtools/page/0AE96E7847A78EB2491507051ADA5CD8",
   "id": "0AE96E7847A78EB2491507051ADA5CD8",
   "title": "Google Network Speech",
   "type": "background_page",
   "url": "chrome-extension://neajdppkdcdipfabeoofebfddakdcjhd/_generated_background_page.html",
   "webSocketDebuggerUrl": "ws://localhost:9222/devtools/page/0AE96E7847A78EB2491507051ADA5CD8"
}, {
   "description": "",
   "devtoolsFrontendUrl": "/devtools/inspector.html?ws=localhost:9222/devtools/page/CFEDE0E15A62C1C0FDD3E0DD78FEEFC8",
   "id": "CFEDE0E15A62C1C0FDD3E0DD78FEEFC8",
   "title": "Google Hangouts",
   "type": "background_page",
   "url": "chrome-extension://nkeimhogjdpnpccoofpliimaahmaaome/background.html",
   "webSocketDebuggerUrl": "ws://localhost:9222/devtools/page/CFEDE0E15A62C1C0FDD3E0DD78FEEFC8"
}, {
   "description": "",
   "devtoolsFrontendUrl": "/devtools/inspector.html?ws=localhost:9222/devtools/page/A50641084A8A3045F96F34C59356E0BE",
   "id": "A50641084A8A3045F96F34C59356E0BE",
   "title": "Welcome to Chrome",
   "type": "page",
   "url": "chrome://welcome/",
   "webSocketDebuggerUrl": "ws://localhost:9222/devtools/page/A50641084A8A3045F96F34C59356E0BE"
} ]


09:31:03.620 [Test worker] DEBUG com.jayway.jsonpath.internal.path.CompiledPath - Evaluating path: $
09:31:03.621 [Test worker] DEBUG com.jayway.jsonpath.internal.path.CompiledPath - Evaluating path: $
09:31:03.624 [Test worker] DEBUG com.intuit.karate.driver.chrome_1689566462788 - root frame id: A50641084A8A3045F96F34C59356E0BE
09:31:03.641 [Test worker] DEBUG io.netty.util.internal.logging.InternalLoggerFactory - Using SLF4J as the default logging framework
09:31:03.643 [Test worker] DEBUG io.netty.channel.MultithreadEventLoopGroup - -Dio.netty.eventLoopThreads: 16
09:31:03.664 [Test worker] DEBUG io.netty.util.internal.InternalThreadLocalMap - -Dio.netty.threadLocalMap.stringBuilder.initialSize: 1024
09:31:03.665 [Test worker] DEBUG io.netty.util.internal.InternalThreadLocalMap - -Dio.netty.threadLocalMap.stringBuilder.maxSize: 4096
09:31:03.695 [Test worker] DEBUG io.netty.util.internal.PlatformDependent0 - -Dio.netty.noUnsafe: false
09:31:03.695 [Test worker] DEBUG io.netty.util.internal.PlatformDependent0 - Java version: 11
09:31:03.697 [Test worker] DEBUG io.netty.util.internal.PlatformDependent0 - sun.misc.Unsafe.theUnsafe: available
09:31:03.698 [Test worker] DEBUG io.netty.util.internal.PlatformDependent0 - sun.misc.Unsafe.copyMemory: available
09:31:03.699 [Test worker] DEBUG io.netty.util.internal.PlatformDependent0 - sun.misc.Unsafe.storeFence: available
09:31:03.700 [Test worker] DEBUG io.netty.util.internal.PlatformDependent0 - java.nio.Buffer.address: available
09:31:03.701 [Test worker] DEBUG io.netty.util.internal.PlatformDependent0 - direct buffer constructor: unavailable: Reflective setAccessible(true) disabled
09:31:03.702 [Test worker] DEBUG io.netty.util.internal.PlatformDependent0 - java.nio.Bits.unaligned: available, true
09:31:03.703 [Test worker] DEBUG io.netty.util.internal.PlatformDependent0 - jdk.internal.misc.Unsafe.allocateUninitializedArray(int): unavailable: class io.netty.util.internal.PlatformDependent0$7 cannot access class jdk.internal.misc.Unsafe (in module java.base) because module java.base does not export jdk.internal.misc to unnamed module @485e36bc
09:31:03.705 [Test worker] DEBUG io.netty.util.internal.PlatformDependent0 - java.nio.DirectByteBuffer.<init>(long, int): unavailable
09:31:03.705 [Test worker] DEBUG io.netty.util.internal.PlatformDependent - sun.misc.Unsafe: available
09:31:03.721 [Test worker] DEBUG io.netty.util.internal.PlatformDependent - maxDirectMemory: 536870912 bytes (maybe)
09:31:03.722 [Test worker] DEBUG io.netty.util.internal.PlatformDependent - -Dio.netty.tmpdir: C:\Users\nithi\AppData\Local\Temp (java.io.tmpdir)
09:31:03.722 [Test worker] DEBUG io.netty.util.internal.PlatformDependent - -Dio.netty.bitMode: 64 (sun.arch.data.model)
09:31:03.723 [Test worker] DEBUG io.netty.util.internal.PlatformDependent - Platform: Windows
09:31:03.724 [Test worker] DEBUG io.netty.util.internal.PlatformDependent - -Dio.netty.maxDirectMemory: -1 bytes
09:31:03.725 [Test worker] DEBUG io.netty.util.internal.PlatformDependent - -Dio.netty.uninitializedArrayAllocationThreshold: -1
09:31:03.727 [Test worker] DEBUG io.netty.util.internal.CleanerJava9 - java.nio.ByteBuffer.cleaner(): available
09:31:03.727 [Test worker] DEBUG io.netty.util.internal.PlatformDependent - -Dio.netty.noPreferDirect: false
09:31:03.729 [Test worker] DEBUG io.netty.channel.nio.NioEventLoop - -Dio.netty.noKeySetOptimization: false
09:31:03.729 [Test worker] DEBUG io.netty.channel.nio.NioEventLoop - -Dio.netty.selectorAutoRebuildThreshold: 512
09:31:03.740 [Test worker] DEBUG io.netty.util.internal.PlatformDependent - org.jctools-core.MpscChunkedArrayQueue: available
09:31:03.793 [Test worker] DEBUG io.netty.channel.DefaultChannelId - -Dio.netty.processId: 17360 (auto-detected)
09:31:03.797 [Test worker] DEBUG io.netty.util.NetUtil - -Djava.net.preferIPv4Stack: false
09:31:03.797 [Test worker] DEBUG io.netty.util.NetUtil - -Djava.net.preferIPv6Addresses: false
09:31:03.895 [Test worker] DEBUG io.netty.util.NetUtilInitializations - Loopback interface: lo (Software Loopback Interface 1, 127.0.0.1)
09:31:03.896 [Test worker] DEBUG io.netty.util.NetUtil - Failed to get SOMAXCONN from sysctl and file \proc\sys\net\core\somaxconn. Default: 200
09:31:03.901 [Test worker] DEBUG io.netty.channel.DefaultChannelId - -Dio.netty.machineId: 00:45:e2:ff:fe:75:d0:c1 (auto-detected)
09:31:03.913 [Test worker] DEBUG io.netty.util.ResourceLeakDetector - -Dio.netty.leakDetection.level: simple
09:31:03.913 [Test worker] DEBUG io.netty.util.ResourceLeakDetector - -Dio.netty.leakDetection.targetRecords: 4
09:31:03.938 [Test worker] DEBUG io.netty.buffer.PooledByteBufAllocator - -Dio.netty.allocator.numHeapArenas: 16
09:31:03.938 [Test worker] DEBUG io.netty.buffer.PooledByteBufAllocator - -Dio.netty.allocator.numDirectArenas: 16
09:31:03.938 [Test worker] DEBUG io.netty.buffer.PooledByteBufAllocator - -Dio.netty.allocator.pageSize: 8192
09:31:03.938 [Test worker] DEBUG io.netty.buffer.PooledByteBufAllocator - -Dio.netty.allocator.maxOrder: 9
09:31:03.939 [Test worker] DEBUG io.netty.buffer.PooledByteBufAllocator - -Dio.netty.allocator.chunkSize: 4194304
09:31:03.939 [Test worker] DEBUG io.netty.buffer.PooledByteBufAllocator - -Dio.netty.allocator.smallCacheSize: 256
09:31:03.939 [Test worker] DEBUG io.netty.buffer.PooledByteBufAllocator - -Dio.netty.allocator.normalCacheSize: 64
09:31:03.939 [Test worker] DEBUG io.netty.buffer.PooledByteBufAllocator - -Dio.netty.allocator.maxCachedBufferCapacity: 32768
09:31:03.939 [Test worker] DEBUG io.netty.buffer.PooledByteBufAllocator - -Dio.netty.allocator.cacheTrimInterval: 8192
09:31:03.939 [Test worker] DEBUG io.netty.buffer.PooledByteBufAllocator - -Dio.netty.allocator.cacheTrimIntervalMillis: 0
09:31:03.939 [Test worker] DEBUG io.netty.buffer.PooledByteBufAllocator - -Dio.netty.allocator.useCacheForAllThreads: false
09:31:03.939 [Test worker] DEBUG io.netty.buffer.PooledByteBufAllocator - -Dio.netty.allocator.maxCachedByteBuffersPerChunk: 1023
09:31:03.951 [Test worker] DEBUG io.netty.buffer.ByteBufUtil - -Dio.netty.allocator.type: pooled
09:31:03.951 [Test worker] DEBUG io.netty.buffer.ByteBufUtil - -Dio.netty.threadLocalDirectBufferSize: 0
09:31:03.951 [Test worker] DEBUG io.netty.buffer.ByteBufUtil - -Dio.netty.maxThreadLocalCharBufferSize: 16384
09:31:03.995 [nioEventLoopGroup-2-1] DEBUG io.netty.buffer.AbstractByteBuf - -Dio.netty.buffer.checkAccessible: true
09:31:03.995 [nioEventLoopGroup-2-1] DEBUG io.netty.buffer.AbstractByteBuf - -Dio.netty.buffer.checkBounds: true
09:31:03.998 [nioEventLoopGroup-2-1] DEBUG io.netty.util.ResourceLeakDetectorFactory - Loaded default ResourceLeakDetector: io.netty.util.ResourceLeakDetector@6f32326b
09:31:04.018 [nioEventLoopGroup-2-1] DEBUG io.netty.handler.codec.compression.ZlibCodecFactory - -Dio.netty.noJdkZlibDecoder: false
09:31:04.018 [nioEventLoopGroup-2-1] DEBUG io.netty.handler.codec.compression.ZlibCodecFactory - -Dio.netty.noJdkZlibEncoder: false
09:31:04.030 [nioEventLoopGroup-2-1] DEBUG io.netty.handler.codec.http.websocketx.WebSocketClientHandshaker13 - WebSocket version 13 client handshake key: mkM4yEHovZZKz7HIQ2a9ZQ==, expected response: 8Eu47i/xXlLG5wt2nqrprTxSkvY=
09:31:04.038 [nioEventLoopGroup-2-1] DEBUG io.netty.util.Recycler - -Dio.netty.recycler.maxCapacityPerThread: 4096
09:31:04.038 [nioEventLoopGroup-2-1] DEBUG io.netty.util.Recycler - -Dio.netty.recycler.ratio: 8
09:31:04.038 [nioEventLoopGroup-2-1] DEBUG io.netty.util.Recycler - -Dio.netty.recycler.chunkSize: 32
09:31:04.038 [nioEventLoopGroup-2-1] DEBUG io.netty.util.Recycler - -Dio.netty.recycler.blocking: false
09:31:04.074 [nioEventLoopGroup-2-1] DEBUG com.intuit.karate.http.WebSocketClientHandler - websocket client connected
09:31:04.076 [Test worker] DEBUG com.jayway.jsonpath.internal.path.CompiledPath - Evaluating path: $['targetId']
09:31:04.076 [Test worker] DEBUG com.jayway.jsonpath.internal.path.CompiledPath - Evaluating path: $
09:31:04.077 [Test worker] DEBUG com.jayway.jsonpath.internal.path.CompiledPath - Evaluating path: $
09:31:04.077 [Test worker] DEBUG com.jayway.jsonpath.internal.JsonContext - Put path $ key targetId value {}
09:31:04.077 [Test worker] DEBUG com.jayway.jsonpath.internal.path.CompiledPath - Evaluating path: $
09:31:04.077 [Test worker] DEBUG com.jayway.jsonpath.internal.JsonContext - Put path $ key targetId value A50641084A8A3045F96F34C59356E0BE
09:31:04.077 [Test worker] DEBUG com.jayway.jsonpath.internal.path.CompiledPath - Evaluating path: $['flatten']
09:31:04.077 [Test worker] DEBUG com.jayway.jsonpath.internal.path.CompiledPath - Evaluating path: $
09:31:04.077 [Test worker] DEBUG com.jayway.jsonpath.internal.path.CompiledPath - Evaluating path: $
09:31:04.077 [Test worker] DEBUG com.jayway.jsonpath.internal.JsonContext - Put path $ key flatten value {}
09:31:04.078 [Test worker] DEBUG com.jayway.jsonpath.internal.path.CompiledPath - Evaluating path: $
09:31:04.078 [Test worker] DEBUG com.jayway.jsonpath.internal.JsonContext - Put path $ key flatten value true
09:31:04.078 [Test worker] DEBUG com.jayway.jsonpath.internal.path.CompiledPath - Evaluating path: $
09:31:04.078 [Test worker] DEBUG com.intuit.karate.driver.chrome_1689566462788 - >> {"id":1,"method":"Target.attachToTarget","params":{"targetId":"A50641084A8A3045F96F34C59356E0BE","flatten":true}}
09:31:04.083 [nioEventLoopGroup-2-1] DEBUG io.netty.handler.codec.compression.JdkZlibEncoder - -Dio.netty.jdkzlib.encoder.maxInitialOutputBufferSize=65536
09:31:04.083 [nioEventLoopGroup-2-1] DEBUG io.netty.handler.codec.compression.JdkZlibEncoder - -Dio.netty.jdkzlib.encoder.maxInputBufferSize=65536
09:31:04.093 [nioEventLoopGroup-2-1] DEBUG com.intuit.karate.driver.chrome_1689566462788 - << {"method":"Target.attachedToTarget","params":{"sessionId":"768D055A1E18013891B145D656DF4446","targetInfo":{"targetId":"A50641084A8A3045F96F34C59356E0BE","type":"page","title":"Welcome to Chrome","url":"chrome://welcome/","attached":true,"canAccessOpener":false,"browserContextId":"B146C7525AAC3D778664D5746295829C"},"waitingForDebugger":false}}
09:31:04.093 [nioEventLoopGroup-2-1] DEBUG com.jayway.jsonpath.internal.path.CompiledPath - Evaluating path: $
09:31:04.093 [nioEventLoopGroup-2-1] DEBUG com.jayway.jsonpath.internal.path.CompiledPath - Evaluating path: $['targetInfo']['type']
09:31:04.094 [nioEventLoopGroup-2-1] DEBUG com.intuit.karate.driver.chrome_1689566462788 - << {"id":1,"result":{"sessionId":"768D055A1E18013891B145D656DF4446"}}
09:31:04.094 [nioEventLoopGroup-2-1] DEBUG com.jayway.jsonpath.internal.path.CompiledPath - Evaluating path: $
09:31:04.095 [Test worker] DEBUG com.jayway.jsonpath.internal.path.CompiledPath - Evaluating path: $['sessionId']
09:31:04.095 [Test worker] DEBUG com.jayway.jsonpath.internal.path.CompiledPath - Evaluating path: $['targetId']
09:31:04.095 [Test worker] DEBUG com.jayway.jsonpath.internal.path.CompiledPath - Evaluating path: $
09:31:04.095 [Test worker] DEBUG com.jayway.jsonpath.internal.path.CompiledPath - Evaluating path: $
09:31:04.095 [Test worker] DEBUG com.jayway.jsonpath.internal.JsonContext - Put path $ key targetId value {}
09:31:04.095 [Test worker] DEBUG com.jayway.jsonpath.internal.path.CompiledPath - Evaluating path: $
09:31:04.095 [Test worker] DEBUG com.jayway.jsonpath.internal.JsonContext - Put path $ key targetId value A50641084A8A3045F96F34C59356E0BE
09:31:04.095 [Test worker] DEBUG com.jayway.jsonpath.internal.path.CompiledPath - Evaluating path: $
09:31:04.095 [Test worker] DEBUG com.intuit.karate.driver.chrome_1689566462788 - >> {"id":2,"sessionId":"768D055A1E18013891B145D656DF4446","method":"Target.activateTarget","params":{"targetId":"A50641084A8A3045F96F34C59356E0BE"}}
09:31:04.097 [nioEventLoopGroup-2-1] DEBUG com.intuit.karate.driver.chrome_1689566462788 - << {"id":2,"result":{},"sessionId":"768D055A1E18013891B145D656DF4446"}
09:31:04.097 [nioEventLoopGroup-2-1] DEBUG com.jayway.jsonpath.internal.path.CompiledPath - Evaluating path: $
09:31:04.098 [Test worker] DEBUG com.jayway.jsonpath.internal.path.CompiledPath - Evaluating path: $['discover']
09:31:04.098 [Test worker] DEBUG com.jayway.jsonpath.internal.path.CompiledPath - Evaluating path: $
09:31:04.098 [Test worker] DEBUG com.jayway.jsonpath.internal.path.CompiledPath - Evaluating path: $
09:31:04.098 [Test worker] DEBUG com.jayway.jsonpath.internal.JsonContext - Put path $ key discover value {}
09:31:04.098 [Test worker] DEBUG com.jayway.jsonpath.internal.path.CompiledPath - Evaluating path: $
09:31:04.098 [Test worker] DEBUG com.jayway.jsonpath.internal.JsonContext - Put path $ key discover value true
09:31:04.098 [Test worker] DEBUG com.jayway.jsonpath.internal.path.CompiledPath - Evaluating path: $
09:31:04.098 [Test worker] DEBUG com.intuit.karate.driver.chrome_1689566462788 - >> {"id":3,"sessionId":"768D055A1E18013891B145D656DF4446","method":"Target.setDiscoverTargets","params":{"discover":true}}
09:31:04.102 [nioEventLoopGroup-2-1] DEBUG com.intuit.karate.driver.chrome_1689566462788 - << {"method":"Target.targetCreated","params":{"targetInfo":{"targetId":"0AE96E7847A78EB2491507051ADA5CD8","type":"background_page","title":"Google Network Speech","url":"chrome-extension://neajdppkdcdipfabeoofebfddakdcjhd/_generated_background_page.html","attached":false,"canAccessOpener":false,"browserContextId":"B146C7525AAC3D778664D5746295829C"}},"sessionId":"768D055A1E18013891B145D656DF4446"}
09:31:04.102 [nioEventLoopGroup-2-1] DEBUG com.jayway.jsonpath.internal.path.CompiledPath - Evaluating path: $
09:31:04.102 [nioEventLoopGroup-2-1] DEBUG com.intuit.karate.driver.chrome_1689566462788 - << {"method":"Target.targetCreated","params":{"targetInfo":{"targetId":"A50641084A8A3045F96F34C59356E0BE","type":"page","title":"Welcome to Chrome","url":"chrome://welcome/","attached":true,"canAccessOpener":false,"browserContextId":"B146C7525AAC3D778664D5746295829C"}},"sessionId":"768D055A1E18013891B145D656DF4446"}
09:31:04.102 [nioEventLoopGroup-2-1] DEBUG com.jayway.jsonpath.internal.path.CompiledPath - Evaluating path: $
09:31:04.103 [nioEventLoopGroup-2-1] DEBUG com.intuit.karate.driver.chrome_1689566462788 - << {"method":"Target.targetCreated","params":{"targetInfo":{"targetId":"CFEDE0E15A62C1C0FDD3E0DD78FEEFC8","type":"background_page","title":"Google Hangouts","url":"chrome-extension://nkeimhogjdpnpccoofpliimaahmaaome/background.html","attached":false,"canAccessOpener":false,"browserContextId":"B146C7525AAC3D778664D5746295829C"}},"sessionId":"768D055A1E18013891B145D656DF4446"}
09:31:04.103 [nioEventLoopGroup-2-1] DEBUG com.jayway.jsonpath.internal.path.CompiledPath - Evaluating path: $
09:31:04.103 [nioEventLoopGroup-2-1] DEBUG com.intuit.karate.driver.chrome_1689566462788 - << {"id":3,"result":{},"sessionId":"768D055A1E18013891B145D656DF4446"}
09:31:04.103 [nioEventLoopGroup-2-1] DEBUG com.jayway.jsonpath.internal.path.CompiledPath - Evaluating path: $
09:31:04.104 [Test worker] DEBUG com.intuit.karate.driver.chrome_1689566462788 - >> {"id":4,"sessionId":"768D055A1E18013891B145D656DF4446","method":"Page.enable"}
09:31:04.105 [nioEventLoopGroup-2-1] DEBUG com.intuit.karate.driver.chrome_1689566462788 - << {"id":4,"result":{},"sessionId":"768D055A1E18013891B145D656DF4446"}
09:31:04.105 [nioEventLoopGroup-2-1] DEBUG com.jayway.jsonpath.internal.path.CompiledPath - Evaluating path: $
09:31:04.105 [Test worker] DEBUG com.intuit.karate.driver.chrome_1689566462788 - >> {"id":5,"sessionId":"768D055A1E18013891B145D656DF4446","method":"Runtime.enable"}
09:31:04.107 [nioEventLoopGroup-2-1] DEBUG com.intuit.karate.driver.chrome_1689566462788 - << {"method":"Runtime.executionContextCreated","params":{"context":{"id":1,"origin":"chrome://welcome","name":"","uniqueId":"5732632766856377700.-4266117345657036510","auxData":{"isDefault":true,"type":"default","frameId":"A50641084A8A3045F96F34C59356E0BE"}}},"sessionId":"768D055A1E18013891B145D656DF4446"}
09:31:04.107 [nioEventLoopGroup-2-1] DEBUG com.jayway.jsonpath.internal.path.CompiledPath - Evaluating path: $
09:31:04.107 [nioEventLoopGroup-2-1] DEBUG com.jayway.jsonpath.internal.path.CompiledPath - Evaluating path: $['context']['auxData']['frameId']
09:31:04.107 [nioEventLoopGroup-2-1] DEBUG com.jayway.jsonpath.internal.path.CompiledPath - Evaluating path: $['context']['id']
09:31:04.108 [nioEventLoopGroup-2-1] DEBUG com.intuit.karate.driver.chrome_1689566462788 - << {"id":5,"result":{},"sessionId":"768D055A1E18013891B145D656DF4446"}
09:31:04.108 [nioEventLoopGroup-2-1] DEBUG com.jayway.jsonpath.internal.path.CompiledPath - Evaluating path: $
09:31:04.108 [Test worker] DEBUG com.jayway.jsonpath.internal.path.CompiledPath - Evaluating path: $['targetId']
09:31:04.108 [Test worker] DEBUG com.jayway.jsonpath.internal.path.CompiledPath - Evaluating path: $
09:31:04.108 [Test worker] DEBUG com.jayway.jsonpath.internal.path.CompiledPath - Evaluating path: $
09:31:04.108 [Test worker] DEBUG com.jayway.jsonpath.internal.JsonContext - Put path $ key targetId value {}
09:31:04.108 [Test worker] DEBUG com.jayway.jsonpath.internal.path.CompiledPath - Evaluating path: $
09:31:04.108 [Test worker] DEBUG com.jayway.jsonpath.internal.JsonContext - Put path $ key targetId value A50641084A8A3045F96F34C59356E0BE
09:31:04.108 [Test worker] DEBUG com.jayway.jsonpath.internal.path.CompiledPath - Evaluating path: $
09:31:04.108 [Test worker] DEBUG com.intuit.karate.driver.chrome_1689566462788 - >> {"id":6,"sessionId":"768D055A1E18013891B145D656DF4446","method":"Browser.getWindowForTarget","params":{"targetId":"A50641084A8A3045F96F34C59356E0BE"}}
09:31:04.109 [nioEventLoopGroup-2-1] DEBUG com.intuit.karate.driver.chrome_1689566462788 - << {"id":6,"result":{"windowId":1254334576,"bounds":{"left":10,"top":10,"width":1050,"height":700,"windowState":"normal"}},"sessionId":"768D055A1E18013891B145D656DF4446"}
09:31:04.110 [nioEventLoopGroup-2-1] DEBUG com.jayway.jsonpath.internal.path.CompiledPath - Evaluating path: $
09:31:04.252 [Test worker] DEBUG com.jayway.jsonpath.internal.path.CompiledPath - Evaluating path: $['url']
09:31:04.252 [Test worker] DEBUG com.jayway.jsonpath.internal.path.CompiledPath - Evaluating path: $
09:31:04.252 [Test worker] DEBUG com.jayway.jsonpath.internal.path.CompiledPath - Evaluating path: $
09:31:04.252 [Test worker] DEBUG com.jayway.jsonpath.internal.JsonContext - Put path $ key url value {}
09:31:04.252 [Test worker] DEBUG com.jayway.jsonpath.internal.path.CompiledPath - Evaluating path: $
09:31:04.252 [Test worker] DEBUG com.jayway.jsonpath.internal.JsonContext - Put path $ key url value https://practicetestautomation.com/practice-test-login/
09:31:04.252 [Test worker] DEBUG com.jayway.jsonpath.internal.path.CompiledPath - Evaluating path: $
09:31:04.253 [Test worker] DEBUG com.intuit.karate.driver.chrome_1689566462788 - >> {"id":7,"sessionId":"768D055A1E18013891B145D656DF4446","method":"Page.navigate","params":{"url":"https:\/\/practicetestautomation.com\/practice-test-login\/"}}
09:31:05.652 [nioEventLoopGroup-2-1] DEBUG com.intuit.karate.driver.chrome_1689566462788 - << {"id":7,"result":{"frameId":"A50641084A8A3045F96F34C59356E0BE","loaderId":"D6CE12AD4A7271904AFA1430511FD1AC"},"sessionId":"768D055A1E18013891B145D656DF4446"}
09:31:05.652 [nioEventLoopGroup-2-1] DEBUG com.jayway.jsonpath.internal.path.CompiledPath - Evaluating path: $
09:31:05.655 [nioEventLoopGroup-2-1] DEBUG com.intuit.karate.driver.chrome_1689566462788 - << {"method":"Runtime.executionContextsCleared","params":{},"sessionId":"768D055A1E18013891B145D656DF4446"}
09:31:05.656 [nioEventLoopGroup-2-1] DEBUG com.jayway.jsonpath.internal.path.CompiledPath - Evaluating path: $
09:31:05.658 [nioEventLoopGroup-2-1] DEBUG com.intuit.karate.driver.chrome_1689566462788 - << {"method":"Page.frameStartedLoading","params":{"frameId":"A50641084A8A3045F96F34C59356E0BE"},"sessionId":"768D055A1E18013891B145D656DF4446"}
09:31:05.658 [nioEventLoopGroup-2-1] DEBUG com.jayway.jsonpath.internal.path.CompiledPath - Evaluating path: $
09:31:05.658 [nioEventLoopGroup-2-1] DEBUG com.jayway.jsonpath.internal.path.CompiledPath - Evaluating path: $['frameId']
09:31:05.669 [nioEventLoopGroup-2-1] DEBUG com.intuit.karate.driver.chrome_1689566462788 - << {"method":"Target.targetInfoChanged","params":{"targetInfo":{"targetId":"A50641084A8A3045F96F34C59356E0BE","type":"page","title":"practicetestautomation.com/practice-test-login/","url":"https://practicetestautomation.com/practice-test-login/","attached":true,"canAccessOpener":false,"browserContextId":"B146C7525AAC3D778664D5746295829C"}},"sessionId":"768D055A1E18013891B145D656DF4446"}
09:31:05.669 [nioEventLoopGroup-2-1] DEBUG com.jayway.jsonpath.internal.path.CompiledPath - Evaluating path: $
09:31:05.670 [nioEventLoopGroup-2-1] DEBUG com.jayway.jsonpath.internal.path.CompiledPath - Evaluating path: $['targetInfo']['targetId']
09:31:05.682 [nioEventLoopGroup-2-1] DEBUG com.intuit.karate.driver.chrome_1689566462788 - << {"method":"Runtime.executionContextsCleared","params":{},"sessionId":"768D055A1E18013891B145D656DF4446"}
09:31:05.682 [nioEventLoopGroup-2-1] DEBUG com.jayway.jsonpath.internal.path.CompiledPath - Evaluating path: $
09:31:05.684 [nioEventLoopGroup-2-1] DEBUG com.intuit.karate.driver.chrome_1689566462788 - << {"method":"Page.frameNavigated","params":{"frame":{"id":"A50641084A8A3045F96F34C59356E0BE","loaderId":"D6CE12AD4A7271904AFA1430511FD1AC","url":"https://practicetestautomation.com/practice-test-login/","domainAndRegistry":"practicetestautomation.com","securityOrigin":"https://practicetestautomation.com","mimeType":"text/html","adFrameStatus":{"adFrameType":"none"},"secureContextType":"Secure","crossOriginIsolatedContextType":"NotIsolated","gatedAPIFeatures":[]},"type":"Navigation"},"sessionId":"768D055A1E18013891B145D656DF4446"}
09:31:05.684 [nioEventLoopGroup-2-1] DEBUG com.jayway.jsonpath.internal.path.CompiledPath - Evaluating path: $
09:31:05.685 [nioEventLoopGroup-2-1] DEBUG com.jayway.jsonpath.internal.path.CompiledPath - Evaluating path: $['frame']['id']
09:31:05.685 [nioEventLoopGroup-2-1] DEBUG com.jayway.jsonpath.internal.path.CompiledPath - Evaluating path: $['frame']['url']
09:31:05.685 [nioEventLoopGroup-2-1] DEBUG com.jayway.jsonpath.internal.path.CompiledPath - Evaluating path: $['frame']['name']
09:31:05.686 [nioEventLoopGroup-2-1] DEBUG com.intuit.karate.driver.chrome_1689566462788 - << {"method":"Runtime.executionContextCreated","params":{"context":{"id":1,"origin":"https://practicetestautomation.com","name":"","uniqueId":"-8684270850546894408.-6697061996654514109","auxData":{"isDefault":true,"type":"default","frameId":"A50641084A8A3045F96F34C59356E0BE"}}},"sessionId":"768D055A1E18013891B145D656DF4446"}
09:31:05.687 [nioEventLoopGroup-2-1] DEBUG com.jayway.jsonpath.internal.path.CompiledPath - Evaluating path: $
09:31:05.687 [nioEventLoopGroup-2-1] DEBUG com.jayway.jsonpath.internal.path.CompiledPath - Evaluating path: $['context']['auxData']['frameId']
09:31:05.687 [nioEventLoopGroup-2-1] DEBUG com.jayway.jsonpath.internal.path.CompiledPath - Evaluating path: $['context']['id']
09:31:06.453 [nioEventLoopGroup-2-1] DEBUG com.intuit.karate.driver.chrome_1689566462788 - << {"method":"Runtime.consoleAPICalled","params":{"type":"log","args":[{"type":"string","value":"JQMIGRATE: Migrate is installed, version 3.4.0"}],"executionContextId":1,"timestamp":1.689566466452112e+12,"stackTrace":{"callFrames":[{"functionName":"","scriptId":"9","url":"https://practicetestautomation.com/wp-includes/js/jquery/jquery-migrate.min.js?ver=3.4.0","lineNumber":1,"columnNumber":969},{"functionName":"","scriptId":"9","url":"https://practicetestautomation.com/wp-includes/js/jquery/jquery-migrate.min.js?ver=3.4.0","lineNumber":1,"columnNumber":261},{"functionName":"","scriptId":"9","url":"https://practicetestautomation.com/wp-includes/js/jquery/jquery-migrate.min.js?ver=3.4.0","lineNumber":1,"columnNumber":278}]}},"sessionId":"768D055A1E18013891B145D656DF4446"}
09:31:06.455 [nioEventLoopGroup-2-1] DEBUG com.jayway.jsonpath.internal.path.CompiledPath - Evaluating path: $
09:31:06.456 [nioEventLoopGroup-2-1] DEBUG com.jayway.jsonpath.internal.path.CompiledPath - Evaluating path: $['args'][*]['value']
09:31:06.456 [nioEventLoopGroup-2-1] DEBUG com.intuit.karate.driver.chrome_1689566462788 - [console] JQMIGRATE: Migrate is installed, version 3.4.0
09:31:06.749 [nioEventLoopGroup-2-1] DEBUG com.intuit.karate.driver.chrome_1689566462788 - << {"method":"Page.domContentEventFired","params":{"timestamp":68838.580615},"sessionId":"768D055A1E18013891B145D656DF4446"}
09:31:06.749 [nioEventLoopGroup-2-1] DEBUG com.jayway.jsonpath.internal.path.CompiledPath - Evaluating path: $
09:31:06.816 [Test worker] DEBUG com.jayway.jsonpath.internal.path.CompiledPath - Evaluating path: $['expression']
09:31:06.817 [Test worker] DEBUG com.jayway.jsonpath.internal.path.CompiledPath - Evaluating path: $
09:31:06.817 [Test worker] DEBUG com.jayway.jsonpath.internal.path.CompiledPath - Evaluating path: $
09:31:06.817 [Test worker] DEBUG com.jayway.jsonpath.internal.JsonContext - Put path $ key expression value {}
09:31:06.817 [Test worker] DEBUG com.jayway.jsonpath.internal.path.CompiledPath - Evaluating path: $
09:31:06.817 [Test worker] DEBUG com.jayway.jsonpath.internal.JsonContext - Put path $ key expression value var e = document.querySelector("#username"); e.focus(); try { e.selectionStart = e.selectionEnd = e.value.length } catch(x) {}
09:31:06.817 [Test worker] DEBUG com.jayway.jsonpath.internal.path.CompiledPath - Evaluating path: $['returnByValue']
09:31:06.817 [Test worker] DEBUG com.jayway.jsonpath.internal.path.CompiledPath - Evaluating path: $
09:31:06.818 [Test worker] DEBUG com.jayway.jsonpath.internal.path.CompiledPath - Evaluating path: $
09:31:06.818 [Test worker] DEBUG com.jayway.jsonpath.internal.JsonContext - Put path $ key returnByValue value {}
09:31:06.818 [Test worker] DEBUG com.jayway.jsonpath.internal.path.CompiledPath - Evaluating path: $
09:31:06.818 [Test worker] DEBUG com.jayway.jsonpath.internal.JsonContext - Put path $ key returnByValue value true
09:31:06.818 [Test worker] DEBUG com.jayway.jsonpath.internal.path.CompiledPath - Evaluating path: $
09:31:06.818 [Test worker] DEBUG com.intuit.karate.driver.chrome_1689566462788 - >> {"id":8,"sessionId":"768D055A1E18013891B145D656DF4446","method":"Runtime.evaluate","params":{"expression":"var e = document.querySelector(\"#username\"); e.focus(); try { e.selectionStart = e.selectionEnd = e.value.length } catch(x) {}","returnByValue":true}}
09:31:06.837 [nioEventLoopGroup-2-1] DEBUG com.intuit.karate.driver.chrome_1689566462788 - << {"id":8,"result":{"result":{"type":"number","value":0,"description":"0"}},"sessionId":"768D055A1E18013891B145D656DF4446"}
09:31:06.837 [nioEventLoopGroup-2-1] DEBUG com.jayway.jsonpath.internal.path.CompiledPath - Evaluating path: $
09:31:06.839 [Test worker] DEBUG com.jayway.jsonpath.internal.path.CompiledPath - Evaluating path: $['modifiers']
09:31:06.839 [Test worker] DEBUG com.jayway.jsonpath.internal.path.CompiledPath - Evaluating path: $
09:31:06.840 [Test worker] DEBUG com.jayway.jsonpath.internal.path.CompiledPath - Evaluating path: $
09:31:06.840 [Test worker] DEBUG com.jayway.jsonpath.internal.JsonContext - Put path $ key modifiers value {}
09:31:06.840 [Test worker] DEBUG com.jayway.jsonpath.internal.path.CompiledPath - Evaluating path: $
09:31:06.840 [Test worker] DEBUG com.jayway.jsonpath.internal.JsonContext - Put path $ key modifiers value 0
09:31:06.840 [Test worker] DEBUG com.jayway.jsonpath.internal.path.CompiledPath - Evaluating path: $['type']
09:31:06.840 [Test worker] DEBUG com.jayway.jsonpath.internal.path.CompiledPath - Evaluating path: $
09:31:06.840 [Test worker] DEBUG com.jayway.jsonpath.internal.path.CompiledPath - Evaluating path: $
09:31:06.841 [Test worker] DEBUG com.jayway.jsonpath.internal.JsonContext - Put path $ key type value {}
09:31:06.841 [Test worker] DEBUG com.jayway.jsonpath.internal.path.CompiledPath - Evaluating path: $
09:31:06.841 [Test worker] DEBUG com.jayway.jsonpath.internal.JsonContext - Put path $ key type value rawKeyDown
09:31:06.841 [Test worker] DEBUG com.jayway.jsonpath.internal.path.CompiledPath - Evaluating path: $['text']
09:31:06.841 [Test worker] DEBUG com.jayway.jsonpath.internal.path.CompiledPath - Evaluating path: $
09:31:06.841 [Test worker] DEBUG com.jayway.jsonpath.internal.path.CompiledPath - Evaluating path: $
09:31:06.841 [Test worker] DEBUG com.jayway.jsonpath.internal.JsonContext - Put path $ key text value {}
09:31:06.841 [Test worker] DEBUG com.jayway.jsonpath.internal.path.CompiledPath - Evaluating path: $
09:31:06.842 [Test worker] DEBUG com.jayway.jsonpath.internal.JsonContext - Put path $ key text value s
09:31:06.842 [Test worker] DEBUG com.jayway.jsonpath.internal.path.CompiledPath - Evaluating path: $['windowsVirtualKeyCode']
09:31:06.842 [Test worker] DEBUG com.jayway.jsonpath.internal.path.CompiledPath - Evaluating path: $
09:31:06.842 [Test worker] DEBUG com.jayway.jsonpath.internal.path.CompiledPath - Evaluating path: $
09:31:06.842 [Test worker] DEBUG com.jayway.jsonpath.internal.JsonContext - Put path $ key windowsVirtualKeyCode value {}
09:31:06.842 [Test worker] DEBUG com.jayway.jsonpath.internal.path.CompiledPath - Evaluating path: $
09:31:06.843 [Test worker] DEBUG com.jayway.jsonpath.internal.JsonContext - Put path $ key windowsVirtualKeyCode value 115
09:31:06.843 [Test worker] DEBUG com.jayway.jsonpath.internal.path.CompiledPath - Evaluating path: $
09:31:06.843 [Test worker] DEBUG com.intuit.karate.driver.chrome_1689566462788 - >> {"id":9,"sessionId":"768D055A1E18013891B145D656DF4446","method":"Input.dispatchKeyEvent","params":{"modifiers":0,"type":"rawKeyDown","text":"s","windowsVirtualKeyCode":115}}
09:31:06.847 [nioEventLoopGroup-2-1] DEBUG com.intuit.karate.driver.chrome_1689566462788 - << {"id":9,"result":{},"sessionId":"768D055A1E18013891B145D656DF4446"}
09:31:06.847 [nioEventLoopGroup-2-1] DEBUG com.jayway.jsonpath.internal.path.CompiledPath - Evaluating path: $
09:31:06.848 [Test worker] DEBUG com.jayway.jsonpath.internal.path.CompiledPath - Evaluating path: $['modifiers']
09:31:06.848 [Test worker] DEBUG com.jayway.jsonpath.internal.path.CompiledPath - Evaluating path: $
09:31:06.848 [Test worker] DEBUG com.jayway.jsonpath.internal.path.CompiledPath - Evaluating path: $
09:31:06.848 [Test worker] DEBUG com.jayway.jsonpath.internal.JsonContext - Put path $ key modifiers value {}
09:31:06.848 [Test worker] DEBUG com.jayway.jsonpath.internal.path.CompiledPath - Evaluating path: $
09:31:06.848 [Test worker] DEBUG com.jayway.jsonpath.internal.JsonContext - Put path $ key modifiers value 0
09:31:06.848 [Test worker] DEBUG com.jayway.jsonpath.internal.path.CompiledPath - Evaluating path: $['type']
09:31:06.848 [Test worker] DEBUG com.jayway.jsonpath.internal.path.CompiledPath - Evaluating path: $
09:31:06.862 [nioEventLoopGroup-2-1] DEBUG com.intuit.karate.driver.chrome_1689566462788 - << {"method":"Target.targetCreated","params":{"targetInfo":{"targetId":"911A5A1254EB77C073596E00A1961501","type":"app","title":"Chrome Web Store Payments","url":"","attached":false,"canAccessOpener":false,"browserContextId":"B146C7525AAC3D778664D5746295829C"}},"sessionId":"768D055A1E18013891B145D656DF4446"}
09:31:06.862 [nioEventLoopGroup-2-1] DEBUG com.jayway.jsonpath.internal.path.CompiledPath - Evaluating path: $
09:31:06.849 [Test worker] DEBUG com.jayway.jsonpath.internal.path.CompiledPath - Evaluating path: $
09:31:06.875 [Test worker] DEBUG com.jayway.jsonpath.internal.JsonContext - Put path $ key type value {}
09:31:06.876 [Test worker] DEBUG com.jayway.jsonpath.internal.path.CompiledPath - Evaluating path: $
09:31:06.877 [Test worker] DEBUG com.jayway.jsonpath.internal.JsonContext - Put path $ key type value char
09:31:06.877 [Test worker] DEBUG com.jayway.jsonpath.internal.path.CompiledPath - Evaluating path: $['text']
09:31:06.878 [Test worker] DEBUG com.jayway.jsonpath.internal.path.CompiledPath - Evaluating path: $
09:31:06.878 [Test worker] DEBUG com.jayway.jsonpath.internal.path.CompiledPath - Evaluating path: $
09:31:06.879 [Test worker] DEBUG com.jayway.jsonpath.internal.JsonContext - Put path $ key text value {}
09:31:06.879 [Test worker] DEBUG com.jayway.jsonpath.internal.path.CompiledPath - Evaluating path: $
09:31:06.880 [Test worker] DEBUG com.jayway.jsonpath.internal.JsonContext - Put path $ key text value s
09:31:06.883 [Test worker] DEBUG com.jayway.jsonpath.internal.path.CompiledPath - Evaluating path: $['windowsVirtualKeyCode']
09:31:06.884 [Test worker] DEBUG com.jayway.jsonpath.internal.path.CompiledPath - Evaluating path: $
09:31:06.884 [Test worker] DEBUG com.jayway.jsonpath.internal.path.CompiledPath - Evaluating path: $
09:31:06.885 [Test worker] DEBUG com.jayway.jsonpath.internal.JsonContext - Put path $ key windowsVirtualKeyCode value {}
09:31:06.885 [Test worker] DEBUG com.jayway.jsonpath.internal.path.CompiledPath - Evaluating path: $
09:31:06.885 [Test worker] DEBUG com.jayway.jsonpath.internal.JsonContext - Put path $ key windowsVirtualKeyCode value 115
09:31:06.885 [Test worker] DEBUG com.jayway.jsonpath.internal.path.CompiledPath - Evaluating path: $
09:31:06.885 [Test worker] DEBUG com.intuit.karate.driver.chrome_1689566462788 - >> {"id":10,"sessionId":"768D055A1E18013891B145D656DF4446","method":"Input.dispatchKeyEvent","params":{"modifiers":0,"type":"char","text":"s","windowsVirtualKeyCode":115}}
09:31:06.912 [nioEventLoopGroup-2-1] DEBUG com.intuit.karate.driver.chrome_1689566462788 - << {"id":10,"result":{},"sessionId":"768D055A1E18013891B145D656DF4446"}
09:31:06.913 [nioEventLoopGroup-2-1] DEBUG com.jayway.jsonpath.internal.path.CompiledPath - Evaluating path: $
09:31:06.915 [Test worker] DEBUG com.jayway.jsonpath.internal.path.CompiledPath - Evaluating path: $['modifiers']
09:31:06.915 [Test worker] DEBUG com.jayway.jsonpath.internal.path.CompiledPath - Evaluating path: $
09:31:06.915 [Test worker] DEBUG com.jayway.jsonpath.internal.path.CompiledPath - Evaluating path: $
09:31:06.915 [Test worker] DEBUG com.jayway.jsonpath.internal.JsonContext - Put path $ key modifiers value {}
09:31:06.915 [Test worker] DEBUG com.jayway.jsonpath.internal.path.CompiledPath - Evaluating path: $
09:31:06.915 [Test worker] DEBUG com.jayway.jsonpath.internal.JsonContext - Put path $ key modifiers value 0
09:31:06.916 [Test worker] DEBUG com.jayway.jsonpath.internal.path.CompiledPath - Evaluating path: $['type']
09:31:06.916 [Test worker] DEBUG com.jayway.jsonpath.internal.path.CompiledPath - Evaluating path: $
09:31:06.916 [Test worker] DEBUG com.jayway.jsonpath.internal.path.CompiledPath - Evaluating path: $
09:31:06.916 [Test worker] DEBUG com.jayway.jsonpath.internal.JsonContext - Put path $ key type value {}
09:31:06.916 [Test worker] DEBUG com.jayway.jsonpath.internal.path.CompiledPath - Evaluating path: $
09:31:06.916 [Test worker] DEBUG com.jayway.jsonpath.internal.JsonContext - Put path $ key type value keyUp
09:31:06.916 [Test worker] DEBUG com.jayway.jsonpath.internal.path.CompiledPath - Evaluating path: $['text']
09:31:06.916 [Test worker] DEBUG com.jayway.jsonpath.internal.path.CompiledPath - Evaluating path: $
09:31:06.916 [Test worker] DEBUG com.jayway.jsonpath.internal.path.CompiledPath - Evaluating path: $
09:31:06.919 [nioEventLoopGroup-2-1] DEBUG com.intuit.karate.driver.chrome_1689566462788 - << {"method":"Page.loadEventFired","params":{"timestamp":68838.750503},"sessionId":"768D055A1E18013891B145D656DF4446"}
09:31:06.920 [nioEventLoopGroup-2-1] DEBUG com.jayway.jsonpath.internal.path.CompiledPath - Evaluating path: $
09:31:06.916 [Test worker] DEBUG com.jayway.jsonpath.internal.JsonContext - Put path $ key text value {}
09:31:06.924 [Test worker] DEBUG com.jayway.jsonpath.internal.path.CompiledPath - Evaluating path: $
09:31:06.924 [nioEventLoopGroup-2-1] DEBUG com.intuit.karate.driver.chrome_1689566462788 - << {"method":"Page.frameStoppedLoading","params":{"frameId":"A50641084A8A3045F96F34C59356E0BE"},"sessionId":"768D055A1E18013891B145D656DF4446"}
09:31:06.924 [nioEventLoopGroup-2-1] DEBUG com.jayway.jsonpath.internal.path.CompiledPath - Evaluating path: $
09:31:06.925 [nioEventLoopGroup-2-1] DEBUG com.jayway.jsonpath.internal.path.CompiledPath - Evaluating path: $['frameId']
09:31:06.924 [Test worker] DEBUG com.jayway.jsonpath.internal.JsonContext - Put path $ key text value s
09:31:06.925 [Test worker] DEBUG com.jayway.jsonpath.internal.path.CompiledPath - Evaluating path: $['windowsVirtualKeyCode']
09:31:06.925 [Test worker] DEBUG com.jayway.jsonpath.internal.path.CompiledPath - Evaluating path: $
09:31:06.925 [Test worker] DEBUG com.jayway.jsonpath.internal.path.CompiledPath - Evaluating path: $
09:31:06.925 [Test worker] DEBUG com.jayway.jsonpath.internal.JsonContext - Put path $ key windowsVirtualKeyCode value {}
09:31:06.925 [Test worker] DEBUG com.jayway.jsonpath.internal.path.CompiledPath - Evaluating path: $
09:31:06.926 [Test worker] DEBUG com.jayway.jsonpath.internal.JsonContext - Put path $ key windowsVirtualKeyCode value 115
09:31:06.926 [Test worker] DEBUG com.jayway.jsonpath.internal.path.CompiledPath - Evaluating path: $
09:31:06.926 [Test worker] DEBUG com.intuit.karate.driver.chrome_1689566462788 - >> {"id":11,"sessionId":"768D055A1E18013891B145D656DF4446","method":"Input.dispatchKeyEvent","params":{"modifiers":0,"type":"keyUp","text":"s","windowsVirtualKeyCode":115}}
09:31:06.932 [nioEventLoopGroup-2-1] DEBUG com.intuit.karate.driver.chrome_1689566462788 - << {"id":11,"result":{},"sessionId":"768D055A1E18013891B145D656DF4446"}
09:31:06.933 [nioEventLoopGroup-2-1] DEBUG com.jayway.jsonpath.internal.path.CompiledPath - Evaluating path: $
09:31:06.933 [Test worker] DEBUG com.jayway.jsonpath.internal.path.CompiledPath - Evaluating path: $['modifiers']
09:31:06.933 [Test worker] DEBUG com.jayway.jsonpath.internal.path.CompiledPath - Evaluating path: $
09:31:06.933 [Test worker] DEBUG com.jayway.jsonpath.internal.path.CompiledPath - Evaluating path: $
09:31:06.933 [Test worker] DEBUG com.jayway.jsonpath.internal.JsonContext - Put path $ key modifiers value {}
09:31:06.934 [Test worker] DEBUG com.jayway.jsonpath.internal.path.CompiledPath - Evaluating path: $
09:31:06.934 [Test worker] DEBUG com.jayway.jsonpath.internal.JsonContext - Put path $ key modifiers value 0
09:31:06.934 [Test worker] DEBUG com.jayway.jsonpath.internal.path.CompiledPath - Evaluating path: $['type']
09:31:06.934 [Test worker] DEBUG com.jayway.jsonpath.internal.path.CompiledPath - Evaluating path: $
09:31:06.934 [Test worker] DEBUG com.jayway.jsonpath.internal.path.CompiledPath - Evaluating path: $
09:31:06.934 [Test worker] DEBUG com.jayway.jsonpath.internal.JsonContext - Put path $ key type value {}
09:31:06.934 [Test worker] DEBUG com.jayway.jsonpath.internal.path.CompiledPath - Evaluating path: $
09:31:06.934 [Test worker] DEBUG com.jayway.jsonpath.internal.JsonContext - Put path $ key type value rawKeyDown
09:31:06.934 [Test worker] DEBUG com.jayway.jsonpath.internal.path.CompiledPath - Evaluating path: $['text']
09:31:06.934 [Test worker] DEBUG com.jayway.jsonpath.internal.path.CompiledPath - Evaluating path: $
09:31:06.934 [Test worker] DEBUG com.jayway.jsonpath.internal.path.CompiledPath - Evaluating path: $
09:31:06.934 [Test worker] DEBUG com.jayway.jsonpath.internal.JsonContext - Put path $ key text value {}
09:31:06.934 [Test worker] DEBUG com.jayway.jsonpath.internal.path.CompiledPath - Evaluating path: $
09:31:06.934 [Test worker] DEBUG com.jayway.jsonpath.internal.JsonContext - Put path $ key text value t
09:31:06.934 [Test worker] DEBUG com.jayway.jsonpath.internal.path.CompiledPath - Evaluating path: $['windowsVirtualKeyCode']
09:31:06.934 [Test worker] DEBUG com.jayway.jsonpath.internal.path.CompiledPath - Evaluating path: $
09:31:06.934 [Test worker] DEBUG com.jayway.jsonpath.internal.path.CompiledPath - Evaluating path: $
09:31:06.935 [Test worker] DEBUG com.jayway.jsonpath.internal.JsonContext - Put path $ key windowsVirtualKeyCode value {}
09:31:06.935 [Test worker] DEBUG com.jayway.jsonpath.internal.path.CompiledPath - Evaluating path: $
09:31:06.935 [Test worker] DEBUG com.jayway.jsonpath.internal.JsonContext - Put path $ key windowsVirtualKeyCode value 116
09:31:06.935 [Test worker] DEBUG com.jayway.jsonpath.internal.path.CompiledPath - Evaluating path: $
09:31:06.935 [Test worker] DEBUG com.intuit.karate.driver.chrome_1689566462788 - >> {"id":12,"sessionId":"768D055A1E18013891B145D656DF4446","method":"Input.dispatchKeyEvent","params":{"modifiers":0,"type":"rawKeyDown","text":"t","windowsVirtualKeyCode":116}}
09:31:06.943 [nioEventLoopGroup-2-1] DEBUG com.intuit.karate.driver.chrome_1689566462788 - << {"id":12,"result":{},"sessionId":"768D055A1E18013891B145D656DF4446"}
09:31:06.943 [nioEventLoopGroup-2-1] DEBUG com.jayway.jsonpath.internal.path.CompiledPath - Evaluating path: $
09:31:06.949 [Test worker] DEBUG com.jayway.jsonpath.internal.path.CompiledPath - Evaluating path: $['modifiers']
09:31:06.949 [Test worker] DEBUG com.jayway.jsonpath.internal.path.CompiledPath - Evaluating path: $
09:31:06.950 [Test worker] DEBUG com.jayway.jsonpath.internal.path.CompiledPath - Evaluating path: $
09:31:06.950 [Test worker] DEBUG com.jayway.jsonpath.internal.JsonContext - Put path $ key modifiers value {}
09:31:06.950 [Test worker] DEBUG com.jayway.jsonpath.internal.path.CompiledPath - Evaluating path: $
09:31:06.950 [Test worker] DEBUG com.jayway.jsonpath.internal.JsonContext - Put path $ key modifiers value 0
09:31:06.950 [Test worker] DEBUG com.jayway.jsonpath.internal.path.CompiledPath - Evaluating path: $['type']
09:31:06.950 [Test worker] DEBUG com.jayway.jsonpath.internal.path.CompiledPath - Evaluating path: $
09:31:06.950 [Test worker] DEBUG com.jayway.jsonpath.internal.path.CompiledPath - Evaluating path: $
09:31:06.950 [Test worker] DEBUG com.jayway.jsonpath.internal.JsonContext - Put path $ key type value {}
09:31:06.950 [Test worker] DEBUG com.jayway.jsonpath.internal.path.CompiledPath - Evaluating path: $
09:31:06.951 [Test worker] DEBUG com.jayway.jsonpath.internal.JsonContext - Put path $ key type value char
09:31:06.951 [Test worker] DEBUG com.jayway.jsonpath.internal.path.CompiledPath - Evaluating path: $['text']
09:31:06.951 [Test worker] DEBUG com.jayway.jsonpath.internal.path.CompiledPath - Evaluating path: $
09:31:06.951 [Test worker] DEBUG com.jayway.jsonpath.internal.path.CompiledPath - Evaluating path: $
09:31:06.951 [Test worker] DEBUG com.jayway.jsonpath.internal.JsonContext - Put path $ key text value {}
09:31:06.951 [Test worker] DEBUG com.jayway.jsonpath.internal.path.CompiledPath - Evaluating path: $
09:31:06.951 [Test worker] DEBUG com.jayway.jsonpath.internal.JsonContext - Put path $ key text value t
09:31:06.951 [Test worker] DEBUG com.jayway.jsonpath.internal.path.CompiledPath - Evaluating path: $['windowsVirtualKeyCode']
09:31:06.951 [Test worker] DEBUG com.jayway.jsonpath.internal.path.CompiledPath - Evaluating path: $
09:31:06.951 [Test worker] DEBUG com.jayway.jsonpath.internal.path.CompiledPath - Evaluating path: $
09:31:06.951 [Test worker] DEBUG com.jayway.jsonpath.internal.JsonContext - Put path $ key windowsVirtualKeyCode value {}
09:31:06.951 [Test worker] DEBUG com.jayway.jsonpath.internal.path.CompiledPath - Evaluating path: $
09:31:06.951 [Test worker] DEBUG com.jayway.jsonpath.internal.JsonContext - Put path $ key windowsVirtualKeyCode value 116
09:31:06.951 [Test worker] DEBUG com.jayway.jsonpath.internal.path.CompiledPath - Evaluating path: $
09:31:06.951 [Test worker] DEBUG com.intuit.karate.driver.chrome_1689566462788 - >> {"id":13,"sessionId":"768D055A1E18013891B145D656DF4446","method":"Input.dispatchKeyEvent","params":{"modifiers":0,"type":"char","text":"t","windowsVirtualKeyCode":116}}
09:31:06.955 [nioEventLoopGroup-2-1] DEBUG com.intuit.karate.driver.chrome_1689566462788 - << {"id":13,"result":{},"sessionId":"768D055A1E18013891B145D656DF4446"}
09:31:06.956 [nioEventLoopGroup-2-1] DEBUG com.jayway.jsonpath.internal.path.CompiledPath - Evaluating path: $
09:31:06.956 [Test worker] DEBUG com.jayway.jsonpath.internal.path.CompiledPath - Evaluating path: $['modifiers']
09:31:06.956 [Test worker] DEBUG com.jayway.jsonpath.internal.path.CompiledPath - Evaluating path: $
09:31:06.956 [Test worker] DEBUG com.jayway.jsonpath.internal.path.CompiledPath - Evaluating path: $
09:31:06.957 [Test worker] DEBUG com.jayway.jsonpath.internal.JsonContext - Put path $ key modifiers value {}
09:31:06.957 [Test worker] DEBUG com.jayway.jsonpath.internal.path.CompiledPath - Evaluating path: $
09:31:06.957 [Test worker] DEBUG com.jayway.jsonpath.internal.JsonContext - Put path $ key modifiers value 0
09:31:06.957 [Test worker] DEBUG com.jayway.jsonpath.internal.path.CompiledPath - Evaluating path: $['type']
09:31:06.957 [Test worker] DEBUG com.jayway.jsonpath.internal.path.CompiledPath - Evaluating path: $
09:31:06.957 [Test worker] DEBUG com.jayway.jsonpath.internal.path.CompiledPath - Evaluating path: $
09:31:06.957 [Test worker] DEBUG com.jayway.jsonpath.internal.JsonContext - Put path $ key type value {}
09:31:06.957 [Test worker] DEBUG com.jayway.jsonpath.internal.path.CompiledPath - Evaluating path: $
09:31:06.957 [Test worker] DEBUG com.jayway.jsonpath.internal.JsonContext - Put path $ key type value keyUp
09:31:06.957 [Test worker] DEBUG com.jayway.jsonpath.internal.path.CompiledPath - Evaluating path: $['text']
09:31:06.957 [Test worker] DEBUG com.jayway.jsonpath.internal.path.CompiledPath - Evaluating path: $
09:31:06.957 [Test worker] DEBUG com.jayway.jsonpath.internal.path.CompiledPath - Evaluating path: $
09:31:06.958 [Test worker] DEBUG com.jayway.jsonpath.internal.JsonContext - Put path $ key text value {}
09:31:06.958 [Test worker] DEBUG com.jayway.jsonpath.internal.path.CompiledPath - Evaluating path: $
09:31:06.958 [Test worker] DEBUG com.jayway.jsonpath.internal.JsonContext - Put path $ key text value t
09:31:06.958 [Test worker] DEBUG com.jayway.jsonpath.internal.path.CompiledPath - Evaluating path: $['windowsVirtualKeyCode']
09:31:06.958 [Test worker] DEBUG com.jayway.jsonpath.internal.path.CompiledPath - Evaluating path: $
09:31:06.958 [Test worker] DEBUG com.jayway.jsonpath.internal.path.CompiledPath - Evaluating path: $
09:31:06.958 [Test worker] DEBUG com.jayway.jsonpath.internal.JsonContext - Put path $ key windowsVirtualKeyCode value {}
09:31:06.958 [Test worker] DEBUG com.jayway.jsonpath.internal.path.CompiledPath - Evaluating path: $
09:31:06.958 [Test worker] DEBUG com.jayway.jsonpath.internal.JsonContext - Put path $ key windowsVirtualKeyCode value 116
09:31:06.958 [Test worker] DEBUG com.jayway.jsonpath.internal.path.CompiledPath - Evaluating path: $
09:31:06.958 [Test worker] DEBUG com.intuit.karate.driver.chrome_1689566462788 - >> {"id":14,"sessionId":"768D055A1E18013891B145D656DF4446","method":"Input.dispatchKeyEvent","params":{"modifiers":0,"type":"keyUp","text":"t","windowsVirtualKeyCode":116}}
09:31:06.961 [nioEventLoopGroup-2-1] DEBUG com.intuit.karate.driver.chrome_1689566462788 - << {"id":14,"result":{},"sessionId":"768D055A1E18013891B145D656DF4446"}
09:31:06.961 [nioEventLoopGroup-2-1] DEBUG com.jayway.jsonpath.internal.path.CompiledPath - Evaluating path: $
09:31:06.962 [Test worker] DEBUG com.jayway.jsonpath.internal.path.CompiledPath - Evaluating path: $['modifiers']
09:31:06.962 [Test worker] DEBUG com.jayway.jsonpath.internal.path.CompiledPath - Evaluating path: $
09:31:06.962 [Test worker] DEBUG com.jayway.jsonpath.internal.path.CompiledPath - Evaluating path: $
09:31:06.962 [Test worker] DEBUG com.jayway.jsonpath.internal.JsonContext - Put path $ key modifiers value {}
09:31:06.962 [Test worker] DEBUG com.jayway.jsonpath.internal.path.CompiledPath - Evaluating path: $
09:31:06.963 [Test worker] DEBUG com.jayway.jsonpath.internal.JsonContext - Put path $ key modifiers value 0
09:31:06.963 [Test worker] DEBUG com.jayway.jsonpath.internal.path.CompiledPath - Evaluating path: $['type']
09:31:06.963 [Test worker] DEBUG com.jayway.jsonpath.internal.path.CompiledPath - Evaluating path: $
09:31:06.963 [Test worker] DEBUG com.jayway.jsonpath.internal.path.CompiledPath - Evaluating path: $
09:31:06.963 [Test worker] DEBUG com.jayway.jsonpath.internal.JsonContext - Put path $ key type value {}
09:31:06.963 [Test worker] DEBUG com.jayway.jsonpath.internal.path.CompiledPath - Evaluating path: $
09:31:06.964 [Test worker] DEBUG com.jayway.jsonpath.internal.JsonContext - Put path $ key type value rawKeyDown
09:31:06.964 [Test worker] DEBUG com.jayway.jsonpath.internal.path.CompiledPath - Evaluating path: $['text']
09:31:06.964 [Test worker] DEBUG com.jayway.jsonpath.internal.path.CompiledPath - Evaluating path: $
09:31:06.964 [Test worker] DEBUG com.jayway.jsonpath.internal.path.CompiledPath - Evaluating path: $
09:31:06.964 [Test worker] DEBUG com.jayway.jsonpath.internal.JsonContext - Put path $ key text value {}
09:31:06.965 [Test worker] DEBUG com.jayway.jsonpath.internal.path.CompiledPath - Evaluating path: $
09:31:06.966 [Test worker] DEBUG com.jayway.jsonpath.internal.JsonContext - Put path $ key text value u
09:31:06.972 [Test worker] DEBUG com.jayway.jsonpath.internal.path.CompiledPath - Evaluating path: $['windowsVirtualKeyCode']
09:31:06.972 [Test worker] DEBUG com.jayway.jsonpath.internal.path.CompiledPath - Evaluating path: $
09:31:06.973 [Test worker] DEBUG com.jayway.jsonpath.internal.path.CompiledPath - Evaluating path: $
09:31:06.973 [Test worker] DEBUG com.jayway.jsonpath.internal.JsonContext - Put path $ key windowsVirtualKeyCode value {}
09:31:06.973 [Test worker] DEBUG com.jayway.jsonpath.internal.path.CompiledPath - Evaluating path: $
09:31:06.973 [Test worker] DEBUG com.jayway.jsonpath.internal.JsonContext - Put path $ key windowsVirtualKeyCode value 117
09:31:06.973 [Test worker] DEBUG com.jayway.jsonpath.internal.path.CompiledPath - Evaluating path: $
09:31:06.973 [Test worker] DEBUG com.intuit.karate.driver.chrome_1689566462788 - >> {"id":15,"sessionId":"768D055A1E18013891B145D656DF4446","method":"Input.dispatchKeyEvent","params":{"modifiers":0,"type":"rawKeyDown","text":"u","windowsVirtualKeyCode":117}}
09:31:06.977 [nioEventLoopGroup-2-1] DEBUG com.intuit.karate.driver.chrome_1689566462788 - << {"id":15,"result":{},"sessionId":"768D055A1E18013891B145D656DF4446"}
09:31:06.977 [nioEventLoopGroup-2-1] DEBUG com.jayway.jsonpath.internal.path.CompiledPath - Evaluating path: $
09:31:06.977 [Test worker] DEBUG com.jayway.jsonpath.internal.path.CompiledPath - Evaluating path: $['modifiers']
09:31:06.977 [Test worker] DEBUG com.jayway.jsonpath.internal.path.CompiledPath - Evaluating path: $
09:31:06.977 [Test worker] DEBUG com.jayway.jsonpath.internal.path.CompiledPath - Evaluating path: $
09:31:06.978 [Test worker] DEBUG com.jayway.jsonpath.internal.JsonContext - Put path $ key modifiers value {}
09:31:06.978 [Test worker] DEBUG com.jayway.jsonpath.internal.path.CompiledPath - Evaluating path: $
09:31:06.978 [Test worker] DEBUG com.jayway.jsonpath.internal.JsonContext - Put path $ key modifiers value 0
09:31:06.978 [Test worker] DEBUG com.jayway.jsonpath.internal.path.CompiledPath - Evaluating path: $['type']
09:31:06.978 [Test worker] DEBUG com.jayway.jsonpath.internal.path.CompiledPath - Evaluating path: $
09:31:06.978 [Test worker] DEBUG com.jayway.jsonpath.internal.path.CompiledPath - Evaluating path: $
09:31:06.978 [Test worker] DEBUG com.jayway.jsonpath.internal.JsonContext - Put path $ key type value {}
09:31:06.978 [Test worker] DEBUG com.jayway.jsonpath.internal.path.CompiledPath - Evaluating path: $
09:31:06.978 [Test worker] DEBUG com.jayway.jsonpath.internal.JsonContext - Put path $ key type value char
09:31:06.978 [Test worker] DEBUG com.jayway.jsonpath.internal.path.CompiledPath - Evaluating path: $['text']
09:31:06.978 [Test worker] DEBUG com.jayway.jsonpath.internal.path.CompiledPath - Evaluating path: $
09:31:06.978 [Test worker] DEBUG com.jayway.jsonpath.internal.path.CompiledPath - Evaluating path: $
09:31:06.978 [Test worker] DEBUG com.jayway.jsonpath.internal.JsonContext - Put path $ key text value {}
09:31:06.978 [Test worker] DEBUG com.jayway.jsonpath.internal.path.CompiledPath - Evaluating path: $
09:31:06.978 [Test worker] DEBUG com.jayway.jsonpath.internal.JsonContext - Put path $ key text value u
09:31:06.978 [Test worker] DEBUG com.jayway.jsonpath.internal.path.CompiledPath - Evaluating path: $['windowsVirtualKeyCode']
09:31:06.978 [Test worker] DEBUG com.jayway.jsonpath.internal.path.CompiledPath - Evaluating path: $
09:31:06.978 [Test worker] DEBUG com.jayway.jsonpath.internal.path.CompiledPath - Evaluating path: $
09:31:06.978 [Test worker] DEBUG com.jayway.jsonpath.internal.JsonContext - Put path $ key windowsVirtualKeyCode value {}
09:31:06.978 [Test worker] DEBUG com.jayway.jsonpath.internal.path.CompiledPath - Evaluating path: $
09:31:06.978 [Test worker] DEBUG com.jayway.jsonpath.internal.JsonContext - Put path $ key windowsVirtualKeyCode value 117
09:31:06.978 [Test worker] DEBUG com.jayway.jsonpath.internal.path.CompiledPath - Evaluating path: $
09:31:06.979 [Test worker] DEBUG com.intuit.karate.driver.chrome_1689566462788 - >> {"id":16,"sessionId":"768D055A1E18013891B145D656DF4446","method":"Input.dispatchKeyEvent","params":{"modifiers":0,"type":"char","text":"u","windowsVirtualKeyCode":117}}
09:31:06.985 [nioEventLoopGroup-2-1] DEBUG com.intuit.karate.driver.chrome_1689566462788 - << {"id":16,"result":{},"sessionId":"768D055A1E18013891B145D656DF4446"}
09:31:06.985 [nioEventLoopGroup-2-1] DEBUG com.jayway.jsonpath.internal.path.CompiledPath - Evaluating path: $
09:31:06.986 [Test worker] DEBUG com.jayway.jsonpath.internal.path.CompiledPath - Evaluating path: $['modifiers']
09:31:06.986 [Test worker] DEBUG com.jayway.jsonpath.internal.path.CompiledPath - Evaluating path: $
09:31:06.986 [Test worker] DEBUG com.jayway.jsonpath.internal.path.CompiledPath - Evaluating path: $
09:31:06.986 [Test worker] DEBUG com.jayway.jsonpath.internal.JsonContext - Put path $ key modifiers value {}
09:31:06.986 [Test worker] DEBUG com.jayway.jsonpath.internal.path.CompiledPath - Evaluating path: $
09:31:06.987 [Test worker] DEBUG com.jayway.jsonpath.internal.JsonContext - Put path $ key modifiers value 0
09:31:06.987 [Test worker] DEBUG com.jayway.jsonpath.internal.path.CompiledPath - Evaluating path: $['type']
09:31:06.987 [Test worker] DEBUG com.jayway.jsonpath.internal.path.CompiledPath - Evaluating path: $
09:31:06.987 [Test worker] DEBUG com.jayway.jsonpath.internal.path.CompiledPath - Evaluating path: $
09:31:06.987 [Test worker] DEBUG com.jayway.jsonpath.internal.JsonContext - Put path $ key type value {}
09:31:06.987 [Test worker] DEBUG com.jayway.jsonpath.internal.path.CompiledPath - Evaluating path: $
09:31:06.987 [Test worker] DEBUG com.jayway.jsonpath.internal.JsonContext - Put path $ key type value keyUp
09:31:06.987 [Test worker] DEBUG com.jayway.jsonpath.internal.path.CompiledPath - Evaluating path: $['text']
09:31:06.987 [Test worker] DEBUG com.jayway.jsonpath.internal.path.CompiledPath - Evaluating path: $
09:31:06.987 [Test worker] DEBUG com.jayway.jsonpath.internal.path.CompiledPath - Evaluating path: $
09:31:06.987 [Test worker] DEBUG com.jayway.jsonpath.internal.JsonContext - Put path $ key text value {}
09:31:06.987 [Test worker] DEBUG com.jayway.jsonpath.internal.path.CompiledPath - Evaluating path: $
09:31:06.987 [Test worker] DEBUG com.jayway.jsonpath.internal.JsonContext - Put path $ key text value u
09:31:06.987 [Test worker] DEBUG com.jayway.jsonpath.internal.path.CompiledPath - Evaluating path: $['windowsVirtualKeyCode']
09:31:06.987 [Test worker] DEBUG com.jayway.jsonpath.internal.path.CompiledPath - Evaluating path: $
09:31:06.987 [Test worker] DEBUG com.jayway.jsonpath.internal.path.CompiledPath - Evaluating path: $
09:31:06.987 [Test worker] DEBUG com.jayway.jsonpath.internal.JsonContext - Put path $ key windowsVirtualKeyCode value {}
09:31:06.987 [Test worker] DEBUG com.jayway.jsonpath.internal.path.CompiledPath - Evaluating path: $
09:31:06.987 [Test worker] DEBUG com.jayway.jsonpath.internal.JsonContext - Put path $ key windowsVirtualKeyCode value 117
09:31:06.987 [Test worker] DEBUG com.jayway.jsonpath.internal.path.CompiledPath - Evaluating path: $
09:31:06.988 [Test worker] DEBUG com.intuit.karate.driver.chrome_1689566462788 - >> {"id":17,"sessionId":"768D055A1E18013891B145D656DF4446","method":"Input.dispatchKeyEvent","params":{"modifiers":0,"type":"keyUp","text":"u","windowsVirtualKeyCode":117}}
09:31:06.990 [nioEventLoopGroup-2-1] DEBUG com.intuit.karate.driver.chrome_1689566462788 - << {"id":17,"result":{},"sessionId":"768D055A1E18013891B145D656DF4446"}
09:31:06.990 [nioEventLoopGroup-2-1] DEBUG com.jayway.jsonpath.internal.path.CompiledPath - Evaluating path: $
09:31:07.000 [Test worker] DEBUG com.jayway.jsonpath.internal.path.CompiledPath - Evaluating path: $['modifiers']
09:31:07.001 [Test worker] DEBUG com.jayway.jsonpath.internal.path.CompiledPath - Evaluating path: $
09:31:07.006 [Test worker] DEBUG com.jayway.jsonpath.internal.path.CompiledPath - Evaluating path: $
09:31:07.006 [Test worker] DEBUG com.jayway.jsonpath.internal.JsonContext - Put path $ key modifiers value {}
09:31:07.006 [Test worker] DEBUG com.jayway.jsonpath.internal.path.CompiledPath - Evaluating path: $
09:31:07.006 [Test worker] DEBUG com.jayway.jsonpath.internal.JsonContext - Put path $ key modifiers value 0
09:31:07.006 [Test worker] DEBUG com.jayway.jsonpath.internal.path.CompiledPath - Evaluating path: $['type']
09:31:07.006 [Test worker] DEBUG com.jayway.jsonpath.internal.path.CompiledPath - Evaluating path: $
09:31:07.007 [Test worker] DEBUG com.jayway.jsonpath.internal.path.CompiledPath - Evaluating path: $
09:31:07.007 [Test worker] DEBUG com.jayway.jsonpath.internal.JsonContext - Put path $ key type value {}
09:31:07.007 [Test worker] DEBUG com.jayway.jsonpath.internal.path.CompiledPath - Evaluating path: $
09:31:07.007 [Test worker] DEBUG com.jayway.jsonpath.internal.JsonContext - Put path $ key type value rawKeyDown
09:31:07.007 [Test worker] DEBUG com.jayway.jsonpath.internal.path.CompiledPath - Evaluating path: $['text']
09:31:07.007 [Test worker] DEBUG com.jayway.jsonpath.internal.path.CompiledPath - Evaluating path: $
09:31:07.007 [Test worker] DEBUG com.jayway.jsonpath.internal.path.CompiledPath - Evaluating path: $
09:31:07.007 [Test worker] DEBUG com.jayway.jsonpath.internal.JsonContext - Put path $ key text value {}
09:31:07.007 [Test worker] DEBUG com.jayway.jsonpath.internal.path.CompiledPath - Evaluating path: $
09:31:07.007 [Test worker] DEBUG com.jayway.jsonpath.internal.JsonContext - Put path $ key text value d
09:31:07.007 [Test worker] DEBUG com.jayway.jsonpath.internal.path.CompiledPath - Evaluating path: $['windowsVirtualKeyCode']
09:31:07.007 [Test worker] DEBUG com.jayway.jsonpath.internal.path.CompiledPath - Evaluating path: $
09:31:07.007 [Test worker] DEBUG com.jayway.jsonpath.internal.path.CompiledPath - Evaluating path: $
09:31:07.007 [Test worker] DEBUG com.jayway.jsonpath.internal.JsonContext - Put path $ key windowsVirtualKeyCode value {}
09:31:07.007 [Test worker] DEBUG com.jayway.jsonpath.internal.path.CompiledPath - Evaluating path: $
09:31:07.007 [Test worker] DEBUG com.jayway.jsonpath.internal.JsonContext - Put path $ key windowsVirtualKeyCode value 100
09:31:07.007 [Test worker] DEBUG com.jayway.jsonpath.internal.path.CompiledPath - Evaluating path: $
09:31:07.007 [Test worker] DEBUG com.intuit.karate.driver.chrome_1689566462788 - >> {"id":18,"sessionId":"768D055A1E18013891B145D656DF4446","method":"Input.dispatchKeyEvent","params":{"modifiers":0,"type":"rawKeyDown","text":"d","windowsVirtualKeyCode":100}}
09:31:07.011 [nioEventLoopGroup-2-1] DEBUG com.intuit.karate.driver.chrome_1689566462788 - << {"id":18,"result":{},"sessionId":"768D055A1E18013891B145D656DF4446"}
09:31:07.011 [nioEventLoopGroup-2-1] DEBUG com.jayway.jsonpath.internal.path.CompiledPath - Evaluating path: $
09:31:07.012 [Test worker] DEBUG com.jayway.jsonpath.internal.path.CompiledPath - Evaluating path: $['modifiers']
09:31:07.012 [Test worker] DEBUG com.jayway.jsonpath.internal.path.CompiledPath - Evaluating path: $
09:31:07.012 [Test worker] DEBUG com.jayway.jsonpath.internal.path.CompiledPath - Evaluating path: $
09:31:07.012 [Test worker] DEBUG com.jayway.jsonpath.internal.JsonContext - Put path $ key modifiers value {}
09:31:07.012 [Test worker] DEBUG com.jayway.jsonpath.internal.path.CompiledPath - Evaluating path: $
09:31:07.012 [Test worker] DEBUG com.jayway.jsonpath.internal.JsonContext - Put path $ key modifiers value 0
09:31:07.012 [Test worker] DEBUG com.jayway.jsonpath.internal.path.CompiledPath - Evaluating path: $['type']
09:31:07.013 [Test worker] DEBUG com.jayway.jsonpath.internal.path.CompiledPath - Evaluating path: $
09:31:07.013 [Test worker] DEBUG com.jayway.jsonpath.internal.path.CompiledPath - Evaluating path: $
09:31:07.013 [Test worker] DEBUG com.jayway.jsonpath.internal.JsonContext - Put path $ key type value {}
09:31:07.013 [Test worker] DEBUG com.jayway.jsonpath.internal.path.CompiledPath - Evaluating path: $
09:31:07.013 [Test worker] DEBUG com.jayway.jsonpath.internal.JsonContext - Put path $ key type value char
09:31:07.013 [Test worker] DEBUG com.jayway.jsonpath.internal.path.CompiledPath - Evaluating path: $['text']
09:31:07.013 [Test worker] DEBUG com.jayway.jsonpath.internal.path.CompiledPath - Evaluating path: $
09:31:07.013 [Test worker] DEBUG com.jayway.jsonpath.internal.path.CompiledPath - Evaluating path: $
09:31:07.013 [Test worker] DEBUG com.jayway.jsonpath.internal.JsonContext - Put path $ key text value {}
09:31:07.013 [Test worker] DEBUG com.jayway.jsonpath.internal.path.CompiledPath - Evaluating path: $
09:31:07.013 [Test worker] DEBUG com.jayway.jsonpath.internal.JsonContext - Put path $ key text value d
09:31:07.013 [Test worker] DEBUG com.jayway.jsonpath.internal.path.CompiledPath - Evaluating path: $['windowsVirtualKeyCode']
09:31:07.013 [Test worker] DEBUG com.jayway.jsonpath.internal.path.CompiledPath - Evaluating path: $
09:31:07.013 [Test worker] DEBUG com.jayway.jsonpath.internal.path.CompiledPath - Evaluating path: $
09:31:07.013 [Test worker] DEBUG com.jayway.jsonpath.internal.JsonContext - Put path $ key windowsVirtualKeyCode value {}
09:31:07.013 [Test worker] DEBUG com.jayway.jsonpath.internal.path.CompiledPath - Evaluating path: $
09:31:07.013 [Test worker] DEBUG com.jayway.jsonpath.internal.JsonContext - Put path $ key windowsVirtualKeyCode value 100
09:31:07.014 [Test worker] DEBUG com.jayway.jsonpath.internal.path.CompiledPath - Evaluating path: $
09:31:07.014 [Test worker] DEBUG com.intuit.karate.driver.chrome_1689566462788 - >> {"id":19,"sessionId":"768D055A1E18013891B145D656DF4446","method":"Input.dispatchKeyEvent","params":{"modifiers":0,"type":"char","text":"d","windowsVirtualKeyCode":100}}
09:31:07.017 [nioEventLoopGroup-2-1] DEBUG com.intuit.karate.driver.chrome_1689566462788 - << {"id":19,"result":{},"sessionId":"768D055A1E18013891B145D656DF4446"}
09:31:07.018 [nioEventLoopGroup-2-1] DEBUG com.jayway.jsonpath.internal.path.CompiledPath - Evaluating path: $
09:31:07.019 [Test worker] DEBUG com.jayway.jsonpath.internal.path.CompiledPath - Evaluating path: $['modifiers']
09:31:07.019 [Test worker] DEBUG com.jayway.jsonpath.internal.path.CompiledPath - Evaluating path: $
09:31:07.020 [Test worker] DEBUG com.jayway.jsonpath.internal.path.CompiledPath - Evaluating path: $
09:31:07.020 [Test worker] DEBUG com.jayway.jsonpath.internal.JsonContext - Put path $ key modifiers value {}
09:31:07.020 [Test worker] DEBUG com.jayway.jsonpath.internal.path.CompiledPath - Evaluating path: $
09:31:07.020 [Test worker] DEBUG com.jayway.jsonpath.internal.JsonContext - Put path $ key modifiers value 0
09:31:07.020 [Test worker] DEBUG com.jayway.jsonpath.internal.path.CompiledPath - Evaluating path: $['type']
09:31:07.020 [Test worker] DEBUG com.jayway.jsonpath.internal.path.CompiledPath - Evaluating path: $
09:31:07.020 [Test worker] DEBUG com.jayway.jsonpath.internal.path.CompiledPath - Evaluating path: $
09:31:07.020 [Test worker] DEBUG com.jayway.jsonpath.internal.JsonContext - Put path $ key type value {}
09:31:07.020 [Test worker] DEBUG com.jayway.jsonpath.internal.path.CompiledPath - Evaluating path: $
09:31:07.020 [Test worker] DEBUG com.jayway.jsonpath.internal.JsonContext - Put path $ key type value keyUp
09:31:07.020 [Test worker] DEBUG com.jayway.jsonpath.internal.path.CompiledPath - Evaluating path: $['text']
09:31:07.020 [Test worker] DEBUG com.jayway.jsonpath.internal.path.CompiledPath - Evaluating path: $
09:31:07.020 [Test worker] DEBUG com.jayway.jsonpath.internal.path.CompiledPath - Evaluating path: $
09:31:07.020 [Test worker] DEBUG com.jayway.jsonpath.internal.JsonContext - Put path $ key text value {}
09:31:07.020 [Test worker] DEBUG com.jayway.jsonpath.internal.path.CompiledPath - Evaluating path: $
09:31:07.020 [Test worker] DEBUG com.jayway.jsonpath.internal.JsonContext - Put path $ key text value d
09:31:07.020 [Test worker] DEBUG com.jayway.jsonpath.internal.path.CompiledPath - Evaluating path: $['windowsVirtualKeyCode']
09:31:07.020 [Test worker] DEBUG com.jayway.jsonpath.internal.path.CompiledPath - Evaluating path: $
09:31:07.020 [Test worker] DEBUG com.jayway.jsonpath.internal.path.CompiledPath - Evaluating path: $
09:31:07.020 [Test worker] DEBUG com.jayway.jsonpath.internal.JsonContext - Put path $ key windowsVirtualKeyCode value {}
09:31:07.021 [Test worker] DEBUG com.jayway.jsonpath.internal.path.CompiledPath - Evaluating path: $
09:31:07.021 [Test worker] DEBUG com.jayway.jsonpath.internal.JsonContext - Put path $ key windowsVirtualKeyCode value 100
09:31:07.021 [Test worker] DEBUG com.jayway.jsonpath.internal.path.CompiledPath - Evaluating path: $
09:31:07.021 [Test worker] DEBUG com.intuit.karate.driver.chrome_1689566462788 - >> {"id":20,"sessionId":"768D055A1E18013891B145D656DF4446","method":"Input.dispatchKeyEvent","params":{"modifiers":0,"type":"keyUp","text":"d","windowsVirtualKeyCode":100}}
09:31:07.023 [nioEventLoopGroup-2-1] DEBUG com.intuit.karate.driver.chrome_1689566462788 - << {"id":20,"result":{},"sessionId":"768D055A1E18013891B145D656DF4446"}
09:31:07.023 [nioEventLoopGroup-2-1] DEBUG com.jayway.jsonpath.internal.path.CompiledPath - Evaluating path: $
09:31:07.024 [Test worker] DEBUG com.jayway.jsonpath.internal.path.CompiledPath - Evaluating path: $['modifiers']
09:31:07.024 [Test worker] DEBUG com.jayway.jsonpath.internal.path.CompiledPath - Evaluating path: $
09:31:07.024 [Test worker] DEBUG com.jayway.jsonpath.internal.path.CompiledPath - Evaluating path: $
09:31:07.024 [Test worker] DEBUG com.jayway.jsonpath.internal.JsonContext - Put path $ key modifiers value {}
09:31:07.024 [Test worker] DEBUG com.jayway.jsonpath.internal.path.CompiledPath - Evaluating path: $
09:31:07.024 [Test worker] DEBUG com.jayway.jsonpath.internal.JsonContext - Put path $ key modifiers value 0
09:31:07.024 [Test worker] DEBUG com.jayway.jsonpath.internal.path.CompiledPath - Evaluating path: $['type']
09:31:07.025 [Test worker] DEBUG com.jayway.jsonpath.internal.path.CompiledPath - Evaluating path: $
09:31:07.025 [Test worker] DEBUG com.jayway.jsonpath.internal.path.CompiledPath - Evaluating path: $
09:31:07.025 [Test worker] DEBUG com.jayway.jsonpath.internal.JsonContext - Put path $ key type value {}
09:31:07.025 [Test worker] DEBUG com.jayway.jsonpath.internal.path.CompiledPath - Evaluating path: $
09:31:07.025 [Test worker] DEBUG com.jayway.jsonpath.internal.JsonContext - Put path $ key type value rawKeyDown
09:31:07.025 [Test worker] DEBUG com.jayway.jsonpath.internal.path.CompiledPath - Evaluating path: $['text']
09:31:07.025 [Test worker] DEBUG com.jayway.jsonpath.internal.path.CompiledPath - Evaluating path: $
09:31:07.025 [Test worker] DEBUG com.jayway.jsonpath.internal.path.CompiledPath - Evaluating path: $
09:31:07.025 [Test worker] DEBUG com.jayway.jsonpath.internal.JsonContext - Put path $ key text value {}
09:31:07.025 [Test worker] DEBUG com.jayway.jsonpath.internal.path.CompiledPath - Evaluating path: $
09:31:07.025 [Test worker] DEBUG com.jayway.jsonpath.internal.JsonContext - Put path $ key text value e
09:31:07.025 [Test worker] DEBUG com.jayway.jsonpath.internal.path.CompiledPath - Evaluating path: $['windowsVirtualKeyCode']
09:31:07.025 [Test worker] DEBUG com.jayway.jsonpath.internal.path.CompiledPath - Evaluating path: $
09:31:07.025 [Test worker] DEBUG com.jayway.jsonpath.internal.path.CompiledPath - Evaluating path: $
09:31:07.025 [Test worker] DEBUG com.jayway.jsonpath.internal.JsonContext - Put path $ key windowsVirtualKeyCode value {}
09:31:07.025 [Test worker] DEBUG com.jayway.jsonpath.internal.path.CompiledPath - Evaluating path: $
09:31:07.025 [Test worker] DEBUG com.jayway.jsonpath.internal.JsonContext - Put path $ key windowsVirtualKeyCode value 101
09:31:07.025 [Test worker] DEBUG com.jayway.jsonpath.internal.path.CompiledPath - Evaluating path: $
09:31:07.026 [Test worker] DEBUG com.intuit.karate.driver.chrome_1689566462788 - >> {"id":21,"sessionId":"768D055A1E18013891B145D656DF4446","method":"Input.dispatchKeyEvent","params":{"modifiers":0,"type":"rawKeyDown","text":"e","windowsVirtualKeyCode":101}}
09:31:07.029 [nioEventLoopGroup-2-1] DEBUG com.intuit.karate.driver.chrome_1689566462788 - << {"id":21,"result":{},"sessionId":"768D055A1E18013891B145D656DF4446"}
09:31:07.029 [nioEventLoopGroup-2-1] DEBUG com.jayway.jsonpath.internal.path.CompiledPath - Evaluating path: $
09:31:07.030 [Test worker] DEBUG com.jayway.jsonpath.internal.path.CompiledPath - Evaluating path: $['modifiers']
09:31:07.031 [Test worker] DEBUG com.jayway.jsonpath.internal.path.CompiledPath - Evaluating path: $
09:31:07.032 [Test worker] DEBUG com.jayway.jsonpath.internal.path.CompiledPath - Evaluating path: $
09:31:07.032 [Test worker] DEBUG com.jayway.jsonpath.internal.JsonContext - Put path $ key modifiers value {}
09:31:07.032 [Test worker] DEBUG com.jayway.jsonpath.internal.path.CompiledPath - Evaluating path: $
09:31:07.032 [Test worker] DEBUG com.jayway.jsonpath.internal.JsonContext - Put path $ key modifiers value 0
09:31:07.033 [Test worker] DEBUG com.jayway.jsonpath.internal.path.CompiledPath - Evaluating path: $['type']
09:31:07.033 [Test worker] DEBUG com.jayway.jsonpath.internal.path.CompiledPath - Evaluating path: $
09:31:07.033 [Test worker] DEBUG com.jayway.jsonpath.internal.path.CompiledPath - Evaluating path: $
09:31:07.033 [Test worker] DEBUG com.jayway.jsonpath.internal.JsonContext - Put path $ key type value {}
09:31:07.033 [Test worker] DEBUG com.jayway.jsonpath.internal.path.CompiledPath - Evaluating path: $
09:31:07.033 [Test worker] DEBUG com.jayway.jsonpath.internal.JsonContext - Put path $ key type value char
09:31:07.034 [Test worker] DEBUG com.jayway.jsonpath.internal.path.CompiledPath - Evaluating path: $['text']
09:31:07.035 [Test worker] DEBUG com.jayway.jsonpath.internal.path.CompiledPath - Evaluating path: $
09:31:07.035 [Test worker] DEBUG com.jayway.jsonpath.internal.path.CompiledPath - Evaluating path: $
09:31:07.035 [Test worker] DEBUG com.jayway.jsonpath.internal.JsonContext - Put path $ key text value {}
09:31:07.035 [Test worker] DEBUG com.jayway.jsonpath.internal.path.CompiledPath - Evaluating path: $
09:31:07.035 [Test worker] DEBUG com.jayway.jsonpath.internal.JsonContext - Put path $ key text value e
09:31:07.035 [Test worker] DEBUG com.jayway.jsonpath.internal.path.CompiledPath - Evaluating path: $['windowsVirtualKeyCode']
09:31:07.035 [Test worker] DEBUG com.jayway.jsonpath.internal.path.CompiledPath - Evaluating path: $
09:31:07.035 [Test worker] DEBUG com.jayway.jsonpath.internal.path.CompiledPath - Evaluating path: $
09:31:07.035 [Test worker] DEBUG com.jayway.jsonpath.internal.JsonContext - Put path $ key windowsVirtualKeyCode value {}
09:31:07.035 [Test worker] DEBUG com.jayway.jsonpath.internal.path.CompiledPath - Evaluating path: $
09:31:07.035 [Test worker] DEBUG com.jayway.jsonpath.internal.JsonContext - Put path $ key windowsVirtualKeyCode value 101
09:31:07.035 [Test worker] DEBUG com.jayway.jsonpath.internal.path.CompiledPath - Evaluating path: $
09:31:07.036 [Test worker] DEBUG com.intuit.karate.driver.chrome_1689566462788 - >> {"id":22,"sessionId":"768D055A1E18013891B145D656DF4446","method":"Input.dispatchKeyEvent","params":{"modifiers":0,"type":"char","text":"e","windowsVirtualKeyCode":101}}
09:31:07.036 [nioEventLoopGroup-2-1] DEBUG com.intuit.karate.driver.chrome_1689566462788 - << {"method":"Target.targetInfoChanged","params":{"targetInfo":{"targetId":"911A5A1254EB77C073596E00A1961501","type":"background_page","title":"Chrome Web Store Payments","url":"chrome-extension://nmmhkkegccagdldgiimedpiccmgmieda/_generated_background_page.html","attached":false,"canAccessOpener":false,"browserContextId":"B146C7525AAC3D778664D5746295829C"}},"sessionId":"768D055A1E18013891B145D656DF4446"}
09:31:07.036 [nioEventLoopGroup-2-1] DEBUG com.jayway.jsonpath.internal.path.CompiledPath - Evaluating path: $
09:31:07.036 [nioEventLoopGroup-2-1] DEBUG com.jayway.jsonpath.internal.path.CompiledPath - Evaluating path: $['targetInfo']['targetId']
09:31:07.040 [nioEventLoopGroup-2-1] DEBUG com.intuit.karate.driver.chrome_1689566462788 - << {"id":22,"result":{},"sessionId":"768D055A1E18013891B145D656DF4446"}
09:31:07.040 [nioEventLoopGroup-2-1] DEBUG com.jayway.jsonpath.internal.path.CompiledPath - Evaluating path: $
09:31:07.041 [Test worker] DEBUG com.jayway.jsonpath.internal.path.CompiledPath - Evaluating path: $['modifiers']
09:31:07.041 [Test worker] DEBUG com.jayway.jsonpath.internal.path.CompiledPath - Evaluating path: $
09:31:07.043 [Test worker] DEBUG com.jayway.jsonpath.internal.path.CompiledPath - Evaluating path: $
09:31:07.043 [Test worker] DEBUG com.jayway.jsonpath.internal.JsonContext - Put path $ key modifiers value {}
09:31:07.044 [Test worker] DEBUG com.jayway.jsonpath.internal.path.CompiledPath - Evaluating path: $
09:31:07.044 [Test worker] DEBUG com.jayway.jsonpath.internal.JsonContext - Put path $ key modifiers value 0
09:31:07.044 [Test worker] DEBUG com.jayway.jsonpath.internal.path.CompiledPath - Evaluating path: $['type']
09:31:07.044 [Test worker] DEBUG com.jayway.jsonpath.internal.path.CompiledPath - Evaluating path: $
09:31:07.044 [Test worker] DEBUG com.jayway.jsonpath.internal.path.CompiledPath - Evaluating path: $
09:31:07.044 [Test worker] DEBUG com.jayway.jsonpath.internal.JsonContext - Put path $ key type value {}
09:31:07.045 [Test worker] DEBUG com.jayway.jsonpath.internal.path.CompiledPath - Evaluating path: $
09:31:07.045 [Test worker] DEBUG com.jayway.jsonpath.internal.JsonContext - Put path $ key type value keyUp
09:31:07.047 [Test worker] DEBUG com.jayway.jsonpath.internal.path.CompiledPath - Evaluating path: $['text']
09:31:07.047 [Test worker] DEBUG com.jayway.jsonpath.internal.path.CompiledPath - Evaluating path: $
09:31:07.048 [Test worker] DEBUG com.jayway.jsonpath.internal.path.CompiledPath - Evaluating path: $
09:31:07.049 [Test worker] DEBUG com.jayway.jsonpath.internal.JsonContext - Put path $ key text value {}
09:31:07.049 [Test worker] DEBUG com.jayway.jsonpath.internal.path.CompiledPath - Evaluating path: $
09:31:07.049 [Test worker] DEBUG com.jayway.jsonpath.internal.JsonContext - Put path $ key text value e
09:31:07.050 [Test worker] DEBUG com.jayway.jsonpath.internal.path.CompiledPath - Evaluating path: $['windowsVirtualKeyCode']
09:31:07.050 [Test worker] DEBUG com.jayway.jsonpath.internal.path.CompiledPath - Evaluating path: $
09:31:07.050 [Test worker] DEBUG com.jayway.jsonpath.internal.path.CompiledPath - Evaluating path: $
09:31:07.050 [Test worker] DEBUG com.jayway.jsonpath.internal.JsonContext - Put path $ key windowsVirtualKeyCode value {}
09:31:07.050 [Test worker] DEBUG com.jayway.jsonpath.internal.path.CompiledPath - Evaluating path: $
09:31:07.050 [Test worker] DEBUG com.jayway.jsonpath.internal.JsonContext - Put path $ key windowsVirtualKeyCode value 101
09:31:07.050 [Test worker] DEBUG com.jayway.jsonpath.internal.path.CompiledPath - Evaluating path: $
09:31:07.050 [Test worker] DEBUG com.intuit.karate.driver.chrome_1689566462788 - >> {"id":23,"sessionId":"768D055A1E18013891B145D656DF4446","method":"Input.dispatchKeyEvent","params":{"modifiers":0,"type":"keyUp","text":"e","windowsVirtualKeyCode":101}}
09:31:07.053 [nioEventLoopGroup-2-1] DEBUG com.intuit.karate.driver.chrome_1689566462788 - << {"id":23,"result":{},"sessionId":"768D055A1E18013891B145D656DF4446"}
09:31:07.053 [nioEventLoopGroup-2-1] DEBUG com.jayway.jsonpath.internal.path.CompiledPath - Evaluating path: $
09:31:07.054 [Test worker] DEBUG com.jayway.jsonpath.internal.path.CompiledPath - Evaluating path: $['modifiers']
09:31:07.054 [Test worker] DEBUG com.jayway.jsonpath.internal.path.CompiledPath - Evaluating path: $
09:31:07.054 [Test worker] DEBUG com.jayway.jsonpath.internal.path.CompiledPath - Evaluating path: $
09:31:07.054 [Test worker] DEBUG com.jayway.jsonpath.internal.JsonContext - Put path $ key modifiers value {}
09:31:07.054 [Test worker] DEBUG com.jayway.jsonpath.internal.path.CompiledPath - Evaluating path: $
09:31:07.054 [Test worker] DEBUG com.jayway.jsonpath.internal.JsonContext - Put path $ key modifiers value 0
09:31:07.054 [Test worker] DEBUG com.jayway.jsonpath.internal.path.CompiledPath - Evaluating path: $['type']
09:31:07.054 [Test worker] DEBUG com.jayway.jsonpath.internal.path.CompiledPath - Evaluating path: $
09:31:07.054 [Test worker] DEBUG com.jayway.jsonpath.internal.path.CompiledPath - Evaluating path: $
09:31:07.054 [Test worker] DEBUG com.jayway.jsonpath.internal.JsonContext - Put path $ key type value {}
09:31:07.054 [Test worker] DEBUG com.jayway.jsonpath.internal.path.CompiledPath - Evaluating path: $
09:31:07.054 [Test worker] DEBUG com.jayway.jsonpath.internal.JsonContext - Put path $ key type value rawKeyDown
09:31:07.054 [Test worker] DEBUG com.jayway.jsonpath.internal.path.CompiledPath - Evaluating path: $['text']
09:31:07.054 [Test worker] DEBUG com.jayway.jsonpath.internal.path.CompiledPath - Evaluating path: $
09:31:07.054 [Test worker] DEBUG com.jayway.jsonpath.internal.path.CompiledPath - Evaluating path: $
09:31:07.054 [Test worker] DEBUG com.jayway.jsonpath.internal.JsonContext - Put path $ key text value {}
09:31:07.054 [Test worker] DEBUG com.jayway.jsonpath.internal.path.CompiledPath - Evaluating path: $
09:31:07.054 [Test worker] DEBUG com.jayway.jsonpath.internal.JsonContext - Put path $ key text value n
09:31:07.054 [Test worker] DEBUG com.jayway.jsonpath.internal.path.CompiledPath - Evaluating path: $['windowsVirtualKeyCode']
09:31:07.054 [Test worker] DEBUG com.jayway.jsonpath.internal.path.CompiledPath - Evaluating path: $
09:31:07.054 [Test worker] DEBUG com.jayway.jsonpath.internal.path.CompiledPath - Evaluating path: $
09:31:07.055 [Test worker] DEBUG com.jayway.jsonpath.internal.JsonContext - Put path $ key windowsVirtualKeyCode value {}
09:31:07.055 [Test worker] DEBUG com.jayway.jsonpath.internal.path.CompiledPath - Evaluating path: $
09:31:07.055 [Test worker] DEBUG com.jayway.jsonpath.internal.JsonContext - Put path $ key windowsVirtualKeyCode value 110
09:31:07.056 [Test worker] DEBUG com.jayway.jsonpath.internal.path.CompiledPath - Evaluating path: $
09:31:07.057 [Test worker] DEBUG com.intuit.karate.driver.chrome_1689566462788 - >> {"id":24,"sessionId":"768D055A1E18013891B145D656DF4446","method":"Input.dispatchKeyEvent","params":{"modifiers":0,"type":"rawKeyDown","text":"n","windowsVirtualKeyCode":110}}
09:31:07.060 [nioEventLoopGroup-2-1] DEBUG com.intuit.karate.driver.chrome_1689566462788 - << {"id":24,"result":{},"sessionId":"768D055A1E18013891B145D656DF4446"}
09:31:07.061 [nioEventLoopGroup-2-1] DEBUG com.jayway.jsonpath.internal.path.CompiledPath - Evaluating path: $
09:31:07.061 [Test worker] DEBUG com.jayway.jsonpath.internal.path.CompiledPath - Evaluating path: $['modifiers']
09:31:07.061 [Test worker] DEBUG com.jayway.jsonpath.internal.path.CompiledPath - Evaluating path: $
09:31:07.062 [Test worker] DEBUG com.jayway.jsonpath.internal.path.CompiledPath - Evaluating path: $
09:31:07.062 [Test worker] DEBUG com.jayway.jsonpath.internal.JsonContext - Put path $ key modifiers value {}
09:31:07.062 [Test worker] DEBUG com.jayway.jsonpath.internal.path.CompiledPath - Evaluating path: $
09:31:07.062 [Test worker] DEBUG com.jayway.jsonpath.internal.JsonContext - Put path $ key modifiers value 0
09:31:07.062 [Test worker] DEBUG com.jayway.jsonpath.internal.path.CompiledPath - Evaluating path: $['type']
09:31:07.062 [Test worker] DEBUG com.jayway.jsonpath.internal.path.CompiledPath - Evaluating path: $
09:31:07.062 [Test worker] DEBUG com.jayway.jsonpath.internal.path.CompiledPath - Evaluating path: $
09:31:07.062 [Test worker] DEBUG com.jayway.jsonpath.internal.JsonContext - Put path $ key type value {}
09:31:07.065 [Test worker] DEBUG com.jayway.jsonpath.internal.path.CompiledPath - Evaluating path: $
09:31:07.066 [Test worker] DEBUG com.jayway.jsonpath.internal.JsonContext - Put path $ key type value char
09:31:07.066 [Test worker] DEBUG com.jayway.jsonpath.internal.path.CompiledPath - Evaluating path: $['text']
09:31:07.066 [Test worker] DEBUG com.jayway.jsonpath.internal.path.CompiledPath - Evaluating path: $
09:31:07.066 [Test worker] DEBUG com.jayway.jsonpath.internal.path.CompiledPath - Evaluating path: $
09:31:07.066 [Test worker] DEBUG com.jayway.jsonpath.internal.JsonContext - Put path $ key text value {}
09:31:07.066 [Test worker] DEBUG com.jayway.jsonpath.internal.path.CompiledPath - Evaluating path: $
09:31:07.066 [Test worker] DEBUG com.jayway.jsonpath.internal.JsonContext - Put path $ key text value n
09:31:07.067 [Test worker] DEBUG com.jayway.jsonpath.internal.path.CompiledPath - Evaluating path: $['windowsVirtualKeyCode']
09:31:07.067 [Test worker] DEBUG com.jayway.jsonpath.internal.path.CompiledPath - Evaluating path: $
09:31:07.067 [Test worker] DEBUG com.jayway.jsonpath.internal.path.CompiledPath - Evaluating path: $
09:31:07.067 [Test worker] DEBUG com.jayway.jsonpath.internal.JsonContext - Put path $ key windowsVirtualKeyCode value {}
09:31:07.067 [Test worker] DEBUG com.jayway.jsonpath.internal.path.CompiledPath - Evaluating path: $
09:31:07.067 [Test worker] DEBUG com.jayway.jsonpath.internal.JsonContext - Put path $ key windowsVirtualKeyCode value 110
09:31:07.067 [Test worker] DEBUG com.jayway.jsonpath.internal.path.CompiledPath - Evaluating path: $
09:31:07.067 [Test worker] DEBUG com.intuit.karate.driver.chrome_1689566462788 - >> {"id":25,"sessionId":"768D055A1E18013891B145D656DF4446","method":"Input.dispatchKeyEvent","params":{"modifiers":0,"type":"char","text":"n","windowsVirtualKeyCode":110}}
09:31:07.077 [nioEventLoopGroup-2-1] DEBUG com.intuit.karate.driver.chrome_1689566462788 - << {"id":25,"result":{},"sessionId":"768D055A1E18013891B145D656DF4446"}
09:31:07.077 [nioEventLoopGroup-2-1] DEBUG com.jayway.jsonpath.internal.path.CompiledPath - Evaluating path: $
09:31:07.078 [Test worker] DEBUG com.jayway.jsonpath.internal.path.CompiledPath - Evaluating path: $['modifiers']
09:31:07.078 [Test worker] DEBUG com.jayway.jsonpath.internal.path.CompiledPath - Evaluating path: $
09:31:07.079 [Test worker] DEBUG com.jayway.jsonpath.internal.path.CompiledPath - Evaluating path: $
09:31:07.079 [Test worker] DEBUG com.jayway.jsonpath.internal.JsonContext - Put path $ key modifiers value {}
09:31:07.079 [Test worker] DEBUG com.jayway.jsonpath.internal.path.CompiledPath - Evaluating path: $
09:31:07.079 [Test worker] DEBUG com.jayway.jsonpath.internal.JsonContext - Put path $ key modifiers value 0
09:31:07.079 [Test worker] DEBUG com.jayway.jsonpath.internal.path.CompiledPath - Evaluating path: $['type']
09:31:07.079 [Test worker] DEBUG com.jayway.jsonpath.internal.path.CompiledPath - Evaluating path: $
09:31:07.079 [Test worker] DEBUG com.jayway.jsonpath.internal.path.CompiledPath - Evaluating path: $
09:31:07.079 [Test worker] DEBUG com.jayway.jsonpath.internal.JsonContext - Put path $ key type value {}
09:31:07.079 [Test worker] DEBUG com.jayway.jsonpath.internal.path.CompiledPath - Evaluating path: $
09:31:07.079 [Test worker] DEBUG com.jayway.jsonpath.internal.JsonContext - Put path $ key type value keyUp
09:31:07.079 [Test worker] DEBUG com.jayway.jsonpath.internal.path.CompiledPath - Evaluating path: $['text']
09:31:07.079 [Test worker] DEBUG com.jayway.jsonpath.internal.path.CompiledPath - Evaluating path: $
09:31:07.079 [Test worker] DEBUG com.jayway.jsonpath.internal.path.CompiledPath - Evaluating path: $
09:31:07.079 [Test worker] DEBUG com.jayway.jsonpath.internal.JsonContext - Put path $ key text value {}
09:31:07.079 [Test worker] DEBUG com.jayway.jsonpath.internal.path.CompiledPath - Evaluating path: $
09:31:07.079 [Test worker] DEBUG com.jayway.jsonpath.internal.JsonContext - Put path $ key text value n
09:31:07.080 [Test worker] DEBUG com.jayway.jsonpath.internal.path.CompiledPath - Evaluating path: $['windowsVirtualKeyCode']
09:31:07.080 [Test worker] DEBUG com.jayway.jsonpath.internal.path.CompiledPath - Evaluating path: $
09:31:07.080 [Test worker] DEBUG com.jayway.jsonpath.internal.path.CompiledPath - Evaluating path: $
09:31:07.080 [Test worker] DEBUG com.jayway.jsonpath.internal.JsonContext - Put path $ key windowsVirtualKeyCode value {}
09:31:07.080 [Test worker] DEBUG com.jayway.jsonpath.internal.path.CompiledPath - Evaluating path: $
09:31:07.080 [Test worker] DEBUG com.jayway.jsonpath.internal.JsonContext - Put path $ key windowsVirtualKeyCode value 110
09:31:07.080 [Test worker] DEBUG com.jayway.jsonpath.internal.path.CompiledPath - Evaluating path: $
09:31:07.080 [Test worker] DEBUG com.intuit.karate.driver.chrome_1689566462788 - >> {"id":26,"sessionId":"768D055A1E18013891B145D656DF4446","method":"Input.dispatchKeyEvent","params":{"modifiers":0,"type":"keyUp","text":"n","windowsVirtualKeyCode":110}}
09:31:07.084 [nioEventLoopGroup-2-1] DEBUG com.intuit.karate.driver.chrome_1689566462788 - << {"id":26,"result":{},"sessionId":"768D055A1E18013891B145D656DF4446"}
09:31:07.085 [nioEventLoopGroup-2-1] DEBUG com.jayway.jsonpath.internal.path.CompiledPath - Evaluating path: $
09:31:07.085 [Test worker] DEBUG com.jayway.jsonpath.internal.path.CompiledPath - Evaluating path: $['modifiers']
09:31:07.085 [Test worker] DEBUG com.jayway.jsonpath.internal.path.CompiledPath - Evaluating path: $
09:31:07.085 [Test worker] DEBUG com.jayway.jsonpath.internal.path.CompiledPath - Evaluating path: $
09:31:07.085 [Test worker] DEBUG com.jayway.jsonpath.internal.JsonContext - Put path $ key modifiers value {}
09:31:07.085 [Test worker] DEBUG com.jayway.jsonpath.internal.path.CompiledPath - Evaluating path: $
09:31:07.085 [Test worker] DEBUG com.jayway.jsonpath.internal.JsonContext - Put path $ key modifiers value 0
09:31:07.085 [Test worker] DEBUG com.jayway.jsonpath.internal.path.CompiledPath - Evaluating path: $['type']
09:31:07.085 [Test worker] DEBUG com.jayway.jsonpath.internal.path.CompiledPath - Evaluating path: $
09:31:07.085 [Test worker] DEBUG com.jayway.jsonpath.internal.path.CompiledPath - Evaluating path: $
09:31:07.085 [Test worker] DEBUG com.jayway.jsonpath.internal.JsonContext - Put path $ key type value {}
09:31:07.085 [Test worker] DEBUG com.jayway.jsonpath.internal.path.CompiledPath - Evaluating path: $
09:31:07.085 [Test worker] DEBUG com.jayway.jsonpath.internal.JsonContext - Put path $ key type value rawKeyDown
09:31:07.086 [Test worker] DEBUG com.jayway.jsonpath.internal.path.CompiledPath - Evaluating path: $['text']
09:31:07.086 [Test worker] DEBUG com.jayway.jsonpath.internal.path.CompiledPath - Evaluating path: $
09:31:07.086 [Test worker] DEBUG com.jayway.jsonpath.internal.path.CompiledPath - Evaluating path: $
09:31:07.086 [Test worker] DEBUG com.jayway.jsonpath.internal.JsonContext - Put path $ key text value {}
09:31:07.086 [Test worker] DEBUG com.jayway.jsonpath.internal.path.CompiledPath - Evaluating path: $
09:31:07.086 [Test worker] DEBUG com.jayway.jsonpath.internal.JsonContext - Put path $ key text value t
09:31:07.086 [Test worker] DEBUG com.jayway.jsonpath.internal.path.CompiledPath - Evaluating path: $['windowsVirtualKeyCode']
09:31:07.086 [Test worker] DEBUG com.jayway.jsonpath.internal.path.CompiledPath - Evaluating path: $
09:31:07.086 [Test worker] DEBUG com.jayway.jsonpath.internal.path.CompiledPath - Evaluating path: $
09:31:07.086 [Test worker] DEBUG com.jayway.jsonpath.internal.JsonContext - Put path $ key windowsVirtualKeyCode value {}
09:31:07.086 [Test worker] DEBUG com.jayway.jsonpath.internal.path.CompiledPath - Evaluating path: $
09:31:07.086 [Test worker] DEBUG com.jayway.jsonpath.internal.JsonContext - Put path $ key windowsVirtualKeyCode value 116
09:31:07.086 [Test worker] DEBUG com.jayway.jsonpath.internal.path.CompiledPath - Evaluating path: $
09:31:07.086 [Test worker] DEBUG com.intuit.karate.driver.chrome_1689566462788 - >> {"id":27,"sessionId":"768D055A1E18013891B145D656DF4446","method":"Input.dispatchKeyEvent","params":{"modifiers":0,"type":"rawKeyDown","text":"t","windowsVirtualKeyCode":116}}
09:31:07.089 [nioEventLoopGroup-2-1] DEBUG com.intuit.karate.driver.chrome_1689566462788 - << {"id":27,"result":{},"sessionId":"768D055A1E18013891B145D656DF4446"}
09:31:07.089 [nioEventLoopGroup-2-1] DEBUG com.jayway.jsonpath.internal.path.CompiledPath - Evaluating path: $
09:31:07.090 [Test worker] DEBUG com.jayway.jsonpath.internal.path.CompiledPath - Evaluating path: $['modifiers']
09:31:07.090 [Test worker] DEBUG com.jayway.jsonpath.internal.path.CompiledPath - Evaluating path: $
09:31:07.090 [Test worker] DEBUG com.jayway.jsonpath.internal.path.CompiledPath - Evaluating path: $
09:31:07.090 [Test worker] DEBUG com.jayway.jsonpath.internal.JsonContext - Put path $ key modifiers value {}
09:31:07.090 [Test worker] DEBUG com.jayway.jsonpath.internal.path.CompiledPath - Evaluating path: $
09:31:07.090 [Test worker] DEBUG com.jayway.jsonpath.internal.JsonContext - Put path $ key modifiers value 0
09:31:07.090 [Test worker] DEBUG com.jayway.jsonpath.internal.path.CompiledPath - Evaluating path: $['type']
09:31:07.090 [Test worker] DEBUG com.jayway.jsonpath.internal.path.CompiledPath - Evaluating path: $
09:31:07.090 [Test worker] DEBUG com.jayway.jsonpath.internal.path.CompiledPath - Evaluating path: $
09:31:07.090 [Test worker] DEBUG com.jayway.jsonpath.internal.JsonContext - Put path $ key type value {}
09:31:07.090 [Test worker] DEBUG com.jayway.jsonpath.internal.path.CompiledPath - Evaluating path: $
09:31:07.090 [Test worker] DEBUG com.jayway.jsonpath.internal.JsonContext - Put path $ key type value char
09:31:07.090 [Test worker] DEBUG com.jayway.jsonpath.internal.path.CompiledPath - Evaluating path: $['text']
09:31:07.090 [Test worker] DEBUG com.jayway.jsonpath.internal.path.CompiledPath - Evaluating path: $
09:31:07.090 [Test worker] DEBUG com.jayway.jsonpath.internal.path.CompiledPath - Evaluating path: $
09:31:07.090 [Test worker] DEBUG com.jayway.jsonpath.internal.JsonContext - Put path $ key text value {}
09:31:07.090 [Test worker] DEBUG com.jayway.jsonpath.internal.path.CompiledPath - Evaluating path: $
09:31:07.090 [Test worker] DEBUG com.jayway.jsonpath.internal.JsonContext - Put path $ key text value t
09:31:07.091 [Test worker] DEBUG com.jayway.jsonpath.internal.path.CompiledPath - Evaluating path: $['windowsVirtualKeyCode']
09:31:07.091 [Test worker] DEBUG com.jayway.jsonpath.internal.path.CompiledPath - Evaluating path: $
09:31:07.091 [Test worker] DEBUG com.jayway.jsonpath.internal.path.CompiledPath - Evaluating path: $
09:31:07.091 [Test worker] DEBUG com.jayway.jsonpath.internal.JsonContext - Put path $ key windowsVirtualKeyCode value {}
09:31:07.091 [Test worker] DEBUG com.jayway.jsonpath.internal.path.CompiledPath - Evaluating path: $
09:31:07.091 [Test worker] DEBUG com.jayway.jsonpath.internal.JsonContext - Put path $ key windowsVirtualKeyCode value 116
09:31:07.091 [Test worker] DEBUG com.jayway.jsonpath.internal.path.CompiledPath - Evaluating path: $
09:31:07.091 [Test worker] DEBUG com.intuit.karate.driver.chrome_1689566462788 - >> {"id":28,"sessionId":"768D055A1E18013891B145D656DF4446","method":"Input.dispatchKeyEvent","params":{"modifiers":0,"type":"char","text":"t","windowsVirtualKeyCode":116}}
09:31:07.096 [nioEventLoopGroup-2-1] DEBUG com.intuit.karate.driver.chrome_1689566462788 - << {"id":28,"result":{},"sessionId":"768D055A1E18013891B145D656DF4446"}
09:31:07.097 [nioEventLoopGroup-2-1] DEBUG com.jayway.jsonpath.internal.path.CompiledPath - Evaluating path: $
09:31:07.097 [Test worker] DEBUG com.jayway.jsonpath.internal.path.CompiledPath - Evaluating path: $['modifiers']
09:31:07.098 [Test worker] DEBUG com.jayway.jsonpath.internal.path.CompiledPath - Evaluating path: $
09:31:07.098 [Test worker] DEBUG com.jayway.jsonpath.internal.path.CompiledPath - Evaluating path: $
09:31:07.098 [Test worker] DEBUG com.jayway.jsonpath.internal.JsonContext - Put path $ key modifiers value {}
09:31:07.098 [Test worker] DEBUG com.jayway.jsonpath.internal.path.CompiledPath - Evaluating path: $
09:31:07.098 [Test worker] DEBUG com.jayway.jsonpath.internal.JsonContext - Put path $ key modifiers value 0
09:31:07.098 [Test worker] DEBUG com.jayway.jsonpath.internal.path.CompiledPath - Evaluating path: $['type']
09:31:07.098 [Test worker] DEBUG com.jayway.jsonpath.internal.path.CompiledPath - Evaluating path: $
09:31:07.098 [Test worker] DEBUG com.jayway.jsonpath.internal.path.CompiledPath - Evaluating path: $
09:31:07.098 [Test worker] DEBUG com.jayway.jsonpath.internal.JsonContext - Put path $ key type value {}
09:31:07.098 [Test worker] DEBUG com.jayway.jsonpath.internal.path.CompiledPath - Evaluating path: $
09:31:07.098 [Test worker] DEBUG com.jayway.jsonpath.internal.JsonContext - Put path $ key type value keyUp
09:31:07.098 [Test worker] DEBUG com.jayway.jsonpath.internal.path.CompiledPath - Evaluating path: $['text']
09:31:07.098 [Test worker] DEBUG com.jayway.jsonpath.internal.path.CompiledPath - Evaluating path: $
09:31:07.098 [Test worker] DEBUG com.jayway.jsonpath.internal.path.CompiledPath - Evaluating path: $
09:31:07.098 [Test worker] DEBUG com.jayway.jsonpath.internal.JsonContext - Put path $ key text value {}
09:31:07.098 [Test worker] DEBUG com.jayway.jsonpath.internal.path.CompiledPath - Evaluating path: $
09:31:07.098 [Test worker] DEBUG com.jayway.jsonpath.internal.JsonContext - Put path $ key text value t
09:31:07.098 [Test worker] DEBUG com.jayway.jsonpath.internal.path.CompiledPath - Evaluating path: $['windowsVirtualKeyCode']
09:31:07.098 [Test worker] DEBUG com.jayway.jsonpath.internal.path.CompiledPath - Evaluating path: $
09:31:07.098 [Test worker] DEBUG com.jayway.jsonpath.internal.path.CompiledPath - Evaluating path: $
09:31:07.099 [Test worker] DEBUG com.jayway.jsonpath.internal.JsonContext - Put path $ key windowsVirtualKeyCode value {}
09:31:07.099 [Test worker] DEBUG com.jayway.jsonpath.internal.path.CompiledPath - Evaluating path: $
09:31:07.099 [Test worker] DEBUG com.jayway.jsonpath.internal.JsonContext - Put path $ key windowsVirtualKeyCode value 116
09:31:07.099 [Test worker] DEBUG com.jayway.jsonpath.internal.path.CompiledPath - Evaluating path: $
09:31:07.099 [Test worker] DEBUG com.intuit.karate.driver.chrome_1689566462788 - >> {"id":29,"sessionId":"768D055A1E18013891B145D656DF4446","method":"Input.dispatchKeyEvent","params":{"modifiers":0,"type":"keyUp","text":"t","windowsVirtualKeyCode":116}}
09:31:07.103 [nioEventLoopGroup-2-1] DEBUG com.intuit.karate.driver.chrome_1689566462788 - << {"id":29,"result":{},"sessionId":"768D055A1E18013891B145D656DF4446"}
09:31:07.103 [nioEventLoopGroup-2-1] DEBUG com.jayway.jsonpath.internal.path.CompiledPath - Evaluating path: $
09:31:07.111 [Test worker] DEBUG com.jayway.jsonpath.internal.path.CompiledPath - Evaluating path: $['expression']
09:31:07.111 [Test worker] DEBUG com.jayway.jsonpath.internal.path.CompiledPath - Evaluating path: $
09:31:07.111 [Test worker] DEBUG com.jayway.jsonpath.internal.path.CompiledPath - Evaluating path: $
09:31:07.111 [Test worker] DEBUG com.jayway.jsonpath.internal.JsonContext - Put path $ key expression value {}
09:31:07.111 [Test worker] DEBUG com.jayway.jsonpath.internal.path.CompiledPath - Evaluating path: $
09:31:07.111 [Test worker] DEBUG com.jayway.jsonpath.internal.JsonContext - Put path $ key expression value var e = document.querySelector("#password"); e.focus(); try { e.selectionStart = e.selectionEnd = e.value.length } catch(x) {}
09:31:07.111 [Test worker] DEBUG com.jayway.jsonpath.internal.path.CompiledPath - Evaluating path: $['returnByValue']
09:31:07.112 [Test worker] DEBUG com.jayway.jsonpath.internal.path.CompiledPath - Evaluating path: $
09:31:07.112 [Test worker] DEBUG com.jayway.jsonpath.internal.path.CompiledPath - Evaluating path: $
09:31:07.112 [Test worker] DEBUG com.jayway.jsonpath.internal.JsonContext - Put path $ key returnByValue value {}
09:31:07.112 [Test worker] DEBUG com.jayway.jsonpath.internal.path.CompiledPath - Evaluating path: $
09:31:07.112 [Test worker] DEBUG com.jayway.jsonpath.internal.JsonContext - Put path $ key returnByValue value true
09:31:07.112 [Test worker] DEBUG com.jayway.jsonpath.internal.path.CompiledPath - Evaluating path: $
09:31:07.112 [Test worker] DEBUG com.intuit.karate.driver.chrome_1689566462788 - >> {"id":30,"sessionId":"768D055A1E18013891B145D656DF4446","method":"Runtime.evaluate","params":{"expression":"var e = document.querySelector(\"#password\"); e.focus(); try { e.selectionStart = e.selectionEnd = e.value.length } catch(x) {}","returnByValue":true}}
09:31:07.121 [nioEventLoopGroup-2-1] DEBUG com.intuit.karate.driver.chrome_1689566462788 - << {"id":30,"result":{"result":{"type":"number","value":0,"description":"0"}},"sessionId":"768D055A1E18013891B145D656DF4446"}
09:31:07.123 [nioEventLoopGroup-2-1] DEBUG com.jayway.jsonpath.internal.path.CompiledPath - Evaluating path: $
09:31:07.128 [Test worker] DEBUG com.jayway.jsonpath.internal.path.CompiledPath - Evaluating path: $['modifiers']
09:31:07.129 [Test worker] DEBUG com.jayway.jsonpath.internal.path.CompiledPath - Evaluating path: $
09:31:07.131 [Test worker] DEBUG com.jayway.jsonpath.internal.path.CompiledPath - Evaluating path: $
09:31:07.131 [Test worker] DEBUG com.jayway.jsonpath.internal.JsonContext - Put path $ key modifiers value {}
09:31:07.131 [Test worker] DEBUG com.jayway.jsonpath.internal.path.CompiledPath - Evaluating path: $
09:31:07.131 [Test worker] DEBUG com.jayway.jsonpath.internal.JsonContext - Put path $ key modifiers value 0
09:31:07.133 [Test worker] DEBUG com.jayway.jsonpath.internal.path.CompiledPath - Evaluating path: $['type']
09:31:07.133 [Test worker] DEBUG com.jayway.jsonpath.internal.path.CompiledPath - Evaluating path: $
09:31:07.133 [Test worker] DEBUG com.jayway.jsonpath.internal.path.CompiledPath - Evaluating path: $
09:31:07.133 [Test worker] DEBUG com.jayway.jsonpath.internal.JsonContext - Put path $ key type value {}
09:31:07.133 [Test worker] DEBUG com.jayway.jsonpath.internal.path.CompiledPath - Evaluating path: $
09:31:07.133 [Test worker] DEBUG com.jayway.jsonpath.internal.JsonContext - Put path $ key type value rawKeyDown
09:31:07.133 [Test worker] DEBUG com.jayway.jsonpath.internal.path.CompiledPath - Evaluating path: $['text']
09:31:07.133 [Test worker] DEBUG com.jayway.jsonpath.internal.path.CompiledPath - Evaluating path: $
09:31:07.133 [Test worker] DEBUG com.jayway.jsonpath.internal.path.CompiledPath - Evaluating path: $
09:31:07.133 [Test worker] DEBUG com.jayway.jsonpath.internal.JsonContext - Put path $ key text value {}
09:31:07.133 [Test worker] DEBUG com.jayway.jsonpath.internal.path.CompiledPath - Evaluating path: $
09:31:07.133 [Test worker] DEBUG com.jayway.jsonpath.internal.JsonContext - Put path $ key text value P
09:31:07.133 [Test worker] DEBUG com.jayway.jsonpath.internal.path.CompiledPath - Evaluating path: $['windowsVirtualKeyCode']
09:31:07.134 [Test worker] DEBUG com.jayway.jsonpath.internal.path.CompiledPath - Evaluating path: $
09:31:07.134 [Test worker] DEBUG com.jayway.jsonpath.internal.path.CompiledPath - Evaluating path: $
09:31:07.134 [Test worker] DEBUG com.jayway.jsonpath.internal.JsonContext - Put path $ key windowsVirtualKeyCode value {}
09:31:07.134 [Test worker] DEBUG com.jayway.jsonpath.internal.path.CompiledPath - Evaluating path: $
09:31:07.134 [Test worker] DEBUG com.jayway.jsonpath.internal.JsonContext - Put path $ key windowsVirtualKeyCode value 80
09:31:07.134 [Test worker] DEBUG com.jayway.jsonpath.internal.path.CompiledPath - Evaluating path: $
09:31:07.134 [Test worker] DEBUG com.intuit.karate.driver.chrome_1689566462788 - >> {"id":31,"sessionId":"768D055A1E18013891B145D656DF4446","method":"Input.dispatchKeyEvent","params":{"modifiers":0,"type":"rawKeyDown","text":"P","windowsVirtualKeyCode":80}}
09:31:07.145 [nioEventLoopGroup-2-1] DEBUG com.intuit.karate.driver.chrome_1689566462788 - << {"id":31,"result":{},"sessionId":"768D055A1E18013891B145D656DF4446"}
09:31:07.146 [nioEventLoopGroup-2-1] DEBUG com.jayway.jsonpath.internal.path.CompiledPath - Evaluating path: $
09:31:07.148 [Test worker] DEBUG com.jayway.jsonpath.internal.path.CompiledPath - Evaluating path: $['modifiers']
09:31:07.148 [Test worker] DEBUG com.jayway.jsonpath.internal.path.CompiledPath - Evaluating path: $
09:31:07.148 [Test worker] DEBUG com.jayway.jsonpath.internal.path.CompiledPath - Evaluating path: $
09:31:07.148 [Test worker] DEBUG com.jayway.jsonpath.internal.JsonContext - Put path $ key modifiers value {}
09:31:07.148 [Test worker] DEBUG com.jayway.jsonpath.internal.path.CompiledPath - Evaluating path: $
09:31:07.148 [Test worker] DEBUG com.jayway.jsonpath.internal.JsonContext - Put path $ key modifiers value 0
09:31:07.148 [Test worker] DEBUG com.jayway.jsonpath.internal.path.CompiledPath - Evaluating path: $['type']
09:31:07.148 [Test worker] DEBUG com.jayway.jsonpath.internal.path.CompiledPath - Evaluating path: $
09:31:07.148 [Test worker] DEBUG com.jayway.jsonpath.internal.path.CompiledPath - Evaluating path: $
09:31:07.148 [Test worker] DEBUG com.jayway.jsonpath.internal.JsonContext - Put path $ key type value {}
09:31:07.148 [Test worker] DEBUG com.jayway.jsonpath.internal.path.CompiledPath - Evaluating path: $
09:31:07.148 [Test worker] DEBUG com.jayway.jsonpath.internal.JsonContext - Put path $ key type value char
09:31:07.148 [Test worker] DEBUG com.jayway.jsonpath.internal.path.CompiledPath - Evaluating path: $['text']
09:31:07.148 [Test worker] DEBUG com.jayway.jsonpath.internal.path.CompiledPath - Evaluating path: $
09:31:07.149 [Test worker] DEBUG com.jayway.jsonpath.internal.path.CompiledPath - Evaluating path: $
09:31:07.149 [Test worker] DEBUG com.jayway.jsonpath.internal.JsonContext - Put path $ key text value {}
09:31:07.149 [Test worker] DEBUG com.jayway.jsonpath.internal.path.CompiledPath - Evaluating path: $
09:31:07.149 [Test worker] DEBUG com.jayway.jsonpath.internal.JsonContext - Put path $ key text value P
09:31:07.149 [Test worker] DEBUG com.jayway.jsonpath.internal.path.CompiledPath - Evaluating path: $['windowsVirtualKeyCode']
09:31:07.149 [Test worker] DEBUG com.jayway.jsonpath.internal.path.CompiledPath - Evaluating path: $
09:31:07.149 [Test worker] DEBUG com.jayway.jsonpath.internal.path.CompiledPath - Evaluating path: $
09:31:07.149 [Test worker] DEBUG com.jayway.jsonpath.internal.JsonContext - Put path $ key windowsVirtualKeyCode value {}
09:31:07.149 [Test worker] DEBUG com.jayway.jsonpath.internal.path.CompiledPath - Evaluating path: $
09:31:07.149 [Test worker] DEBUG com.jayway.jsonpath.internal.JsonContext - Put path $ key windowsVirtualKeyCode value 80
09:31:07.149 [Test worker] DEBUG com.jayway.jsonpath.internal.path.CompiledPath - Evaluating path: $
09:31:07.149 [Test worker] DEBUG com.intuit.karate.driver.chrome_1689566462788 - >> {"id":32,"sessionId":"768D055A1E18013891B145D656DF4446","method":"Input.dispatchKeyEvent","params":{"modifiers":0,"type":"char","text":"P","windowsVirtualKeyCode":80}}
09:31:07.154 [nioEventLoopGroup-2-1] DEBUG com.intuit.karate.driver.chrome_1689566462788 - << {"id":32,"result":{},"sessionId":"768D055A1E18013891B145D656DF4446"}
09:31:07.154 [nioEventLoopGroup-2-1] DEBUG com.jayway.jsonpath.internal.path.CompiledPath - Evaluating path: $
09:31:07.154 [Test worker] DEBUG com.jayway.jsonpath.internal.path.CompiledPath - Evaluating path: $['modifiers']
09:31:07.154 [Test worker] DEBUG com.jayway.jsonpath.internal.path.CompiledPath - Evaluating path: $
09:31:07.155 [Test worker] DEBUG com.jayway.jsonpath.internal.path.CompiledPath - Evaluating path: $
09:31:07.155 [Test worker] DEBUG com.jayway.jsonpath.internal.JsonContext - Put path $ key modifiers value {}
09:31:07.155 [Test worker] DEBUG com.jayway.jsonpath.internal.path.CompiledPath - Evaluating path: $
09:31:07.155 [Test worker] DEBUG com.jayway.jsonpath.internal.JsonContext - Put path $ key modifiers value 0
09:31:07.155 [Test worker] DEBUG com.jayway.jsonpath.internal.path.CompiledPath - Evaluating path: $['type']
09:31:07.155 [Test worker] DEBUG com.jayway.jsonpath.internal.path.CompiledPath - Evaluating path: $
09:31:07.155 [Test worker] DEBUG com.jayway.jsonpath.internal.path.CompiledPath - Evaluating path: $
09:31:07.155 [Test worker] DEBUG com.jayway.jsonpath.internal.JsonContext - Put path $ key type value {}
09:31:07.155 [Test worker] DEBUG com.jayway.jsonpath.internal.path.CompiledPath - Evaluating path: $
09:31:07.155 [Test worker] DEBUG com.jayway.jsonpath.internal.JsonContext - Put path $ key type value keyUp
09:31:07.155 [Test worker] DEBUG com.jayway.jsonpath.internal.path.CompiledPath - Evaluating path: $['text']
09:31:07.155 [Test worker] DEBUG com.jayway.jsonpath.internal.path.CompiledPath - Evaluating path: $
09:31:07.155 [Test worker] DEBUG com.jayway.jsonpath.internal.path.CompiledPath - Evaluating path: $
09:31:07.155 [Test worker] DEBUG com.jayway.jsonpath.internal.JsonContext - Put path $ key text value {}
09:31:07.155 [Test worker] DEBUG com.jayway.jsonpath.internal.path.CompiledPath - Evaluating path: $
09:31:07.155 [Test worker] DEBUG com.jayway.jsonpath.internal.JsonContext - Put path $ key text value P
09:31:07.155 [Test worker] DEBUG com.jayway.jsonpath.internal.path.CompiledPath - Evaluating path: $['windowsVirtualKeyCode']
09:31:07.155 [Test worker] DEBUG com.jayway.jsonpath.internal.path.CompiledPath - Evaluating path: $
09:31:07.155 [Test worker] DEBUG com.jayway.jsonpath.internal.path.CompiledPath - Evaluating path: $
09:31:07.155 [Test worker] DEBUG com.jayway.jsonpath.internal.JsonContext - Put path $ key windowsVirtualKeyCode value {}
09:31:07.155 [Test worker] DEBUG com.jayway.jsonpath.internal.path.CompiledPath - Evaluating path: $
09:31:07.155 [Test worker] DEBUG com.jayway.jsonpath.internal.JsonContext - Put path $ key windowsVirtualKeyCode value 80
09:31:07.155 [Test worker] DEBUG com.jayway.jsonpath.internal.path.CompiledPath - Evaluating path: $
09:31:07.155 [Test worker] DEBUG com.intuit.karate.driver.chrome_1689566462788 - >> {"id":33,"sessionId":"768D055A1E18013891B145D656DF4446","method":"Input.dispatchKeyEvent","params":{"modifiers":0,"type":"keyUp","text":"P","windowsVirtualKeyCode":80}}
09:31:07.160 [nioEventLoopGroup-2-1] DEBUG com.intuit.karate.driver.chrome_1689566462788 - << {"id":33,"result":{},"sessionId":"768D055A1E18013891B145D656DF4446"}
09:31:07.160 [nioEventLoopGroup-2-1] DEBUG com.jayway.jsonpath.internal.path.CompiledPath - Evaluating path: $
09:31:07.160 [Test worker] DEBUG com.jayway.jsonpath.internal.path.CompiledPath - Evaluating path: $['modifiers']
09:31:07.160 [Test worker] DEBUG com.jayway.jsonpath.internal.path.CompiledPath - Evaluating path: $
09:31:07.161 [Test worker] DEBUG com.jayway.jsonpath.internal.path.CompiledPath - Evaluating path: $
09:31:07.161 [Test worker] DEBUG com.jayway.jsonpath.internal.JsonContext - Put path $ key modifiers value {}
09:31:07.161 [Test worker] DEBUG com.jayway.jsonpath.internal.path.CompiledPath - Evaluating path: $
09:31:07.161 [Test worker] DEBUG com.jayway.jsonpath.internal.JsonContext - Put path $ key modifiers value 0
09:31:07.161 [Test worker] DEBUG com.jayway.jsonpath.internal.path.CompiledPath - Evaluating path: $['type']
09:31:07.161 [Test worker] DEBUG com.jayway.jsonpath.internal.path.CompiledPath - Evaluating path: $
09:31:07.161 [Test worker] DEBUG com.jayway.jsonpath.internal.path.CompiledPath - Evaluating path: $
09:31:07.161 [Test worker] DEBUG com.jayway.jsonpath.internal.JsonContext - Put path $ key type value {}
09:31:07.161 [Test worker] DEBUG com.jayway.jsonpath.internal.path.CompiledPath - Evaluating path: $
09:31:07.161 [Test worker] DEBUG com.jayway.jsonpath.internal.JsonContext - Put path $ key type value rawKeyDown
09:31:07.161 [Test worker] DEBUG com.jayway.jsonpath.internal.path.CompiledPath - Evaluating path: $['text']
09:31:07.161 [Test worker] DEBUG com.jayway.jsonpath.internal.path.CompiledPath - Evaluating path: $
09:31:07.161 [Test worker] DEBUG com.jayway.jsonpath.internal.path.CompiledPath - Evaluating path: $
09:31:07.161 [Test worker] DEBUG com.jayway.jsonpath.internal.JsonContext - Put path $ key text value {}
09:31:07.161 [Test worker] DEBUG com.jayway.jsonpath.internal.path.CompiledPath - Evaluating path: $
09:31:07.161 [Test worker] DEBUG com.jayway.jsonpath.internal.JsonContext - Put path $ key text value a
09:31:07.161 [Test worker] DEBUG com.jayway.jsonpath.internal.path.CompiledPath - Evaluating path: $['windowsVirtualKeyCode']
09:31:07.161 [Test worker] DEBUG com.jayway.jsonpath.internal.path.CompiledPath - Evaluating path: $
09:31:07.162 [Test worker] DEBUG com.jayway.jsonpath.internal.path.CompiledPath - Evaluating path: $
09:31:07.162 [Test worker] DEBUG com.jayway.jsonpath.internal.JsonContext - Put path $ key windowsVirtualKeyCode value {}
09:31:07.162 [Test worker] DEBUG com.jayway.jsonpath.internal.path.CompiledPath - Evaluating path: $
09:31:07.162 [Test worker] DEBUG com.jayway.jsonpath.internal.JsonContext - Put path $ key windowsVirtualKeyCode value 97
09:31:07.162 [Test worker] DEBUG com.jayway.jsonpath.internal.path.CompiledPath - Evaluating path: $
09:31:07.162 [Test worker] DEBUG com.intuit.karate.driver.chrome_1689566462788 - >> {"id":34,"sessionId":"768D055A1E18013891B145D656DF4446","method":"Input.dispatchKeyEvent","params":{"modifiers":0,"type":"rawKeyDown","text":"a","windowsVirtualKeyCode":97}}
09:31:07.166 [nioEventLoopGroup-2-1] DEBUG com.intuit.karate.driver.chrome_1689566462788 - << {"id":34,"result":{},"sessionId":"768D055A1E18013891B145D656DF4446"}
09:31:07.166 [nioEventLoopGroup-2-1] DEBUG com.jayway.jsonpath.internal.path.CompiledPath - Evaluating path: $
09:31:07.166 [Test worker] DEBUG com.jayway.jsonpath.internal.path.CompiledPath - Evaluating path: $['modifiers']
09:31:07.167 [Test worker] DEBUG com.jayway.jsonpath.internal.path.CompiledPath - Evaluating path: $
09:31:07.167 [Test worker] DEBUG com.jayway.jsonpath.internal.path.CompiledPath - Evaluating path: $
09:31:07.167 [Test worker] DEBUG com.jayway.jsonpath.internal.JsonContext - Put path $ key modifiers value {}
09:31:07.167 [Test worker] DEBUG com.jayway.jsonpath.internal.path.CompiledPath - Evaluating path: $
09:31:07.167 [Test worker] DEBUG com.jayway.jsonpath.internal.JsonContext - Put path $ key modifiers value 0
09:31:07.167 [Test worker] DEBUG com.jayway.jsonpath.internal.path.CompiledPath - Evaluating path: $['type']
09:31:07.167 [Test worker] DEBUG com.jayway.jsonpath.internal.path.CompiledPath - Evaluating path: $
09:31:07.167 [Test worker] DEBUG com.jayway.jsonpath.internal.path.CompiledPath - Evaluating path: $
09:31:07.167 [Test worker] DEBUG com.jayway.jsonpath.internal.JsonContext - Put path $ key type value {}
09:31:07.167 [Test worker] DEBUG com.jayway.jsonpath.internal.path.CompiledPath - Evaluating path: $
09:31:07.167 [Test worker] DEBUG com.jayway.jsonpath.internal.JsonContext - Put path $ key type value char
09:31:07.167 [Test worker] DEBUG com.jayway.jsonpath.internal.path.CompiledPath - Evaluating path: $['text']
09:31:07.167 [Test worker] DEBUG com.jayway.jsonpath.internal.path.CompiledPath - Evaluating path: $
09:31:07.167 [Test worker] DEBUG com.jayway.jsonpath.internal.path.CompiledPath - Evaluating path: $
09:31:07.167 [Test worker] DEBUG com.jayway.jsonpath.internal.JsonContext - Put path $ key text value {}
09:31:07.167 [Test worker] DEBUG com.jayway.jsonpath.internal.path.CompiledPath - Evaluating path: $
09:31:07.167 [Test worker] DEBUG com.jayway.jsonpath.internal.JsonContext - Put path $ key text value a
09:31:07.167 [Test worker] DEBUG com.jayway.jsonpath.internal.path.CompiledPath - Evaluating path: $['windowsVirtualKeyCode']
09:31:07.167 [Test worker] DEBUG com.jayway.jsonpath.internal.path.CompiledPath - Evaluating path: $
09:31:07.167 [Test worker] DEBUG com.jayway.jsonpath.internal.path.CompiledPath - Evaluating path: $
09:31:07.167 [Test worker] DEBUG com.jayway.jsonpath.internal.JsonContext - Put path $ key windowsVirtualKeyCode value {}
09:31:07.167 [Test worker] DEBUG com.jayway.jsonpath.internal.path.CompiledPath - Evaluating path: $
09:31:07.167 [Test worker] DEBUG com.jayway.jsonpath.internal.JsonContext - Put path $ key windowsVirtualKeyCode value 97
09:31:07.167 [Test worker] DEBUG com.jayway.jsonpath.internal.path.CompiledPath - Evaluating path: $
09:31:07.168 [Test worker] DEBUG com.intuit.karate.driver.chrome_1689566462788 - >> {"id":35,"sessionId":"768D055A1E18013891B145D656DF4446","method":"Input.dispatchKeyEvent","params":{"modifiers":0,"type":"char","text":"a","windowsVirtualKeyCode":97}}
09:31:07.171 [nioEventLoopGroup-2-1] DEBUG com.intuit.karate.driver.chrome_1689566462788 - << {"id":35,"result":{},"sessionId":"768D055A1E18013891B145D656DF4446"}
09:31:07.172 [nioEventLoopGroup-2-1] DEBUG com.jayway.jsonpath.internal.path.CompiledPath - Evaluating path: $
09:31:07.174 [Test worker] DEBUG com.jayway.jsonpath.internal.path.CompiledPath - Evaluating path: $['modifiers']
09:31:07.175 [Test worker] DEBUG com.jayway.jsonpath.internal.path.CompiledPath - Evaluating path: $
09:31:07.175 [Test worker] DEBUG com.jayway.jsonpath.internal.path.CompiledPath - Evaluating path: $
09:31:07.175 [Test worker] DEBUG com.jayway.jsonpath.internal.JsonContext - Put path $ key modifiers value {}
09:31:07.175 [Test worker] DEBUG com.jayway.jsonpath.internal.path.CompiledPath - Evaluating path: $
09:31:07.175 [Test worker] DEBUG com.jayway.jsonpath.internal.JsonContext - Put path $ key modifiers value 0
09:31:07.175 [Test worker] DEBUG com.jayway.jsonpath.internal.path.CompiledPath - Evaluating path: $['type']
09:31:07.175 [Test worker] DEBUG com.jayway.jsonpath.internal.path.CompiledPath - Evaluating path: $
09:31:07.175 [Test worker] DEBUG com.jayway.jsonpath.internal.path.CompiledPath - Evaluating path: $
09:31:07.175 [Test worker] DEBUG com.jayway.jsonpath.internal.JsonContext - Put path $ key type value {}
09:31:07.175 [Test worker] DEBUG com.jayway.jsonpath.internal.path.CompiledPath - Evaluating path: $
09:31:07.175 [Test worker] DEBUG com.jayway.jsonpath.internal.JsonContext - Put path $ key type value keyUp
09:31:07.175 [Test worker] DEBUG com.jayway.jsonpath.internal.path.CompiledPath - Evaluating path: $['text']
09:31:07.175 [Test worker] DEBUG com.jayway.jsonpath.internal.path.CompiledPath - Evaluating path: $
09:31:07.175 [Test worker] DEBUG com.jayway.jsonpath.internal.path.CompiledPath - Evaluating path: $
09:31:07.175 [Test worker] DEBUG com.jayway.jsonpath.internal.JsonContext - Put path $ key text value {}
09:31:07.175 [Test worker] DEBUG com.jayway.jsonpath.internal.path.CompiledPath - Evaluating path: $
09:31:07.175 [Test worker] DEBUG com.jayway.jsonpath.internal.JsonContext - Put path $ key text value a
09:31:07.175 [Test worker] DEBUG com.jayway.jsonpath.internal.path.CompiledPath - Evaluating path: $['windowsVirtualKeyCode']
09:31:07.175 [Test worker] DEBUG com.jayway.jsonpath.internal.path.CompiledPath - Evaluating path: $
09:31:07.175 [Test worker] DEBUG com.jayway.jsonpath.internal.path.CompiledPath - Evaluating path: $
09:31:07.175 [Test worker] DEBUG com.jayway.jsonpath.internal.JsonContext - Put path $ key windowsVirtualKeyCode value {}
09:31:07.175 [Test worker] DEBUG com.jayway.jsonpath.internal.path.CompiledPath - Evaluating path: $
09:31:07.175 [Test worker] DEBUG com.jayway.jsonpath.internal.JsonContext - Put path $ key windowsVirtualKeyCode value 97
09:31:07.175 [Test worker] DEBUG com.jayway.jsonpath.internal.path.CompiledPath - Evaluating path: $
09:31:07.176 [Test worker] DEBUG com.intuit.karate.driver.chrome_1689566462788 - >> {"id":36,"sessionId":"768D055A1E18013891B145D656DF4446","method":"Input.dispatchKeyEvent","params":{"modifiers":0,"type":"keyUp","text":"a","windowsVirtualKeyCode":97}}
09:31:07.178 [nioEventLoopGroup-2-1] DEBUG com.intuit.karate.driver.chrome_1689566462788 - << {"id":36,"result":{},"sessionId":"768D055A1E18013891B145D656DF4446"}
09:31:07.180 [nioEventLoopGroup-2-1] DEBUG com.jayway.jsonpath.internal.path.CompiledPath - Evaluating path: $
09:31:07.182 [Test worker] DEBUG com.jayway.jsonpath.internal.path.CompiledPath - Evaluating path: $['modifiers']
09:31:07.182 [Test worker] DEBUG com.jayway.jsonpath.internal.path.CompiledPath - Evaluating path: $
09:31:07.182 [Test worker] DEBUG com.jayway.jsonpath.internal.path.CompiledPath - Evaluating path: $
09:31:07.182 [Test worker] DEBUG com.jayway.jsonpath.internal.JsonContext - Put path $ key modifiers value {}
09:31:07.182 [Test worker] DEBUG com.jayway.jsonpath.internal.path.CompiledPath - Evaluating path: $
09:31:07.182 [Test worker] DEBUG com.jayway.jsonpath.internal.JsonContext - Put path $ key modifiers value 0
09:31:07.182 [Test worker] DEBUG com.jayway.jsonpath.internal.path.CompiledPath - Evaluating path: $['type']
09:31:07.182 [Test worker] DEBUG com.jayway.jsonpath.internal.path.CompiledPath - Evaluating path: $
09:31:07.182 [Test worker] DEBUG com.jayway.jsonpath.internal.path.CompiledPath - Evaluating path: $
09:31:07.182 [Test worker] DEBUG com.jayway.jsonpath.internal.JsonContext - Put path $ key type value {}
09:31:07.182 [Test worker] DEBUG com.jayway.jsonpath.internal.path.CompiledPath - Evaluating path: $
09:31:07.182 [Test worker] DEBUG com.jayway.jsonpath.internal.JsonContext - Put path $ key type value rawKeyDown
09:31:07.182 [Test worker] DEBUG com.jayway.jsonpath.internal.path.CompiledPath - Evaluating path: $['text']
09:31:07.182 [Test worker] DEBUG com.jayway.jsonpath.internal.path.CompiledPath - Evaluating path: $
09:31:07.182 [Test worker] DEBUG com.jayway.jsonpath.internal.path.CompiledPath - Evaluating path: $
09:31:07.182 [Test worker] DEBUG com.jayway.jsonpath.internal.JsonContext - Put path $ key text value {}
09:31:07.183 [Test worker] DEBUG com.jayway.jsonpath.internal.path.CompiledPath - Evaluating path: $
09:31:07.183 [Test worker] DEBUG com.jayway.jsonpath.internal.JsonContext - Put path $ key text value s
09:31:07.183 [Test worker] DEBUG com.jayway.jsonpath.internal.path.CompiledPath - Evaluating path: $['windowsVirtualKeyCode']
09:31:07.183 [Test worker] DEBUG com.jayway.jsonpath.internal.path.CompiledPath - Evaluating path: $
09:31:07.184 [Test worker] DEBUG com.jayway.jsonpath.internal.path.CompiledPath - Evaluating path: $
09:31:07.184 [Test worker] DEBUG com.jayway.jsonpath.internal.JsonContext - Put path $ key windowsVirtualKeyCode value {}
09:31:07.185 [Test worker] DEBUG com.jayway.jsonpath.internal.path.CompiledPath - Evaluating path: $
09:31:07.185 [Test worker] DEBUG com.jayway.jsonpath.internal.JsonContext - Put path $ key windowsVirtualKeyCode value 115
09:31:07.185 [Test worker] DEBUG com.jayway.jsonpath.internal.path.CompiledPath - Evaluating path: $
09:31:07.185 [Test worker] DEBUG com.intuit.karate.driver.chrome_1689566462788 - >> {"id":37,"sessionId":"768D055A1E18013891B145D656DF4446","method":"Input.dispatchKeyEvent","params":{"modifiers":0,"type":"rawKeyDown","text":"s","windowsVirtualKeyCode":115}}
09:31:07.189 [nioEventLoopGroup-2-1] DEBUG com.intuit.karate.driver.chrome_1689566462788 - << {"id":37,"result":{},"sessionId":"768D055A1E18013891B145D656DF4446"}
09:31:07.189 [nioEventLoopGroup-2-1] DEBUG com.jayway.jsonpath.internal.path.CompiledPath - Evaluating path: $
09:31:07.191 [Test worker] DEBUG com.jayway.jsonpath.internal.path.CompiledPath - Evaluating path: $['modifiers']
09:31:07.191 [Test worker] DEBUG com.jayway.jsonpath.internal.path.CompiledPath - Evaluating path: $
09:31:07.191 [Test worker] DEBUG com.jayway.jsonpath.internal.path.CompiledPath - Evaluating path: $
09:31:07.191 [Test worker] DEBUG com.jayway.jsonpath.internal.JsonContext - Put path $ key modifiers value {}
09:31:07.191 [Test worker] DEBUG com.jayway.jsonpath.internal.path.CompiledPath - Evaluating path: $
09:31:07.191 [Test worker] DEBUG com.jayway.jsonpath.internal.JsonContext - Put path $ key modifiers value 0
09:31:07.191 [Test worker] DEBUG com.jayway.jsonpath.internal.path.CompiledPath - Evaluating path: $['type']
09:31:07.191 [Test worker] DEBUG com.jayway.jsonpath.internal.path.CompiledPath - Evaluating path: $
09:31:07.191 [Test worker] DEBUG com.jayway.jsonpath.internal.path.CompiledPath - Evaluating path: $
09:31:07.191 [Test worker] DEBUG com.jayway.jsonpath.internal.JsonContext - Put path $ key type value {}
09:31:07.191 [Test worker] DEBUG com.jayway.jsonpath.internal.path.CompiledPath - Evaluating path: $
09:31:07.191 [Test worker] DEBUG com.jayway.jsonpath.internal.JsonContext - Put path $ key type value char
09:31:07.191 [Test worker] DEBUG com.jayway.jsonpath.internal.path.CompiledPath - Evaluating path: $['text']
09:31:07.191 [Test worker] DEBUG com.jayway.jsonpath.internal.path.CompiledPath - Evaluating path: $
09:31:07.191 [Test worker] DEBUG com.jayway.jsonpath.internal.path.CompiledPath - Evaluating path: $
09:31:07.191 [Test worker] DEBUG com.jayway.jsonpath.internal.JsonContext - Put path $ key text value {}
09:31:07.191 [Test worker] DEBUG com.jayway.jsonpath.internal.path.CompiledPath - Evaluating path: $
09:31:07.191 [Test worker] DEBUG com.jayway.jsonpath.internal.JsonContext - Put path $ key text value s
09:31:07.191 [Test worker] DEBUG com.jayway.jsonpath.internal.path.CompiledPath - Evaluating path: $['windowsVirtualKeyCode']
09:31:07.191 [Test worker] DEBUG com.jayway.jsonpath.internal.path.CompiledPath - Evaluating path: $
09:31:07.191 [Test worker] DEBUG com.jayway.jsonpath.internal.path.CompiledPath - Evaluating path: $
09:31:07.192 [Test worker] DEBUG com.jayway.jsonpath.internal.JsonContext - Put path $ key windowsVirtualKeyCode value {}
09:31:07.192 [Test worker] DEBUG com.jayway.jsonpath.internal.path.CompiledPath - Evaluating path: $
09:31:07.192 [Test worker] DEBUG com.jayway.jsonpath.internal.JsonContext - Put path $ key windowsVirtualKeyCode value 115
09:31:07.192 [Test worker] DEBUG com.jayway.jsonpath.internal.path.CompiledPath - Evaluating path: $
09:31:07.192 [Test worker] DEBUG com.intuit.karate.driver.chrome_1689566462788 - >> {"id":38,"sessionId":"768D055A1E18013891B145D656DF4446","method":"Input.dispatchKeyEvent","params":{"modifiers":0,"type":"char","text":"s","windowsVirtualKeyCode":115}}
09:31:07.196 [nioEventLoopGroup-2-1] DEBUG com.intuit.karate.driver.chrome_1689566462788 - << {"id":38,"result":{},"sessionId":"768D055A1E18013891B145D656DF4446"}
09:31:07.196 [nioEventLoopGroup-2-1] DEBUG com.jayway.jsonpath.internal.path.CompiledPath - Evaluating path: $
09:31:07.197 [Test worker] DEBUG com.jayway.jsonpath.internal.path.CompiledPath - Evaluating path: $['modifiers']
09:31:07.197 [Test worker] DEBUG com.jayway.jsonpath.internal.path.CompiledPath - Evaluating path: $
09:31:07.198 [Test worker] DEBUG com.jayway.jsonpath.internal.path.CompiledPath - Evaluating path: $
09:31:07.198 [Test worker] DEBUG com.jayway.jsonpath.internal.JsonContext - Put path $ key modifiers value {}
09:31:07.198 [Test worker] DEBUG com.jayway.jsonpath.internal.path.CompiledPath - Evaluating path: $
09:31:07.198 [Test worker] DEBUG com.jayway.jsonpath.internal.JsonContext - Put path $ key modifiers value 0
09:31:07.198 [Test worker] DEBUG com.jayway.jsonpath.internal.path.CompiledPath - Evaluating path: $['type']
09:31:07.199 [Test worker] DEBUG com.jayway.jsonpath.internal.path.CompiledPath - Evaluating path: $
09:31:07.199 [Test worker] DEBUG com.jayway.jsonpath.internal.path.CompiledPath - Evaluating path: $
09:31:07.199 [Test worker] DEBUG com.jayway.jsonpath.internal.JsonContext - Put path $ key type value {}
09:31:07.199 [Test worker] DEBUG com.jayway.jsonpath.internal.path.CompiledPath - Evaluating path: $
09:31:07.199 [Test worker] DEBUG com.jayway.jsonpath.internal.JsonContext - Put path $ key type value keyUp
09:31:07.199 [Test worker] DEBUG com.jayway.jsonpath.internal.path.CompiledPath - Evaluating path: $['text']
09:31:07.199 [Test worker] DEBUG com.jayway.jsonpath.internal.path.CompiledPath - Evaluating path: $
09:31:07.199 [Test worker] DEBUG com.jayway.jsonpath.internal.path.CompiledPath - Evaluating path: $
09:31:07.199 [Test worker] DEBUG com.jayway.jsonpath.internal.JsonContext - Put path $ key text value {}
09:31:07.199 [Test worker] DEBUG com.jayway.jsonpath.internal.path.CompiledPath - Evaluating path: $
09:31:07.199 [Test worker] DEBUG com.jayway.jsonpath.internal.JsonContext - Put path $ key text value s
09:31:07.199 [Test worker] DEBUG com.jayway.jsonpath.internal.path.CompiledPath - Evaluating path: $['windowsVirtualKeyCode']
09:31:07.199 [Test worker] DEBUG com.jayway.jsonpath.internal.path.CompiledPath - Evaluating path: $
09:31:07.199 [Test worker] DEBUG com.jayway.jsonpath.internal.path.CompiledPath - Evaluating path: $
09:31:07.199 [Test worker] DEBUG com.jayway.jsonpath.internal.JsonContext - Put path $ key windowsVirtualKeyCode value {}
09:31:07.199 [Test worker] DEBUG com.jayway.jsonpath.internal.path.CompiledPath - Evaluating path: $
09:31:07.199 [Test worker] DEBUG com.jayway.jsonpath.internal.JsonContext - Put path $ key windowsVirtualKeyCode value 115
09:31:07.199 [Test worker] DEBUG com.jayway.jsonpath.internal.path.CompiledPath - Evaluating path: $
09:31:07.199 [Test worker] DEBUG com.intuit.karate.driver.chrome_1689566462788 - >> {"id":39,"sessionId":"768D055A1E18013891B145D656DF4446","method":"Input.dispatchKeyEvent","params":{"modifiers":0,"type":"keyUp","text":"s","windowsVirtualKeyCode":115}}
09:31:07.202 [nioEventLoopGroup-2-1] DEBUG com.intuit.karate.driver.chrome_1689566462788 - << {"id":39,"result":{},"sessionId":"768D055A1E18013891B145D656DF4446"}
09:31:07.202 [nioEventLoopGroup-2-1] DEBUG com.jayway.jsonpath.internal.path.CompiledPath - Evaluating path: $
09:31:07.202 [Test worker] DEBUG com.jayway.jsonpath.internal.path.CompiledPath - Evaluating path: $['modifiers']
09:31:07.203 [Test worker] DEBUG com.jayway.jsonpath.internal.path.CompiledPath - Evaluating path: $
09:31:07.203 [Test worker] DEBUG com.jayway.jsonpath.internal.path.CompiledPath - Evaluating path: $
09:31:07.203 [Test worker] DEBUG com.jayway.jsonpath.internal.JsonContext - Put path $ key modifiers value {}
09:31:07.203 [Test worker] DEBUG com.jayway.jsonpath.internal.path.CompiledPath - Evaluating path: $
09:31:07.203 [Test worker] DEBUG com.jayway.jsonpath.internal.JsonContext - Put path $ key modifiers value 0
09:31:07.203 [Test worker] DEBUG com.jayway.jsonpath.internal.path.CompiledPath - Evaluating path: $['type']
09:31:07.203 [Test worker] DEBUG com.jayway.jsonpath.internal.path.CompiledPath - Evaluating path: $
09:31:07.203 [Test worker] DEBUG com.jayway.jsonpath.internal.path.CompiledPath - Evaluating path: $
09:31:07.203 [Test worker] DEBUG com.jayway.jsonpath.internal.JsonContext - Put path $ key type value {}
09:31:07.203 [Test worker] DEBUG com.jayway.jsonpath.internal.path.CompiledPath - Evaluating path: $
09:31:07.203 [Test worker] DEBUG com.jayway.jsonpath.internal.JsonContext - Put path $ key type value rawKeyDown
09:31:07.203 [Test worker] DEBUG com.jayway.jsonpath.internal.path.CompiledPath - Evaluating path: $['text']
09:31:07.203 [Test worker] DEBUG com.jayway.jsonpath.internal.path.CompiledPath - Evaluating path: $
09:31:07.203 [Test worker] DEBUG com.jayway.jsonpath.internal.path.CompiledPath - Evaluating path: $
09:31:07.203 [Test worker] DEBUG com.jayway.jsonpath.internal.JsonContext - Put path $ key text value {}
09:31:07.203 [Test worker] DEBUG com.jayway.jsonpath.internal.path.CompiledPath - Evaluating path: $
09:31:07.203 [Test worker] DEBUG com.jayway.jsonpath.internal.JsonContext - Put path $ key text value s
09:31:07.203 [Test worker] DEBUG com.jayway.jsonpath.internal.path.CompiledPath - Evaluating path: $['windowsVirtualKeyCode']
09:31:07.203 [Test worker] DEBUG com.jayway.jsonpath.internal.path.CompiledPath - Evaluating path: $
09:31:07.203 [Test worker] DEBUG com.jayway.jsonpath.internal.path.CompiledPath - Evaluating path: $
09:31:07.203 [Test worker] DEBUG com.jayway.jsonpath.internal.JsonContext - Put path $ key windowsVirtualKeyCode value {}
09:31:07.203 [Test worker] DEBUG com.jayway.jsonpath.internal.path.CompiledPath - Evaluating path: $
09:31:07.204 [Test worker] DEBUG com.jayway.jsonpath.internal.JsonContext - Put path $ key windowsVirtualKeyCode value 115
09:31:07.204 [Test worker] DEBUG com.jayway.jsonpath.internal.path.CompiledPath - Evaluating path: $
09:31:07.204 [Test worker] DEBUG com.intuit.karate.driver.chrome_1689566462788 - >> {"id":40,"sessionId":"768D055A1E18013891B145D656DF4446","method":"Input.dispatchKeyEvent","params":{"modifiers":0,"type":"rawKeyDown","text":"s","windowsVirtualKeyCode":115}}
09:31:07.206 [nioEventLoopGroup-2-1] DEBUG com.intuit.karate.driver.chrome_1689566462788 - << {"id":40,"result":{},"sessionId":"768D055A1E18013891B145D656DF4446"}
09:31:07.207 [nioEventLoopGroup-2-1] DEBUG com.jayway.jsonpath.internal.path.CompiledPath - Evaluating path: $
09:31:07.207 [Test worker] DEBUG com.jayway.jsonpath.internal.path.CompiledPath - Evaluating path: $['modifiers']
09:31:07.207 [Test worker] DEBUG com.jayway.jsonpath.internal.path.CompiledPath - Evaluating path: $
09:31:07.207 [Test worker] DEBUG com.jayway.jsonpath.internal.path.CompiledPath - Evaluating path: $
09:31:07.207 [Test worker] DEBUG com.jayway.jsonpath.internal.JsonContext - Put path $ key modifiers value {}
09:31:07.207 [Test worker] DEBUG com.jayway.jsonpath.internal.path.CompiledPath - Evaluating path: $
09:31:07.207 [Test worker] DEBUG com.jayway.jsonpath.internal.JsonContext - Put path $ key modifiers value 0
09:31:07.207 [Test worker] DEBUG com.jayway.jsonpath.internal.path.CompiledPath - Evaluating path: $['type']
09:31:07.208 [Test worker] DEBUG com.jayway.jsonpath.internal.path.CompiledPath - Evaluating path: $
09:31:07.208 [Test worker] DEBUG com.jayway.jsonpath.internal.path.CompiledPath - Evaluating path: $
09:31:07.208 [Test worker] DEBUG com.jayway.jsonpath.internal.JsonContext - Put path $ key type value {}
09:31:07.208 [Test worker] DEBUG com.jayway.jsonpath.internal.path.CompiledPath - Evaluating path: $
09:31:07.208 [Test worker] DEBUG com.jayway.jsonpath.internal.JsonContext - Put path $ key type value char
09:31:07.208 [Test worker] DEBUG com.jayway.jsonpath.internal.path.CompiledPath - Evaluating path: $['text']
09:31:07.208 [Test worker] DEBUG com.jayway.jsonpath.internal.path.CompiledPath - Evaluating path: $
09:31:07.208 [Test worker] DEBUG com.jayway.jsonpath.internal.path.CompiledPath - Evaluating path: $
09:31:07.208 [Test worker] DEBUG com.jayway.jsonpath.internal.JsonContext - Put path $ key text value {}
09:31:07.208 [Test worker] DEBUG com.jayway.jsonpath.internal.path.CompiledPath - Evaluating path: $
09:31:07.208 [Test worker] DEBUG com.jayway.jsonpath.internal.JsonContext - Put path $ key text value s
09:31:07.208 [Test worker] DEBUG com.jayway.jsonpath.internal.path.CompiledPath - Evaluating path: $['windowsVirtualKeyCode']
09:31:07.208 [Test worker] DEBUG com.jayway.jsonpath.internal.path.CompiledPath - Evaluating path: $
09:31:07.208 [Test worker] DEBUG com.jayway.jsonpath.internal.path.CompiledPath - Evaluating path: $
09:31:07.208 [Test worker] DEBUG com.jayway.jsonpath.internal.JsonContext - Put path $ key windowsVirtualKeyCode value {}
09:31:07.208 [Test worker] DEBUG com.jayway.jsonpath.internal.path.CompiledPath - Evaluating path: $
09:31:07.208 [Test worker] DEBUG com.jayway.jsonpath.internal.JsonContext - Put path $ key windowsVirtualKeyCode value 115
09:31:07.208 [Test worker] DEBUG com.jayway.jsonpath.internal.path.CompiledPath - Evaluating path: $
09:31:07.208 [Test worker] DEBUG com.intuit.karate.driver.chrome_1689566462788 - >> {"id":41,"sessionId":"768D055A1E18013891B145D656DF4446","method":"Input.dispatchKeyEvent","params":{"modifiers":0,"type":"char","text":"s","windowsVirtualKeyCode":115}}
09:31:07.214 [nioEventLoopGroup-2-1] DEBUG com.intuit.karate.driver.chrome_1689566462788 - << {"id":41,"result":{},"sessionId":"768D055A1E18013891B145D656DF4446"}
09:31:07.215 [nioEventLoopGroup-2-1] DEBUG com.jayway.jsonpath.internal.path.CompiledPath - Evaluating path: $
09:31:07.215 [Test worker] DEBUG com.jayway.jsonpath.internal.path.CompiledPath - Evaluating path: $['modifiers']
09:31:07.215 [Test worker] DEBUG com.jayway.jsonpath.internal.path.CompiledPath - Evaluating path: $
09:31:07.215 [Test worker] DEBUG com.jayway.jsonpath.internal.path.CompiledPath - Evaluating path: $
09:31:07.215 [Test worker] DEBUG com.jayway.jsonpath.internal.JsonContext - Put path $ key modifiers value {}
09:31:07.215 [Test worker] DEBUG com.jayway.jsonpath.internal.path.CompiledPath - Evaluating path: $
09:31:07.215 [Test worker] DEBUG com.jayway.jsonpath.internal.JsonContext - Put path $ key modifiers value 0
09:31:07.216 [Test worker] DEBUG com.jayway.jsonpath.internal.path.CompiledPath - Evaluating path: $['type']
09:31:07.216 [Test worker] DEBUG com.jayway.jsonpath.internal.path.CompiledPath - Evaluating path: $
09:31:07.216 [Test worker] DEBUG com.jayway.jsonpath.internal.path.CompiledPath - Evaluating path: $
09:31:07.216 [Test worker] DEBUG com.jayway.jsonpath.internal.JsonContext - Put path $ key type value {}
09:31:07.216 [Test worker] DEBUG com.jayway.jsonpath.internal.path.CompiledPath - Evaluating path: $
09:31:07.216 [Test worker] DEBUG com.jayway.jsonpath.internal.JsonContext - Put path $ key type value keyUp
09:31:07.216 [Test worker] DEBUG com.jayway.jsonpath.internal.path.CompiledPath - Evaluating path: $['text']
09:31:07.216 [Test worker] DEBUG com.jayway.jsonpath.internal.path.CompiledPath - Evaluating path: $
09:31:07.216 [Test worker] DEBUG com.jayway.jsonpath.internal.path.CompiledPath - Evaluating path: $
09:31:07.216 [Test worker] DEBUG com.jayway.jsonpath.internal.JsonContext - Put path $ key text value {}
09:31:07.216 [Test worker] DEBUG com.jayway.jsonpath.internal.path.CompiledPath - Evaluating path: $
09:31:07.216 [Test worker] DEBUG com.jayway.jsonpath.internal.JsonContext - Put path $ key text value s
09:31:07.216 [Test worker] DEBUG com.jayway.jsonpath.internal.path.CompiledPath - Evaluating path: $['windowsVirtualKeyCode']
09:31:07.216 [Test worker] DEBUG com.jayway.jsonpath.internal.path.CompiledPath - Evaluating path: $
09:31:07.216 [Test worker] DEBUG com.jayway.jsonpath.internal.path.CompiledPath - Evaluating path: $
09:31:07.216 [Test worker] DEBUG com.jayway.jsonpath.internal.JsonContext - Put path $ key windowsVirtualKeyCode value {}
09:31:07.216 [Test worker] DEBUG com.jayway.jsonpath.internal.path.CompiledPath - Evaluating path: $
09:31:07.216 [Test worker] DEBUG com.jayway.jsonpath.internal.JsonContext - Put path $ key windowsVirtualKeyCode value 115
09:31:07.216 [Test worker] DEBUG com.jayway.jsonpath.internal.path.CompiledPath - Evaluating path: $
09:31:07.216 [Test worker] DEBUG com.intuit.karate.driver.chrome_1689566462788 - >> {"id":42,"sessionId":"768D055A1E18013891B145D656DF4446","method":"Input.dispatchKeyEvent","params":{"modifiers":0,"type":"keyUp","text":"s","windowsVirtualKeyCode":115}}
09:31:07.219 [nioEventLoopGroup-2-1] DEBUG com.intuit.karate.driver.chrome_1689566462788 - << {"id":42,"result":{},"sessionId":"768D055A1E18013891B145D656DF4446"}
09:31:07.219 [nioEventLoopGroup-2-1] DEBUG com.jayway.jsonpath.internal.path.CompiledPath - Evaluating path: $
09:31:07.220 [Test worker] DEBUG com.jayway.jsonpath.internal.path.CompiledPath - Evaluating path: $['modifiers']
09:31:07.220 [Test worker] DEBUG com.jayway.jsonpath.internal.path.CompiledPath - Evaluating path: $
09:31:07.220 [Test worker] DEBUG com.jayway.jsonpath.internal.path.CompiledPath - Evaluating path: $
09:31:07.220 [Test worker] DEBUG com.jayway.jsonpath.internal.JsonContext - Put path $ key modifiers value {}
09:31:07.220 [Test worker] DEBUG com.jayway.jsonpath.internal.path.CompiledPath - Evaluating path: $
09:31:07.220 [Test worker] DEBUG com.jayway.jsonpath.internal.JsonContext - Put path $ key modifiers value 0
09:31:07.220 [Test worker] DEBUG com.jayway.jsonpath.internal.path.CompiledPath - Evaluating path: $['type']
09:31:07.220 [Test worker] DEBUG com.jayway.jsonpath.internal.path.CompiledPath - Evaluating path: $
09:31:07.220 [Test worker] DEBUG com.jayway.jsonpath.internal.path.CompiledPath - Evaluating path: $
09:31:07.220 [Test worker] DEBUG com.jayway.jsonpath.internal.JsonContext - Put path $ key type value {}
09:31:07.220 [Test worker] DEBUG com.jayway.jsonpath.internal.path.CompiledPath - Evaluating path: $
09:31:07.220 [Test worker] DEBUG com.jayway.jsonpath.internal.JsonContext - Put path $ key type value rawKeyDown
09:31:07.220 [Test worker] DEBUG com.jayway.jsonpath.internal.path.CompiledPath - Evaluating path: $['text']
09:31:07.220 [Test worker] DEBUG com.jayway.jsonpath.internal.path.CompiledPath - Evaluating path: $
09:31:07.220 [Test worker] DEBUG com.jayway.jsonpath.internal.path.CompiledPath - Evaluating path: $
09:31:07.220 [Test worker] DEBUG com.jayway.jsonpath.internal.JsonContext - Put path $ key text value {}
09:31:07.220 [Test worker] DEBUG com.jayway.jsonpath.internal.path.CompiledPath - Evaluating path: $
09:31:07.220 [Test worker] DEBUG com.jayway.jsonpath.internal.JsonContext - Put path $ key text value w
09:31:07.220 [Test worker] DEBUG com.jayway.jsonpath.internal.path.CompiledPath - Evaluating path: $['windowsVirtualKeyCode']
09:31:07.220 [Test worker] DEBUG com.jayway.jsonpath.internal.path.CompiledPath - Evaluating path: $
09:31:07.220 [Test worker] DEBUG com.jayway.jsonpath.internal.path.CompiledPath - Evaluating path: $
09:31:07.220 [Test worker] DEBUG com.jayway.jsonpath.internal.JsonContext - Put path $ key windowsVirtualKeyCode value {}
09:31:07.221 [Test worker] DEBUG com.jayway.jsonpath.internal.path.CompiledPath - Evaluating path: $
09:31:07.221 [Test worker] DEBUG com.jayway.jsonpath.internal.JsonContext - Put path $ key windowsVirtualKeyCode value 119
09:31:07.221 [Test worker] DEBUG com.jayway.jsonpath.internal.path.CompiledPath - Evaluating path: $
09:31:07.221 [Test worker] DEBUG com.intuit.karate.driver.chrome_1689566462788 - >> {"id":43,"sessionId":"768D055A1E18013891B145D656DF4446","method":"Input.dispatchKeyEvent","params":{"modifiers":0,"type":"rawKeyDown","text":"w","windowsVirtualKeyCode":119}}
09:31:07.223 [nioEventLoopGroup-2-1] DEBUG com.intuit.karate.driver.chrome_1689566462788 - << {"id":43,"result":{},"sessionId":"768D055A1E18013891B145D656DF4446"}
09:31:07.223 [nioEventLoopGroup-2-1] DEBUG com.jayway.jsonpath.internal.path.CompiledPath - Evaluating path: $
09:31:07.224 [Test worker] DEBUG com.jayway.jsonpath.internal.path.CompiledPath - Evaluating path: $['modifiers']
09:31:07.224 [Test worker] DEBUG com.jayway.jsonpath.internal.path.CompiledPath - Evaluating path: $
09:31:07.224 [Test worker] DEBUG com.jayway.jsonpath.internal.path.CompiledPath - Evaluating path: $
09:31:07.224 [Test worker] DEBUG com.jayway.jsonpath.internal.JsonContext - Put path $ key modifiers value {}
09:31:07.224 [Test worker] DEBUG com.jayway.jsonpath.internal.path.CompiledPath - Evaluating path: $
09:31:07.224 [Test worker] DEBUG com.jayway.jsonpath.internal.JsonContext - Put path $ key modifiers value 0
09:31:07.224 [Test worker] DEBUG com.jayway.jsonpath.internal.path.CompiledPath - Evaluating path: $['type']
09:31:07.224 [Test worker] DEBUG com.jayway.jsonpath.internal.path.CompiledPath - Evaluating path: $
09:31:07.224 [Test worker] DEBUG com.jayway.jsonpath.internal.path.CompiledPath - Evaluating path: $
09:31:07.224 [Test worker] DEBUG com.jayway.jsonpath.internal.JsonContext - Put path $ key type value {}
09:31:07.224 [Test worker] DEBUG com.jayway.jsonpath.internal.path.CompiledPath - Evaluating path: $
09:31:07.224 [Test worker] DEBUG com.jayway.jsonpath.internal.JsonContext - Put path $ key type value char
09:31:07.224 [Test worker] DEBUG com.jayway.jsonpath.internal.path.CompiledPath - Evaluating path: $['text']
09:31:07.224 [Test worker] DEBUG com.jayway.jsonpath.internal.path.CompiledPath - Evaluating path: $
09:31:07.224 [Test worker] DEBUG com.jayway.jsonpath.internal.path.CompiledPath - Evaluating path: $
09:31:07.224 [Test worker] DEBUG com.jayway.jsonpath.internal.JsonContext - Put path $ key text value {}
09:31:07.224 [Test worker] DEBUG com.jayway.jsonpath.internal.path.CompiledPath - Evaluating path: $
09:31:07.224 [Test worker] DEBUG com.jayway.jsonpath.internal.JsonContext - Put path $ key text value w
09:31:07.224 [Test worker] DEBUG com.jayway.jsonpath.internal.path.CompiledPath - Evaluating path: $['windowsVirtualKeyCode']
09:31:07.224 [Test worker] DEBUG com.jayway.jsonpath.internal.path.CompiledPath - Evaluating path: $
09:31:07.224 [Test worker] DEBUG com.jayway.jsonpath.internal.path.CompiledPath - Evaluating path: $
09:31:07.225 [Test worker] DEBUG com.jayway.jsonpath.internal.JsonContext - Put path $ key windowsVirtualKeyCode value {}
09:31:07.225 [Test worker] DEBUG com.jayway.jsonpath.internal.path.CompiledPath - Evaluating path: $
09:31:07.225 [Test worker] DEBUG com.jayway.jsonpath.internal.JsonContext - Put path $ key windowsVirtualKeyCode value 119
09:31:07.225 [Test worker] DEBUG com.jayway.jsonpath.internal.path.CompiledPath - Evaluating path: $
09:31:07.225 [Test worker] DEBUG com.intuit.karate.driver.chrome_1689566462788 - >> {"id":44,"sessionId":"768D055A1E18013891B145D656DF4446","method":"Input.dispatchKeyEvent","params":{"modifiers":0,"type":"char","text":"w","windowsVirtualKeyCode":119}}
09:31:07.229 [nioEventLoopGroup-2-1] DEBUG com.intuit.karate.driver.chrome_1689566462788 - << {"id":44,"result":{},"sessionId":"768D055A1E18013891B145D656DF4446"}
09:31:07.229 [nioEventLoopGroup-2-1] DEBUG com.jayway.jsonpath.internal.path.CompiledPath - Evaluating path: $
09:31:07.230 [Test worker] DEBUG com.jayway.jsonpath.internal.path.CompiledPath - Evaluating path: $['modifiers']
09:31:07.231 [Test worker] DEBUG com.jayway.jsonpath.internal.path.CompiledPath - Evaluating path: $
09:31:07.231 [Test worker] DEBUG com.jayway.jsonpath.internal.path.CompiledPath - Evaluating path: $
09:31:07.231 [Test worker] DEBUG com.jayway.jsonpath.internal.JsonContext - Put path $ key modifiers value {}
09:31:07.231 [Test worker] DEBUG com.jayway.jsonpath.internal.path.CompiledPath - Evaluating path: $
09:31:07.231 [Test worker] DEBUG com.jayway.jsonpath.internal.JsonContext - Put path $ key modifiers value 0
09:31:07.231 [Test worker] DEBUG com.jayway.jsonpath.internal.path.CompiledPath - Evaluating path: $['type']
09:31:07.231 [Test worker] DEBUG com.jayway.jsonpath.internal.path.CompiledPath - Evaluating path: $
09:31:07.231 [Test worker] DEBUG com.jayway.jsonpath.internal.path.CompiledPath - Evaluating path: $
09:31:07.231 [Test worker] DEBUG com.jayway.jsonpath.internal.JsonContext - Put path $ key type value {}
09:31:07.231 [Test worker] DEBUG com.jayway.jsonpath.internal.path.CompiledPath - Evaluating path: $
09:31:07.231 [Test worker] DEBUG com.jayway.jsonpath.internal.JsonContext - Put path $ key type value keyUp
09:31:07.231 [Test worker] DEBUG com.jayway.jsonpath.internal.path.CompiledPath - Evaluating path: $['text']
09:31:07.231 [Test worker] DEBUG com.jayway.jsonpath.internal.path.CompiledPath - Evaluating path: $
09:31:07.231 [Test worker] DEBUG com.jayway.jsonpath.internal.path.CompiledPath - Evaluating path: $
09:31:07.231 [Test worker] DEBUG com.jayway.jsonpath.internal.JsonContext - Put path $ key text value {}
09:31:07.231 [Test worker] DEBUG com.jayway.jsonpath.internal.path.CompiledPath - Evaluating path: $
09:31:07.231 [Test worker] DEBUG com.jayway.jsonpath.internal.JsonContext - Put path $ key text value w
09:31:07.231 [Test worker] DEBUG com.jayway.jsonpath.internal.path.CompiledPath - Evaluating path: $['windowsVirtualKeyCode']
09:31:07.231 [Test worker] DEBUG com.jayway.jsonpath.internal.path.CompiledPath - Evaluating path: $
09:31:07.231 [Test worker] DEBUG com.jayway.jsonpath.internal.path.CompiledPath - Evaluating path: $
09:31:07.231 [Test worker] DEBUG com.jayway.jsonpath.internal.JsonContext - Put path $ key windowsVirtualKeyCode value {}
09:31:07.231 [Test worker] DEBUG com.jayway.jsonpath.internal.path.CompiledPath - Evaluating path: $
09:31:07.232 [Test worker] DEBUG com.jayway.jsonpath.internal.JsonContext - Put path $ key windowsVirtualKeyCode value 119
09:31:07.232 [Test worker] DEBUG com.jayway.jsonpath.internal.path.CompiledPath - Evaluating path: $
09:31:07.232 [Test worker] DEBUG com.intuit.karate.driver.chrome_1689566462788 - >> {"id":45,"sessionId":"768D055A1E18013891B145D656DF4446","method":"Input.dispatchKeyEvent","params":{"modifiers":0,"type":"keyUp","text":"w","windowsVirtualKeyCode":119}}
09:31:07.234 [nioEventLoopGroup-2-1] DEBUG com.intuit.karate.driver.chrome_1689566462788 - << {"id":45,"result":{},"sessionId":"768D055A1E18013891B145D656DF4446"}
09:31:07.234 [nioEventLoopGroup-2-1] DEBUG com.jayway.jsonpath.internal.path.CompiledPath - Evaluating path: $
09:31:07.234 [Test worker] DEBUG com.jayway.jsonpath.internal.path.CompiledPath - Evaluating path: $['modifiers']
09:31:07.234 [Test worker] DEBUG com.jayway.jsonpath.internal.path.CompiledPath - Evaluating path: $
09:31:07.234 [Test worker] DEBUG com.jayway.jsonpath.internal.path.CompiledPath - Evaluating path: $
09:31:07.234 [Test worker] DEBUG com.jayway.jsonpath.internal.JsonContext - Put path $ key modifiers value {}
09:31:07.234 [Test worker] DEBUG com.jayway.jsonpath.internal.path.CompiledPath - Evaluating path: $
09:31:07.234 [Test worker] DEBUG com.jayway.jsonpath.internal.JsonContext - Put path $ key modifiers value 0
09:31:07.234 [Test worker] DEBUG com.jayway.jsonpath.internal.path.CompiledPath - Evaluating path: $['type']
09:31:07.234 [Test worker] DEBUG com.jayway.jsonpath.internal.path.CompiledPath - Evaluating path: $
09:31:07.235 [Test worker] DEBUG com.jayway.jsonpath.internal.path.CompiledPath - Evaluating path: $
09:31:07.235 [Test worker] DEBUG com.jayway.jsonpath.internal.JsonContext - Put path $ key type value {}
09:31:07.235 [Test worker] DEBUG com.jayway.jsonpath.internal.path.CompiledPath - Evaluating path: $
09:31:07.235 [Test worker] DEBUG com.jayway.jsonpath.internal.JsonContext - Put path $ key type value rawKeyDown
09:31:07.235 [Test worker] DEBUG com.jayway.jsonpath.internal.path.CompiledPath - Evaluating path: $['text']
09:31:07.235 [Test worker] DEBUG com.jayway.jsonpath.internal.path.CompiledPath - Evaluating path: $
09:31:07.235 [Test worker] DEBUG com.jayway.jsonpath.internal.path.CompiledPath - Evaluating path: $
09:31:07.235 [Test worker] DEBUG com.jayway.jsonpath.internal.JsonContext - Put path $ key text value {}
09:31:07.235 [Test worker] DEBUG com.jayway.jsonpath.internal.path.CompiledPath - Evaluating path: $
09:31:07.235 [Test worker] DEBUG com.jayway.jsonpath.internal.JsonContext - Put path $ key text value o
09:31:07.235 [Test worker] DEBUG com.jayway.jsonpath.internal.path.CompiledPath - Evaluating path: $['windowsVirtualKeyCode']
09:31:07.235 [Test worker] DEBUG com.jayway.jsonpath.internal.path.CompiledPath - Evaluating path: $
09:31:07.235 [Test worker] DEBUG com.jayway.jsonpath.internal.path.CompiledPath - Evaluating path: $
09:31:07.235 [Test worker] DEBUG com.jayway.jsonpath.internal.JsonContext - Put path $ key windowsVirtualKeyCode value {}
09:31:07.235 [Test worker] DEBUG com.jayway.jsonpath.internal.path.CompiledPath - Evaluating path: $
09:31:07.235 [Test worker] DEBUG com.jayway.jsonpath.internal.JsonContext - Put path $ key windowsVirtualKeyCode value 111
09:31:07.235 [Test worker] DEBUG com.jayway.jsonpath.internal.path.CompiledPath - Evaluating path: $
09:31:07.235 [Test worker] DEBUG com.intuit.karate.driver.chrome_1689566462788 - >> {"id":46,"sessionId":"768D055A1E18013891B145D656DF4446","method":"Input.dispatchKeyEvent","params":{"modifiers":0,"type":"rawKeyDown","text":"o","windowsVirtualKeyCode":111}}
09:31:07.237 [nioEventLoopGroup-2-1] DEBUG com.intuit.karate.driver.chrome_1689566462788 - << {"id":46,"result":{},"sessionId":"768D055A1E18013891B145D656DF4446"}
09:31:07.237 [nioEventLoopGroup-2-1] DEBUG com.jayway.jsonpath.internal.path.CompiledPath - Evaluating path: $
09:31:07.238 [Test worker] DEBUG com.jayway.jsonpath.internal.path.CompiledPath - Evaluating path: $['modifiers']
09:31:07.238 [Test worker] DEBUG com.jayway.jsonpath.internal.path.CompiledPath - Evaluating path: $
09:31:07.238 [Test worker] DEBUG com.jayway.jsonpath.internal.path.CompiledPath - Evaluating path: $
09:31:07.238 [Test worker] DEBUG com.jayway.jsonpath.internal.JsonContext - Put path $ key modifiers value {}
09:31:07.238 [Test worker] DEBUG com.jayway.jsonpath.internal.path.CompiledPath - Evaluating path: $
09:31:07.238 [Test worker] DEBUG com.jayway.jsonpath.internal.JsonContext - Put path $ key modifiers value 0
09:31:07.238 [Test worker] DEBUG com.jayway.jsonpath.internal.path.CompiledPath - Evaluating path: $['type']
09:31:07.238 [Test worker] DEBUG com.jayway.jsonpath.internal.path.CompiledPath - Evaluating path: $
09:31:07.238 [Test worker] DEBUG com.jayway.jsonpath.internal.path.CompiledPath - Evaluating path: $
09:31:07.238 [Test worker] DEBUG com.jayway.jsonpath.internal.JsonContext - Put path $ key type value {}
09:31:07.238 [Test worker] DEBUG com.jayway.jsonpath.internal.path.CompiledPath - Evaluating path: $
09:31:07.238 [Test worker] DEBUG com.jayway.jsonpath.internal.JsonContext - Put path $ key type value char
09:31:07.238 [Test worker] DEBUG com.jayway.jsonpath.internal.path.CompiledPath - Evaluating path: $['text']
09:31:07.238 [Test worker] DEBUG com.jayway.jsonpath.internal.path.CompiledPath - Evaluating path: $
09:31:07.238 [Test worker] DEBUG com.jayway.jsonpath.internal.path.CompiledPath - Evaluating path: $
09:31:07.238 [Test worker] DEBUG com.jayway.jsonpath.internal.JsonContext - Put path $ key text value {}
09:31:07.238 [Test worker] DEBUG com.jayway.jsonpath.internal.path.CompiledPath - Evaluating path: $
09:31:07.238 [Test worker] DEBUG com.jayway.jsonpath.internal.JsonContext - Put path $ key text value o
09:31:07.238 [Test worker] DEBUG com.jayway.jsonpath.internal.path.CompiledPath - Evaluating path: $['windowsVirtualKeyCode']
09:31:07.239 [Test worker] DEBUG com.jayway.jsonpath.internal.path.CompiledPath - Evaluating path: $
09:31:07.239 [Test worker] DEBUG com.jayway.jsonpath.internal.path.CompiledPath - Evaluating path: $
09:31:07.239 [Test worker] DEBUG com.jayway.jsonpath.internal.JsonContext - Put path $ key windowsVirtualKeyCode value {}
09:31:07.239 [Test worker] DEBUG com.jayway.jsonpath.internal.path.CompiledPath - Evaluating path: $
09:31:07.239 [Test worker] DEBUG com.jayway.jsonpath.internal.JsonContext - Put path $ key windowsVirtualKeyCode value 111
09:31:07.239 [Test worker] DEBUG com.jayway.jsonpath.internal.path.CompiledPath - Evaluating path: $
09:31:07.239 [Test worker] DEBUG com.intuit.karate.driver.chrome_1689566462788 - >> {"id":47,"sessionId":"768D055A1E18013891B145D656DF4446","method":"Input.dispatchKeyEvent","params":{"modifiers":0,"type":"char","text":"o","windowsVirtualKeyCode":111}}
09:31:07.242 [nioEventLoopGroup-2-1] DEBUG com.intuit.karate.driver.chrome_1689566462788 - << {"id":47,"result":{},"sessionId":"768D055A1E18013891B145D656DF4446"}
09:31:07.242 [nioEventLoopGroup-2-1] DEBUG com.jayway.jsonpath.internal.path.CompiledPath - Evaluating path: $
09:31:07.242 [Test worker] DEBUG com.jayway.jsonpath.internal.path.CompiledPath - Evaluating path: $['modifiers']
09:31:07.242 [Test worker] DEBUG com.jayway.jsonpath.internal.path.CompiledPath - Evaluating path: $
09:31:07.242 [Test worker] DEBUG com.jayway.jsonpath.internal.path.CompiledPath - Evaluating path: $
09:31:07.242 [Test worker] DEBUG com.jayway.jsonpath.internal.JsonContext - Put path $ key modifiers value {}
09:31:07.242 [Test worker] DEBUG com.jayway.jsonpath.internal.path.CompiledPath - Evaluating path: $
09:31:07.242 [Test worker] DEBUG com.jayway.jsonpath.internal.JsonContext - Put path $ key modifiers value 0
09:31:07.242 [Test worker] DEBUG com.jayway.jsonpath.internal.path.CompiledPath - Evaluating path: $['type']
09:31:07.242 [Test worker] DEBUG com.jayway.jsonpath.internal.path.CompiledPath - Evaluating path: $
09:31:07.242 [Test worker] DEBUG com.jayway.jsonpath.internal.path.CompiledPath - Evaluating path: $
09:31:07.242 [Test worker] DEBUG com.jayway.jsonpath.internal.JsonContext - Put path $ key type value {}
09:31:07.242 [Test worker] DEBUG com.jayway.jsonpath.internal.path.CompiledPath - Evaluating path: $
09:31:07.242 [Test worker] DEBUG com.jayway.jsonpath.internal.JsonContext - Put path $ key type value keyUp
09:31:07.242 [Test worker] DEBUG com.jayway.jsonpath.internal.path.CompiledPath - Evaluating path: $['text']
09:31:07.242 [Test worker] DEBUG com.jayway.jsonpath.internal.path.CompiledPath - Evaluating path: $
09:31:07.242 [Test worker] DEBUG com.jayway.jsonpath.internal.path.CompiledPath - Evaluating path: $
09:31:07.242 [Test worker] DEBUG com.jayway.jsonpath.internal.JsonContext - Put path $ key text value {}
09:31:07.242 [Test worker] DEBUG com.jayway.jsonpath.internal.path.CompiledPath - Evaluating path: $
09:31:07.242 [Test worker] DEBUG com.jayway.jsonpath.internal.JsonContext - Put path $ key text value o
09:31:07.242 [Test worker] DEBUG com.jayway.jsonpath.internal.path.CompiledPath - Evaluating path: $['windowsVirtualKeyCode']
09:31:07.242 [Test worker] DEBUG com.jayway.jsonpath.internal.path.CompiledPath - Evaluating path: $
09:31:07.242 [Test worker] DEBUG com.jayway.jsonpath.internal.path.CompiledPath - Evaluating path: $
09:31:07.242 [Test worker] DEBUG com.jayway.jsonpath.internal.JsonContext - Put path $ key windowsVirtualKeyCode value {}
09:31:07.242 [Test worker] DEBUG com.jayway.jsonpath.internal.path.CompiledPath - Evaluating path: $
09:31:07.242 [Test worker] DEBUG com.jayway.jsonpath.internal.JsonContext - Put path $ key windowsVirtualKeyCode value 111
09:31:07.242 [Test worker] DEBUG com.jayway.jsonpath.internal.path.CompiledPath - Evaluating path: $
09:31:07.242 [Test worker] DEBUG com.intuit.karate.driver.chrome_1689566462788 - >> {"id":48,"sessionId":"768D055A1E18013891B145D656DF4446","method":"Input.dispatchKeyEvent","params":{"modifiers":0,"type":"keyUp","text":"o","windowsVirtualKeyCode":111}}
09:31:07.247 [nioEventLoopGroup-2-1] DEBUG com.intuit.karate.driver.chrome_1689566462788 - << {"id":48,"result":{},"sessionId":"768D055A1E18013891B145D656DF4446"}
09:31:07.248 [nioEventLoopGroup-2-1] DEBUG com.jayway.jsonpath.internal.path.CompiledPath - Evaluating path: $
09:31:07.248 [Test worker] DEBUG com.jayway.jsonpath.internal.path.CompiledPath - Evaluating path: $['modifiers']
09:31:07.248 [Test worker] DEBUG com.jayway.jsonpath.internal.path.CompiledPath - Evaluating path: $
09:31:07.248 [Test worker] DEBUG com.jayway.jsonpath.internal.path.CompiledPath - Evaluating path: $
09:31:07.248 [Test worker] DEBUG com.jayway.jsonpath.internal.JsonContext - Put path $ key modifiers value {}
09:31:07.248 [Test worker] DEBUG com.jayway.jsonpath.internal.path.CompiledPath - Evaluating path: $
09:31:07.248 [Test worker] DEBUG com.jayway.jsonpath.internal.JsonContext - Put path $ key modifiers value 0
09:31:07.248 [Test worker] DEBUG com.jayway.jsonpath.internal.path.CompiledPath - Evaluating path: $['type']
09:31:07.248 [Test worker] DEBUG com.jayway.jsonpath.internal.path.CompiledPath - Evaluating path: $
09:31:07.248 [Test worker] DEBUG com.jayway.jsonpath.internal.path.CompiledPath - Evaluating path: $
09:31:07.248 [Test worker] DEBUG com.jayway.jsonpath.internal.JsonContext - Put path $ key type value {}
09:31:07.248 [Test worker] DEBUG com.jayway.jsonpath.internal.path.CompiledPath - Evaluating path: $
09:31:07.248 [Test worker] DEBUG com.jayway.jsonpath.internal.JsonContext - Put path $ key type value rawKeyDown
09:31:07.248 [Test worker] DEBUG com.jayway.jsonpath.internal.path.CompiledPath - Evaluating path: $['text']
09:31:07.248 [Test worker] DEBUG com.jayway.jsonpath.internal.path.CompiledPath - Evaluating path: $
09:31:07.248 [Test worker] DEBUG com.jayway.jsonpath.internal.path.CompiledPath - Evaluating path: $
09:31:07.248 [Test worker] DEBUG com.jayway.jsonpath.internal.JsonContext - Put path $ key text value {}
09:31:07.248 [Test worker] DEBUG com.jayway.jsonpath.internal.path.CompiledPath - Evaluating path: $
09:31:07.248 [Test worker] DEBUG com.jayway.jsonpath.internal.JsonContext - Put path $ key text value r
09:31:07.248 [Test worker] DEBUG com.jayway.jsonpath.internal.path.CompiledPath - Evaluating path: $['windowsVirtualKeyCode']
09:31:07.249 [Test worker] DEBUG com.jayway.jsonpath.internal.path.CompiledPath - Evaluating path: $
09:31:07.249 [Test worker] DEBUG com.jayway.jsonpath.internal.path.CompiledPath - Evaluating path: $
09:31:07.249 [Test worker] DEBUG com.jayway.jsonpath.internal.JsonContext - Put path $ key windowsVirtualKeyCode value {}
09:31:07.249 [Test worker] DEBUG com.jayway.jsonpath.internal.path.CompiledPath - Evaluating path: $
09:31:07.249 [Test worker] DEBUG com.jayway.jsonpath.internal.JsonContext - Put path $ key windowsVirtualKeyCode value 114
09:31:07.249 [Test worker] DEBUG com.jayway.jsonpath.internal.path.CompiledPath - Evaluating path: $
09:31:07.249 [Test worker] DEBUG com.intuit.karate.driver.chrome_1689566462788 - >> {"id":49,"sessionId":"768D055A1E18013891B145D656DF4446","method":"Input.dispatchKeyEvent","params":{"modifiers":0,"type":"rawKeyDown","text":"r","windowsVirtualKeyCode":114}}
09:31:07.251 [nioEventLoopGroup-2-1] DEBUG com.intuit.karate.driver.chrome_1689566462788 - << {"id":49,"result":{},"sessionId":"768D055A1E18013891B145D656DF4446"}
09:31:07.251 [nioEventLoopGroup-2-1] DEBUG com.jayway.jsonpath.internal.path.CompiledPath - Evaluating path: $
09:31:07.251 [Test worker] DEBUG com.jayway.jsonpath.internal.path.CompiledPath - Evaluating path: $['modifiers']
09:31:07.251 [Test worker] DEBUG com.jayway.jsonpath.internal.path.CompiledPath - Evaluating path: $
09:31:07.251 [Test worker] DEBUG com.jayway.jsonpath.internal.path.CompiledPath - Evaluating path: $
09:31:07.252 [Test worker] DEBUG com.jayway.jsonpath.internal.JsonContext - Put path $ key modifiers value {}
09:31:07.252 [Test worker] DEBUG com.jayway.jsonpath.internal.path.CompiledPath - Evaluating path: $
09:31:07.252 [Test worker] DEBUG com.jayway.jsonpath.internal.JsonContext - Put path $ key modifiers value 0
09:31:07.252 [Test worker] DEBUG com.jayway.jsonpath.internal.path.CompiledPath - Evaluating path: $['type']
09:31:07.252 [Test worker] DEBUG com.jayway.jsonpath.internal.path.CompiledPath - Evaluating path: $
09:31:07.252 [Test worker] DEBUG com.jayway.jsonpath.internal.path.CompiledPath - Evaluating path: $
09:31:07.252 [Test worker] DEBUG com.jayway.jsonpath.internal.JsonContext - Put path $ key type value {}
09:31:07.252 [Test worker] DEBUG com.jayway.jsonpath.internal.path.CompiledPath - Evaluating path: $
09:31:07.252 [Test worker] DEBUG com.jayway.jsonpath.internal.JsonContext - Put path $ key type value char
09:31:07.252 [Test worker] DEBUG com.jayway.jsonpath.internal.path.CompiledPath - Evaluating path: $['text']
09:31:07.252 [Test worker] DEBUG com.jayway.jsonpath.internal.path.CompiledPath - Evaluating path: $
09:31:07.252 [Test worker] DEBUG com.jayway.jsonpath.internal.path.CompiledPath - Evaluating path: $
09:31:07.252 [Test worker] DEBUG com.jayway.jsonpath.internal.JsonContext - Put path $ key text value {}
09:31:07.252 [Test worker] DEBUG com.jayway.jsonpath.internal.path.CompiledPath - Evaluating path: $
09:31:07.252 [Test worker] DEBUG com.jayway.jsonpath.internal.JsonContext - Put path $ key text value r
09:31:07.252 [Test worker] DEBUG com.jayway.jsonpath.internal.path.CompiledPath - Evaluating path: $['windowsVirtualKeyCode']
09:31:07.252 [Test worker] DEBUG com.jayway.jsonpath.internal.path.CompiledPath - Evaluating path: $
09:31:07.252 [Test worker] DEBUG com.jayway.jsonpath.internal.path.CompiledPath - Evaluating path: $
09:31:07.252 [Test worker] DEBUG com.jayway.jsonpath.internal.JsonContext - Put path $ key windowsVirtualKeyCode value {}
09:31:07.252 [Test worker] DEBUG com.jayway.jsonpath.internal.path.CompiledPath - Evaluating path: $
09:31:07.252 [Test worker] DEBUG com.jayway.jsonpath.internal.JsonContext - Put path $ key windowsVirtualKeyCode value 114
09:31:07.252 [Test worker] DEBUG com.jayway.jsonpath.internal.path.CompiledPath - Evaluating path: $
09:31:07.252 [Test worker] DEBUG com.intuit.karate.driver.chrome_1689566462788 - >> {"id":50,"sessionId":"768D055A1E18013891B145D656DF4446","method":"Input.dispatchKeyEvent","params":{"modifiers":0,"type":"char","text":"r","windowsVirtualKeyCode":114}}
09:31:07.256 [nioEventLoopGroup-2-1] DEBUG com.intuit.karate.driver.chrome_1689566462788 - << {"id":50,"result":{},"sessionId":"768D055A1E18013891B145D656DF4446"}
09:31:07.256 [nioEventLoopGroup-2-1] DEBUG com.jayway.jsonpath.internal.path.CompiledPath - Evaluating path: $
09:31:07.256 [Test worker] DEBUG com.jayway.jsonpath.internal.path.CompiledPath - Evaluating path: $['modifiers']
09:31:07.256 [Test worker] DEBUG com.jayway.jsonpath.internal.path.CompiledPath - Evaluating path: $
09:31:07.256 [Test worker] DEBUG com.jayway.jsonpath.internal.path.CompiledPath - Evaluating path: $
09:31:07.256 [Test worker] DEBUG com.jayway.jsonpath.internal.JsonContext - Put path $ key modifiers value {}
09:31:07.256 [Test worker] DEBUG com.jayway.jsonpath.internal.path.CompiledPath - Evaluating path: $
09:31:07.257 [Test worker] DEBUG com.jayway.jsonpath.internal.JsonContext - Put path $ key modifiers value 0
09:31:07.257 [Test worker] DEBUG com.jayway.jsonpath.internal.path.CompiledPath - Evaluating path: $['type']
09:31:07.257 [Test worker] DEBUG com.jayway.jsonpath.internal.path.CompiledPath - Evaluating path: $
09:31:07.257 [Test worker] DEBUG com.jayway.jsonpath.internal.path.CompiledPath - Evaluating path: $
09:31:07.257 [Test worker] DEBUG com.jayway.jsonpath.internal.JsonContext - Put path $ key type value {}
09:31:07.257 [Test worker] DEBUG com.jayway.jsonpath.internal.path.CompiledPath - Evaluating path: $
09:31:07.257 [Test worker] DEBUG com.jayway.jsonpath.internal.JsonContext - Put path $ key type value keyUp
09:31:07.257 [Test worker] DEBUG com.jayway.jsonpath.internal.path.CompiledPath - Evaluating path: $['text']
09:31:07.257 [Test worker] DEBUG com.jayway.jsonpath.internal.path.CompiledPath - Evaluating path: $
09:31:07.257 [Test worker] DEBUG com.jayway.jsonpath.internal.path.CompiledPath - Evaluating path: $
09:31:07.257 [Test worker] DEBUG com.jayway.jsonpath.internal.JsonContext - Put path $ key text value {}
09:31:07.257 [Test worker] DEBUG com.jayway.jsonpath.internal.path.CompiledPath - Evaluating path: $
09:31:07.257 [Test worker] DEBUG com.jayway.jsonpath.internal.JsonContext - Put path $ key text value r
09:31:07.257 [Test worker] DEBUG com.jayway.jsonpath.internal.path.CompiledPath - Evaluating path: $['windowsVirtualKeyCode']
09:31:07.257 [Test worker] DEBUG com.jayway.jsonpath.internal.path.CompiledPath - Evaluating path: $
09:31:07.257 [Test worker] DEBUG com.jayway.jsonpath.internal.path.CompiledPath - Evaluating path: $
09:31:07.257 [Test worker] DEBUG com.jayway.jsonpath.internal.JsonContext - Put path $ key windowsVirtualKeyCode value {}
09:31:07.257 [Test worker] DEBUG com.jayway.jsonpath.internal.path.CompiledPath - Evaluating path: $
09:31:07.257 [Test worker] DEBUG com.jayway.jsonpath.internal.JsonContext - Put path $ key windowsVirtualKeyCode value 114
09:31:07.257 [Test worker] DEBUG com.jayway.jsonpath.internal.path.CompiledPath - Evaluating path: $
09:31:07.257 [Test worker] DEBUG com.intuit.karate.driver.chrome_1689566462788 - >> {"id":51,"sessionId":"768D055A1E18013891B145D656DF4446","method":"Input.dispatchKeyEvent","params":{"modifiers":0,"type":"keyUp","text":"r","windowsVirtualKeyCode":114}}
09:31:07.260 [nioEventLoopGroup-2-1] DEBUG com.intuit.karate.driver.chrome_1689566462788 - << {"id":51,"result":{},"sessionId":"768D055A1E18013891B145D656DF4446"}
09:31:07.260 [nioEventLoopGroup-2-1] DEBUG com.jayway.jsonpath.internal.path.CompiledPath - Evaluating path: $
09:31:07.260 [Test worker] DEBUG com.jayway.jsonpath.internal.path.CompiledPath - Evaluating path: $['modifiers']
09:31:07.260 [Test worker] DEBUG com.jayway.jsonpath.internal.path.CompiledPath - Evaluating path: $
09:31:07.260 [Test worker] DEBUG com.jayway.jsonpath.internal.path.CompiledPath - Evaluating path: $
09:31:07.261 [Test worker] DEBUG com.jayway.jsonpath.internal.JsonContext - Put path $ key modifiers value {}
09:31:07.261 [Test worker] DEBUG com.jayway.jsonpath.internal.path.CompiledPath - Evaluating path: $
09:31:07.261 [Test worker] DEBUG com.jayway.jsonpath.internal.JsonContext - Put path $ key modifiers value 0
09:31:07.263 [Test worker] DEBUG com.jayway.jsonpath.internal.path.CompiledPath - Evaluating path: $['type']
09:31:07.264 [Test worker] DEBUG com.jayway.jsonpath.internal.path.CompiledPath - Evaluating path: $
09:31:07.264 [Test worker] DEBUG com.jayway.jsonpath.internal.path.CompiledPath - Evaluating path: $
09:31:07.264 [Test worker] DEBUG com.jayway.jsonpath.internal.JsonContext - Put path $ key type value {}
09:31:07.265 [Test worker] DEBUG com.jayway.jsonpath.internal.path.CompiledPath - Evaluating path: $
09:31:07.265 [Test worker] DEBUG com.jayway.jsonpath.internal.JsonContext - Put path $ key type value rawKeyDown
09:31:07.265 [Test worker] DEBUG com.jayway.jsonpath.internal.path.CompiledPath - Evaluating path: $['text']
09:31:07.266 [Test worker] DEBUG com.jayway.jsonpath.internal.path.CompiledPath - Evaluating path: $
09:31:07.266 [Test worker] DEBUG com.jayway.jsonpath.internal.path.CompiledPath - Evaluating path: $
09:31:07.266 [Test worker] DEBUG com.jayway.jsonpath.internal.JsonContext - Put path $ key text value {}
09:31:07.266 [Test worker] DEBUG com.jayway.jsonpath.internal.path.CompiledPath - Evaluating path: $
09:31:07.266 [Test worker] DEBUG com.jayway.jsonpath.internal.JsonContext - Put path $ key text value d
09:31:07.266 [Test worker] DEBUG com.jayway.jsonpath.internal.path.CompiledPath - Evaluating path: $['windowsVirtualKeyCode']
09:31:07.266 [Test worker] DEBUG com.jayway.jsonpath.internal.path.CompiledPath - Evaluating path: $
09:31:07.266 [Test worker] DEBUG com.jayway.jsonpath.internal.path.CompiledPath - Evaluating path: $
09:31:07.266 [Test worker] DEBUG com.jayway.jsonpath.internal.JsonContext - Put path $ key windowsVirtualKeyCode value {}
09:31:07.266 [Test worker] DEBUG com.jayway.jsonpath.internal.path.CompiledPath - Evaluating path: $
09:31:07.266 [Test worker] DEBUG com.jayway.jsonpath.internal.JsonContext - Put path $ key windowsVirtualKeyCode value 100
09:31:07.266 [Test worker] DEBUG com.jayway.jsonpath.internal.path.CompiledPath - Evaluating path: $
09:31:07.266 [Test worker] DEBUG com.intuit.karate.driver.chrome_1689566462788 - >> {"id":52,"sessionId":"768D055A1E18013891B145D656DF4446","method":"Input.dispatchKeyEvent","params":{"modifiers":0,"type":"rawKeyDown","text":"d","windowsVirtualKeyCode":100}}
09:31:07.269 [nioEventLoopGroup-2-1] DEBUG com.intuit.karate.driver.chrome_1689566462788 - << {"id":52,"result":{},"sessionId":"768D055A1E18013891B145D656DF4446"}
09:31:07.269 [nioEventLoopGroup-2-1] DEBUG com.jayway.jsonpath.internal.path.CompiledPath - Evaluating path: $
09:31:07.269 [Test worker] DEBUG com.jayway.jsonpath.internal.path.CompiledPath - Evaluating path: $['modifiers']
09:31:07.269 [Test worker] DEBUG com.jayway.jsonpath.internal.path.CompiledPath - Evaluating path: $
09:31:07.269 [Test worker] DEBUG com.jayway.jsonpath.internal.path.CompiledPath - Evaluating path: $
09:31:07.269 [Test worker] DEBUG com.jayway.jsonpath.internal.JsonContext - Put path $ key modifiers value {}
09:31:07.269 [Test worker] DEBUG com.jayway.jsonpath.internal.path.CompiledPath - Evaluating path: $
09:31:07.269 [Test worker] DEBUG com.jayway.jsonpath.internal.JsonContext - Put path $ key modifiers value 0
09:31:07.269 [Test worker] DEBUG com.jayway.jsonpath.internal.path.CompiledPath - Evaluating path: $['type']
09:31:07.269 [Test worker] DEBUG com.jayway.jsonpath.internal.path.CompiledPath - Evaluating path: $
09:31:07.270 [Test worker] DEBUG com.jayway.jsonpath.internal.path.CompiledPath - Evaluating path: $
09:31:07.270 [Test worker] DEBUG com.jayway.jsonpath.internal.JsonContext - Put path $ key type value {}
09:31:07.270 [Test worker] DEBUG com.jayway.jsonpath.internal.path.CompiledPath - Evaluating path: $
09:31:07.270 [Test worker] DEBUG com.jayway.jsonpath.internal.JsonContext - Put path $ key type value char
09:31:07.270 [Test worker] DEBUG com.jayway.jsonpath.internal.path.CompiledPath - Evaluating path: $['text']
09:31:07.270 [Test worker] DEBUG com.jayway.jsonpath.internal.path.CompiledPath - Evaluating path: $
09:31:07.270 [Test worker] DEBUG com.jayway.jsonpath.internal.path.CompiledPath - Evaluating path: $
09:31:07.270 [Test worker] DEBUG com.jayway.jsonpath.internal.JsonContext - Put path $ key text value {}
09:31:07.270 [Test worker] DEBUG com.jayway.jsonpath.internal.path.CompiledPath - Evaluating path: $
09:31:07.270 [Test worker] DEBUG com.jayway.jsonpath.internal.JsonContext - Put path $ key text value d
09:31:07.270 [Test worker] DEBUG com.jayway.jsonpath.internal.path.CompiledPath - Evaluating path: $['windowsVirtualKeyCode']
09:31:07.270 [Test worker] DEBUG com.jayway.jsonpath.internal.path.CompiledPath - Evaluating path: $
09:31:07.270 [Test worker] DEBUG com.jayway.jsonpath.internal.path.CompiledPath - Evaluating path: $
09:31:07.270 [Test worker] DEBUG com.jayway.jsonpath.internal.JsonContext - Put path $ key windowsVirtualKeyCode value {}
09:31:07.270 [Test worker] DEBUG com.jayway.jsonpath.internal.path.CompiledPath - Evaluating path: $
09:31:07.270 [Test worker] DEBUG com.jayway.jsonpath.internal.JsonContext - Put path $ key windowsVirtualKeyCode value 100
09:31:07.270 [Test worker] DEBUG com.jayway.jsonpath.internal.path.CompiledPath - Evaluating path: $
09:31:07.270 [Test worker] DEBUG com.intuit.karate.driver.chrome_1689566462788 - >> {"id":53,"sessionId":"768D055A1E18013891B145D656DF4446","method":"Input.dispatchKeyEvent","params":{"modifiers":0,"type":"char","text":"d","windowsVirtualKeyCode":100}}
09:31:07.274 [nioEventLoopGroup-2-1] DEBUG com.intuit.karate.driver.chrome_1689566462788 - << {"id":53,"result":{},"sessionId":"768D055A1E18013891B145D656DF4446"}
09:31:07.274 [nioEventLoopGroup-2-1] DEBUG com.jayway.jsonpath.internal.path.CompiledPath - Evaluating path: $
09:31:07.275 [Test worker] DEBUG com.jayway.jsonpath.internal.path.CompiledPath - Evaluating path: $['modifiers']
09:31:07.275 [Test worker] DEBUG com.jayway.jsonpath.internal.path.CompiledPath - Evaluating path: $
09:31:07.275 [Test worker] DEBUG com.jayway.jsonpath.internal.path.CompiledPath - Evaluating path: $
09:31:07.275 [Test worker] DEBUG com.jayway.jsonpath.internal.JsonContext - Put path $ key modifiers value {}
09:31:07.275 [Test worker] DEBUG com.jayway.jsonpath.internal.path.CompiledPath - Evaluating path: $
09:31:07.275 [Test worker] DEBUG com.jayway.jsonpath.internal.JsonContext - Put path $ key modifiers value 0
09:31:07.275 [Test worker] DEBUG com.jayway.jsonpath.internal.path.CompiledPath - Evaluating path: $['type']
09:31:07.275 [Test worker] DEBUG com.jayway.jsonpath.internal.path.CompiledPath - Evaluating path: $
09:31:07.275 [Test worker] DEBUG com.jayway.jsonpath.internal.path.CompiledPath - Evaluating path: $
09:31:07.275 [Test worker] DEBUG com.jayway.jsonpath.internal.JsonContext - Put path $ key type value {}
09:31:07.275 [Test worker] DEBUG com.jayway.jsonpath.internal.path.CompiledPath - Evaluating path: $
09:31:07.275 [Test worker] DEBUG com.jayway.jsonpath.internal.JsonContext - Put path $ key type value keyUp
09:31:07.275 [Test worker] DEBUG com.jayway.jsonpath.internal.path.CompiledPath - Evaluating path: $['text']
09:31:07.275 [Test worker] DEBUG com.jayway.jsonpath.internal.path.CompiledPath - Evaluating path: $
09:31:07.275 [Test worker] DEBUG com.jayway.jsonpath.internal.path.CompiledPath - Evaluating path: $
09:31:07.275 [Test worker] DEBUG com.jayway.jsonpath.internal.JsonContext - Put path $ key text value {}
09:31:07.275 [Test worker] DEBUG com.jayway.jsonpath.internal.path.CompiledPath - Evaluating path: $
09:31:07.275 [Test worker] DEBUG com.jayway.jsonpath.internal.JsonContext - Put path $ key text value d
09:31:07.275 [Test worker] DEBUG com.jayway.jsonpath.internal.path.CompiledPath - Evaluating path: $['windowsVirtualKeyCode']
09:31:07.275 [Test worker] DEBUG com.jayway.jsonpath.internal.path.CompiledPath - Evaluating path: $
09:31:07.275 [Test worker] DEBUG com.jayway.jsonpath.internal.path.CompiledPath - Evaluating path: $
09:31:07.275 [Test worker] DEBUG com.jayway.jsonpath.internal.JsonContext - Put path $ key windowsVirtualKeyCode value {}
09:31:07.275 [Test worker] DEBUG com.jayway.jsonpath.internal.path.CompiledPath - Evaluating path: $
09:31:07.275 [Test worker] DEBUG com.jayway.jsonpath.internal.JsonContext - Put path $ key windowsVirtualKeyCode value 100
09:31:07.275 [Test worker] DEBUG com.jayway.jsonpath.internal.path.CompiledPath - Evaluating path: $
09:31:07.276 [Test worker] DEBUG com.intuit.karate.driver.chrome_1689566462788 - >> {"id":54,"sessionId":"768D055A1E18013891B145D656DF4446","method":"Input.dispatchKeyEvent","params":{"modifiers":0,"type":"keyUp","text":"d","windowsVirtualKeyCode":100}}
09:31:07.278 [nioEventLoopGroup-2-1] DEBUG com.intuit.karate.driver.chrome_1689566462788 - << {"id":54,"result":{},"sessionId":"768D055A1E18013891B145D656DF4446"}
09:31:07.278 [nioEventLoopGroup-2-1] DEBUG com.jayway.jsonpath.internal.path.CompiledPath - Evaluating path: $
09:31:07.280 [Test worker] DEBUG com.jayway.jsonpath.internal.path.CompiledPath - Evaluating path: $['modifiers']
09:31:07.280 [Test worker] DEBUG com.jayway.jsonpath.internal.path.CompiledPath - Evaluating path: $
09:31:07.280 [Test worker] DEBUG com.jayway.jsonpath.internal.path.CompiledPath - Evaluating path: $
09:31:07.280 [Test worker] DEBUG com.jayway.jsonpath.internal.JsonContext - Put path $ key modifiers value {}
09:31:07.281 [Test worker] DEBUG com.jayway.jsonpath.internal.path.CompiledPath - Evaluating path: $
09:31:07.281 [Test worker] DEBUG com.jayway.jsonpath.internal.JsonContext - Put path $ key modifiers value 0
09:31:07.281 [Test worker] DEBUG com.jayway.jsonpath.internal.path.CompiledPath - Evaluating path: $['type']
09:31:07.281 [Test worker] DEBUG com.jayway.jsonpath.internal.path.CompiledPath - Evaluating path: $
09:31:07.281 [Test worker] DEBUG com.jayway.jsonpath.internal.path.CompiledPath - Evaluating path: $
09:31:07.281 [Test worker] DEBUG com.jayway.jsonpath.internal.JsonContext - Put path $ key type value {}
09:31:07.281 [Test worker] DEBUG com.jayway.jsonpath.internal.path.CompiledPath - Evaluating path: $
09:31:07.281 [Test worker] DEBUG com.jayway.jsonpath.internal.JsonContext - Put path $ key type value rawKeyDown
09:31:07.281 [Test worker] DEBUG com.jayway.jsonpath.internal.path.CompiledPath - Evaluating path: $['text']
09:31:07.281 [Test worker] DEBUG com.jayway.jsonpath.internal.path.CompiledPath - Evaluating path: $
09:31:07.281 [Test worker] DEBUG com.jayway.jsonpath.internal.path.CompiledPath - Evaluating path: $
09:31:07.281 [Test worker] DEBUG com.jayway.jsonpath.internal.JsonContext - Put path $ key text value {}
09:31:07.281 [Test worker] DEBUG com.jayway.jsonpath.internal.path.CompiledPath - Evaluating path: $
09:31:07.281 [Test worker] DEBUG com.jayway.jsonpath.internal.JsonContext - Put path $ key text value 1
09:31:07.281 [Test worker] DEBUG com.jayway.jsonpath.internal.path.CompiledPath - Evaluating path: $['windowsVirtualKeyCode']
09:31:07.281 [Test worker] DEBUG com.jayway.jsonpath.internal.path.CompiledPath - Evaluating path: $
09:31:07.281 [Test worker] DEBUG com.jayway.jsonpath.internal.path.CompiledPath - Evaluating path: $
09:31:07.281 [Test worker] DEBUG com.jayway.jsonpath.internal.JsonContext - Put path $ key windowsVirtualKeyCode value {}
09:31:07.281 [Test worker] DEBUG com.jayway.jsonpath.internal.path.CompiledPath - Evaluating path: $
09:31:07.281 [Test worker] DEBUG com.jayway.jsonpath.internal.JsonContext - Put path $ key windowsVirtualKeyCode value 49
09:31:07.281 [Test worker] DEBUG com.jayway.jsonpath.internal.path.CompiledPath - Evaluating path: $
09:31:07.281 [Test worker] DEBUG com.intuit.karate.driver.chrome_1689566462788 - >> {"id":55,"sessionId":"768D055A1E18013891B145D656DF4446","method":"Input.dispatchKeyEvent","params":{"modifiers":0,"type":"rawKeyDown","text":"1","windowsVirtualKeyCode":49}}
09:31:07.284 [nioEventLoopGroup-2-1] DEBUG com.intuit.karate.driver.chrome_1689566462788 - << {"id":55,"result":{},"sessionId":"768D055A1E18013891B145D656DF4446"}
09:31:07.284 [nioEventLoopGroup-2-1] DEBUG com.jayway.jsonpath.internal.path.CompiledPath - Evaluating path: $
09:31:07.285 [Test worker] DEBUG com.jayway.jsonpath.internal.path.CompiledPath - Evaluating path: $['modifiers']
09:31:07.285 [Test worker] DEBUG com.jayway.jsonpath.internal.path.CompiledPath - Evaluating path: $
09:31:07.285 [Test worker] DEBUG com.jayway.jsonpath.internal.path.CompiledPath - Evaluating path: $
09:31:07.285 [Test worker] DEBUG com.jayway.jsonpath.internal.JsonContext - Put path $ key modifiers value {}
09:31:07.285 [Test worker] DEBUG com.jayway.jsonpath.internal.path.CompiledPath - Evaluating path: $
09:31:07.285 [Test worker] DEBUG com.jayway.jsonpath.internal.JsonContext - Put path $ key modifiers value 0
09:31:07.285 [Test worker] DEBUG com.jayway.jsonpath.internal.path.CompiledPath - Evaluating path: $['type']
09:31:07.285 [Test worker] DEBUG com.jayway.jsonpath.internal.path.CompiledPath - Evaluating path: $
09:31:07.285 [Test worker] DEBUG com.jayway.jsonpath.internal.path.CompiledPath - Evaluating path: $
09:31:07.285 [Test worker] DEBUG com.jayway.jsonpath.internal.JsonContext - Put path $ key type value {}
09:31:07.285 [Test worker] DEBUG com.jayway.jsonpath.internal.path.CompiledPath - Evaluating path: $
09:31:07.285 [Test worker] DEBUG com.jayway.jsonpath.internal.JsonContext - Put path $ key type value char
09:31:07.285 [Test worker] DEBUG com.jayway.jsonpath.internal.path.CompiledPath - Evaluating path: $['text']
09:31:07.285 [Test worker] DEBUG com.jayway.jsonpath.internal.path.CompiledPath - Evaluating path: $
09:31:07.285 [Test worker] DEBUG com.jayway.jsonpath.internal.path.CompiledPath - Evaluating path: $
09:31:07.285 [Test worker] DEBUG com.jayway.jsonpath.internal.JsonContext - Put path $ key text value {}
09:31:07.285 [Test worker] DEBUG com.jayway.jsonpath.internal.path.CompiledPath - Evaluating path: $
09:31:07.285 [Test worker] DEBUG com.jayway.jsonpath.internal.JsonContext - Put path $ key text value 1
09:31:07.285 [Test worker] DEBUG com.jayway.jsonpath.internal.path.CompiledPath - Evaluating path: $['windowsVirtualKeyCode']
09:31:07.285 [Test worker] DEBUG com.jayway.jsonpath.internal.path.CompiledPath - Evaluating path: $
09:31:07.285 [Test worker] DEBUG com.jayway.jsonpath.internal.path.CompiledPath - Evaluating path: $
09:31:07.285 [Test worker] DEBUG com.jayway.jsonpath.internal.JsonContext - Put path $ key windowsVirtualKeyCode value {}
09:31:07.285 [Test worker] DEBUG com.jayway.jsonpath.internal.path.CompiledPath - Evaluating path: $
09:31:07.285 [Test worker] DEBUG com.jayway.jsonpath.internal.JsonContext - Put path $ key windowsVirtualKeyCode value 49
09:31:07.286 [Test worker] DEBUG com.jayway.jsonpath.internal.path.CompiledPath - Evaluating path: $
09:31:07.286 [Test worker] DEBUG com.intuit.karate.driver.chrome_1689566462788 - >> {"id":56,"sessionId":"768D055A1E18013891B145D656DF4446","method":"Input.dispatchKeyEvent","params":{"modifiers":0,"type":"char","text":"1","windowsVirtualKeyCode":49}}
09:31:07.289 [nioEventLoopGroup-2-1] DEBUG com.intuit.karate.driver.chrome_1689566462788 - << {"id":56,"result":{},"sessionId":"768D055A1E18013891B145D656DF4446"}
09:31:07.289 [nioEventLoopGroup-2-1] DEBUG com.jayway.jsonpath.internal.path.CompiledPath - Evaluating path: $
09:31:07.289 [Test worker] DEBUG com.jayway.jsonpath.internal.path.CompiledPath - Evaluating path: $['modifiers']
09:31:07.289 [Test worker] DEBUG com.jayway.jsonpath.internal.path.CompiledPath - Evaluating path: $
09:31:07.289 [Test worker] DEBUG com.jayway.jsonpath.internal.path.CompiledPath - Evaluating path: $
09:31:07.290 [Test worker] DEBUG com.jayway.jsonpath.internal.JsonContext - Put path $ key modifiers value {}
09:31:07.290 [Test worker] DEBUG com.jayway.jsonpath.internal.path.CompiledPath - Evaluating path: $
09:31:07.290 [Test worker] DEBUG com.jayway.jsonpath.internal.JsonContext - Put path $ key modifiers value 0
09:31:07.290 [Test worker] DEBUG com.jayway.jsonpath.internal.path.CompiledPath - Evaluating path: $['type']
09:31:07.290 [Test worker] DEBUG com.jayway.jsonpath.internal.path.CompiledPath - Evaluating path: $
09:31:07.290 [Test worker] DEBUG com.jayway.jsonpath.internal.path.CompiledPath - Evaluating path: $
09:31:07.290 [Test worker] DEBUG com.jayway.jsonpath.internal.JsonContext - Put path $ key type value {}
09:31:07.290 [Test worker] DEBUG com.jayway.jsonpath.internal.path.CompiledPath - Evaluating path: $
09:31:07.290 [Test worker] DEBUG com.jayway.jsonpath.internal.JsonContext - Put path $ key type value keyUp
09:31:07.290 [Test worker] DEBUG com.jayway.jsonpath.internal.path.CompiledPath - Evaluating path: $['text']
09:31:07.290 [Test worker] DEBUG com.jayway.jsonpath.internal.path.CompiledPath - Evaluating path: $
09:31:07.290 [Test worker] DEBUG com.jayway.jsonpath.internal.path.CompiledPath - Evaluating path: $
09:31:07.290 [Test worker] DEBUG com.jayway.jsonpath.internal.JsonContext - Put path $ key text value {}
09:31:07.290 [Test worker] DEBUG com.jayway.jsonpath.internal.path.CompiledPath - Evaluating path: $
09:31:07.290 [Test worker] DEBUG com.jayway.jsonpath.internal.JsonContext - Put path $ key text value 1
09:31:07.290 [Test worker] DEBUG com.jayway.jsonpath.internal.path.CompiledPath - Evaluating path: $['windowsVirtualKeyCode']
09:31:07.290 [Test worker] DEBUG com.jayway.jsonpath.internal.path.CompiledPath - Evaluating path: $
09:31:07.290 [Test worker] DEBUG com.jayway.jsonpath.internal.path.CompiledPath - Evaluating path: $
09:31:07.290 [Test worker] DEBUG com.jayway.jsonpath.internal.JsonContext - Put path $ key windowsVirtualKeyCode value {}
09:31:07.290 [Test worker] DEBUG com.jayway.jsonpath.internal.path.CompiledPath - Evaluating path: $
09:31:07.290 [Test worker] DEBUG com.jayway.jsonpath.internal.JsonContext - Put path $ key windowsVirtualKeyCode value 49
09:31:07.290 [Test worker] DEBUG com.jayway.jsonpath.internal.path.CompiledPath - Evaluating path: $
09:31:07.290 [Test worker] DEBUG com.intuit.karate.driver.chrome_1689566462788 - >> {"id":57,"sessionId":"768D055A1E18013891B145D656DF4446","method":"Input.dispatchKeyEvent","params":{"modifiers":0,"type":"keyUp","text":"1","windowsVirtualKeyCode":49}}
09:31:07.292 [nioEventLoopGroup-2-1] DEBUG com.intuit.karate.driver.chrome_1689566462788 - << {"id":57,"result":{},"sessionId":"768D055A1E18013891B145D656DF4446"}
09:31:07.293 [nioEventLoopGroup-2-1] DEBUG com.jayway.jsonpath.internal.path.CompiledPath - Evaluating path: $
09:31:07.293 [Test worker] DEBUG com.jayway.jsonpath.internal.path.CompiledPath - Evaluating path: $['modifiers']
09:31:07.293 [Test worker] DEBUG com.jayway.jsonpath.internal.path.CompiledPath - Evaluating path: $
09:31:07.293 [Test worker] DEBUG com.jayway.jsonpath.internal.path.CompiledPath - Evaluating path: $
09:31:07.293 [Test worker] DEBUG com.jayway.jsonpath.internal.JsonContext - Put path $ key modifiers value {}
09:31:07.293 [Test worker] DEBUG com.jayway.jsonpath.internal.path.CompiledPath - Evaluating path: $
09:31:07.293 [Test worker] DEBUG com.jayway.jsonpath.internal.JsonContext - Put path $ key modifiers value 0
09:31:07.293 [Test worker] DEBUG com.jayway.jsonpath.internal.path.CompiledPath - Evaluating path: $['type']
09:31:07.293 [Test worker] DEBUG com.jayway.jsonpath.internal.path.CompiledPath - Evaluating path: $
09:31:07.293 [Test worker] DEBUG com.jayway.jsonpath.internal.path.CompiledPath - Evaluating path: $
09:31:07.293 [Test worker] DEBUG com.jayway.jsonpath.internal.JsonContext - Put path $ key type value {}
09:31:07.293 [Test worker] DEBUG com.jayway.jsonpath.internal.path.CompiledPath - Evaluating path: $
09:31:07.293 [Test worker] DEBUG com.jayway.jsonpath.internal.JsonContext - Put path $ key type value rawKeyDown
09:31:07.293 [Test worker] DEBUG com.jayway.jsonpath.internal.path.CompiledPath - Evaluating path: $['text']
09:31:07.293 [Test worker] DEBUG com.jayway.jsonpath.internal.path.CompiledPath - Evaluating path: $
09:31:07.293 [Test worker] DEBUG com.jayway.jsonpath.internal.path.CompiledPath - Evaluating path: $
09:31:07.293 [Test worker] DEBUG com.jayway.jsonpath.internal.JsonContext - Put path $ key text value {}
09:31:07.293 [Test worker] DEBUG com.jayway.jsonpath.internal.path.CompiledPath - Evaluating path: $
09:31:07.293 [Test worker] DEBUG com.jayway.jsonpath.internal.JsonContext - Put path $ key text value 2
09:31:07.293 [Test worker] DEBUG com.jayway.jsonpath.internal.path.CompiledPath - Evaluating path: $['windowsVirtualKeyCode']
09:31:07.293 [Test worker] DEBUG com.jayway.jsonpath.internal.path.CompiledPath - Evaluating path: $
09:31:07.293 [Test worker] DEBUG com.jayway.jsonpath.internal.path.CompiledPath - Evaluating path: $
09:31:07.293 [Test worker] DEBUG com.jayway.jsonpath.internal.JsonContext - Put path $ key windowsVirtualKeyCode value {}
09:31:07.293 [Test worker] DEBUG com.jayway.jsonpath.internal.path.CompiledPath - Evaluating path: $
09:31:07.293 [Test worker] DEBUG com.jayway.jsonpath.internal.JsonContext - Put path $ key windowsVirtualKeyCode value 50
09:31:07.293 [Test worker] DEBUG com.jayway.jsonpath.internal.path.CompiledPath - Evaluating path: $
09:31:07.293 [Test worker] DEBUG com.intuit.karate.driver.chrome_1689566462788 - >> {"id":58,"sessionId":"768D055A1E18013891B145D656DF4446","method":"Input.dispatchKeyEvent","params":{"modifiers":0,"type":"rawKeyDown","text":"2","windowsVirtualKeyCode":50}}
09:31:07.298 [nioEventLoopGroup-2-1] DEBUG com.intuit.karate.driver.chrome_1689566462788 - << {"id":58,"result":{},"sessionId":"768D055A1E18013891B145D656DF4446"}
09:31:07.298 [nioEventLoopGroup-2-1] DEBUG com.jayway.jsonpath.internal.path.CompiledPath - Evaluating path: $
09:31:07.298 [Test worker] DEBUG com.jayway.jsonpath.internal.path.CompiledPath - Evaluating path: $['modifiers']
09:31:07.298 [Test worker] DEBUG com.jayway.jsonpath.internal.path.CompiledPath - Evaluating path: $
09:31:07.298 [Test worker] DEBUG com.jayway.jsonpath.internal.path.CompiledPath - Evaluating path: $
09:31:07.298 [Test worker] DEBUG com.jayway.jsonpath.internal.JsonContext - Put path $ key modifiers value {}
09:31:07.299 [Test worker] DEBUG com.jayway.jsonpath.internal.path.CompiledPath - Evaluating path: $
09:31:07.299 [Test worker] DEBUG com.jayway.jsonpath.internal.JsonContext - Put path $ key modifiers value 0
09:31:07.299 [Test worker] DEBUG com.jayway.jsonpath.internal.path.CompiledPath - Evaluating path: $['type']
09:31:07.299 [Test worker] DEBUG com.jayway.jsonpath.internal.path.CompiledPath - Evaluating path: $
09:31:07.299 [Test worker] DEBUG com.jayway.jsonpath.internal.path.CompiledPath - Evaluating path: $
09:31:07.299 [Test worker] DEBUG com.jayway.jsonpath.internal.JsonContext - Put path $ key type value {}
09:31:07.299 [Test worker] DEBUG com.jayway.jsonpath.internal.path.CompiledPath - Evaluating path: $
09:31:07.299 [Test worker] DEBUG com.jayway.jsonpath.internal.JsonContext - Put path $ key type value char
09:31:07.299 [Test worker] DEBUG com.jayway.jsonpath.internal.path.CompiledPath - Evaluating path: $['text']
09:31:07.299 [Test worker] DEBUG com.jayway.jsonpath.internal.path.CompiledPath - Evaluating path: $
09:31:07.299 [Test worker] DEBUG com.jayway.jsonpath.internal.path.CompiledPath - Evaluating path: $
09:31:07.299 [Test worker] DEBUG com.jayway.jsonpath.internal.JsonContext - Put path $ key text value {}
09:31:07.299 [Test worker] DEBUG com.jayway.jsonpath.internal.path.CompiledPath - Evaluating path: $
09:31:07.299 [Test worker] DEBUG com.jayway.jsonpath.internal.JsonContext - Put path $ key text value 2
09:31:07.299 [Test worker] DEBUG com.jayway.jsonpath.internal.path.CompiledPath - Evaluating path: $['windowsVirtualKeyCode']
09:31:07.299 [Test worker] DEBUG com.jayway.jsonpath.internal.path.CompiledPath - Evaluating path: $
09:31:07.299 [Test worker] DEBUG com.jayway.jsonpath.internal.path.CompiledPath - Evaluating path: $
09:31:07.299 [Test worker] DEBUG com.jayway.jsonpath.internal.JsonContext - Put path $ key windowsVirtualKeyCode value {}
09:31:07.299 [Test worker] DEBUG com.jayway.jsonpath.internal.path.CompiledPath - Evaluating path: $
09:31:07.299 [Test worker] DEBUG com.jayway.jsonpath.internal.JsonContext - Put path $ key windowsVirtualKeyCode value 50
09:31:07.299 [Test worker] DEBUG com.jayway.jsonpath.internal.path.CompiledPath - Evaluating path: $
09:31:07.299 [Test worker] DEBUG com.intuit.karate.driver.chrome_1689566462788 - >> {"id":59,"sessionId":"768D055A1E18013891B145D656DF4446","method":"Input.dispatchKeyEvent","params":{"modifiers":0,"type":"char","text":"2","windowsVirtualKeyCode":50}}
09:31:07.303 [nioEventLoopGroup-2-1] DEBUG com.intuit.karate.driver.chrome_1689566462788 - << {"id":59,"result":{},"sessionId":"768D055A1E18013891B145D656DF4446"}
09:31:07.303 [nioEventLoopGroup-2-1] DEBUG com.jayway.jsonpath.internal.path.CompiledPath - Evaluating path: $
09:31:07.303 [Test worker] DEBUG com.jayway.jsonpath.internal.path.CompiledPath - Evaluating path: $['modifiers']
09:31:07.304 [Test worker] DEBUG com.jayway.jsonpath.internal.path.CompiledPath - Evaluating path: $
09:31:07.304 [Test worker] DEBUG com.jayway.jsonpath.internal.path.CompiledPath - Evaluating path: $
09:31:07.304 [Test worker] DEBUG com.jayway.jsonpath.internal.JsonContext - Put path $ key modifiers value {}
09:31:07.304 [Test worker] DEBUG com.jayway.jsonpath.internal.path.CompiledPath - Evaluating path: $
09:31:07.304 [Test worker] DEBUG com.jayway.jsonpath.internal.JsonContext - Put path $ key modifiers value 0
09:31:07.304 [Test worker] DEBUG com.jayway.jsonpath.internal.path.CompiledPath - Evaluating path: $['type']
09:31:07.304 [Test worker] DEBUG com.jayway.jsonpath.internal.path.CompiledPath - Evaluating path: $
09:31:07.304 [Test worker] DEBUG com.jayway.jsonpath.internal.path.CompiledPath - Evaluating path: $
09:31:07.304 [Test worker] DEBUG com.jayway.jsonpath.internal.JsonContext - Put path $ key type value {}
09:31:07.304 [Test worker] DEBUG com.jayway.jsonpath.internal.path.CompiledPath - Evaluating path: $
09:31:07.304 [Test worker] DEBUG com.jayway.jsonpath.internal.JsonContext - Put path $ key type value keyUp
09:31:07.304 [Test worker] DEBUG com.jayway.jsonpath.internal.path.CompiledPath - Evaluating path: $['text']
09:31:07.304 [Test worker] DEBUG com.jayway.jsonpath.internal.path.CompiledPath - Evaluating path: $
09:31:07.304 [Test worker] DEBUG com.jayway.jsonpath.internal.path.CompiledPath - Evaluating path: $
09:31:07.304 [Test worker] DEBUG com.jayway.jsonpath.internal.JsonContext - Put path $ key text value {}
09:31:07.304 [Test worker] DEBUG com.jayway.jsonpath.internal.path.CompiledPath - Evaluating path: $
09:31:07.304 [Test worker] DEBUG com.jayway.jsonpath.internal.JsonContext - Put path $ key text value 2
09:31:07.304 [Test worker] DEBUG com.jayway.jsonpath.internal.path.CompiledPath - Evaluating path: $['windowsVirtualKeyCode']
09:31:07.304 [Test worker] DEBUG com.jayway.jsonpath.internal.path.CompiledPath - Evaluating path: $
09:31:07.304 [Test worker] DEBUG com.jayway.jsonpath.internal.path.CompiledPath - Evaluating path: $
09:31:07.304 [Test worker] DEBUG com.jayway.jsonpath.internal.JsonContext - Put path $ key windowsVirtualKeyCode value {}
09:31:07.304 [Test worker] DEBUG com.jayway.jsonpath.internal.path.CompiledPath - Evaluating path: $
09:31:07.304 [Test worker] DEBUG com.jayway.jsonpath.internal.JsonContext - Put path $ key windowsVirtualKeyCode value 50
09:31:07.304 [Test worker] DEBUG com.jayway.jsonpath.internal.path.CompiledPath - Evaluating path: $
09:31:07.304 [Test worker] DEBUG com.intuit.karate.driver.chrome_1689566462788 - >> {"id":60,"sessionId":"768D055A1E18013891B145D656DF4446","method":"Input.dispatchKeyEvent","params":{"modifiers":0,"type":"keyUp","text":"2","windowsVirtualKeyCode":50}}
09:31:07.306 [nioEventLoopGroup-2-1] DEBUG com.intuit.karate.driver.chrome_1689566462788 - << {"id":60,"result":{},"sessionId":"768D055A1E18013891B145D656DF4446"}
09:31:07.306 [nioEventLoopGroup-2-1] DEBUG com.jayway.jsonpath.internal.path.CompiledPath - Evaluating path: $
09:31:07.307 [Test worker] DEBUG com.jayway.jsonpath.internal.path.CompiledPath - Evaluating path: $['modifiers']
09:31:07.307 [Test worker] DEBUG com.jayway.jsonpath.internal.path.CompiledPath - Evaluating path: $
09:31:07.307 [Test worker] DEBUG com.jayway.jsonpath.internal.path.CompiledPath - Evaluating path: $
09:31:07.307 [Test worker] DEBUG com.jayway.jsonpath.internal.JsonContext - Put path $ key modifiers value {}
09:31:07.307 [Test worker] DEBUG com.jayway.jsonpath.internal.path.CompiledPath - Evaluating path: $
09:31:07.307 [Test worker] DEBUG com.jayway.jsonpath.internal.JsonContext - Put path $ key modifiers value 0
09:31:07.307 [Test worker] DEBUG com.jayway.jsonpath.internal.path.CompiledPath - Evaluating path: $['type']
09:31:07.307 [Test worker] DEBUG com.jayway.jsonpath.internal.path.CompiledPath - Evaluating path: $
09:31:07.307 [Test worker] DEBUG com.jayway.jsonpath.internal.path.CompiledPath - Evaluating path: $
09:31:07.307 [Test worker] DEBUG com.jayway.jsonpath.internal.JsonContext - Put path $ key type value {}
09:31:07.307 [Test worker] DEBUG com.jayway.jsonpath.internal.path.CompiledPath - Evaluating path: $
09:31:07.307 [Test worker] DEBUG com.jayway.jsonpath.internal.JsonContext - Put path $ key type value rawKeyDown
09:31:07.307 [Test worker] DEBUG com.jayway.jsonpath.internal.path.CompiledPath - Evaluating path: $['text']
09:31:07.307 [Test worker] DEBUG com.jayway.jsonpath.internal.path.CompiledPath - Evaluating path: $
09:31:07.307 [Test worker] DEBUG com.jayway.jsonpath.internal.path.CompiledPath - Evaluating path: $
09:31:07.307 [Test worker] DEBUG com.jayway.jsonpath.internal.JsonContext - Put path $ key text value {}
09:31:07.307 [Test worker] DEBUG com.jayway.jsonpath.internal.path.CompiledPath - Evaluating path: $
09:31:07.307 [Test worker] DEBUG com.jayway.jsonpath.internal.JsonContext - Put path $ key text value 3
09:31:07.307 [Test worker] DEBUG com.jayway.jsonpath.internal.path.CompiledPath - Evaluating path: $['windowsVirtualKeyCode']
09:31:07.307 [Test worker] DEBUG com.jayway.jsonpath.internal.path.CompiledPath - Evaluating path: $
09:31:07.307 [Test worker] DEBUG com.jayway.jsonpath.internal.path.CompiledPath - Evaluating path: $
09:31:07.307 [Test worker] DEBUG com.jayway.jsonpath.internal.JsonContext - Put path $ key windowsVirtualKeyCode value {}
09:31:07.307 [Test worker] DEBUG com.jayway.jsonpath.internal.path.CompiledPath - Evaluating path: $
09:31:07.307 [Test worker] DEBUG com.jayway.jsonpath.internal.JsonContext - Put path $ key windowsVirtualKeyCode value 51
09:31:07.307 [Test worker] DEBUG com.jayway.jsonpath.internal.path.CompiledPath - Evaluating path: $
09:31:07.307 [Test worker] DEBUG com.intuit.karate.driver.chrome_1689566462788 - >> {"id":61,"sessionId":"768D055A1E18013891B145D656DF4446","method":"Input.dispatchKeyEvent","params":{"modifiers":0,"type":"rawKeyDown","text":"3","windowsVirtualKeyCode":51}}
09:31:07.310 [nioEventLoopGroup-2-1] DEBUG com.intuit.karate.driver.chrome_1689566462788 - << {"id":61,"result":{},"sessionId":"768D055A1E18013891B145D656DF4446"}
09:31:07.310 [nioEventLoopGroup-2-1] DEBUG com.jayway.jsonpath.internal.path.CompiledPath - Evaluating path: $
09:31:07.310 [Test worker] DEBUG com.jayway.jsonpath.internal.path.CompiledPath - Evaluating path: $['modifiers']
09:31:07.310 [Test worker] DEBUG com.jayway.jsonpath.internal.path.CompiledPath - Evaluating path: $
09:31:07.310 [Test worker] DEBUG com.jayway.jsonpath.internal.path.CompiledPath - Evaluating path: $
09:31:07.310 [Test worker] DEBUG com.jayway.jsonpath.internal.JsonContext - Put path $ key modifiers value {}
09:31:07.310 [Test worker] DEBUG com.jayway.jsonpath.internal.path.CompiledPath - Evaluating path: $
09:31:07.310 [Test worker] DEBUG com.jayway.jsonpath.internal.JsonContext - Put path $ key modifiers value 0
09:31:07.310 [Test worker] DEBUG com.jayway.jsonpath.internal.path.CompiledPath - Evaluating path: $['type']
09:31:07.310 [Test worker] DEBUG com.jayway.jsonpath.internal.path.CompiledPath - Evaluating path: $
09:31:07.310 [Test worker] DEBUG com.jayway.jsonpath.internal.path.CompiledPath - Evaluating path: $
09:31:07.310 [Test worker] DEBUG com.jayway.jsonpath.internal.JsonContext - Put path $ key type value {}
09:31:07.310 [Test worker] DEBUG com.jayway.jsonpath.internal.path.CompiledPath - Evaluating path: $
09:31:07.310 [Test worker] DEBUG com.jayway.jsonpath.internal.JsonContext - Put path $ key type value char
09:31:07.310 [Test worker] DEBUG com.jayway.jsonpath.internal.path.CompiledPath - Evaluating path: $['text']
09:31:07.310 [Test worker] DEBUG com.jayway.jsonpath.internal.path.CompiledPath - Evaluating path: $
09:31:07.310 [Test worker] DEBUG com.jayway.jsonpath.internal.path.CompiledPath - Evaluating path: $
09:31:07.310 [Test worker] DEBUG com.jayway.jsonpath.internal.JsonContext - Put path $ key text value {}
09:31:07.310 [Test worker] DEBUG com.jayway.jsonpath.internal.path.CompiledPath - Evaluating path: $
09:31:07.310 [Test worker] DEBUG com.jayway.jsonpath.internal.JsonContext - Put path $ key text value 3
09:31:07.310 [Test worker] DEBUG com.jayway.jsonpath.internal.path.CompiledPath - Evaluating path: $['windowsVirtualKeyCode']
09:31:07.310 [Test worker] DEBUG com.jayway.jsonpath.internal.path.CompiledPath - Evaluating path: $
09:31:07.310 [Test worker] DEBUG com.jayway.jsonpath.internal.path.CompiledPath - Evaluating path: $
09:31:07.310 [Test worker] DEBUG com.jayway.jsonpath.internal.JsonContext - Put path $ key windowsVirtualKeyCode value {}
09:31:07.310 [Test worker] DEBUG com.jayway.jsonpath.internal.path.CompiledPath - Evaluating path: $
09:31:07.310 [Test worker] DEBUG com.jayway.jsonpath.internal.JsonContext - Put path $ key windowsVirtualKeyCode value 51
09:31:07.310 [Test worker] DEBUG com.jayway.jsonpath.internal.path.CompiledPath - Evaluating path: $
09:31:07.310 [Test worker] DEBUG com.intuit.karate.driver.chrome_1689566462788 - >> {"id":62,"sessionId":"768D055A1E18013891B145D656DF4446","method":"Input.dispatchKeyEvent","params":{"modifiers":0,"type":"char","text":"3","windowsVirtualKeyCode":51}}
09:31:07.315 [nioEventLoopGroup-2-1] DEBUG com.intuit.karate.driver.chrome_1689566462788 - << {"id":62,"result":{},"sessionId":"768D055A1E18013891B145D656DF4446"}
09:31:07.315 [nioEventLoopGroup-2-1] DEBUG com.jayway.jsonpath.internal.path.CompiledPath - Evaluating path: $
09:31:07.316 [Test worker] DEBUG com.jayway.jsonpath.internal.path.CompiledPath - Evaluating path: $['modifiers']
09:31:07.317 [Test worker] DEBUG com.jayway.jsonpath.internal.path.CompiledPath - Evaluating path: $
09:31:07.317 [Test worker] DEBUG com.jayway.jsonpath.internal.path.CompiledPath - Evaluating path: $
09:31:07.317 [Test worker] DEBUG com.jayway.jsonpath.internal.JsonContext - Put path $ key modifiers value {}
09:31:07.317 [Test worker] DEBUG com.jayway.jsonpath.internal.path.CompiledPath - Evaluating path: $
09:31:07.317 [Test worker] DEBUG com.jayway.jsonpath.internal.JsonContext - Put path $ key modifiers value 0
09:31:07.317 [Test worker] DEBUG com.jayway.jsonpath.internal.path.CompiledPath - Evaluating path: $['type']
09:31:07.317 [Test worker] DEBUG com.jayway.jsonpath.internal.path.CompiledPath - Evaluating path: $
09:31:07.317 [Test worker] DEBUG com.jayway.jsonpath.internal.path.CompiledPath - Evaluating path: $
09:31:07.317 [Test worker] DEBUG com.jayway.jsonpath.internal.JsonContext - Put path $ key type value {}
09:31:07.317 [Test worker] DEBUG com.jayway.jsonpath.internal.path.CompiledPath - Evaluating path: $
09:31:07.317 [Test worker] DEBUG com.jayway.jsonpath.internal.JsonContext - Put path $ key type value keyUp
09:31:07.317 [Test worker] DEBUG com.jayway.jsonpath.internal.path.CompiledPath - Evaluating path: $['text']
09:31:07.317 [Test worker] DEBUG com.jayway.jsonpath.internal.path.CompiledPath - Evaluating path: $
09:31:07.317 [Test worker] DEBUG com.jayway.jsonpath.internal.path.CompiledPath - Evaluating path: $
09:31:07.317 [Test worker] DEBUG com.jayway.jsonpath.internal.JsonContext - Put path $ key text value {}
09:31:07.317 [Test worker] DEBUG com.jayway.jsonpath.internal.path.CompiledPath - Evaluating path: $
09:31:07.317 [Test worker] DEBUG com.jayway.jsonpath.internal.JsonContext - Put path $ key text value 3
09:31:07.317 [Test worker] DEBUG com.jayway.jsonpath.internal.path.CompiledPath - Evaluating path: $['windowsVirtualKeyCode']
09:31:07.317 [Test worker] DEBUG com.jayway.jsonpath.internal.path.CompiledPath - Evaluating path: $
09:31:07.317 [Test worker] DEBUG com.jayway.jsonpath.internal.path.CompiledPath - Evaluating path: $
09:31:07.318 [Test worker] DEBUG com.jayway.jsonpath.internal.JsonContext - Put path $ key windowsVirtualKeyCode value {}
09:31:07.318 [Test worker] DEBUG com.jayway.jsonpath.internal.path.CompiledPath - Evaluating path: $
09:31:07.318 [Test worker] DEBUG com.jayway.jsonpath.internal.JsonContext - Put path $ key windowsVirtualKeyCode value 51
09:31:07.318 [Test worker] DEBUG com.jayway.jsonpath.internal.path.CompiledPath - Evaluating path: $
09:31:07.318 [Test worker] DEBUG com.intuit.karate.driver.chrome_1689566462788 - >> {"id":63,"sessionId":"768D055A1E18013891B145D656DF4446","method":"Input.dispatchKeyEvent","params":{"modifiers":0,"type":"keyUp","text":"3","windowsVirtualKeyCode":51}}
09:31:07.320 [nioEventLoopGroup-2-1] DEBUG com.intuit.karate.driver.chrome_1689566462788 - << {"id":63,"result":{},"sessionId":"768D055A1E18013891B145D656DF4446"}
09:31:07.320 [nioEventLoopGroup-2-1] DEBUG com.jayway.jsonpath.internal.path.CompiledPath - Evaluating path: $
09:31:07.334 [Test worker] DEBUG com.jayway.jsonpath.internal.path.CompiledPath - Evaluating path: $['expression']
09:31:07.334 [Test worker] DEBUG com.jayway.jsonpath.internal.path.CompiledPath - Evaluating path: $
09:31:07.334 [Test worker] DEBUG com.jayway.jsonpath.internal.path.CompiledPath - Evaluating path: $
09:31:07.334 [Test worker] DEBUG com.jayway.jsonpath.internal.JsonContext - Put path $ key expression value {}
09:31:07.334 [Test worker] DEBUG com.jayway.jsonpath.internal.path.CompiledPath - Evaluating path: $
09:31:07.334 [Test worker] DEBUG com.jayway.jsonpath.internal.JsonContext - Put path $ key expression value (document.evaluate("//button[@id='submit']", document, null, 9, null).singleNodeValue != null)
09:31:07.334 [Test worker] DEBUG com.jayway.jsonpath.internal.path.CompiledPath - Evaluating path: $['returnByValue']
09:31:07.334 [Test worker] DEBUG com.jayway.jsonpath.internal.path.CompiledPath - Evaluating path: $
09:31:07.335 [Test worker] DEBUG com.jayway.jsonpath.internal.path.CompiledPath - Evaluating path: $
09:31:07.335 [Test worker] DEBUG com.jayway.jsonpath.internal.JsonContext - Put path $ key returnByValue value {}
09:31:07.335 [Test worker] DEBUG com.jayway.jsonpath.internal.path.CompiledPath - Evaluating path: $
09:31:07.335 [Test worker] DEBUG com.jayway.jsonpath.internal.JsonContext - Put path $ key returnByValue value true
09:31:07.335 [Test worker] DEBUG com.jayway.jsonpath.internal.path.CompiledPath - Evaluating path: $
09:31:07.335 [Test worker] DEBUG com.intuit.karate.driver.chrome_1689566462788 - >> {"id":64,"sessionId":"768D055A1E18013891B145D656DF4446","method":"Runtime.evaluate","params":{"expression":"(document.evaluate(\"\/\/button[@id='submit']\", document, null, 9, null).singleNodeValue != null)","returnByValue":true}}
09:31:07.337 [nioEventLoopGroup-2-1] DEBUG com.intuit.karate.driver.chrome_1689566462788 - << {"id":64,"result":{"result":{"type":"boolean","value":true}},"sessionId":"768D055A1E18013891B145D656DF4446"}
09:31:07.337 [nioEventLoopGroup-2-1] DEBUG com.jayway.jsonpath.internal.path.CompiledPath - Evaluating path: $
09:31:07.340 [Test worker] DEBUG com.jayway.jsonpath.internal.path.CompiledPath - Evaluating path: $['expression']
09:31:07.341 [Test worker] DEBUG com.jayway.jsonpath.internal.path.CompiledPath - Evaluating path: $
09:31:07.341 [Test worker] DEBUG com.jayway.jsonpath.internal.path.CompiledPath - Evaluating path: $
09:31:07.341 [Test worker] DEBUG com.jayway.jsonpath.internal.JsonContext - Put path $ key expression value {}
09:31:07.341 [Test worker] DEBUG com.jayway.jsonpath.internal.path.CompiledPath - Evaluating path: $
09:31:07.341 [Test worker] DEBUG com.jayway.jsonpath.internal.JsonContext - Put path $ key expression value document.evaluate("//button[@id='submit']", document, null, 9, null).singleNodeValue.click()
09:31:07.341 [Test worker] DEBUG com.jayway.jsonpath.internal.path.CompiledPath - Evaluating path: $['returnByValue']
09:31:07.341 [Test worker] DEBUG com.jayway.jsonpath.internal.path.CompiledPath - Evaluating path: $
09:31:07.341 [Test worker] DEBUG com.jayway.jsonpath.internal.path.CompiledPath - Evaluating path: $
09:31:07.341 [Test worker] DEBUG com.jayway.jsonpath.internal.JsonContext - Put path $ key returnByValue value {}
09:31:07.341 [Test worker] DEBUG com.jayway.jsonpath.internal.path.CompiledPath - Evaluating path: $
09:31:07.341 [Test worker] DEBUG com.jayway.jsonpath.internal.JsonContext - Put path $ key returnByValue value true
09:31:07.341 [Test worker] DEBUG com.jayway.jsonpath.internal.path.CompiledPath - Evaluating path: $
09:31:07.341 [Test worker] DEBUG com.intuit.karate.driver.chrome_1689566462788 - >> {"id":65,"sessionId":"768D055A1E18013891B145D656DF4446","method":"Runtime.evaluate","params":{"expression":"document.evaluate(\"\/\/button[@id='submit']\", document, null, 9, null).singleNodeValue.click()","returnByValue":true}}
09:31:07.344 [nioEventLoopGroup-2-1] DEBUG com.intuit.karate.driver.chrome_1689566462788 - << {"method":"Page.frameScheduledNavigation","params":{"frameId":"A50641084A8A3045F96F34C59356E0BE","delay":0,"reason":"scriptInitiated","url":"https://practicetestautomation.com/logged-in-successfully"},"sessionId":"768D055A1E18013891B145D656DF4446"}
09:31:07.344 [nioEventLoopGroup-2-1] DEBUG com.jayway.jsonpath.internal.path.CompiledPath - Evaluating path: $
09:31:07.344 [nioEventLoopGroup-2-1] DEBUG com.intuit.karate.driver.chrome_1689566462788 - << {"method":"Page.frameRequestedNavigation","params":{"frameId":"A50641084A8A3045F96F34C59356E0BE","reason":"scriptInitiated","url":"https://practicetestautomation.com/logged-in-successfully","disposition":"currentTab"},"sessionId":"768D055A1E18013891B145D656DF4446"}
09:31:07.345 [nioEventLoopGroup-2-1] DEBUG com.jayway.jsonpath.internal.path.CompiledPath - Evaluating path: $
09:31:07.345 [nioEventLoopGroup-2-1] DEBUG com.intuit.karate.driver.chrome_1689566462788 - << {"method":"Page.frameStartedLoading","params":{"frameId":"A50641084A8A3045F96F34C59356E0BE"},"sessionId":"768D055A1E18013891B145D656DF4446"}
09:31:07.345 [nioEventLoopGroup-2-1] DEBUG com.jayway.jsonpath.internal.path.CompiledPath - Evaluating path: $
09:31:07.345 [nioEventLoopGroup-2-1] DEBUG com.jayway.jsonpath.internal.path.CompiledPath - Evaluating path: $['frameId']
09:31:07.350 [nioEventLoopGroup-2-1] DEBUG com.intuit.karate.driver.chrome_1689566462788 - << {"method":"Page.frameClearedScheduledNavigation","params":{"frameId":"A50641084A8A3045F96F34C59356E0BE"},"sessionId":"768D055A1E18013891B145D656DF4446"}
09:31:07.352 [nioEventLoopGroup-2-1] DEBUG com.jayway.jsonpath.internal.path.CompiledPath - Evaluating path: $
09:31:07.352 [nioEventLoopGroup-2-1] DEBUG com.intuit.karate.driver.chrome_1689566462788 - << {"id":65,"result":{"result":{"type":"undefined"}},"sessionId":"768D055A1E18013891B145D656DF4446"}
09:31:07.352 [nioEventLoopGroup-2-1] DEBUG com.jayway.jsonpath.internal.path.CompiledPath - Evaluating path: $
09:31:07.358 [Test worker] DEBUG com.jayway.jsonpath.internal.path.CompiledPath - Evaluating path: $['expression']
09:31:07.358 [Test worker] DEBUG com.jayway.jsonpath.internal.path.CompiledPath - Evaluating path: $
09:31:07.358 [Test worker] DEBUG com.jayway.jsonpath.internal.path.CompiledPath - Evaluating path: $
09:31:07.358 [Test worker] DEBUG com.jayway.jsonpath.internal.JsonContext - Put path $ key expression value {}
09:31:07.358 [Test worker] DEBUG com.jayway.jsonpath.internal.path.CompiledPath - Evaluating path: $
09:31:07.358 [Test worker] DEBUG com.jayway.jsonpath.internal.JsonContext - Put path $ key expression value (document.evaluate("//img[@alt='Practice Test Automation']", document, null, 9, null).singleNodeValue != null)
09:31:07.358 [Test worker] DEBUG com.jayway.jsonpath.internal.path.CompiledPath - Evaluating path: $['returnByValue']
09:31:07.358 [Test worker] DEBUG com.jayway.jsonpath.internal.path.CompiledPath - Evaluating path: $
09:31:07.358 [Test worker] DEBUG com.jayway.jsonpath.internal.path.CompiledPath - Evaluating path: $
09:31:07.359 [Test worker] DEBUG com.jayway.jsonpath.internal.JsonContext - Put path $ key returnByValue value {}
09:31:07.359 [Test worker] DEBUG com.jayway.jsonpath.internal.path.CompiledPath - Evaluating path: $
09:31:07.359 [Test worker] DEBUG com.jayway.jsonpath.internal.JsonContext - Put path $ key returnByValue value true
09:31:07.359 [Test worker] DEBUG com.jayway.jsonpath.internal.path.CompiledPath - Evaluating path: $
09:31:07.359 [Test worker] DEBUG com.intuit.karate.driver.chrome_1689566462788 - >> {"id":66,"sessionId":"768D055A1E18013891B145D656DF4446","method":"Runtime.evaluate","params":{"expression":"(document.evaluate(\"\/\/img[@alt='Practice Test Automation']\", document, null, 9, null).singleNodeValue != null)","returnByValue":true}}
09:31:07.456 [nioEventLoopGroup-2-1] DEBUG com.intuit.karate.driver.chrome_1689566462788 - << {"method":"Target.targetCreated","params":{"targetInfo":{"targetId":"EC7548E3DD1B4AF1B8D64FFD8AA42069","type":"service_worker","title":"Service Worker chrome-extension://ghbmnnjooekpmoecnnnilnnbdlolhkhi/service_worker_bin_prod.js","url":"chrome-extension://ghbmnnjooekpmoecnnnilnnbdlolhkhi/service_worker_bin_prod.js","attached":false,"canAccessOpener":false,"browserContextId":"B146C7525AAC3D778664D5746295829C"}},"sessionId":"768D055A1E18013891B145D656DF4446"}
09:31:07.456 [nioEventLoopGroup-2-1] DEBUG com.jayway.jsonpath.internal.path.CompiledPath - Evaluating path: $
09:31:08.749 [nioEventLoopGroup-2-1] DEBUG com.intuit.karate.driver.chrome_1689566462788 - << {"method":"Runtime.executionContextsCleared","params":{},"sessionId":"768D055A1E18013891B145D656DF4446"}
09:31:08.750 [nioEventLoopGroup-2-1] DEBUG com.jayway.jsonpath.internal.path.CompiledPath - Evaluating path: $
09:31:08.756 [nioEventLoopGroup-2-1] DEBUG com.intuit.karate.driver.chrome_1689566462788 - << {"method":"Page.frameStartedLoading","params":{"frameId":"A50641084A8A3045F96F34C59356E0BE"},"sessionId":"768D055A1E18013891B145D656DF4446"}
09:31:08.757 [nioEventLoopGroup-2-1] DEBUG com.jayway.jsonpath.internal.path.CompiledPath - Evaluating path: $
09:31:08.757 [nioEventLoopGroup-2-1] DEBUG com.jayway.jsonpath.internal.path.CompiledPath - Evaluating path: $['frameId']
09:31:08.763 [nioEventLoopGroup-2-1] DEBUG com.intuit.karate.driver.chrome_1689566462788 - << {"method":"Target.targetInfoChanged","params":{"targetInfo":{"targetId":"A50641084A8A3045F96F34C59356E0BE","type":"page","title":"practicetestautomation.com/logged-in-successfully/","url":"https://practicetestautomation.com/logged-in-successfully/","attached":true,"canAccessOpener":false,"browserContextId":"B146C7525AAC3D778664D5746295829C"}},"sessionId":"768D055A1E18013891B145D656DF4446"}
09:31:08.763 [nioEventLoopGroup-2-1] DEBUG com.jayway.jsonpath.internal.path.CompiledPath - Evaluating path: $
09:31:08.763 [nioEventLoopGroup-2-1] DEBUG com.jayway.jsonpath.internal.path.CompiledPath - Evaluating path: $['targetInfo']['targetId']
09:31:08.765 [nioEventLoopGroup-2-1] DEBUG com.intuit.karate.driver.chrome_1689566462788 - << {"method":"Runtime.executionContextsCleared","params":{},"sessionId":"768D055A1E18013891B145D656DF4446"}
09:31:08.765 [nioEventLoopGroup-2-1] DEBUG com.jayway.jsonpath.internal.path.CompiledPath - Evaluating path: $
09:31:08.765 [nioEventLoopGroup-2-1] DEBUG com.intuit.karate.driver.chrome_1689566462788 - << {"method":"Page.frameNavigated","params":{"frame":{"id":"A50641084A8A3045F96F34C59356E0BE","loaderId":"33D6AECA823C73E67443638822B5E098","url":"https://practicetestautomation.com/logged-in-successfully/","domainAndRegistry":"practicetestautomation.com","securityOrigin":"https://practicetestautomation.com","mimeType":"text/html","adFrameStatus":{"adFrameType":"none"},"secureContextType":"Secure","crossOriginIsolatedContextType":"NotIsolated","gatedAPIFeatures":[]},"type":"Navigation"},"sessionId":"768D055A1E18013891B145D656DF4446"}
09:31:08.765 [nioEventLoopGroup-2-1] DEBUG com.jayway.jsonpath.internal.path.CompiledPath - Evaluating path: $
09:31:08.765 [nioEventLoopGroup-2-1] DEBUG com.jayway.jsonpath.internal.path.CompiledPath - Evaluating path: $['frame']['id']
09:31:08.765 [nioEventLoopGroup-2-1] DEBUG com.jayway.jsonpath.internal.path.CompiledPath - Evaluating path: $['frame']['url']
09:31:08.765 [nioEventLoopGroup-2-1] DEBUG com.jayway.jsonpath.internal.path.CompiledPath - Evaluating path: $['frame']['name']
09:31:08.766 [nioEventLoopGroup-2-1] DEBUG com.intuit.karate.driver.chrome_1689566462788 - << {"method":"Runtime.executionContextCreated","params":{"context":{"id":2,"origin":"https://practicetestautomation.com","name":"","uniqueId":"-8148680390626079134.3010317765391401003","auxData":{"isDefault":true,"type":"default","frameId":"A50641084A8A3045F96F34C59356E0BE"}}},"sessionId":"768D055A1E18013891B145D656DF4446"}
09:31:08.766 [nioEventLoopGroup-2-1] DEBUG com.jayway.jsonpath.internal.path.CompiledPath - Evaluating path: $
09:31:08.766 [nioEventLoopGroup-2-1] DEBUG com.jayway.jsonpath.internal.path.CompiledPath - Evaluating path: $['context']['auxData']['frameId']
09:31:08.766 [nioEventLoopGroup-2-1] DEBUG com.jayway.jsonpath.internal.path.CompiledPath - Evaluating path: $['context']['id']
09:31:08.792 [nioEventLoopGroup-2-1] DEBUG com.intuit.karate.driver.chrome_1689566462788 - << {"method":"Runtime.consoleAPICalled","params":{"type":"log","args":[{"type":"string","value":"JQMIGRATE: Migrate is installed, version 3.4.0"}],"executionContextId":2,"timestamp":1.689566468791543e+12,"stackTrace":{"callFrames":[{"functionName":"","scriptId":"9","url":"https://practicetestautomation.com/wp-includes/js/jquery/jquery-migrate.min.js?ver=3.4.0","lineNumber":1,"columnNumber":969},{"functionName":"","scriptId":"9","url":"https://practicetestautomation.com/wp-includes/js/jquery/jquery-migrate.min.js?ver=3.4.0","lineNumber":1,"columnNumber":261},{"functionName":"","scriptId":"9","url":"https://practicetestautomation.com/wp-includes/js/jquery/jquery-migrate.min.js?ver=3.4.0","lineNumber":1,"columnNumber":278}]}},"sessionId":"768D055A1E18013891B145D656DF4446"}
09:31:08.792 [nioEventLoopGroup-2-1] DEBUG com.jayway.jsonpath.internal.path.CompiledPath - Evaluating path: $
09:31:08.792 [nioEventLoopGroup-2-1] DEBUG com.jayway.jsonpath.internal.path.CompiledPath - Evaluating path: $['args'][*]['value']
09:31:08.792 [nioEventLoopGroup-2-1] DEBUG com.intuit.karate.driver.chrome_1689566462788 - [console] JQMIGRATE: Migrate is installed, version 3.4.0
09:31:08.807 [nioEventLoopGroup-2-1] DEBUG com.intuit.karate.driver.chrome_1689566462788 - << {"id":66,"result":{"result":{"type":"boolean","value":false}},"sessionId":"768D055A1E18013891B145D656DF4446"}
09:31:08.808 [nioEventLoopGroup-2-1] DEBUG com.jayway.jsonpath.internal.path.CompiledPath - Evaluating path: $
09:31:08.808 [Test worker] DEBUG com.intuit.karate.driver.DriverOptions - waitUntil (js) - retry #1
09:31:08.817 [nioEventLoopGroup-2-1] DEBUG com.intuit.karate.driver.chrome_1689566462788 - << {"method":"Page.domContentEventFired","params":{"timestamp":68840.650563},"sessionId":"768D055A1E18013891B145D656DF4446"}
09:31:08.817 [nioEventLoopGroup-2-1] DEBUG com.jayway.jsonpath.internal.path.CompiledPath - Evaluating path: $
09:31:08.906 [nioEventLoopGroup-2-1] DEBUG com.intuit.karate.driver.chrome_1689566462788 - << {"method":"Page.loadEventFired","params":{"timestamp":68840.72796},"sessionId":"768D055A1E18013891B145D656DF4446"}
09:31:08.906 [nioEventLoopGroup-2-1] DEBUG com.jayway.jsonpath.internal.path.CompiledPath - Evaluating path: $
09:31:08.906 [nioEventLoopGroup-2-1] DEBUG com.intuit.karate.driver.chrome_1689566462788 - << {"method":"Page.frameStoppedLoading","params":{"frameId":"A50641084A8A3045F96F34C59356E0BE"},"sessionId":"768D055A1E18013891B145D656DF4446"}
09:31:08.906 [nioEventLoopGroup-2-1] DEBUG com.jayway.jsonpath.internal.path.CompiledPath - Evaluating path: $
09:31:08.907 [nioEventLoopGroup-2-1] DEBUG com.jayway.jsonpath.internal.path.CompiledPath - Evaluating path: $['frameId']
09:31:11.811 [Test worker] DEBUG com.jayway.jsonpath.internal.path.CompiledPath - Evaluating path: $['expression']
09:31:11.811 [Test worker] DEBUG com.jayway.jsonpath.internal.path.CompiledPath - Evaluating path: $
09:31:11.811 [Test worker] DEBUG com.jayway.jsonpath.internal.path.CompiledPath - Evaluating path: $
09:31:11.811 [Test worker] DEBUG com.jayway.jsonpath.internal.JsonContext - Put path $ key expression value {}
09:31:11.811 [Test worker] DEBUG com.jayway.jsonpath.internal.path.CompiledPath - Evaluating path: $
09:31:11.811 [Test worker] DEBUG com.jayway.jsonpath.internal.JsonContext - Put path $ key expression value (document.evaluate("//img[@alt='Practice Test Automation']", document, null, 9, null).singleNodeValue != null)
09:31:11.811 [Test worker] DEBUG com.jayway.jsonpath.internal.path.CompiledPath - Evaluating path: $['returnByValue']
09:31:11.811 [Test worker] DEBUG com.jayway.jsonpath.internal.path.CompiledPath - Evaluating path: $
09:31:11.811 [Test worker] DEBUG com.jayway.jsonpath.internal.path.CompiledPath - Evaluating path: $
09:31:11.811 [Test worker] DEBUG com.jayway.jsonpath.internal.JsonContext - Put path $ key returnByValue value {}
09:31:11.811 [Test worker] DEBUG com.jayway.jsonpath.internal.path.CompiledPath - Evaluating path: $
09:31:11.811 [Test worker] DEBUG com.jayway.jsonpath.internal.JsonContext - Put path $ key returnByValue value true
09:31:11.812 [Test worker] DEBUG com.jayway.jsonpath.internal.path.CompiledPath - Evaluating path: $
09:31:11.812 [Test worker] DEBUG com.intuit.karate.driver.chrome_1689566462788 - >> {"id":67,"sessionId":"768D055A1E18013891B145D656DF4446","method":"Runtime.evaluate","params":{"expression":"(document.evaluate(\"\/\/img[@alt='Practice Test Automation']\", document, null, 9, null).singleNodeValue != null)","returnByValue":true}}
09:31:11.815 [nioEventLoopGroup-2-1] DEBUG com.intuit.karate.driver.chrome_1689566462788 - << {"id":67,"result":{"result":{"type":"boolean","value":true}},"sessionId":"768D055A1E18013891B145D656DF4446"}
09:31:11.815 [nioEventLoopGroup-2-1] DEBUG com.jayway.jsonpath.internal.path.CompiledPath - Evaluating path: $
09:31:11.816 [Test worker] DEBUG com.jayway.jsonpath.internal.path.CompiledPath - Evaluating path: $['expression']
09:31:11.816 [Test worker] DEBUG com.jayway.jsonpath.internal.path.CompiledPath - Evaluating path: $
09:31:11.816 [Test worker] DEBUG com.jayway.jsonpath.internal.path.CompiledPath - Evaluating path: $
09:31:11.816 [Test worker] DEBUG com.jayway.jsonpath.internal.JsonContext - Put path $ key expression value {}
09:31:11.816 [Test worker] DEBUG com.jayway.jsonpath.internal.path.CompiledPath - Evaluating path: $
09:31:11.816 [Test worker] DEBUG com.jayway.jsonpath.internal.JsonContext - Put path $ key expression value document.evaluate("//img[@alt='Practice Test Automation']", document, null, 9, null).singleNodeValue.click()
09:31:11.816 [Test worker] DEBUG com.jayway.jsonpath.internal.path.CompiledPath - Evaluating path: $['returnByValue']
09:31:11.816 [Test worker] DEBUG com.jayway.jsonpath.internal.path.CompiledPath - Evaluating path: $
09:31:11.816 [Test worker] DEBUG com.jayway.jsonpath.internal.path.CompiledPath - Evaluating path: $
09:31:11.816 [Test worker] DEBUG com.jayway.jsonpath.internal.JsonContext - Put path $ key returnByValue value {}
09:31:11.816 [Test worker] DEBUG com.jayway.jsonpath.internal.path.CompiledPath - Evaluating path: $
09:31:11.816 [Test worker] DEBUG com.jayway.jsonpath.internal.JsonContext - Put path $ key returnByValue value true
09:31:11.816 [Test worker] DEBUG com.jayway.jsonpath.internal.path.CompiledPath - Evaluating path: $
09:31:11.817 [Test worker] DEBUG com.intuit.karate.driver.chrome_1689566462788 - >> {"id":68,"sessionId":"768D055A1E18013891B145D656DF4446","method":"Runtime.evaluate","params":{"expression":"document.evaluate(\"\/\/img[@alt='Practice Test Automation']\", document, null, 9, null).singleNodeValue.click()","returnByValue":true}}
09:31:11.824 [nioEventLoopGroup-2-1] DEBUG com.intuit.karate.driver.chrome_1689566462788 - << {"method":"Page.frameScheduledNavigation","params":{"frameId":"A50641084A8A3045F96F34C59356E0BE","delay":0,"reason":"anchorClick","url":"https://practicetestautomation.com/"},"sessionId":"768D055A1E18013891B145D656DF4446"}
09:31:11.824 [nioEventLoopGroup-2-1] DEBUG com.jayway.jsonpath.internal.path.CompiledPath - Evaluating path: $
09:31:11.824 [nioEventLoopGroup-2-1] DEBUG com.intuit.karate.driver.chrome_1689566462788 - << {"method":"Page.frameRequestedNavigation","params":{"frameId":"A50641084A8A3045F96F34C59356E0BE","reason":"anchorClick","url":"https://practicetestautomation.com/","disposition":"currentTab"},"sessionId":"768D055A1E18013891B145D656DF4446"}
09:31:11.824 [nioEventLoopGroup-2-1] DEBUG com.jayway.jsonpath.internal.path.CompiledPath - Evaluating path: $
09:31:11.824 [nioEventLoopGroup-2-1] DEBUG com.intuit.karate.driver.chrome_1689566462788 - << {"method":"Page.frameStartedLoading","params":{"frameId":"A50641084A8A3045F96F34C59356E0BE"},"sessionId":"768D055A1E18013891B145D656DF4446"}
09:31:11.824 [nioEventLoopGroup-2-1] DEBUG com.jayway.jsonpath.internal.path.CompiledPath - Evaluating path: $
09:31:11.824 [nioEventLoopGroup-2-1] DEBUG com.jayway.jsonpath.internal.path.CompiledPath - Evaluating path: $['frameId']
09:31:11.829 [nioEventLoopGroup-2-1] DEBUG com.intuit.karate.driver.chrome_1689566462788 - << {"method":"Page.frameClearedScheduledNavigation","params":{"frameId":"A50641084A8A3045F96F34C59356E0BE"},"sessionId":"768D055A1E18013891B145D656DF4446"}
09:31:11.829 [nioEventLoopGroup-2-1] DEBUG com.jayway.jsonpath.internal.path.CompiledPath - Evaluating path: $
09:31:11.829 [nioEventLoopGroup-2-1] DEBUG com.intuit.karate.driver.chrome_1689566462788 - << {"id":68,"result":{"result":{"type":"undefined"}},"sessionId":"768D055A1E18013891B145D656DF4446"}
09:31:11.829 [nioEventLoopGroup-2-1] DEBUG com.jayway.jsonpath.internal.path.CompiledPath - Evaluating path: $
09:31:11.831 [Test worker] DEBUG com.jayway.jsonpath.internal.path.CompiledPath - Evaluating path: $['url']
09:31:11.831 [Test worker] DEBUG com.jayway.jsonpath.internal.path.CompiledPath - Evaluating path: $
09:31:11.831 [Test worker] DEBUG com.jayway.jsonpath.internal.path.CompiledPath - Evaluating path: $
09:31:11.831 [Test worker] DEBUG com.jayway.jsonpath.internal.JsonContext - Put path $ key url value {}
09:31:11.831 [Test worker] DEBUG com.jayway.jsonpath.internal.path.CompiledPath - Evaluating path: $
09:31:11.831 [Test worker] DEBUG com.jayway.jsonpath.internal.JsonContext - Put path $ key url value body > div:nth-child(10) > div:nth-child(1) > section:nth-child(2) > div:nth-child(1) > div:nth-child(1) > article:nth-child(1) > div:nth-child(1)
09:31:11.831 [Test worker] DEBUG com.jayway.jsonpath.internal.path.CompiledPath - Evaluating path: $
09:31:11.832 [Test worker] DEBUG com.intuit.karate.driver.chrome_1689566462788 - >> {"id":69,"sessionId":"768D055A1E18013891B145D656DF4446","method":"Page.navigate","params":{"url":"body > div:nth-child(10) > div:nth-child(1) > section:nth-child(2) > div:nth-child(1) > div:nth-child(1) > article:nth-child(1) > div:nth-child(1)"}}
09:31:11.833 [nioEventLoopGroup-2-1] DEBUG com.intuit.karate.driver.chrome_1689566462788 - << {"id":69,"error":{"code":-32000,"message":"Cannot navigate to invalid URL"},"sessionId":"768D055A1E18013891B145D656DF4446"}
09:31:11.833 [nioEventLoopGroup-2-1] DEBUG com.jayway.jsonpath.internal.path.CompiledPath - Evaluating path: $
09:31:12.236 [nioEventLoopGroup-2-1] DEBUG com.intuit.karate.driver.chrome_1689566462788 - << {"method":"Runtime.executionContextsCleared","params":{},"sessionId":"768D055A1E18013891B145D656DF4446"}
09:31:12.236 [nioEventLoopGroup-2-1] DEBUG com.jayway.jsonpath.internal.path.CompiledPath - Evaluating path: $
09:31:12.242 [nioEventLoopGroup-2-1] DEBUG com.intuit.karate.driver.chrome_1689566462788 - << {"method":"Page.frameStartedLoading","params":{"frameId":"A50641084A8A3045F96F34C59356E0BE"},"sessionId":"768D055A1E18013891B145D656DF4446"}
09:31:12.242 [nioEventLoopGroup-2-1] DEBUG com.jayway.jsonpath.internal.path.CompiledPath - Evaluating path: $
09:31:12.242 [nioEventLoopGroup-2-1] DEBUG com.jayway.jsonpath.internal.path.CompiledPath - Evaluating path: $['frameId']
09:31:12.248 [nioEventLoopGroup-2-1] DEBUG com.intuit.karate.driver.chrome_1689566462788 - << {"method":"Target.targetInfoChanged","params":{"targetInfo":{"targetId":"A50641084A8A3045F96F34C59356E0BE","type":"page","title":"practicetestautomation.com","url":"https://practicetestautomation.com/","attached":true,"canAccessOpener":false,"browserContextId":"B146C7525AAC3D778664D5746295829C"}},"sessionId":"768D055A1E18013891B145D656DF4446"}
09:31:12.248 [nioEventLoopGroup-2-1] DEBUG com.jayway.jsonpath.internal.path.CompiledPath - Evaluating path: $
09:31:12.248 [nioEventLoopGroup-2-1] DEBUG com.jayway.jsonpath.internal.path.CompiledPath - Evaluating path: $['targetInfo']['targetId']
09:31:12.250 [nioEventLoopGroup-2-1] DEBUG com.intuit.karate.driver.chrome_1689566462788 - << {"method":"Runtime.executionContextsCleared","params":{},"sessionId":"768D055A1E18013891B145D656DF4446"}
09:31:12.250 [nioEventLoopGroup-2-1] DEBUG com.jayway.jsonpath.internal.path.CompiledPath - Evaluating path: $
09:31:12.250 [nioEventLoopGroup-2-1] DEBUG com.intuit.karate.driver.chrome_1689566462788 - << {"method":"Page.frameNavigated","params":{"frame":{"id":"A50641084A8A3045F96F34C59356E0BE","loaderId":"3DDC63C452D3F4DD602F2198DE2DB60B","url":"https://practicetestautomation.com/","domainAndRegistry":"practicetestautomation.com","securityOrigin":"https://practicetestautomation.com","mimeType":"text/html","adFrameStatus":{"adFrameType":"none"},"secureContextType":"Secure","crossOriginIsolatedContextType":"NotIsolated","gatedAPIFeatures":[]},"type":"Navigation"},"sessionId":"768D055A1E18013891B145D656DF4446"}
09:31:12.250 [nioEventLoopGroup-2-1] DEBUG com.jayway.jsonpath.internal.path.CompiledPath - Evaluating path: $
09:31:12.250 [nioEventLoopGroup-2-1] DEBUG com.jayway.jsonpath.internal.path.CompiledPath - Evaluating path: $['frame']['id']
09:31:12.250 [nioEventLoopGroup-2-1] DEBUG com.jayway.jsonpath.internal.path.CompiledPath - Evaluating path: $['frame']['url']
09:31:12.250 [nioEventLoopGroup-2-1] DEBUG com.jayway.jsonpath.internal.path.CompiledPath - Evaluating path: $['frame']['name']
09:31:12.251 [nioEventLoopGroup-2-1] DEBUG com.intuit.karate.driver.chrome_1689566462788 - << {"method":"Runtime.executionContextCreated","params":{"context":{"id":3,"origin":"https://practicetestautomation.com","name":"","uniqueId":"1021386789123067032.2428371305359485949","auxData":{"isDefault":true,"type":"default","frameId":"A50641084A8A3045F96F34C59356E0BE"}}},"sessionId":"768D055A1E18013891B145D656DF4446"}
09:31:12.251 [nioEventLoopGroup-2-1] DEBUG com.jayway.jsonpath.internal.path.CompiledPath - Evaluating path: $
09:31:12.251 [nioEventLoopGroup-2-1] DEBUG com.jayway.jsonpath.internal.path.CompiledPath - Evaluating path: $['context']['auxData']['frameId']
09:31:12.251 [nioEventLoopGroup-2-1] DEBUG com.jayway.jsonpath.internal.path.CompiledPath - Evaluating path: $['context']['id']
09:31:12.271 [nioEventLoopGroup-2-1] DEBUG com.intuit.karate.driver.chrome_1689566462788 - << {"method":"Runtime.consoleAPICalled","params":{"type":"log","args":[{"type":"string","value":"JQMIGRATE: Migrate is installed, version 3.4.0"}],"executionContextId":3,"timestamp":1.689566472269451e+12,"stackTrace":{"callFrames":[{"functionName":"","scriptId":"9","url":"https://practicetestautomation.com/wp-includes/js/jquery/jquery-migrate.min.js?ver=3.4.0","lineNumber":1,"columnNumber":969},{"functionName":"","scriptId":"9","url":"https://practicetestautomation.com/wp-includes/js/jquery/jquery-migrate.min.js?ver=3.4.0","lineNumber":1,"columnNumber":261},{"functionName":"","scriptId":"9","url":"https://practicetestautomation.com/wp-includes/js/jquery/jquery-migrate.min.js?ver=3.4.0","lineNumber":1,"columnNumber":278}]}},"sessionId":"768D055A1E18013891B145D656DF4446"}
09:31:12.271 [nioEventLoopGroup-2-1] DEBUG com.jayway.jsonpath.internal.path.CompiledPath - Evaluating path: $
09:31:12.271 [nioEventLoopGroup-2-1] DEBUG com.jayway.jsonpath.internal.path.CompiledPath - Evaluating path: $['args'][*]['value']
09:31:12.271 [nioEventLoopGroup-2-1] DEBUG com.intuit.karate.driver.chrome_1689566462788 - [console] JQMIGRATE: Migrate is installed, version 3.4.0
09:31:12.598 [nioEventLoopGroup-2-1] DEBUG com.intuit.karate.driver.chrome_1689566462788 - << {"method":"Page.domContentEventFired","params":{"timestamp":68844.428372},"sessionId":"768D055A1E18013891B145D656DF4446"}
09:31:12.598 [nioEventLoopGroup-2-1] DEBUG com.jayway.jsonpath.internal.path.CompiledPath - Evaluating path: $
09:31:12.602 [Test worker] DEBUG com.jayway.jsonpath.internal.path.CompiledPath - Evaluating path: $['expression']
09:31:12.602 [Test worker] DEBUG com.jayway.jsonpath.internal.path.CompiledPath - Evaluating path: $
09:31:12.602 [Test worker] DEBUG com.jayway.jsonpath.internal.path.CompiledPath - Evaluating path: $
09:31:12.602 [Test worker] DEBUG com.jayway.jsonpath.internal.JsonContext - Put path $ key expression value {}
09:31:12.602 [Test worker] DEBUG com.jayway.jsonpath.internal.path.CompiledPath - Evaluating path: $
09:31:12.602 [Test worker] DEBUG com.jayway.jsonpath.internal.JsonContext - Put path $ key expression value document.querySelector("body > div:nth-child(10) > div:nth-child(1) > section:nth-child(2) > div:nth-child(1) > div:nth-child(1) > article:nth-child(1) > div:nth-child(1)")['textContent']
09:31:12.602 [Test worker] DEBUG com.jayway.jsonpath.internal.path.CompiledPath - Evaluating path: $['returnByValue']
09:31:12.602 [Test worker] DEBUG com.jayway.jsonpath.internal.path.CompiledPath - Evaluating path: $
09:31:12.602 [Test worker] DEBUG com.jayway.jsonpath.internal.path.CompiledPath - Evaluating path: $
09:31:12.602 [Test worker] DEBUG com.jayway.jsonpath.internal.JsonContext - Put path $ key returnByValue value {}
09:31:12.602 [Test worker] DEBUG com.jayway.jsonpath.internal.path.CompiledPath - Evaluating path: $
09:31:12.602 [Test worker] DEBUG com.jayway.jsonpath.internal.JsonContext - Put path $ key returnByValue value true
09:31:12.602 [Test worker] DEBUG com.jayway.jsonpath.internal.path.CompiledPath - Evaluating path: $
09:31:12.602 [Test worker] DEBUG com.intuit.karate.driver.chrome_1689566462788 - >> {"id":70,"sessionId":"768D055A1E18013891B145D656DF4446","method":"Runtime.evaluate","params":{"expression":"document.querySelector(\"body > div:nth-child(10) > div:nth-child(1) > section:nth-child(2) > div:nth-child(1) > div:nth-child(1) > article:nth-child(1) > div:nth-child(1)\")['textContent']","returnByValue":true}}
09:31:12.622 [nioEventLoopGroup-2-1] DEBUG com.intuit.karate.driver.chrome_1689566462788 - << {"id":70,"result":{"result":{"type":"string","value":"\n\t\t\tHello\n\t\t"}},"sessionId":"768D055A1E18013891B145D656DF4446"}
09:31:12.623 [nioEventLoopGroup-2-1] DEBUG com.jayway.jsonpath.internal.path.CompiledPath - Evaluating path: $
09:31:12.652 [nioEventLoopGroup-2-1] DEBUG com.intuit.karate.driver.chrome_1689566462788 - << {"method":"Page.loadEventFired","params":{"timestamp":68844.483416},"sessionId":"768D055A1E18013891B145D656DF4446"}
09:31:12.652 [nioEventLoopGroup-2-1] DEBUG com.jayway.jsonpath.internal.path.CompiledPath - Evaluating path: $
09:31:12.653 [nioEventLoopGroup-2-1] DEBUG com.intuit.karate.driver.chrome_1689566462788 - << {"method":"Page.frameStoppedLoading","params":{"frameId":"A50641084A8A3045F96F34C59356E0BE"},"sessionId":"768D055A1E18013891B145D656DF4446"}
09:31:12.653 [nioEventLoopGroup-2-1] DEBUG com.jayway.jsonpath.internal.path.CompiledPath - Evaluating path: $
09:31:12.653 [nioEventLoopGroup-2-1] DEBUG com.jayway.jsonpath.internal.path.CompiledPath - Evaluating path: $['frameId']
09:31:12.664 [Test worker] DEBUG com.jayway.jsonpath.internal.path.CompiledPath - Evaluating path: $['targetId']
09:31:12.665 [Test worker] DEBUG com.jayway.jsonpath.internal.path.CompiledPath - Evaluating path: $
09:31:12.665 [Test worker] DEBUG com.jayway.jsonpath.internal.path.CompiledPath - Evaluating path: $
09:31:12.665 [Test worker] DEBUG com.jayway.jsonpath.internal.JsonContext - Put path $ key targetId value {}
09:31:12.665 [Test worker] DEBUG com.jayway.jsonpath.internal.path.CompiledPath - Evaluating path: $
09:31:12.665 [Test worker] DEBUG com.jayway.jsonpath.internal.JsonContext - Put path $ key targetId value A50641084A8A3045F96F34C59356E0BE
09:31:12.665 [Test worker] DEBUG com.jayway.jsonpath.internal.path.CompiledPath - Evaluating path: $
09:31:12.665 [Test worker] DEBUG com.intuit.karate.driver.chrome_1689566462788 - >> {"id":71,"sessionId":"768D055A1E18013891B145D656DF4446","method":"Target.closeTarget","params":{"targetId":"A50641084A8A3045F96F34C59356E0BE"}}
09:31:12.667 [nioEventLoopGroup-2-1] DEBUG com.intuit.karate.driver.chrome_1689566462788 - << {"id":71,"result":{"success":true},"sessionId":"768D055A1E18013891B145D656DF4446"}
09:31:12.667 [nioEventLoopGroup-2-1] DEBUG com.jayway.jsonpath.internal.path.CompiledPath - Evaluating path: $
09:31:12.671 [nioEventLoopGroup-2-1] DEBUG com.intuit.karate.http.WebSocketClientHandler - websocket client disconnected
09:31:12.674 [Test worker] DEBUG com.intuit.karate.shell.Command - closing command: chrome_1689566462788
09:31:12.764 [Test worker] DEBUG org.thymeleaf.TemplateEngine - [THYMELEAF] INITIALIZING TEMPLATE ENGINE
09:31:12.773 [chrome_1689566462788] WARN com.intuit.karate.shell.Command - exit code was non-zero: 1 - [C:\Program Files\Google\Chrome\Application\chrome.exe, --remote-debugging-port=9222, --remote-allow-origins=*, --no-first-run, --user-data-dir=C:\Intellij projects\git-actions\build\chrome_1689566462788, --disable-popup-blocking, --remote-allow-origins=*] working dir: build\chrome_1689566462788
09:31:12.983 [Test worker] DEBUG org.thymeleaf.TemplateEngine.CONFIG - Initializing Thymeleaf Template engine configuration...
[THYMELEAF] TEMPLATE ENGINE CONFIGURATION:
[THYMELEAF] * Thymeleaf version: 3.0.14.RELEASE (built 2021-12-08T00:45:29+0000)
[THYMELEAF] * Cache Manager implementation: org.thymeleaf.cache.StandardCacheManager
[THYMELEAF] * Template resolvers:
[THYMELEAF]     * [1] com.intuit.karate.template.ResourceHtmlTemplateResolver
[THYMELEAF] * Message resolvers:
[THYMELEAF]     * org.thymeleaf.messageresolver.StandardMessageResolver
[THYMELEAF] * Link builders:
[THYMELEAF]     * org.thymeleaf.linkbuilder.StandardLinkBuilder
[THYMELEAF] * Dialect [1 of 2]: Standard (com.intuit.karate.template.KarateStandardDialect)
[THYMELEAF]     * Prefix: "th"
[THYMELEAF]     * Processors for Template Mode: HTML
[THYMELEAF]         * Element Tag Processors by [matching element and attribute name] [precedence]:
[THYMELEAF]             * [* {th:include,data-th-include}] [100]: org.thymeleaf.standard.processor.StandardIncludeTagProcessor
[THYMELEAF]             * [* {th:insert,data-th-insert}] [100]: org.thymeleaf.standard.processor.StandardInsertTagProcessor
[THYMELEAF]             * [* {th:replace,data-th-replace}] [100]: org.thymeleaf.standard.processor.StandardReplaceTagProcessor
[THYMELEAF]             * [* {th:substituteby,data-th-substituteby}] [100]: org.thymeleaf.standard.processor.StandardSubstituteByTagProcessor
[THYMELEAF]             * [* {th:each,data-th-each}] [200]: com.intuit.karate.template.KarateEachTagProcessor
[THYMELEAF]             * [* {th:switch,data-th-switch}] [250]: org.thymeleaf.standard.processor.StandardSwitchTagProcessor
[THYMELEAF]             * [* {th:case,data-th-case}] [275]: org.thymeleaf.standard.processor.StandardCaseTagProcessor
[THYMELEAF]             * [* {th:if,data-th-if}] [300]: org.thymeleaf.standard.processor.StandardIfTagProcessor
[THYMELEAF]             * [* {th:unless,data-th-unless}] [400]: org.thymeleaf.standard.processor.StandardUnlessTagProcessor
[THYMELEAF]             * [* {th:object,data-th-object}] [500]: org.thymeleaf.standard.processor.StandardObjectTagProcessor
[THYMELEAF]             * [* {th:with,data-th-with}] [600]: com.intuit.karate.template.KarateWithTagProcessor
[THYMELEAF]             * [* {th:attr,data-th-attr}] [700]: com.intuit.karate.template.KarateAttributeTagProcessor.KarateAttrTagProcessor
[THYMELEAF]             * [* {th:attrappend,data-th-attrappend}] [900]: com.intuit.karate.template.KarateAttributeTagProcessor.KarateAttrappendTagProcessor
[THYMELEAF]             * [* {th:attrprepend,data-th-attrprepend}] [900]: com.intuit.karate.template.KarateAttributeTagProcessor.KarateAttrprependTagProcessor
[THYMELEAF]             * [* {th:alt-title,data-th-alt-title}] [990]: org.thymeleaf.standard.processor.StandardAltTitleTagProcessor
[THYMELEAF]             * [* {th:lang-xmllang,data-th-lang-xmllang}] [990]: org.thymeleaf.standard.processor.StandardLangXmlLangTagProcessor
[THYMELEAF]             * [* {th:action,data-th-action}] [1000]: org.thymeleaf.standard.processor.StandardActionTagProcessor
[THYMELEAF]             * [* {th:scoped,data-th-scoped}] [1000]: org.thymeleaf.standard.processor.StandardConditionalFixedValueTagProcessor
[THYMELEAF]             * [* {th:seamless,data-th-seamless}] [1000]: org.thymeleaf.standard.processor.StandardConditionalFixedValueTagProcessor
[THYMELEAF]             * [* {th:declare,data-th-declare}] [1000]: org.thymeleaf.standard.processor.StandardConditionalFixedValueTagProcessor
[THYMELEAF]             * [* {th:autoplay,data-th-autoplay}] [1000]: org.thymeleaf.standard.processor.StandardConditionalFixedValueTagProcessor
[THYMELEAF]             * [* {th:defer,data-th-defer}] [1000]: org.thymeleaf.standard.processor.StandardConditionalFixedValueTagProcessor
[THYMELEAF]             * [* {th:hidden,data-th-hidden}] [1000]: org.thymeleaf.standard.processor.StandardConditionalFixedValueTagProcessor
[THYMELEAF]             * [* {th:ismap,data-th-ismap}] [1000]: org.thymeleaf.standard.processor.StandardConditionalFixedValueTagProcessor
[THYMELEAF]             * [* {th:disabled,data-th-disabled}] [1000]: org.thymeleaf.standard.processor.StandardConditionalFixedValueTagProcessor
[THYMELEAF]             * [* {th:nowrap,data-th-nowrap}] [1000]: org.thymeleaf.standard.processor.StandardConditionalFixedValueTagProcessor
[THYMELEAF]             * [* {th:default,data-th-default}] [1000]: org.thymeleaf.standard.processor.StandardConditionalFixedValueTagProcessor
[THYMELEAF]             * [* {th:pubdate,data-th-pubdate}] [1000]: org.thymeleaf.standard.processor.StandardConditionalFixedValueTagProcessor
[THYMELEAF]             * [* {th:novalidate,data-th-novalidate}] [1000]: org.thymeleaf.standard.processor.StandardConditionalFixedValueTagProcessor
[THYMELEAF]             * [* {th:required,data-th-required}] [1000]: org.thymeleaf.standard.processor.StandardConditionalFixedValueTagProcessor
[THYMELEAF]             * [* {th:selected,data-th-selected}] [1000]: org.thymeleaf.standard.processor.StandardConditionalFixedValueTagProcessor
[THYMELEAF]             * [* {th:controls,data-th-controls}] [1000]: org.thymeleaf.standard.processor.StandardConditionalFixedValueTagProcessor
[THYMELEAF]             * [* {th:checked,data-th-checked}] [1000]: org.thymeleaf.standard.processor.StandardConditionalFixedValueTagProcessor
[THYMELEAF]             * [* {th:reversed,data-th-reversed}] [1000]: org.thymeleaf.standard.processor.StandardConditionalFixedValueTagProcessor
[THYMELEAF]             * [* {th:loop,data-th-loop}] [1000]: org.thymeleaf.standard.processor.StandardConditionalFixedValueTagProcessor
[THYMELEAF]             * [* {th:formnovalidate,data-th-formnovalidate}] [1000]: org.thymeleaf.standard.processor.StandardConditionalFixedValueTagProcessor
[THYMELEAF]             * [* {th:readonly,data-th-readonly}] [1000]: org.thymeleaf.standard.processor.StandardConditionalFixedValueTagProcessor
[THYMELEAF]             * [* {th:open,data-th-open}] [1000]: org.thymeleaf.standard.processor.StandardConditionalFixedValueTagProcessor
[THYMELEAF]             * [* {th:autofocus,data-th-autofocus}] [1000]: org.thymeleaf.standard.processor.StandardConditionalFixedValueTagProcessor
[THYMELEAF]             * [* {th:multiple,data-th-multiple}] [1000]: org.thymeleaf.standard.processor.StandardConditionalFixedValueTagProcessor
[THYMELEAF]             * [* {th:async,data-th-async}] [1000]: org.thymeleaf.standard.processor.StandardConditionalFixedValueTagProcessor
[THYMELEAF]             * [* {th:oncanplay,data-th-oncanplay}] [1000]: org.thymeleaf.standard.processor.StandardDOMEventAttributeTagProcessor
[THYMELEAF]             * [* {th:onpause,data-th-onpause}] [1000]: org.thymeleaf.standard.processor.StandardDOMEventAttributeTagProcessor
[THYMELEAF]             * [* {th:oninvalid,data-th-oninvalid}] [1000]: org.thymeleaf.standard.processor.StandardDOMEventAttributeTagProcessor
[THYMELEAF]             * [* {th:ontimeupdate,data-th-ontimeupdate}] [1000]: org.thymeleaf.standard.processor.StandardDOMEventAttributeTagProcessor
[THYMELEAF]             * [* {th:onscroll,data-th-onscroll}] [1000]: org.thymeleaf.standard.processor.StandardDOMEventAttributeTagProcessor
[THYMELEAF]             * [* {th:onreset,data-th-onreset}] [1000]: org.thymeleaf.standard.processor.StandardDOMEventAttributeTagProcessor
[THYMELEAF]             * [* {th:onselect,data-th-onselect}] [1000]: org.thymeleaf.standard.processor.StandardDOMEventAttributeTagProcessor
[THYMELEAF]             * [* {th:onmouseover,data-th-onmouseover}] [1000]: org.thymeleaf.standard.processor.StandardDOMEventAttributeTagProcessor
[THYMELEAF]             * [* {th:onbeforeunload,data-th-onbeforeunload}] [1000]: org.thymeleaf.standard.processor.StandardDOMEventAttributeTagProcessor
[THYMELEAF]             * [* {th:ondurationchange,data-th-ondurationchange}] [1000]: org.thymeleaf.standard.processor.StandardDOMEventAttributeTagProcessor
[THYMELEAF]             * [* {th:onhashchange,data-th-onhashchange}] [1000]: org.thymeleaf.standard.processor.StandardDOMEventAttributeTagProcessor
[THYMELEAF]             * [* {th:onkeyup,data-th-onkeyup}] [1000]: org.thymeleaf.standard.processor.StandardDOMEventAttributeTagProcessor
[THYMELEAF]             * [* {th:onstalled,data-th-onstalled}] [1000]: org.thymeleaf.standard.processor.StandardDOMEventAttributeTagProcessor
[THYMELEAF]             * [* {th:onemptied,data-th-onemptied}] [1000]: org.thymeleaf.standard.processor.StandardDOMEventAttributeTagProcessor
[THYMELEAF]             * [* {th:onstorage,data-th-onstorage}] [1000]: org.thymeleaf.standard.processor.StandardDOMEventAttributeTagProcessor
[THYMELEAF]             * [* {th:onkeydown,data-th-onkeydown}] [1000]: org.thymeleaf.standard.processor.StandardDOMEventAttributeTagProcessor
[THYMELEAF]             * [* {th:onclick,data-th-onclick}] [1000]: org.thymeleaf.standard.processor.StandardDOMEventAttributeTagProcessor
[THYMELEAF]             * [* {th:onmousedown,data-th-onmousedown}] [1000]: org.thymeleaf.standard.processor.StandardDOMEventAttributeTagProcessor
[THYMELEAF]             * [* {th:ononline,data-th-ononline}] [1000]: org.thymeleaf.standard.processor.StandardDOMEventAttributeTagProcessor
[THYMELEAF]             * [* {th:onpopstate,data-th-onpopstate}] [1000]: org.thymeleaf.standard.processor.StandardDOMEventAttributeTagProcessor
[THYMELEAF]             * [* {th:onforminput,data-th-onforminput}] [1000]: org.thymeleaf.standard.processor.StandardDOMEventAttributeTagProcessor
[THYMELEAF]             * [* {th:onoffline,data-th-onoffline}] [1000]: org.thymeleaf.standard.processor.StandardDOMEventAttributeTagProcessor
[THYMELEAF]             * [* {th:onmouseout,data-th-onmouseout}] [1000]: org.thymeleaf.standard.processor.StandardDOMEventAttributeTagProcessor
[THYMELEAF]             * [* {th:onmousewheel,data-th-onmousewheel}] [1000]: org.thymeleaf.standard.processor.StandardDOMEventAttributeTagProcessor
[THYMELEAF]             * [* {th:ondblclick,data-th-ondblclick}] [1000]: org.thymeleaf.standard.processor.StandardDOMEventAttributeTagProcessor
[THYMELEAF]             * [* {th:onvolumechange,data-th-onvolumechange}] [1000]: org.thymeleaf.standard.processor.StandardDOMEventAttributeTagProcessor
[THYMELEAF]             * [* {th:onsuspend,data-th-onsuspend}] [1000]: org.thymeleaf.standard.processor.StandardDOMEventAttributeTagProcessor
[THYMELEAF]             * [* {th:onchange,data-th-onchange}] [1000]: org.thymeleaf.standard.processor.StandardDOMEventAttributeTagProcessor
[THYMELEAF]             * [* {th:onseeking,data-th-onseeking}] [1000]: org.thymeleaf.standard.processor.StandardDOMEventAttributeTagProcessor
[THYMELEAF]             * [* {th:ondrag,data-th-ondrag}] [1000]: org.thymeleaf.standard.processor.StandardDOMEventAttributeTagProcessor
[THYMELEAF]             * [* {th:onundo,data-th-onundo}] [1000]: org.thymeleaf.standard.processor.StandardDOMEventAttributeTagProcessor
[THYMELEAF]             * [* {th:onloadstart,data-th-onloadstart}] [1000]: org.thymeleaf.standard.processor.StandardDOMEventAttributeTagProcessor
[THYMELEAF]             * [* {th:onerror,data-th-onerror}] [1000]: org.thymeleaf.standard.processor.StandardDOMEventAttributeTagProcessor
[THYMELEAF]             * [* {th:ondragstart,data-th-ondragstart}] [1000]: org.thymeleaf.standard.processor.StandardDOMEventAttributeTagProcessor
[THYMELEAF]             * [* {th:oninput,data-th-oninput}] [1000]: org.thymeleaf.standard.processor.StandardDOMEventAttributeTagProcessor
[THYMELEAF]             * [* {th:onprogress,data-th-onprogress}] [1000]: org.thymeleaf.standard.processor.StandardDOMEventAttributeTagProcessor
[THYMELEAF]             * [* {th:onload,data-th-onload}] [1000]: org.thymeleaf.standard.processor.StandardDOMEventAttributeTagProcessor
[THYMELEAF]             * [* {th:onreadystatechange,data-th-onreadystatechange}] [1000]: org.thymeleaf.standard.processor.StandardDOMEventAttributeTagProcessor
[THYMELEAF]             * [* {th:onunload,data-th-onunload}] [1000]: org.thymeleaf.standard.processor.StandardDOMEventAttributeTagProcessor
[THYMELEAF]             * [* {th:ondragover,data-th-ondragover}] [1000]: org.thymeleaf.standard.processor.StandardDOMEventAttributeTagProcessor
[THYMELEAF]             * [* {th:onratechange,data-th-onratechange}] [1000]: org.thymeleaf.standard.processor.StandardDOMEventAttributeTagProcessor
[THYMELEAF]             * [* {th:onsubmit,data-th-onsubmit}] [1000]: org.thymeleaf.standard.processor.StandardDOMEventAttributeTagProcessor
[THYMELEAF]             * [* {th:ondragend,data-th-ondragend}] [1000]: org.thymeleaf.standard.processor.StandardDOMEventAttributeTagProcessor
[THYMELEAF]             * [* {th:onmouseup,data-th-onmouseup}] [1000]: org.thymeleaf.standard.processor.StandardDOMEventAttributeTagProcessor
[THYMELEAF]             * [* {th:onbeforeprint,data-th-onbeforeprint}] [1000]: org.thymeleaf.standard.processor.StandardDOMEventAttributeTagProcessor
[THYMELEAF]             * [* {th:ondragleave,data-th-ondragleave}] [1000]: org.thymeleaf.standard.processor.StandardDOMEventAttributeTagProcessor
[THYMELEAF]             * [* {th:onkeypress,data-th-onkeypress}] [1000]: org.thymeleaf.standard.processor.StandardDOMEventAttributeTagProcessor
[THYMELEAF]             * [* {th:ondragenter,data-th-ondragenter}] [1000]: org.thymeleaf.standard.processor.StandardDOMEventAttributeTagProcessor
[THYMELEAF]             * [* {th:onmousemove,data-th-onmousemove}] [1000]: org.thymeleaf.standard.processor.StandardDOMEventAttributeTagProcessor
[THYMELEAF]             * [* {th:onredo,data-th-onredo}] [1000]: org.thymeleaf.standard.processor.StandardDOMEventAttributeTagProcessor
[THYMELEAF]             * [* {th:onfocus,data-th-onfocus}] [1000]: org.thymeleaf.standard.processor.StandardDOMEventAttributeTagProcessor
[THYMELEAF]             * [* {th:onwaiting,data-th-onwaiting}] [1000]: org.thymeleaf.standard.processor.StandardDOMEventAttributeTagProcessor
[THYMELEAF]             * [* {th:onafterprint,data-th-onafterprint}] [1000]: org.thymeleaf.standard.processor.StandardDOMEventAttributeTagProcessor
[THYMELEAF]             * [* {th:onended,data-th-onended}] [1000]: org.thymeleaf.standard.processor.StandardDOMEventAttributeTagProcessor
[THYMELEAF]             * [* {th:onblur,data-th-onblur}] [1000]: org.thymeleaf.standard.processor.StandardDOMEventAttributeTagProcessor
[THYMELEAF]             * [* {th:onseeked,data-th-onseeked}] [1000]: org.thymeleaf.standard.processor.StandardDOMEventAttributeTagProcessor
[THYMELEAF]             * [* {th:onshow,data-th-onshow}] [1000]: org.thymeleaf.standard.processor.StandardDOMEventAttributeTagProcessor
[THYMELEAF]             * [* {th:onformchange,data-th-onformchange}] [1000]: org.thymeleaf.standard.processor.StandardDOMEventAttributeTagProcessor
[THYMELEAF]             * [* {th:ondrop,data-th-ondrop}] [1000]: org.thymeleaf.standard.processor.StandardDOMEventAttributeTagProcessor
[THYMELEAF]             * [* {th:onloadeddata,data-th-onloadeddata}] [1000]: org.thymeleaf.standard.processor.StandardDOMEventAttributeTagProcessor
[THYMELEAF]             * [* {th:oncontextmenu,data-th-oncontextmenu}] [1000]: org.thymeleaf.standard.processor.StandardDOMEventAttributeTagProcessor
[THYMELEAF]             * [* {th:oncanplaythrough,data-th-oncanplaythrough}] [1000]: org.thymeleaf.standard.processor.StandardDOMEventAttributeTagProcessor
[THYMELEAF]             * [* {th:onabort,data-th-onabort}] [1000]: org.thymeleaf.standard.processor.StandardDOMEventAttributeTagProcessor
[THYMELEAF]             * [* {th:onmessage,data-th-onmessage}] [1000]: org.thymeleaf.standard.processor.StandardDOMEventAttributeTagProcessor
[THYMELEAF]             * [* {th:onresize,data-th-onresize}] [1000]: org.thymeleaf.standard.processor.StandardDOMEventAttributeTagProcessor
[THYMELEAF]             * [* {th:onloadedmetadata,data-th-onloadedmetadata}] [1000]: org.thymeleaf.standard.processor.StandardDOMEventAttributeTagProcessor
[THYMELEAF]             * [* {th:onplaying,data-th-onplaying}] [1000]: org.thymeleaf.standard.processor.StandardDOMEventAttributeTagProcessor
[THYMELEAF]             * [* {th:onplay,data-th-onplay}] [1000]: org.thymeleaf.standard.processor.StandardDOMEventAttributeTagProcessor
[THYMELEAF]             * [* {th:href,data-th-href}] [1000]: org.thymeleaf.standard.processor.StandardHrefTagProcessor
[THYMELEAF]             * [* {th:inline,data-th-inline}] [1000]: org.thymeleaf.standard.processor.StandardInlineHTMLTagProcessor
[THYMELEAF]             * [* {th:method,data-th-method}] [1000]: org.thymeleaf.standard.processor.StandardMethodTagProcessor
[THYMELEAF]             * [* {th:type,data-th-type}] [1000]: org.thymeleaf.standard.processor.StandardNonRemovableAttributeTagProcessor
[THYMELEAF]             * [* {th:name,data-th-name}] [1000]: org.thymeleaf.standard.processor.StandardNonRemovableAttributeTagProcessor
[THYMELEAF]             * [* {th:max,data-th-max}] [1000]: org.thymeleaf.standard.processor.StandardRemovableAttributeTagProcessor
[THYMELEAF]             * [* {th:accept-charset,data-th-accept-charset}] [1000]: org.thymeleaf.standard.processor.StandardRemovableAttributeTagProcessor
[THYMELEAF]             * [* {th:autocomplete,data-th-autocomplete}] [1000]: org.thymeleaf.standard.processor.StandardRemovableAttributeTagProcessor
[THYMELEAF]             * [* {th:maxlength,data-th-maxlength}] [1000]: org.thymeleaf.standard.processor.StandardRemovableAttributeTagProcessor
[THYMELEAF]             * [* {th:kind,data-th-kind}] [1000]: org.thymeleaf.standard.processor.StandardRemovableAttributeTagProcessor
[THYMELEAF]             * [* {th:standby,data-th-standby}] [1000]: org.thymeleaf.standard.processor.StandardRemovableAttributeTagProcessor
[THYMELEAF]             * [* {th:frameborder,data-th-frameborder}] [1000]: org.thymeleaf.standard.processor.StandardRemovableAttributeTagProcessor
[THYMELEAF]             * [* {th:archive,data-th-archive}] [1000]: org.thymeleaf.standard.processor.StandardRemovableAttributeTagProcessor
[THYMELEAF]             * [* {th:alt,data-th-alt}] [1000]: org.thymeleaf.standard.processor.StandardRemovableAttributeTagProcessor
[THYMELEAF]             * [* {th:cite,data-th-cite}] [1000]: org.thymeleaf.standard.processor.StandardRemovableAttributeTagProcessor
[THYMELEAF]             * [* {th:title,data-th-title}] [1000]: org.thymeleaf.standard.processor.StandardRemovableAttributeTagProcessor
[THYMELEAF]             * [* {th:http-equiv,data-th-http-equiv}] [1000]: org.thymeleaf.standard.processor.StandardRemovableAttributeTagProcessor
[THYMELEAF]             * [* {th:align,data-th-align}] [1000]: org.thymeleaf.standard.processor.StandardRemovableAttributeTagProcessor
[THYMELEAF]             * [* {th:scrolling,data-th-scrolling}] [1000]: org.thymeleaf.standard.processor.StandardRemovableAttributeTagProcessor
[THYMELEAF]             * [* {th:width,data-th-width}] [1000]: org.thymeleaf.standard.processor.StandardRemovableAttributeTagProcessor
[THYMELEAF]             * [* {th:border,data-th-border}] [1000]: org.thymeleaf.standard.processor.StandardRemovableAttributeTagProcessor
[THYMELEAF]             * [* {th:audio,data-th-audio}] [1000]: org.thymeleaf.standard.processor.StandardRemovableAttributeTagProcessor
[THYMELEAF]             * [* {th:low,data-th-low}] [1000]: org.thymeleaf.standard.processor.StandardRemovableAttributeTagProcessor
[THYMELEAF]             * [* {th:sandbox,data-th-sandbox}] [1000]: org.thymeleaf.standard.processor.StandardRemovableAttributeTagProcessor
[THYMELEAF]             * [* {th:abbr,data-th-abbr}] [1000]: org.thymeleaf.standard.processor.StandardRemovableAttributeTagProcessor
[THYMELEAF]             * [* {th:hreflang,data-th-hreflang}] [1000]: org.thymeleaf.standard.processor.StandardRemovableAttributeTagProcessor
[THYMELEAF]             * [* {th:valuetype,data-th-valuetype}] [1000]: org.thymeleaf.standard.processor.StandardRemovableAttributeTagProcessor
[THYMELEAF]             * [* {th:challenge,data-th-challenge}] [1000]: org.thymeleaf.standard.processor.StandardRemovableAttributeTagProcessor
[THYMELEAF]             * [* {th:manifest,data-th-manifest}] [1000]: org.thymeleaf.standard.processor.StandardRemovableAttributeTagProcessor
[THYMELEAF]             * [* {th:formenctype,data-th-formenctype}] [1000]: org.thymeleaf.standard.processor.StandardRemovableAttributeTagProcessor
[THYMELEAF]             * [* {th:draggable,data-th-draggable}] [1000]: org.thymeleaf.standard.processor.StandardRemovableAttributeTagProcessor
[THYMELEAF]             * [* {th:class,data-th-class}] [1000]: org.thymeleaf.standard.processor.StandardRemovableAttributeTagProcessor
[THYMELEAF]             * [* {th:optimum,data-th-optimum}] [1000]: org.thymeleaf.standard.processor.StandardRemovableAttributeTagProcessor
[THYMELEAF]             * [* {th:poster,data-th-poster}] [1000]: org.thymeleaf.standard.processor.StandardRemovableAttributeTagProcessor
[THYMELEAF]             * [* {th:frame,data-th-frame}] [1000]: org.thymeleaf.standard.processor.StandardRemovableAttributeTagProcessor
[THYMELEAF]             * [* {th:bgcolor,data-th-bgcolor}] [1000]: org.thymeleaf.standard.processor.StandardRemovableAttributeTagProcessor
[THYMELEAF]             * [* {th:step,data-th-step}] [1000]: org.thymeleaf.standard.processor.StandardRemovableAttributeTagProcessor
[THYMELEAF]             * [* {th:wrap,data-th-wrap}] [1000]: org.thymeleaf.standard.processor.StandardRemovableAttributeTagProcessor
[THYMELEAF]             * [* {th:id,data-th-id}] [1000]: org.thymeleaf.standard.processor.StandardRemovableAttributeTagProcessor
[THYMELEAF]             * [* {th:radiogroup,data-th-radiogroup}] [1000]: org.thymeleaf.standard.processor.StandardRemovableAttributeTagProcessor
[THYMELEAF]             * [* {th:scope,data-th-scope}] [1000]: org.thymeleaf.standard.processor.StandardRemovableAttributeTagProcessor
[THYMELEAF]             * [* {th:formmethod,data-th-formmethod}] [1000]: org.thymeleaf.standard.processor.StandardRemovableAttributeTagProcessor
[THYMELEAF]             * [* {th:vspace,data-th-vspace}] [1000]: org.thymeleaf.standard.processor.StandardRemovableAttributeTagProcessor
[THYMELEAF]             * [* {th:charset,data-th-charset}] [1000]: org.thymeleaf.standard.processor.StandardRemovableAttributeTagProcessor
[THYMELEAF]             * [* {th:rev,data-th-rev}] [1000]: org.thymeleaf.standard.processor.StandardRemovableAttributeTagProcessor
[THYMELEAF]             * [* {th:contextmenu,data-th-contextmenu}] [1000]: org.thymeleaf.standard.processor.StandardRemovableAttributeTagProcessor
[THYMELEAF]             * [* {th:list,data-th-list}] [1000]: org.thymeleaf.standard.processor.StandardRemovableAttributeTagProcessor
[THYMELEAF]             * [* {th:contenteditable,data-th-contenteditable}] [1000]: org.thymeleaf.standard.processor.StandardRemovableAttributeTagProcessor
[THYMELEAF]             * [* {th:preload,data-th-preload}] [1000]: org.thymeleaf.standard.processor.StandardRemovableAttributeTagProcessor
[THYMELEAF]             * [* {th:rules,data-th-rules}] [1000]: org.thymeleaf.standard.processor.StandardRemovableAttributeTagProcessor
[THYMELEAF]             * [* {th:lang,data-th-lang}] [1000]: org.thymeleaf.standard.processor.StandardRemovableAttributeTagProcessor
[THYMELEAF]             * [* {th:size,data-th-size}] [1000]: org.thymeleaf.standard.processor.StandardRemovableAttributeTagProcessor
[THYMELEAF]             * [* {th:dir,data-th-dir}] [1000]: org.thymeleaf.standard.processor.StandardRemovableAttributeTagProcessor
[THYMELEAF]             * [* {th:dropzone,data-th-dropzone}] [1000]: org.thymeleaf.standard.processor.StandardRemovableAttributeTagProcessor
[THYMELEAF]             * [* {th:data,data-th-data}] [1000]: org.thymeleaf.standard.processor.StandardRemovableAttributeTagProcessor
[THYMELEAF]             * [* {th:compact,data-th-compact}] [1000]: org.thymeleaf.standard.processor.StandardRemovableAttributeTagProcessor
[THYMELEAF]             * [* {th:scheme,data-th-scheme}] [1000]: org.thymeleaf.standard.processor.StandardRemovableAttributeTagProcessor
[THYMELEAF]             * [* {th:rowspan,data-th-rowspan}] [1000]: org.thymeleaf.standard.processor.StandardRemovableAttributeTagProcessor
[THYMELEAF]             * [* {th:keytype,data-th-keytype}] [1000]: org.thymeleaf.standard.processor.StandardRemovableAttributeTagProcessor
[THYMELEAF]             * [* {th:classid,data-th-classid}] [1000]: org.thymeleaf.standard.processor.StandardRemovableAttributeTagProcessor
[THYMELEAF]             * [* {th:spellcheck,data-th-spellcheck}] [1000]: org.thymeleaf.standard.processor.StandardRemovableAttributeTagProcessor
[THYMELEAF]             * [* {th:cols,data-th-cols}] [1000]: org.thymeleaf.standard.processor.StandardRemovableAttributeTagProcessor
[THYMELEAF]             * [* {th:placeholder,data-th-placeholder}] [1000]: org.thymeleaf.standard.processor.StandardRemovableAttributeTagProcessor
[THYMELEAF]             * [* {th:usemap,data-th-usemap}] [1000]: org.thymeleaf.standard.processor.StandardRemovableAttributeTagProcessor
[THYMELEAF]             * [* {th:icon,data-th-icon}] [1000]: org.thymeleaf.standard.processor.StandardRemovableAttributeTagProcessor
[THYMELEAF]             * [* {th:accept,data-th-accept}] [1000]: org.thymeleaf.standard.processor.StandardRemovableAttributeTagProcessor
[THYMELEAF]             * [* {th:headers,data-th-headers}] [1000]: org.thymeleaf.standard.processor.StandardRemovableAttributeTagProcessor
[THYMELEAF]             * [* {th:colspan,data-th-colspan}] [1000]: org.thymeleaf.standard.processor.StandardRemovableAttributeTagProcessor
[THYMELEAF]             * [* {th:span,data-th-span}] [1000]: org.thymeleaf.standard.processor.StandardRemovableAttributeTagProcessor
[THYMELEAF]             * [* {th:rel,data-th-rel}] [1000]: org.thymeleaf.standard.processor.StandardRemovableAttributeTagProcessor
[THYMELEAF]             * [* {th:cellpadding,data-th-cellpadding}] [1000]: org.thymeleaf.standard.processor.StandardRemovableAttributeTagProcessor
[THYMELEAF]             * [* {th:style,data-th-style}] [1000]: org.thymeleaf.standard.processor.StandardRemovableAttributeTagProcessor
[THYMELEAF]             * [* {th:codebase,data-th-codebase}] [1000]: org.thymeleaf.standard.processor.StandardRemovableAttributeTagProcessor
[THYMELEAF]             * [* {th:srclang,data-th-srclang}] [1000]: org.thymeleaf.standard.processor.StandardRemovableAttributeTagProcessor
[THYMELEAF]             * [* {th:for,data-th-for}] [1000]: org.thymeleaf.standard.processor.StandardRemovableAttributeTagProcessor
[THYMELEAF]             * [* {th:enctype,data-th-enctype}] [1000]: org.thymeleaf.standard.processor.StandardRemovableAttributeTagProcessor
[THYMELEAF]             * [* {th:target,data-th-target}] [1000]: org.thymeleaf.standard.processor.StandardRemovableAttributeTagProcessor
[THYMELEAF]             * [* {th:hspace,data-th-hspace}] [1000]: org.thymeleaf.standard.processor.StandardRemovableAttributeTagProcessor
[THYMELEAF]             * [* {th:sizes,data-th-sizes}] [1000]: org.thymeleaf.standard.processor.StandardRemovableAttributeTagProcessor
[THYMELEAF]             * [* {th:formaction,data-th-formaction}] [1000]: org.thymeleaf.standard.processor.StandardRemovableAttributeTagProcessor
[THYMELEAF]             * [* {th:datetime,data-th-datetime}] [1000]: org.thymeleaf.standard.processor.StandardRemovableAttributeTagProcessor
[THYMELEAF]             * [* {th:accesskey,data-th-accesskey}] [1000]: org.thymeleaf.standard.processor.StandardRemovableAttributeTagProcessor
[THYMELEAF]             * [* {th:codetype,data-th-codetype}] [1000]: org.thymeleaf.standard.processor.StandardRemovableAttributeTagProcessor
[THYMELEAF]             * [* {th:summary,data-th-summary}] [1000]: org.thymeleaf.standard.processor.StandardRemovableAttributeTagProcessor
[THYMELEAF]             * [* {th:content,data-th-content}] [1000]: org.thymeleaf.standard.processor.StandardRemovableAttributeTagProcessor
[THYMELEAF]             * [* {th:label,data-th-label}] [1000]: org.thymeleaf.standard.processor.StandardRemovableAttributeTagProcessor
[THYMELEAF]             * [* {th:formtarget,data-th-formtarget}] [1000]: org.thymeleaf.standard.processor.StandardRemovableAttributeTagProcessor
[THYMELEAF]             * [* {th:rows,data-th-rows}] [1000]: org.thymeleaf.standard.processor.StandardRemovableAttributeTagProcessor
[THYMELEAF]             * [* {th:min,data-th-min}] [1000]: org.thymeleaf.standard.processor.StandardRemovableAttributeTagProcessor
[THYMELEAF]             * [* {th:media,data-th-media}] [1000]: org.thymeleaf.standard.processor.StandardRemovableAttributeTagProcessor
[THYMELEAF]             * [* {th:height,data-th-height}] [1000]: org.thymeleaf.standard.processor.StandardRemovableAttributeTagProcessor
[THYMELEAF]             * [* {th:longdesc,data-th-longdesc}] [1000]: org.thymeleaf.standard.processor.StandardRemovableAttributeTagProcessor
[THYMELEAF]             * [* {th:marginwidth,data-th-marginwidth}] [1000]: org.thymeleaf.standard.processor.StandardRemovableAttributeTagProcessor
[THYMELEAF]             * [* {th:marginheight,data-th-marginheight}] [1000]: org.thymeleaf.standard.processor.StandardRemovableAttributeTagProcessor
[THYMELEAF]             * [* {th:background,data-th-background}] [1000]: org.thymeleaf.standard.processor.StandardRemovableAttributeTagProcessor
[THYMELEAF]             * [* {th:pattern,data-th-pattern}] [1000]: org.thymeleaf.standard.processor.StandardRemovableAttributeTagProcessor
[THYMELEAF]             * [* {th:start,data-th-start}] [1000]: org.thymeleaf.standard.processor.StandardRemovableAttributeTagProcessor
[THYMELEAF]             * [* {th:tabindex,data-th-tabindex}] [1000]: org.thymeleaf.standard.processor.StandardRemovableAttributeTagProcessor
[THYMELEAF]             * [* {th:form,data-th-form}] [1000]: org.thymeleaf.standard.processor.StandardRemovableAttributeTagProcessor
[THYMELEAF]             * [* {th:high,data-th-high}] [1000]: org.thymeleaf.standard.processor.StandardRemovableAttributeTagProcessor
[THYMELEAF]             * [* {th:axis,data-th-axis}] [1000]: org.thymeleaf.standard.processor.StandardRemovableAttributeTagProcessor
[THYMELEAF]             * [* {th:cellspacing,data-th-cellspacing}] [1000]: org.thymeleaf.standard.processor.StandardRemovableAttributeTagProcessor
[THYMELEAF]             * [* {th:src,data-th-src}] [1000]: org.thymeleaf.standard.processor.StandardSrcTagProcessor
[THYMELEAF]             * [* {th:value,data-th-value}] [1000]: org.thymeleaf.standard.processor.StandardValueTagProcessor
[THYMELEAF]             * [* {th:xmlbase,data-th-xmlbase}] [1000]: org.thymeleaf.standard.processor.StandardXmlBaseTagProcessor
[THYMELEAF]             * [* {th:xmllang,data-th-xmllang}] [1000]: org.thymeleaf.standard.processor.StandardXmlLangTagProcessor
[THYMELEAF]             * [* {xmlns:th}] [1000]: org.thymeleaf.standard.processor.StandardXmlNsTagProcessor
[THYMELEAF]             * [* {th:xmlspace,data-th-xmlspace}] [1000]: org.thymeleaf.standard.processor.StandardXmlSpaceTagProcessor
[THYMELEAF]             * [* {th:classappend,data-th-classappend}] [1100]: org.thymeleaf.standard.processor.StandardClassappendTagProcessor
[THYMELEAF]             * [* {th:styleappend,data-th-styleappend}] [1100]: org.thymeleaf.standard.processor.StandardStyleappendTagProcessor
[THYMELEAF]             * [* {th:text,data-th-text}] [1300]: org.thymeleaf.standard.processor.StandardTextTagProcessor
[THYMELEAF]             * [* {th:utext,data-th-utext}] [1400]: org.thymeleaf.standard.processor.StandardUtextTagProcessor
[THYMELEAF]             * [* {th:fragment,data-th-fragment}] [1500]: org.thymeleaf.standard.processor.StandardFragmentTagProcessor
[THYMELEAF]             * [* {th:assert,data-th-assert}] [1550]: org.thymeleaf.standard.processor.StandardAssertTagProcessor
[THYMELEAF]             * [* {th:remove,data-th-remove}] [1600]: org.thymeleaf.standard.processor.StandardRemoveTagProcessor
[THYMELEAF]             * [* {th:ref,data-th-ref}] [10000]: org.thymeleaf.standard.processor.StandardRefAttributeTagProcessor
[THYMELEAF]             * [{th:block,th-block} *] [100000]: org.thymeleaf.standard.processor.StandardBlockTagProcessor
[THYMELEAF]             * [* th:*] [2147483647]: org.thymeleaf.standard.processor.StandardDefaultAttributesTagProcessor
[THYMELEAF]         * Text Processors by [precedence]:
[THYMELEAF]             * [1000]: org.thymeleaf.standard.processor.StandardInliningTextProcessor
[THYMELEAF]         * DOCTYPE Processors by [precedence]:
[THYMELEAF]             * [1000]: org.thymeleaf.standard.processor.StandardTranslationDocTypeProcessor
[THYMELEAF]         * CDATA Section Processors by [precedence]:
[THYMELEAF]             * [1000]: org.thymeleaf.standard.processor.StandardInliningCDATASectionProcessor
[THYMELEAF]         * Comment Processors by [precedence]:
[THYMELEAF]             * [1000]: org.thymeleaf.standard.processor.StandardInliningCommentProcessor
[THYMELEAF]             * [1100]: org.thymeleaf.standard.processor.StandardConditionalCommentProcessor
[THYMELEAF]     * Processors for Template Mode: XML
[THYMELEAF]         * Element Tag Processors by [matching element and attribute name] [precedence]:
[THYMELEAF]             * [* {th:include}] [100]: org.thymeleaf.standard.processor.StandardIncludeTagProcessor
[THYMELEAF]             * [* {th:insert}] [100]: org.thymeleaf.standard.processor.StandardInsertTagProcessor
[THYMELEAF]             * [* {th:replace}] [100]: org.thymeleaf.standard.processor.StandardReplaceTagProcessor
[THYMELEAF]             * [* {th:substituteby}] [100]: org.thymeleaf.standard.processor.StandardSubstituteByTagProcessor
[THYMELEAF]             * [* {th:each}] [200]: com.intuit.karate.template.KarateEachTagProcessor
[THYMELEAF]             * [* {th:switch}] [250]: org.thymeleaf.standard.processor.StandardSwitchTagProcessor
[THYMELEAF]             * [* {th:case}] [275]: org.thymeleaf.standard.processor.StandardCaseTagProcessor
[THYMELEAF]             * [* {th:if}] [300]: org.thymeleaf.standard.processor.StandardIfTagProcessor
[THYMELEAF]             * [* {th:unless}] [400]: org.thymeleaf.standard.processor.StandardUnlessTagProcessor
[THYMELEAF]             * [* {th:object}] [500]: org.thymeleaf.standard.processor.StandardObjectTagProcessor
[THYMELEAF]             * [* {th:with}] [600]: com.intuit.karate.template.KarateWithTagProcessor
[THYMELEAF]             * [* {th:attr}] [700]: com.intuit.karate.template.KarateAttributeTagProcessor.KarateAttrTagProcessor
[THYMELEAF]             * [* {th:attrappend}] [900]: com.intuit.karate.template.KarateAttributeTagProcessor.KarateAttrappendTagProcessor
[THYMELEAF]             * [* {th:attrprepend}] [900]: com.intuit.karate.template.KarateAttributeTagProcessor.KarateAttrprependTagProcessor
[THYMELEAF]             * [* {th:inline}] [1000]: org.thymeleaf.standard.processor.StandardInlineXMLTagProcessor
[THYMELEAF]             * [* {xmlns:th}] [1000]: org.thymeleaf.standard.processor.StandardXmlNsTagProcessor
[THYMELEAF]             * [* {th:text}] [1300]: org.thymeleaf.standard.processor.StandardTextTagProcessor
[THYMELEAF]             * [* {th:utext}] [1400]: org.thymeleaf.standard.processor.StandardUtextTagProcessor
[THYMELEAF]             * [* {th:fragment}] [1500]: org.thymeleaf.standard.processor.StandardFragmentTagProcessor
[THYMELEAF]             * [* {th:assert}] [1550]: org.thymeleaf.standard.processor.StandardAssertTagProcessor
[THYMELEAF]             * [* {th:remove}] [1600]: org.thymeleaf.standard.processor.StandardRemoveTagProcessor
[THYMELEAF]             * [* {th:ref}] [10000]: org.thymeleaf.standard.processor.StandardRefAttributeTagProcessor
[THYMELEAF]             * [{th:block} *] [100000]: org.thymeleaf.standard.processor.StandardBlockTagProcessor
[THYMELEAF]             * [* th:*] [2147483647]: org.thymeleaf.standard.processor.StandardDefaultAttributesTagProcessor
[THYMELEAF]         * Text Processors by [precedence]:
[THYMELEAF]             * [1000]: org.thymeleaf.standard.processor.StandardInliningTextProcessor
[THYMELEAF]         * CDATA Section Processors by [precedence]:
[THYMELEAF]             * [1000]: org.thymeleaf.standard.processor.StandardInliningCDATASectionProcessor
[THYMELEAF]         * Comment Processors by [precedence]:
[THYMELEAF]             * [1000]: org.thymeleaf.standard.processor.StandardInliningCommentProcessor
[THYMELEAF]     * Processors for Template Mode: TEXT
[THYMELEAF]         * Element Tag Processors by [matching element and attribute name] [precedence]:
[THYMELEAF]             * [* {th:insert}] [100]: org.thymeleaf.standard.processor.StandardInsertTagProcessor
[THYMELEAF]             * [* {th:replace}] [100]: org.thymeleaf.standard.processor.StandardReplaceTagProcessor
[THYMELEAF]             * [* {th:each}] [200]: com.intuit.karate.template.KarateEachTagProcessor
[THYMELEAF]             * [* {th:switch}] [250]: org.thymeleaf.standard.processor.StandardSwitchTagProcessor
[THYMELEAF]             * [* {th:case}] [275]: org.thymeleaf.standard.processor.StandardCaseTagProcessor
[THYMELEAF]             * [* {th:if}] [300]: org.thymeleaf.standard.processor.StandardIfTagProcessor
[THYMELEAF]             * [* {th:unless}] [400]: org.thymeleaf.standard.processor.StandardUnlessTagProcessor
[THYMELEAF]             * [* {th:object}] [500]: org.thymeleaf.standard.processor.StandardObjectTagProcessor
[THYMELEAF]             * [* {th:with}] [600]: com.intuit.karate.template.KarateWithTagProcessor
[THYMELEAF]             * [* {th:inline}] [1000]: org.thymeleaf.standard.processor.StandardInlineTextualTagProcessor
[THYMELEAF]             * [* {th:text}] [1300]: org.thymeleaf.standard.processor.StandardTextTagProcessor
[THYMELEAF]             * [* {th:utext}] [1400]: org.thymeleaf.standard.processor.StandardUtextTagProcessor
[THYMELEAF]             * [* {th:assert}] [1550]: org.thymeleaf.standard.processor.StandardAssertTagProcessor
[THYMELEAF]             * [* {th:remove}] [1600]: org.thymeleaf.standard.processor.StandardRemoveTagProcessor
[THYMELEAF]             * [* 100000] [org.thymeleaf.standard.processor.StandardBlockTagProcessor]: {}
[THYMELEAF]             * [{th:block} *] [100000]: org.thymeleaf.standard.processor.StandardBlockTagProcessor
[THYMELEAF]         * Text Processors by [precedence]:
[THYMELEAF]             * [1000]: org.thymeleaf.standard.processor.StandardInliningTextProcessor
[THYMELEAF]     * Processors for Template Mode: JAVASCRIPT
[THYMELEAF]         * Element Tag Processors by [matching element and attribute name] [precedence]:
[THYMELEAF]             * [* {th:insert}] [100]: org.thymeleaf.standard.processor.StandardInsertTagProcessor
[THYMELEAF]             * [* {th:replace}] [100]: org.thymeleaf.standard.processor.StandardReplaceTagProcessor
[THYMELEAF]             * [* {th:each}] [200]: com.intuit.karate.template.KarateEachTagProcessor
[THYMELEAF]             * [* {th:switch}] [250]: org.thymeleaf.standard.processor.StandardSwitchTagProcessor
[THYMELEAF]             * [* {th:case}] [275]: org.thymeleaf.standard.processor.StandardCaseTagProcessor
[THYMELEAF]             * [* {th:if}] [300]: org.thymeleaf.standard.processor.StandardIfTagProcessor
[THYMELEAF]             * [* {th:unless}] [400]: org.thymeleaf.standard.processor.StandardUnlessTagProcessor
[THYMELEAF]             * [* {th:object}] [500]: org.thymeleaf.standard.processor.StandardObjectTagProcessor
[THYMELEAF]             * [* {th:with}] [600]: com.intuit.karate.template.KarateWithTagProcessor
[THYMELEAF]             * [* {th:inline}] [1000]: org.thymeleaf.standard.processor.StandardInlineTextualTagProcessor
[THYMELEAF]             * [* {th:text}] [1300]: org.thymeleaf.standard.processor.StandardTextTagProcessor
[THYMELEAF]             * [* {th:utext}] [1400]: org.thymeleaf.standard.processor.StandardUtextTagProcessor
[THYMELEAF]             * [* {th:assert}] [1550]: org.thymeleaf.standard.processor.StandardAssertTagProcessor
[THYMELEAF]             * [* {th:remove}] [1600]: org.thymeleaf.standard.processor.StandardRemoveTagProcessor
[THYMELEAF]             * [{th:block} *] [100000]: org.thymeleaf.standard.processor.StandardBlockTagProcessor
[THYMELEAF]             * [* 100000] [org.thymeleaf.standard.processor.StandardBlockTagProcessor]: {}
[THYMELEAF]         * Text Processors by [precedence]:
[THYMELEAF]             * [1000]: org.thymeleaf.standard.processor.StandardInliningTextProcessor
[THYMELEAF]     * Processors for Template Mode: CSS
[THYMELEAF]         * Element Tag Processors by [matching element and attribute name] [precedence]:
[THYMELEAF]             * [* {th:insert}] [100]: org.thymeleaf.standard.processor.StandardInsertTagProcessor
[THYMELEAF]             * [* {th:replace}] [100]: org.thymeleaf.standard.processor.StandardReplaceTagProcessor
[THYMELEAF]             * [* {th:each}] [200]: com.intuit.karate.template.KarateEachTagProcessor
[THYMELEAF]             * [* {th:switch}] [250]: org.thymeleaf.standard.processor.StandardSwitchTagProcessor
[THYMELEAF]             * [* {th:case}] [275]: org.thymeleaf.standard.processor.StandardCaseTagProcessor
[THYMELEAF]             * [* {th:if}] [300]: org.thymeleaf.standard.processor.StandardIfTagProcessor
[THYMELEAF]             * [* {th:unless}] [400]: org.thymeleaf.standard.processor.StandardUnlessTagProcessor
[THYMELEAF]             * [* {th:object}] [500]: org.thymeleaf.standard.processor.StandardObjectTagProcessor
[THYMELEAF]             * [* {th:with}] [600]: com.intuit.karate.template.KarateWithTagProcessor
[THYMELEAF]             * [* {th:inline}] [1000]: org.thymeleaf.standard.processor.StandardInlineTextualTagProcessor
[THYMELEAF]             * [* {th:text}] [1300]: org.thymeleaf.standard.processor.StandardTextTagProcessor
[THYMELEAF]             * [* {th:utext}] [1400]: org.thymeleaf.standard.processor.StandardUtextTagProcessor
[THYMELEAF]             * [* {th:assert}] [1550]: org.thymeleaf.standard.processor.StandardAssertTagProcessor
[THYMELEAF]             * [* {th:remove}] [1600]: org.thymeleaf.standard.processor.StandardRemoveTagProcessor
[THYMELEAF]             * [{th:block} *] [100000]: org.thymeleaf.standard.processor.StandardBlockTagProcessor
[THYMELEAF]             * [* 100000] [org.thymeleaf.standard.processor.StandardBlockTagProcessor]: {}
[THYMELEAF]         * Text Processors by [precedence]:
[THYMELEAF]             * [1000]: org.thymeleaf.standard.processor.StandardInliningTextProcessor
[THYMELEAF]     * Expression Objects:
[THYMELEAF]         * #ctx
[THYMELEAF]         * #root
[THYMELEAF]         * #vars
[THYMELEAF]         * #object
[THYMELEAF]         * #locale
[THYMELEAF]         * #request
[THYMELEAF]         * #response
[THYMELEAF]         * #session
[THYMELEAF]         * #servletContext
[THYMELEAF]         * #conversions
[THYMELEAF]         * #uris
[THYMELEAF]         * #calendars
[THYMELEAF]         * #dates
[THYMELEAF]         * #bools
[THYMELEAF]         * #numbers
[THYMELEAF]         * #objects
[THYMELEAF]         * #strings
[THYMELEAF]         * #arrays
[THYMELEAF]         * #lists
[THYMELEAF]         * #sets
[THYMELEAF]         * #maps
[THYMELEAF]         * #aggregates
[THYMELEAF]         * #messages
[THYMELEAF]         * #ids
[THYMELEAF]         * #execInfo
[THYMELEAF]         * #httpServletRequest
[THYMELEAF]         * #httpSession
[THYMELEAF]     * Execution Attributes:
[THYMELEAF]         * "StandardExpressionParser": com.intuit.karate.template.KarateStandardDialect@e01a26b
[THYMELEAF]         * "StandardJavaScriptSerializer": org.thymeleaf.standard.serializer.StandardJavaScriptSerializer@63a84bb6
[THYMELEAF]         * "StandardCSSSerializer": org.thymeleaf.standard.serializer.StandardCSSSerializer@701d2b59
[THYMELEAF]         * "StandardVariableExpressionEvaluator": com.intuit.karate.template.KarateStandardDialect@e01a26b
[THYMELEAF]         * "StandardConversionService": org.thymeleaf.standard.expression.StandardConversionService@1999149e
[THYMELEAF] * Dialect [2 of 2]: karate (com.intuit.karate.template.KarateScriptDialect)
[THYMELEAF]     * Prefix: "ka"
[THYMELEAF]     * Processors for Template Mode: HTML
[THYMELEAF]         * Element Tag Processors by [matching element and attribute name] [precedence]:
[THYMELEAF]             * [* {src}] [1000]: com.intuit.karate.template.KaScriptAttrProcessor
[THYMELEAF]         * Element Model Processors by [matching element and attribute name] [precedence]:
[THYMELEAF]             * [{script} {ka:scope,data-ka-scope}] [1000]: com.intuit.karate.template.KaScriptElemProcessor
[THYMELEAF]             * [* {ka:set,data-ka-set}] [1000]: com.intuit.karate.template.KaSetElemProcessor
[THYMELEAF] TEMPLATE ENGINE CONFIGURED OK
09:31:12.985 [Test worker] DEBUG org.thymeleaf.TemplateEngine - [THYMELEAF] TEMPLATE ENGINE INITIALIZED
---------------------------------------------------------
feature: classpath:features/demo.feature
scenarios:  1 | passed:  1 | failed:  0 | time: 9.9191
---------------------------------------------------------

09:31:13.559 [Test worker] WARN com.intuit.karate - type was null, defaulting to 'chrome'
09:31:13.560 [Test worker] DEBUG com.intuit.karate.shell.Command - found / verified free local port: 54759
09:31:13.560 [Test worker] WARN com.intuit.karate.driver.DriverOptions - preferred port 9222 not available, will use: 54759
09:31:13.561 [Test worker] DEBUG com.intuit.karate.driver.chrome_1689566473559 - poll attempt #0 for port to be ready - localhost:54759
09:31:13.561 [chrome_1689566473559] DEBUG com.intuit.karate.driver.chrome_1689566473559 - command: [C:\Program Files\Google\Chrome\Application\chrome.exe, --remote-debugging-port=54759, --remote-allow-origins=*, --no-first-run, --user-data-dir=C:\Intellij projects\git-actions\build\chrome_1689566473559, --disable-popup-blocking], working dir: build\chrome_1689566473559
09:31:13.747 [chrome_1689566473559-out] DEBUG com.intuit.karate.driver.chrome_1689566473559 - 
09:31:13.747 [chrome_1689566473559-out] DEBUG com.intuit.karate.driver.chrome_1689566473559 - DevTools listening on ws://127.0.0.1:54759/devtools/browser/8f40fcd3-f225-412e-9b75-b7ffec486d69
09:31:13.831 [Test worker] DEBUG com.intuit.karate.driver.chrome_1689566473559 - poll attempt #1 for port to be ready - localhost:54759
09:31:13.874 [Test worker] DEBUG org.apache.http.client.protocol.RequestAddCookies - CookieSpec selected: karate
09:31:13.874 [Test worker] DEBUG org.apache.http.client.protocol.RequestAuthCache - Auth cache not set in the context
09:31:13.875 [Test worker] DEBUG com.intuit.karate - request:
1 > GET http://localhost:54759/json
1 > Host: localhost:54759
1 > Connection: Keep-Alive
1 > User-Agent: Apache-HttpClient/4.5.14 (Java/11.0.16.1)
1 > Accept-Encoding: gzip,deflate


09:31:13.875 [Test worker] DEBUG org.apache.http.impl.conn.PoolingHttpClientConnectionManager - Connection request: [route: {}->http://localhost:54759][total available: 0; route allocated: 0 of 5; total allocated: 0 of 10]
09:31:13.875 [Test worker] DEBUG org.apache.http.impl.conn.PoolingHttpClientConnectionManager - Connection leased: [id: 2][route: {}->http://localhost:54759][total available: 0; route allocated: 1 of 5; total allocated: 1 of 10]
09:31:13.875 [Test worker] DEBUG org.apache.http.impl.execchain.MainClientExec - Opening connection {}->http://localhost:54759
09:31:13.875 [Test worker] DEBUG org.apache.http.impl.conn.DefaultHttpClientConnectionOperator - Connecting to localhost/127.0.0.1:54759
09:31:13.876 [Test worker] DEBUG org.apache.http.impl.conn.DefaultHttpClientConnectionOperator - Connection established 127.0.0.1:54762<->127.0.0.1:54759
09:31:13.876 [Test worker] DEBUG org.apache.http.impl.conn.DefaultManagedHttpClientConnection - http-outgoing-2: set socket timeout to 30000
09:31:13.876 [Test worker] DEBUG org.apache.http.impl.execchain.MainClientExec - Executing request GET /json HTTP/1.1
09:31:13.876 [Test worker] DEBUG org.apache.http.impl.execchain.MainClientExec - Target auth state: UNCHALLENGED
09:31:13.876 [Test worker] DEBUG org.apache.http.impl.execchain.MainClientExec - Proxy auth state: UNCHALLENGED
09:31:13.877 [Test worker] DEBUG org.apache.http.headers - http-outgoing-2 >> GET /json HTTP/1.1
09:31:13.877 [Test worker] DEBUG org.apache.http.headers - http-outgoing-2 >> Host: localhost:54759
09:31:13.877 [Test worker] DEBUG org.apache.http.headers - http-outgoing-2 >> Connection: Keep-Alive
09:31:13.877 [Test worker] DEBUG org.apache.http.headers - http-outgoing-2 >> User-Agent: Apache-HttpClient/4.5.14 (Java/11.0.16.1)
09:31:13.877 [Test worker] DEBUG org.apache.http.headers - http-outgoing-2 >> Accept-Encoding: gzip,deflate
09:31:13.877 [Test worker] DEBUG org.apache.http.wire - http-outgoing-2 >> "GET /json HTTP/1.1[\r][\n]"
09:31:13.877 [Test worker] DEBUG org.apache.http.wire - http-outgoing-2 >> "Host: localhost:54759[\r][\n]"
09:31:13.877 [Test worker] DEBUG org.apache.http.wire - http-outgoing-2 >> "Connection: Keep-Alive[\r][\n]"
09:31:13.877 [Test worker] DEBUG org.apache.http.wire - http-outgoing-2 >> "User-Agent: Apache-HttpClient/4.5.14 (Java/11.0.16.1)[\r][\n]"
09:31:13.877 [Test worker] DEBUG org.apache.http.wire - http-outgoing-2 >> "Accept-Encoding: gzip,deflate[\r][\n]"
09:31:13.877 [Test worker] DEBUG org.apache.http.wire - http-outgoing-2 >> "[\r][\n]"
09:31:13.942 [Test worker] DEBUG org.apache.http.wire - http-outgoing-2 << "HTTP/1.1 200 OK[\r][\n]"
09:31:13.942 [Test worker] DEBUG org.apache.http.wire - http-outgoing-2 << "Content-Security-Policy:frame-ancestors 'none'[\r][\n]"
09:31:13.942 [Test worker] DEBUG org.apache.http.wire - http-outgoing-2 << "Content-Length:386[\r][\n]"
09:31:13.942 [Test worker] DEBUG org.apache.http.wire - http-outgoing-2 << "Content-Type:application/json; charset=UTF-8[\r][\n]"
09:31:13.942 [Test worker] DEBUG org.apache.http.wire - http-outgoing-2 << "[\r][\n]"
09:31:13.942 [Test worker] DEBUG org.apache.http.wire - http-outgoing-2 << "[ {[\r][\n]"
09:31:13.942 [Test worker] DEBUG org.apache.http.wire - http-outgoing-2 << "   "description": "",[\r][\n]"
09:31:13.942 [Test worker] DEBUG org.apache.http.wire - http-outgoing-2 << "   "devtoolsFrontendUrl": "/devtools/inspector.html?ws=localhost:54759/devtools/page/0444528AAEE9A137F94436C07ED200DD",[\r][\n]"
09:31:13.942 [Test worker] DEBUG org.apache.http.wire - http-outgoing-2 << "   "id": "0444528AAEE9A137F94436C07ED200DD",[\r][\n]"
09:31:13.942 [Test worker] DEBUG org.apache.http.wire - http-outgoing-2 << "   "title": "",[\r][\n]"
09:31:13.942 [Test worker] DEBUG org.apache.http.wire - http-outgoing-2 << "   "type": "page",[\r][\n]"
09:31:13.942 [Test worker] DEBUG org.apache.http.wire - http-outgoing-2 << "   "url": "chrome://welcome/?variant=everywhere",[\r][\n]"
09:31:13.942 [Test worker] DEBUG org.apache.http.wire - http-outgoing-2 << "   "webSocketDebuggerUrl": "ws://localhost:54759/devtools/page/0444528AAEE9A137F94436C07ED200DD"[\r][\n]"
09:31:13.942 [Test worker] DEBUG org.apache.http.wire - http-outgoing-2 << "} ][\r][\n]"
09:31:13.942 [Test worker] DEBUG org.apache.http.headers - http-outgoing-2 << HTTP/1.1 200 OK
09:31:13.942 [Test worker] DEBUG org.apache.http.headers - http-outgoing-2 << Content-Security-Policy:frame-ancestors 'none'
09:31:13.942 [Test worker] DEBUG org.apache.http.headers - http-outgoing-2 << Content-Length:386
09:31:13.942 [Test worker] DEBUG org.apache.http.headers - http-outgoing-2 << Content-Type:application/json; charset=UTF-8
09:31:13.942 [Test worker] DEBUG org.apache.http.impl.execchain.MainClientExec - Connection can be kept alive indefinitely
09:31:13.943 [Test worker] DEBUG org.apache.http.impl.conn.PoolingHttpClientConnectionManager - Connection [id: 2][route: {}->http://localhost:54759] can be kept alive indefinitely
09:31:13.943 [Test worker] DEBUG org.apache.http.impl.conn.DefaultManagedHttpClientConnection - http-outgoing-2: set socket timeout to 0
09:31:13.943 [Test worker] DEBUG org.apache.http.impl.conn.PoolingHttpClientConnectionManager - Connection released: [id: 2][route: {}->http://localhost:54759][total available: 1; route allocated: 1 of 5; total allocated: 1 of 10]
09:31:13.943 [Test worker] DEBUG org.apache.http.impl.conn.PoolingHttpClientConnectionManager - Connection manager is shutting down
09:31:13.943 [Test worker] DEBUG org.apache.http.impl.conn.DefaultManagedHttpClientConnection - http-outgoing-2: Close connection
09:31:13.943 [Test worker] DEBUG org.apache.http.impl.conn.PoolingHttpClientConnectionManager - Connection manager shut down
09:31:13.943 [Test worker] DEBUG com.intuit.karate - response time in milliseconds: 68
1 < 200
1 < Content-Security-Policy: frame-ancestors 'none'
1 < Content-Length: 386
1 < Content-Type: application/json; charset=UTF-8
[ {
   "description": "",
   "devtoolsFrontendUrl": "/devtools/inspector.html?ws=localhost:54759/devtools/page/0444528AAEE9A137F94436C07ED200DD",
   "id": "0444528AAEE9A137F94436C07ED200DD",
   "title": "",
   "type": "page",
   "url": "chrome://welcome/?variant=everywhere",
   "webSocketDebuggerUrl": "ws://localhost:54759/devtools/page/0444528AAEE9A137F94436C07ED200DD"
} ]


09:31:13.945 [Test worker] DEBUG com.jayway.jsonpath.internal.path.CompiledPath - Evaluating path: $
09:31:13.945 [Test worker] DEBUG com.intuit.karate.shell.Command - ready to accept http connections after 85 ms - http://localhost:54759/json
09:31:13.946 [Test worker] DEBUG org.apache.http.client.protocol.RequestAddCookies - CookieSpec selected: karate
09:31:13.947 [Test worker] DEBUG org.apache.http.client.protocol.RequestAuthCache - Auth cache not set in the context
09:31:13.947 [Test worker] DEBUG com.intuit.karate - request:
1 > GET http://localhost:54759/json
1 > Host: localhost:54759
1 > Connection: Keep-Alive
1 > User-Agent: Apache-HttpClient/4.5.14 (Java/11.0.16.1)
1 > Accept-Encoding: gzip,deflate


09:31:13.947 [Test worker] DEBUG org.apache.http.impl.conn.PoolingHttpClientConnectionManager - Connection request: [route: {}->http://localhost:54759][total available: 0; route allocated: 0 of 5; total allocated: 0 of 10]
09:31:13.947 [Test worker] DEBUG org.apache.http.impl.conn.PoolingHttpClientConnectionManager - Connection leased: [id: 3][route: {}->http://localhost:54759][total available: 0; route allocated: 1 of 5; total allocated: 1 of 10]
09:31:13.947 [Test worker] DEBUG org.apache.http.impl.execchain.MainClientExec - Opening connection {}->http://localhost:54759
09:31:13.947 [Test worker] DEBUG org.apache.http.impl.conn.DefaultHttpClientConnectionOperator - Connecting to localhost/127.0.0.1:54759
09:31:13.948 [Test worker] DEBUG org.apache.http.impl.conn.DefaultHttpClientConnectionOperator - Connection established 127.0.0.1:54763<->127.0.0.1:54759
09:31:13.948 [Test worker] DEBUG org.apache.http.impl.conn.DefaultManagedHttpClientConnection - http-outgoing-3: set socket timeout to 30000
09:31:13.948 [Test worker] DEBUG org.apache.http.impl.execchain.MainClientExec - Executing request GET /json HTTP/1.1
09:31:13.948 [Test worker] DEBUG org.apache.http.impl.execchain.MainClientExec - Target auth state: UNCHALLENGED
09:31:13.948 [Test worker] DEBUG org.apache.http.impl.execchain.MainClientExec - Proxy auth state: UNCHALLENGED
09:31:13.948 [Test worker] DEBUG org.apache.http.headers - http-outgoing-3 >> GET /json HTTP/1.1
09:31:13.948 [Test worker] DEBUG org.apache.http.headers - http-outgoing-3 >> Host: localhost:54759
09:31:13.948 [Test worker] DEBUG org.apache.http.headers - http-outgoing-3 >> Connection: Keep-Alive
09:31:13.948 [Test worker] DEBUG org.apache.http.headers - http-outgoing-3 >> User-Agent: Apache-HttpClient/4.5.14 (Java/11.0.16.1)
09:31:13.948 [Test worker] DEBUG org.apache.http.headers - http-outgoing-3 >> Accept-Encoding: gzip,deflate
09:31:13.948 [Test worker] DEBUG org.apache.http.wire - http-outgoing-3 >> "GET /json HTTP/1.1[\r][\n]"
09:31:13.948 [Test worker] DEBUG org.apache.http.wire - http-outgoing-3 >> "Host: localhost:54759[\r][\n]"
09:31:13.948 [Test worker] DEBUG org.apache.http.wire - http-outgoing-3 >> "Connection: Keep-Alive[\r][\n]"
09:31:13.948 [Test worker] DEBUG org.apache.http.wire - http-outgoing-3 >> "User-Agent: Apache-HttpClient/4.5.14 (Java/11.0.16.1)[\r][\n]"
09:31:13.948 [Test worker] DEBUG org.apache.http.wire - http-outgoing-3 >> "Accept-Encoding: gzip,deflate[\r][\n]"
09:31:13.948 [Test worker] DEBUG org.apache.http.wire - http-outgoing-3 >> "[\r][\n]"
09:31:14.003 [Test worker] DEBUG org.apache.http.wire - http-outgoing-3 << "HTTP/1.1 200 OK[\r][\n]"
09:31:14.003 [Test worker] DEBUG org.apache.http.wire - http-outgoing-3 << "Content-Security-Policy:frame-ancestors 'none'[\r][\n]"
09:31:14.003 [Test worker] DEBUG org.apache.http.wire - http-outgoing-3 << "Content-Length:825[\r][\n]"
09:31:14.003 [Test worker] DEBUG org.apache.http.wire - http-outgoing-3 << "Content-Type:application/json; charset=UTF-8[\r][\n]"
09:31:14.003 [Test worker] DEBUG org.apache.http.wire - http-outgoing-3 << "[\r][\n]"
09:31:14.003 [Test worker] DEBUG org.apache.http.wire - http-outgoing-3 << "[ {[\r][\n]"
09:31:14.003 [Test worker] DEBUG org.apache.http.wire - http-outgoing-3 << "   "description": "",[\r][\n]"
09:31:14.003 [Test worker] DEBUG org.apache.http.wire - http-outgoing-3 << "   "devtoolsFrontendUrl": "/devtools/inspector.html?ws=localhost:54759/devtools/page/AFAEC29C8A04E16D603EA8898F1BDCD1",[\r][\n]"
09:31:14.003 [Test worker] DEBUG org.apache.http.wire - http-outgoing-3 << "   "id": "AFAEC29C8A04E16D603EA8898F1BDCD1",[\r][\n]"
09:31:14.003 [Test worker] DEBUG org.apache.http.wire - http-outgoing-3 << "   "title": "Google Hangouts",[\r][\n]"
09:31:14.003 [Test worker] DEBUG org.apache.http.wire - http-outgoing-3 << "   "type": "background_page",[\r][\n]"
09:31:14.003 [Test worker] DEBUG org.apache.http.wire - http-outgoing-3 << "   "url": "chrome-extension://nkeimhogjdpnpccoofpliimaahmaaome/background.html",[\r][\n]"
09:31:14.003 [Test worker] DEBUG org.apache.http.wire - http-outgoing-3 << "   "webSocketDebuggerUrl": "ws://localhost:54759/devtools/page/AFAEC29C8A04E16D603EA8898F1BDCD1"[\r][\n]"
09:31:14.003 [Test worker] DEBUG org.apache.http.wire - http-outgoing-3 << "}, {[\r][\n]"
09:31:14.003 [Test worker] DEBUG org.apache.http.wire - http-outgoing-3 << "   "description": "",[\r][\n]"
09:31:14.003 [Test worker] DEBUG org.apache.http.wire - http-outgoing-3 << "   "devtoolsFrontendUrl": "/devtools/inspector.html?ws=localhost:54759/devtools/page/0444528AAEE9A137F94436C07ED200DD",[\r][\n]"
09:31:14.003 [Test worker] DEBUG org.apache.http.wire - http-outgoing-3 << "   "id": "0444528AAEE9A137F94436C07ED200DD",[\r][\n]"
09:31:14.003 [Test worker] DEBUG org.apache.http.wire - http-outgoing-3 << "   "title": "",[\r][\n]"
09:31:14.003 [Test worker] DEBUG org.apache.http.wire - http-outgoing-3 << "   "type": "page",[\r][\n]"
09:31:14.003 [Test worker] DEBUG org.apache.http.wire - http-outgoing-3 << "   "url": "chrome://welcome/?variant=everywhere",[\r][\n]"
09:31:14.003 [Test worker] DEBUG org.apache.http.wire - http-outgoing-3 << "   "webSocketDebuggerUrl": "ws://localhost:54759/devtools/page/0444528AAEE9A137F94436C07ED200DD"[\r][\n]"
09:31:14.003 [Test worker] DEBUG org.apache.http.wire - http-outgoing-3 << "} ][\r][\n]"
09:31:14.003 [Test worker] DEBUG org.apache.http.headers - http-outgoing-3 << HTTP/1.1 200 OK
09:31:14.003 [Test worker] DEBUG org.apache.http.headers - http-outgoing-3 << Content-Security-Policy:frame-ancestors 'none'
09:31:14.003 [Test worker] DEBUG org.apache.http.headers - http-outgoing-3 << Content-Length:825
09:31:14.003 [Test worker] DEBUG org.apache.http.headers - http-outgoing-3 << Content-Type:application/json; charset=UTF-8
09:31:14.004 [Test worker] DEBUG org.apache.http.impl.execchain.MainClientExec - Connection can be kept alive indefinitely
09:31:14.004 [Test worker] DEBUG org.apache.http.impl.conn.PoolingHttpClientConnectionManager - Connection [id: 3][route: {}->http://localhost:54759] can be kept alive indefinitely
09:31:14.004 [Test worker] DEBUG org.apache.http.impl.conn.DefaultManagedHttpClientConnection - http-outgoing-3: set socket timeout to 0
09:31:14.004 [Test worker] DEBUG org.apache.http.impl.conn.PoolingHttpClientConnectionManager - Connection released: [id: 3][route: {}->http://localhost:54759][total available: 1; route allocated: 1 of 5; total allocated: 1 of 10]
09:31:14.004 [Test worker] DEBUG org.apache.http.impl.conn.PoolingHttpClientConnectionManager - Connection manager is shutting down
09:31:14.004 [Test worker] DEBUG org.apache.http.impl.conn.DefaultManagedHttpClientConnection - http-outgoing-3: Close connection
09:31:14.004 [Test worker] DEBUG org.apache.http.impl.conn.PoolingHttpClientConnectionManager - Connection manager shut down
09:31:14.004 [Test worker] DEBUG com.intuit.karate - response time in milliseconds: 57
1 < 200
1 < Content-Security-Policy: frame-ancestors 'none'
1 < Content-Length: 825
1 < Content-Type: application/json; charset=UTF-8
[ {
   "description": "",
   "devtoolsFrontendUrl": "/devtools/inspector.html?ws=localhost:54759/devtools/page/AFAEC29C8A04E16D603EA8898F1BDCD1",
   "id": "AFAEC29C8A04E16D603EA8898F1BDCD1",
   "title": "Google Hangouts",
   "type": "background_page",
   "url": "chrome-extension://nkeimhogjdpnpccoofpliimaahmaaome/background.html",
   "webSocketDebuggerUrl": "ws://localhost:54759/devtools/page/AFAEC29C8A04E16D603EA8898F1BDCD1"
}, {
   "description": "",
   "devtoolsFrontendUrl": "/devtools/inspector.html?ws=localhost:54759/devtools/page/0444528AAEE9A137F94436C07ED200DD",
   "id": "0444528AAEE9A137F94436C07ED200DD",
   "title": "",
   "type": "page",
   "url": "chrome://welcome/?variant=everywhere",
   "webSocketDebuggerUrl": "ws://localhost:54759/devtools/page/0444528AAEE9A137F94436C07ED200DD"
} ]


09:31:14.006 [Test worker] DEBUG com.jayway.jsonpath.internal.path.CompiledPath - Evaluating path: $
09:31:14.006 [Test worker] DEBUG com.jayway.jsonpath.internal.path.CompiledPath - Evaluating path: $
09:31:14.006 [Test worker] DEBUG com.intuit.karate.driver.chrome_1689566473559 - root frame id: 0444528AAEE9A137F94436C07ED200DD
09:31:14.039 [nioEventLoopGroup-3-1] DEBUG io.netty.handler.codec.http.websocketx.WebSocketClientHandshaker13 - WebSocket version 13 client handshake key: /JY+va2VD5TYy5lnnFTcGg==, expected response: RptUlbdG5MXPBwStoJSufUqIUxY=
09:31:14.051 [nioEventLoopGroup-3-1] DEBUG com.intuit.karate.http.WebSocketClientHandler - websocket client connected
09:31:14.051 [Test worker] DEBUG com.jayway.jsonpath.internal.path.CompiledPath - Evaluating path: $['targetId']
09:31:14.051 [Test worker] DEBUG com.jayway.jsonpath.internal.path.CompiledPath - Evaluating path: $
09:31:14.051 [Test worker] DEBUG com.jayway.jsonpath.internal.path.CompiledPath - Evaluating path: $
09:31:14.051 [Test worker] DEBUG com.jayway.jsonpath.internal.JsonContext - Put path $ key targetId value {}
09:31:14.052 [Test worker] DEBUG com.jayway.jsonpath.internal.path.CompiledPath - Evaluating path: $
09:31:14.052 [Test worker] DEBUG com.jayway.jsonpath.internal.JsonContext - Put path $ key targetId value 0444528AAEE9A137F94436C07ED200DD
09:31:14.052 [Test worker] DEBUG com.jayway.jsonpath.internal.path.CompiledPath - Evaluating path: $['flatten']
09:31:14.052 [Test worker] DEBUG com.jayway.jsonpath.internal.path.CompiledPath - Evaluating path: $
09:31:14.052 [Test worker] DEBUG com.jayway.jsonpath.internal.path.CompiledPath - Evaluating path: $
09:31:14.052 [Test worker] DEBUG com.jayway.jsonpath.internal.JsonContext - Put path $ key flatten value {}
09:31:14.052 [Test worker] DEBUG com.jayway.jsonpath.internal.path.CompiledPath - Evaluating path: $
09:31:14.052 [Test worker] DEBUG com.jayway.jsonpath.internal.JsonContext - Put path $ key flatten value true
09:31:14.052 [Test worker] DEBUG com.jayway.jsonpath.internal.path.CompiledPath - Evaluating path: $
09:31:14.052 [Test worker] DEBUG com.intuit.karate.driver.chrome_1689566473559 - >> {"id":1,"method":"Target.attachToTarget","params":{"targetId":"0444528AAEE9A137F94436C07ED200DD","flatten":true}}
09:31:14.062 [nioEventLoopGroup-3-1] DEBUG com.intuit.karate.driver.chrome_1689566473559 - << {"method":"Target.attachedToTarget","params":{"sessionId":"3DF2AE793B12D0A3F73A140021ED6E81","targetInfo":{"targetId":"0444528AAEE9A137F94436C07ED200DD","type":"page","title":"","url":"chrome://welcome/?variant=everywhere","attached":true,"canAccessOpener":false,"browserContextId":"F7D35C0D880DE00F9CE246EF1B3C4159"},"waitingForDebugger":false}}
09:31:14.062 [nioEventLoopGroup-3-1] DEBUG com.jayway.jsonpath.internal.path.CompiledPath - Evaluating path: $
09:31:14.062 [nioEventLoopGroup-3-1] DEBUG com.jayway.jsonpath.internal.path.CompiledPath - Evaluating path: $['targetInfo']['type']
09:31:14.064 [nioEventLoopGroup-3-1] DEBUG com.intuit.karate.driver.chrome_1689566473559 - << {"id":1,"result":{"sessionId":"3DF2AE793B12D0A3F73A140021ED6E81"}}
09:31:14.064 [nioEventLoopGroup-3-1] DEBUG com.jayway.jsonpath.internal.path.CompiledPath - Evaluating path: $
09:31:14.064 [Test worker] DEBUG com.jayway.jsonpath.internal.path.CompiledPath - Evaluating path: $['sessionId']
09:31:14.064 [Test worker] DEBUG com.jayway.jsonpath.internal.path.CompiledPath - Evaluating path: $['targetId']
09:31:14.064 [Test worker] DEBUG com.jayway.jsonpath.internal.path.CompiledPath - Evaluating path: $
09:31:14.064 [Test worker] DEBUG com.jayway.jsonpath.internal.path.CompiledPath - Evaluating path: $
09:31:14.064 [Test worker] DEBUG com.jayway.jsonpath.internal.JsonContext - Put path $ key targetId value {}
09:31:14.064 [Test worker] DEBUG com.jayway.jsonpath.internal.path.CompiledPath - Evaluating path: $
09:31:14.064 [Test worker] DEBUG com.jayway.jsonpath.internal.JsonContext - Put path $ key targetId value 0444528AAEE9A137F94436C07ED200DD
09:31:14.064 [Test worker] DEBUG com.jayway.jsonpath.internal.path.CompiledPath - Evaluating path: $
09:31:14.064 [Test worker] DEBUG com.intuit.karate.driver.chrome_1689566473559 - >> {"id":2,"sessionId":"3DF2AE793B12D0A3F73A140021ED6E81","method":"Target.activateTarget","params":{"targetId":"0444528AAEE9A137F94436C07ED200DD"}}
09:31:14.069 [nioEventLoopGroup-3-1] DEBUG com.intuit.karate.driver.chrome_1689566473559 - << {"id":2,"result":{},"sessionId":"3DF2AE793B12D0A3F73A140021ED6E81"}
09:31:14.070 [nioEventLoopGroup-3-1] DEBUG com.jayway.jsonpath.internal.path.CompiledPath - Evaluating path: $
09:31:14.070 [Test worker] DEBUG com.jayway.jsonpath.internal.path.CompiledPath - Evaluating path: $['discover']
09:31:14.070 [Test worker] DEBUG com.jayway.jsonpath.internal.path.CompiledPath - Evaluating path: $
09:31:14.070 [Test worker] DEBUG com.jayway.jsonpath.internal.path.CompiledPath - Evaluating path: $
09:31:14.070 [Test worker] DEBUG com.jayway.jsonpath.internal.JsonContext - Put path $ key discover value {}
09:31:14.070 [Test worker] DEBUG com.jayway.jsonpath.internal.path.CompiledPath - Evaluating path: $
09:31:14.070 [Test worker] DEBUG com.jayway.jsonpath.internal.JsonContext - Put path $ key discover value true
09:31:14.070 [Test worker] DEBUG com.jayway.jsonpath.internal.path.CompiledPath - Evaluating path: $
09:31:14.070 [Test worker] DEBUG com.intuit.karate.driver.chrome_1689566473559 - >> {"id":3,"sessionId":"3DF2AE793B12D0A3F73A140021ED6E81","method":"Target.setDiscoverTargets","params":{"discover":true}}
09:31:14.071 [nioEventLoopGroup-3-1] DEBUG com.intuit.karate.driver.chrome_1689566473559 - << {"method":"Target.targetCreated","params":{"targetInfo":{"targetId":"0444528AAEE9A137F94436C07ED200DD","type":"page","title":"","url":"chrome://welcome/?variant=everywhere","attached":true,"canAccessOpener":false,"browserContextId":"F7D35C0D880DE00F9CE246EF1B3C4159"}},"sessionId":"3DF2AE793B12D0A3F73A140021ED6E81"}
09:31:14.072 [nioEventLoopGroup-3-1] DEBUG com.jayway.jsonpath.internal.path.CompiledPath - Evaluating path: $
09:31:14.072 [nioEventLoopGroup-3-1] DEBUG com.intuit.karate.driver.chrome_1689566473559 - << {"method":"Target.targetCreated","params":{"targetInfo":{"targetId":"05218E491DF56A9893CAAE96AFC72DD2","type":"background_page","title":"Google Network Speech","url":"chrome-extension://neajdppkdcdipfabeoofebfddakdcjhd/_generated_background_page.html","attached":false,"canAccessOpener":false,"browserContextId":"F7D35C0D880DE00F9CE246EF1B3C4159"}},"sessionId":"3DF2AE793B12D0A3F73A140021ED6E81"}
09:31:14.072 [nioEventLoopGroup-3-1] DEBUG com.jayway.jsonpath.internal.path.CompiledPath - Evaluating path: $
09:31:14.072 [nioEventLoopGroup-3-1] DEBUG com.intuit.karate.driver.chrome_1689566473559 - << {"method":"Target.targetCreated","params":{"targetInfo":{"targetId":"AFAEC29C8A04E16D603EA8898F1BDCD1","type":"background_page","title":"Google Hangouts","url":"chrome-extension://nkeimhogjdpnpccoofpliimaahmaaome/background.html","attached":false,"canAccessOpener":false,"browserContextId":"F7D35C0D880DE00F9CE246EF1B3C4159"}},"sessionId":"3DF2AE793B12D0A3F73A140021ED6E81"}
09:31:14.072 [nioEventLoopGroup-3-1] DEBUG com.jayway.jsonpath.internal.path.CompiledPath - Evaluating path: $
09:31:14.073 [nioEventLoopGroup-3-1] DEBUG com.intuit.karate.driver.chrome_1689566473559 - << {"id":3,"result":{},"sessionId":"3DF2AE793B12D0A3F73A140021ED6E81"}
09:31:14.073 [nioEventLoopGroup-3-1] DEBUG com.jayway.jsonpath.internal.path.CompiledPath - Evaluating path: $
09:31:14.073 [Test worker] DEBUG com.intuit.karate.driver.chrome_1689566473559 - >> {"id":4,"sessionId":"3DF2AE793B12D0A3F73A140021ED6E81","method":"Page.enable"}
09:31:14.115 [nioEventLoopGroup-3-1] DEBUG com.intuit.karate.driver.chrome_1689566473559 - << {"method":"Target.targetInfoChanged","params":{"targetInfo":{"targetId":"05218E491DF56A9893CAAE96AFC72DD2","type":"background_page","title":"Google Network Speech","url":"chrome-extension://neajdppkdcdipfabeoofebfddakdcjhd/_generated_background_page.html","attached":false,"canAccessOpener":false,"browserContextId":"F7D35C0D880DE00F9CE246EF1B3C4159"}},"sessionId":"3DF2AE793B12D0A3F73A140021ED6E81"}
09:31:14.116 [nioEventLoopGroup-3-1] DEBUG com.jayway.jsonpath.internal.path.CompiledPath - Evaluating path: $
09:31:14.116 [nioEventLoopGroup-3-1] DEBUG com.jayway.jsonpath.internal.path.CompiledPath - Evaluating path: $['targetInfo']['targetId']
09:31:14.120 [nioEventLoopGroup-3-1] DEBUG com.intuit.karate.driver.chrome_1689566473559 - << {"method":"Target.targetInfoChanged","params":{"targetInfo":{"targetId":"AFAEC29C8A04E16D603EA8898F1BDCD1","type":"background_page","title":"Google Hangouts","url":"chrome-extension://nkeimhogjdpnpccoofpliimaahmaaome/background.html","attached":false,"canAccessOpener":false,"browserContextId":"F7D35C0D880DE00F9CE246EF1B3C4159"}},"sessionId":"3DF2AE793B12D0A3F73A140021ED6E81"}
09:31:14.120 [nioEventLoopGroup-3-1] DEBUG com.jayway.jsonpath.internal.path.CompiledPath - Evaluating path: $
09:31:14.120 [nioEventLoopGroup-3-1] DEBUG com.jayway.jsonpath.internal.path.CompiledPath - Evaluating path: $['targetInfo']['targetId']
09:31:14.190 [nioEventLoopGroup-3-1] DEBUG com.intuit.karate.driver.chrome_1689566473559 - << {"method":"Target.targetInfoChanged","params":{"targetInfo":{"targetId":"0444528AAEE9A137F94436C07ED200DD","type":"page","title":"chrome://welcome/?variant=everywhere","url":"chrome://welcome/?variant=everywhere","attached":true,"canAccessOpener":false,"browserContextId":"F7D35C0D880DE00F9CE246EF1B3C4159"}},"sessionId":"3DF2AE793B12D0A3F73A140021ED6E81"}
09:31:14.190 [nioEventLoopGroup-3-1] DEBUG com.jayway.jsonpath.internal.path.CompiledPath - Evaluating path: $
09:31:14.190 [nioEventLoopGroup-3-1] DEBUG com.jayway.jsonpath.internal.path.CompiledPath - Evaluating path: $['targetInfo']['targetId']
09:31:14.193 [nioEventLoopGroup-3-1] DEBUG com.intuit.karate.driver.chrome_1689566473559 - << {"id":4,"result":{},"sessionId":"3DF2AE793B12D0A3F73A140021ED6E81"}
09:31:14.194 [nioEventLoopGroup-3-1] DEBUG com.jayway.jsonpath.internal.path.CompiledPath - Evaluating path: $
09:31:14.194 [Test worker] DEBUG com.intuit.karate.driver.chrome_1689566473559 - >> {"id":5,"sessionId":"3DF2AE793B12D0A3F73A140021ED6E81","method":"Runtime.enable"}
09:31:14.198 [nioEventLoopGroup-3-1] DEBUG com.intuit.karate.driver.chrome_1689566473559 - << {"method":"Runtime.executionContextCreated","params":{"context":{"id":1,"origin":"chrome://welcome","name":"","uniqueId":"1747549073485435841.-7379492507200312920","auxData":{"isDefault":true,"type":"default","frameId":"0444528AAEE9A137F94436C07ED200DD"}}},"sessionId":"3DF2AE793B12D0A3F73A140021ED6E81"}
09:31:14.198 [nioEventLoopGroup-3-1] DEBUG com.jayway.jsonpath.internal.path.CompiledPath - Evaluating path: $
09:31:14.198 [nioEventLoopGroup-3-1] DEBUG com.jayway.jsonpath.internal.path.CompiledPath - Evaluating path: $['context']['auxData']['frameId']
09:31:14.198 [nioEventLoopGroup-3-1] DEBUG com.jayway.jsonpath.internal.path.CompiledPath - Evaluating path: $['context']['id']
09:31:14.199 [nioEventLoopGroup-3-1] DEBUG com.intuit.karate.driver.chrome_1689566473559 - << {"id":5,"result":{},"sessionId":"3DF2AE793B12D0A3F73A140021ED6E81"}
09:31:14.199 [nioEventLoopGroup-3-1] DEBUG com.jayway.jsonpath.internal.path.CompiledPath - Evaluating path: $
09:31:14.199 [Test worker] DEBUG com.jayway.jsonpath.internal.path.CompiledPath - Evaluating path: $['targetId']
09:31:14.199 [Test worker] DEBUG com.jayway.jsonpath.internal.path.CompiledPath - Evaluating path: $
09:31:14.199 [Test worker] DEBUG com.jayway.jsonpath.internal.path.CompiledPath - Evaluating path: $
09:31:14.199 [Test worker] DEBUG com.jayway.jsonpath.internal.JsonContext - Put path $ key targetId value {}
09:31:14.199 [Test worker] DEBUG com.jayway.jsonpath.internal.path.CompiledPath - Evaluating path: $
09:31:14.199 [Test worker] DEBUG com.jayway.jsonpath.internal.JsonContext - Put path $ key targetId value 0444528AAEE9A137F94436C07ED200DD
09:31:14.199 [Test worker] DEBUG com.jayway.jsonpath.internal.path.CompiledPath - Evaluating path: $
09:31:14.199 [Test worker] DEBUG com.intuit.karate.driver.chrome_1689566473559 - >> {"id":6,"sessionId":"3DF2AE793B12D0A3F73A140021ED6E81","method":"Browser.getWindowForTarget","params":{"targetId":"0444528AAEE9A137F94436C07ED200DD"}}
09:31:14.201 [nioEventLoopGroup-3-1] DEBUG com.intuit.karate.driver.chrome_1689566473559 - << {"id":6,"result":{"windowId":344669131,"bounds":{"left":10,"top":10,"width":1050,"height":700,"windowState":"normal"}},"sessionId":"3DF2AE793B12D0A3F73A140021ED6E81"}
09:31:14.201 [nioEventLoopGroup-3-1] DEBUG com.jayway.jsonpath.internal.path.CompiledPath - Evaluating path: $
09:31:14.229 [Test worker] DEBUG com.jayway.jsonpath.internal.path.CompiledPath - Evaluating path: $['url']
09:31:14.229 [Test worker] DEBUG com.jayway.jsonpath.internal.path.CompiledPath - Evaluating path: $
09:31:14.229 [Test worker] DEBUG com.jayway.jsonpath.internal.path.CompiledPath - Evaluating path: $
09:31:14.229 [Test worker] DEBUG com.jayway.jsonpath.internal.JsonContext - Put path $ key url value {}
09:31:14.229 [Test worker] DEBUG com.jayway.jsonpath.internal.path.CompiledPath - Evaluating path: $
09:31:14.229 [Test worker] DEBUG com.jayway.jsonpath.internal.JsonContext - Put path $ key url value https://www.amazon.in/
09:31:14.229 [Test worker] DEBUG com.jayway.jsonpath.internal.path.CompiledPath - Evaluating path: $
09:31:14.229 [Test worker] DEBUG com.intuit.karate.driver.chrome_1689566473559 - >> {"id":7,"sessionId":"3DF2AE793B12D0A3F73A140021ED6E81","method":"Page.navigate","params":{"url":"https:\/\/www.amazon.in\/"}}
09:31:14.288 [nioEventLoopGroup-3-1] DEBUG com.intuit.karate.driver.chrome_1689566473559 - << {"method":"Target.targetInfoChanged","params":{"targetInfo":{"targetId":"0444528AAEE9A137F94436C07ED200DD","type":"page","title":"Welcome to Chrome","url":"https://www.amazon.in/","attached":true,"canAccessOpener":false,"browserContextId":"F7D35C0D880DE00F9CE246EF1B3C4159"}},"sessionId":"3DF2AE793B12D0A3F73A140021ED6E81"}
09:31:14.289 [nioEventLoopGroup-3-1] DEBUG com.jayway.jsonpath.internal.path.CompiledPath - Evaluating path: $
09:31:14.289 [nioEventLoopGroup-3-1] DEBUG com.jayway.jsonpath.internal.path.CompiledPath - Evaluating path: $['targetInfo']['targetId']
09:31:14.316 [nioEventLoopGroup-3-1] DEBUG com.intuit.karate.driver.chrome_1689566473559 - << {"method":"Page.navigatedWithinDocument","params":{"frameId":"0444528AAEE9A137F94436C07ED200DD","url":"chrome://welcome/"},"sessionId":"3DF2AE793B12D0A3F73A140021ED6E81"}
09:31:14.316 [nioEventLoopGroup-3-1] DEBUG com.jayway.jsonpath.internal.path.CompiledPath - Evaluating path: $
09:31:14.316 [nioEventLoopGroup-3-1] DEBUG com.intuit.karate.driver.chrome_1689566473559 - << {"method":"Page.domContentEventFired","params":{"timestamp":68846.149911},"sessionId":"3DF2AE793B12D0A3F73A140021ED6E81"}
09:31:14.316 [nioEventLoopGroup-3-1] DEBUG com.jayway.jsonpath.internal.path.CompiledPath - Evaluating path: $
09:31:14.319 [Test worker] DEBUG com.jayway.jsonpath.internal.path.CompiledPath - Evaluating path: $['windowId']
09:31:14.319 [Test worker] DEBUG com.jayway.jsonpath.internal.path.CompiledPath - Evaluating path: $
09:31:14.319 [Test worker] DEBUG com.jayway.jsonpath.internal.path.CompiledPath - Evaluating path: $
09:31:14.319 [Test worker] DEBUG com.jayway.jsonpath.internal.JsonContext - Put path $ key windowId value {}
09:31:14.319 [Test worker] DEBUG com.jayway.jsonpath.internal.path.CompiledPath - Evaluating path: $
09:31:14.319 [Test worker] DEBUG com.jayway.jsonpath.internal.JsonContext - Put path $ key windowId value 344669131
09:31:14.319 [Test worker] DEBUG com.jayway.jsonpath.internal.path.CompiledPath - Evaluating path: $['bounds']
09:31:14.319 [Test worker] DEBUG com.jayway.jsonpath.internal.path.CompiledPath - Evaluating path: $
09:31:14.319 [Test worker] DEBUG com.jayway.jsonpath.internal.path.CompiledPath - Evaluating path: $
09:31:14.319 [Test worker] DEBUG com.jayway.jsonpath.internal.JsonContext - Put path $ key bounds value {}
09:31:14.319 [Test worker] DEBUG com.jayway.jsonpath.internal.path.CompiledPath - Evaluating path: $
09:31:14.319 [Test worker] DEBUG com.jayway.jsonpath.internal.JsonContext - Put path $ key bounds value {windowState=maximized}
09:31:14.319 [Test worker] DEBUG com.jayway.jsonpath.internal.path.CompiledPath - Evaluating path: $
09:31:14.319 [Test worker] DEBUG com.intuit.karate.driver.chrome_1689566473559 - >> {"id":8,"sessionId":"3DF2AE793B12D0A3F73A140021ED6E81","method":"Browser.setWindowBounds","params":{"windowId":344669131,"bounds":{"windowState":"maximized"}}}
09:31:14.325 [nioEventLoopGroup-3-1] DEBUG com.intuit.karate.driver.chrome_1689566473559 - << {"id":8,"result":{},"sessionId":"3DF2AE793B12D0A3F73A140021ED6E81"}
09:31:14.325 [nioEventLoopGroup-3-1] DEBUG com.jayway.jsonpath.internal.path.CompiledPath - Evaluating path: $
09:31:14.328 [Test worker] DEBUG com.jayway.jsonpath.internal.path.CompiledPath - Evaluating path: $['targetId']
09:31:14.328 [Test worker] DEBUG com.jayway.jsonpath.internal.path.CompiledPath - Evaluating path: $
09:31:14.328 [Test worker] DEBUG com.jayway.jsonpath.internal.path.CompiledPath - Evaluating path: $
09:31:14.328 [Test worker] DEBUG com.jayway.jsonpath.internal.JsonContext - Put path $ key targetId value {}
09:31:14.328 [Test worker] DEBUG com.jayway.jsonpath.internal.path.CompiledPath - Evaluating path: $
09:31:14.328 [Test worker] DEBUG com.jayway.jsonpath.internal.JsonContext - Put path $ key targetId value 0444528AAEE9A137F94436C07ED200DD
09:31:14.328 [Test worker] DEBUG com.jayway.jsonpath.internal.path.CompiledPath - Evaluating path: $
09:31:14.328 [Test worker] DEBUG com.intuit.karate.driver.chrome_1689566473559 - >> {"id":9,"sessionId":"3DF2AE793B12D0A3F73A140021ED6E81","method":"Browser.getWindowForTarget","params":{"targetId":"0444528AAEE9A137F94436C07ED200DD"}}
09:31:14.331 [nioEventLoopGroup-3-1] DEBUG com.intuit.karate.driver.chrome_1689566473559 - << {"id":9,"result":{"windowId":344669131,"bounds":{"left":-8,"top":-8,"width":1382,"height":736,"windowState":"maximized"}},"sessionId":"3DF2AE793B12D0A3F73A140021ED6E81"}
09:31:14.331 [nioEventLoopGroup-3-1] DEBUG com.jayway.jsonpath.internal.path.CompiledPath - Evaluating path: $
09:31:14.338 [Test worker] INFO com.intuit.karate - [print] {
  "width": 1382,
  "height": 736,
  "windowState": "maximized",
  "x": -8,
  "y": -8
}
 
09:31:14.340 [Test worker] DEBUG com.jayway.jsonpath.internal.path.CompiledPath - Evaluating path: $['expression']
09:31:14.340 [Test worker] DEBUG com.jayway.jsonpath.internal.path.CompiledPath - Evaluating path: $
09:31:14.340 [Test worker] DEBUG com.jayway.jsonpath.internal.path.CompiledPath - Evaluating path: $
09:31:14.340 [Test worker] DEBUG com.jayway.jsonpath.internal.JsonContext - Put path $ key expression value {}
09:31:14.340 [Test worker] DEBUG com.jayway.jsonpath.internal.path.CompiledPath - Evaluating path: $
09:31:14.340 [Test worker] DEBUG com.jayway.jsonpath.internal.JsonContext - Put path $ key expression value var e = document.evaluate("//input[@id='twotabsearchtextbox']", document, null, 9, null).singleNodeValue; e.focus(); try { e.selectionStart = e.selectionEnd = e.value.length } catch(x) {}
09:31:14.340 [Test worker] DEBUG com.jayway.jsonpath.internal.path.CompiledPath - Evaluating path: $['returnByValue']
09:31:14.340 [Test worker] DEBUG com.jayway.jsonpath.internal.path.CompiledPath - Evaluating path: $
09:31:14.340 [Test worker] DEBUG com.jayway.jsonpath.internal.path.CompiledPath - Evaluating path: $
09:31:14.340 [Test worker] DEBUG com.jayway.jsonpath.internal.JsonContext - Put path $ key returnByValue value {}
09:31:14.340 [Test worker] DEBUG com.jayway.jsonpath.internal.path.CompiledPath - Evaluating path: $
09:31:14.340 [Test worker] DEBUG com.jayway.jsonpath.internal.JsonContext - Put path $ key returnByValue value true
09:31:14.340 [Test worker] DEBUG com.jayway.jsonpath.internal.path.CompiledPath - Evaluating path: $
09:31:14.341 [Test worker] DEBUG com.intuit.karate.driver.chrome_1689566473559 - >> {"id":10,"sessionId":"3DF2AE793B12D0A3F73A140021ED6E81","method":"Runtime.evaluate","params":{"expression":"var e = document.evaluate(\"\/\/input[@id='twotabsearchtextbox']\", document, null, 9, null).singleNodeValue; e.focus(); try { e.selectionStart = e.selectionEnd = e.value.length } catch(x) {}","returnByValue":true}}
09:31:14.373 [nioEventLoopGroup-3-1] DEBUG com.intuit.karate.driver.chrome_1689566473559 - << {"method":"Page.loadEventFired","params":{"timestamp":68846.20049},"sessionId":"3DF2AE793B12D0A3F73A140021ED6E81"}
09:31:14.373 [nioEventLoopGroup-3-1] DEBUG com.jayway.jsonpath.internal.path.CompiledPath - Evaluating path: $
09:31:14.374 [nioEventLoopGroup-3-1] DEBUG com.intuit.karate.driver.chrome_1689566473559 - << {"method":"Page.frameStoppedLoading","params":{"frameId":"0444528AAEE9A137F94436C07ED200DD"},"sessionId":"3DF2AE793B12D0A3F73A140021ED6E81"}
09:31:14.374 [nioEventLoopGroup-3-1] DEBUG com.jayway.jsonpath.internal.path.CompiledPath - Evaluating path: $
09:31:14.374 [nioEventLoopGroup-3-1] DEBUG com.jayway.jsonpath.internal.path.CompiledPath - Evaluating path: $['frameId']
09:31:14.374 [nioEventLoopGroup-3-1] DEBUG com.intuit.karate.driver.chrome_1689566473559 - << {"method":"Page.frameResized","params":{},"sessionId":"3DF2AE793B12D0A3F73A140021ED6E81"}
09:31:14.375 [nioEventLoopGroup-3-1] DEBUG com.jayway.jsonpath.internal.path.CompiledPath - Evaluating path: $
09:31:14.388 [nioEventLoopGroup-3-1] DEBUG com.intuit.karate.driver.chrome_1689566473559 - << {"method":"Page.frameResized","params":{},"sessionId":"3DF2AE793B12D0A3F73A140021ED6E81"}
09:31:14.388 [nioEventLoopGroup-3-1] DEBUG com.jayway.jsonpath.internal.path.CompiledPath - Evaluating path: $
09:31:14.553 [nioEventLoopGroup-3-1] DEBUG com.intuit.karate.driver.chrome_1689566473559 - << {"id":7,"result":{"frameId":"0444528AAEE9A137F94436C07ED200DD","loaderId":"4DA58958D341E5F19A5DC5E386114E96"},"sessionId":"3DF2AE793B12D0A3F73A140021ED6E81"}
09:31:14.554 [nioEventLoopGroup-3-1] DEBUG com.jayway.jsonpath.internal.path.CompiledPath - Evaluating path: $
09:31:14.555 [nioEventLoopGroup-3-1] DEBUG com.intuit.karate.driver.chrome_1689566473559 - << {"method":"Runtime.executionContextsCleared","params":{},"sessionId":"3DF2AE793B12D0A3F73A140021ED6E81"}
09:31:14.555 [nioEventLoopGroup-3-1] DEBUG com.jayway.jsonpath.internal.path.CompiledPath - Evaluating path: $
09:31:14.556 [nioEventLoopGroup-3-1] DEBUG com.intuit.karate.driver.chrome_1689566473559 - << {"method":"Page.frameStartedLoading","params":{"frameId":"0444528AAEE9A137F94436C07ED200DD"},"sessionId":"3DF2AE793B12D0A3F73A140021ED6E81"}
09:31:14.556 [nioEventLoopGroup-3-1] DEBUG com.jayway.jsonpath.internal.path.CompiledPath - Evaluating path: $
09:31:14.556 [nioEventLoopGroup-3-1] DEBUG com.jayway.jsonpath.internal.path.CompiledPath - Evaluating path: $['frameId']
09:31:14.564 [nioEventLoopGroup-3-1] DEBUG com.intuit.karate.driver.chrome_1689566473559 - << {"method":"Target.targetInfoChanged","params":{"targetInfo":{"targetId":"0444528AAEE9A137F94436C07ED200DD","type":"page","title":"amazon.in","url":"https://www.amazon.in/","attached":true,"canAccessOpener":false,"browserContextId":"F7D35C0D880DE00F9CE246EF1B3C4159"}},"sessionId":"3DF2AE793B12D0A3F73A140021ED6E81"}
09:31:14.564 [nioEventLoopGroup-3-1] DEBUG com.jayway.jsonpath.internal.path.CompiledPath - Evaluating path: $
09:31:14.565 [nioEventLoopGroup-3-1] DEBUG com.jayway.jsonpath.internal.path.CompiledPath - Evaluating path: $['targetInfo']['targetId']
09:31:14.567 [nioEventLoopGroup-3-1] DEBUG com.intuit.karate.driver.chrome_1689566473559 - << {"method":"Runtime.executionContextsCleared","params":{},"sessionId":"3DF2AE793B12D0A3F73A140021ED6E81"}
09:31:14.568 [nioEventLoopGroup-3-1] DEBUG com.jayway.jsonpath.internal.path.CompiledPath - Evaluating path: $
09:31:14.568 [nioEventLoopGroup-3-1] DEBUG com.intuit.karate.driver.chrome_1689566473559 - << {"method":"Page.frameNavigated","params":{"frame":{"id":"0444528AAEE9A137F94436C07ED200DD","loaderId":"4DA58958D341E5F19A5DC5E386114E96","url":"https://www.amazon.in/","domainAndRegistry":"amazon.in","securityOrigin":"https://www.amazon.in","mimeType":"text/html","adFrameStatus":{"adFrameType":"none"},"secureContextType":"Secure","crossOriginIsolatedContextType":"NotIsolated","gatedAPIFeatures":[]},"type":"Navigation"},"sessionId":"3DF2AE793B12D0A3F73A140021ED6E81"}
09:31:14.568 [nioEventLoopGroup-3-1] DEBUG com.jayway.jsonpath.internal.path.CompiledPath - Evaluating path: $
09:31:14.568 [nioEventLoopGroup-3-1] DEBUG com.jayway.jsonpath.internal.path.CompiledPath - Evaluating path: $['frame']['id']
09:31:14.568 [nioEventLoopGroup-3-1] DEBUG com.jayway.jsonpath.internal.path.CompiledPath - Evaluating path: $['frame']['url']
09:31:14.568 [nioEventLoopGroup-3-1] DEBUG com.jayway.jsonpath.internal.path.CompiledPath - Evaluating path: $['frame']['name']
09:31:14.569 [nioEventLoopGroup-3-1] DEBUG com.intuit.karate.driver.chrome_1689566473559 - << {"method":"Runtime.executionContextCreated","params":{"context":{"id":1,"origin":"https://www.amazon.in","name":"","uniqueId":"-1066900362891745654.3107648451148427349","auxData":{"isDefault":true,"type":"default","frameId":"0444528AAEE9A137F94436C07ED200DD"}}},"sessionId":"3DF2AE793B12D0A3F73A140021ED6E81"}
09:31:14.569 [nioEventLoopGroup-3-1] DEBUG com.jayway.jsonpath.internal.path.CompiledPath - Evaluating path: $
09:31:14.569 [nioEventLoopGroup-3-1] DEBUG com.jayway.jsonpath.internal.path.CompiledPath - Evaluating path: $['context']['auxData']['frameId']
09:31:14.569 [nioEventLoopGroup-3-1] DEBUG com.jayway.jsonpath.internal.path.CompiledPath - Evaluating path: $['context']['id']
09:31:14.582 [nioEventLoopGroup-3-1] DEBUG com.intuit.karate.driver.chrome_1689566473559 - << {"id":10,"result":{"result":{"type":"object","subtype":"error","className":"TypeError","description":"TypeError: Cannot read properties of null (reading 'focus')\n    at <anonymous>:1:109","objectId":"-8443587442877346004.1.1"},"exceptionDetails":{"exceptionId":1,"text":"Uncaught","lineNumber":0,"columnNumber":108,"scriptId":"9","stackTrace":{"callFrames":[{"functionName":"","scriptId":"9","url":"","lineNumber":0,"columnNumber":108}]},"exception":{"type":"object","subtype":"error","className":"TypeError","description":"TypeError: Cannot read properties of null (reading 'focus')\n    at <anonymous>:1:109","objectId":"-8443587442877346004.1.2"}}},"sessionId":"3DF2AE793B12D0A3F73A140021ED6E81"}
09:31:14.582 [nioEventLoopGroup-3-1] DEBUG com.jayway.jsonpath.internal.path.CompiledPath - Evaluating path: $
09:31:14.583 [nioEventLoopGroup-3-1] WARN com.intuit.karate.driver.chrome_1689566473559 - devtools error: [id: 10, sessionId: 3DF2AE793B12D0A3F73A140021ED6E81, result: [type: MAP, value: {type=object, subtype=error, className=TypeError, description=TypeError: Cannot read properties of null (reading 'focus')
    at <anonymous>:1:109, objectId=-8443587442877346004.1.1}]]
09:31:14.584 [nioEventLoopGroup-3-1] DEBUG com.intuit.karate.driver.chrome_1689566473559 - << {"method":"Page.frameResized","params":{},"sessionId":"3DF2AE793B12D0A3F73A140021ED6E81"}
09:31:14.584 [nioEventLoopGroup-3-1] DEBUG com.jayway.jsonpath.internal.path.CompiledPath - Evaluating path: $
09:31:14.586 [Test worker] WARN com.intuit.karate.driver.chrome_1689566473559 - js eval failed once:var e = document.evaluate("//input[@id='twotabsearchtextbox']", document, null, 9, null).singleNodeValue; e.focus(); try { e.selectionStart = e.selectionEnd = e.value.length } catch(x) {}, error: [type: MAP, value: {type=object, subtype=error, className=TypeError, description=TypeError: Cannot read properties of null (reading 'focus')
    at <anonymous>:1:109, objectId=-8443587442877346004.1.1}]
09:31:14.775 [nioEventLoopGroup-2-1] DEBUG io.netty.buffer.PoolThreadCache - Freed 34 thread-local buffer(s) from thread: nioEventLoopGroup-2-1
09:31:15.048 [nioEventLoopGroup-3-1] DEBUG com.intuit.karate.driver.chrome_1689566473559 - << {"method":"Page.frameAttached","params":{"frameId":"95A4166DDBD42C00F8FEC22E9C9B3D0E","parentFrameId":"0444528AAEE9A137F94436C07ED200DD","stack":{"callFrames":[{"functionName":"ta","scriptId":"18","url":"https://images-eu.ssl-images-amazon.com/images/S/apesafeframe/ape/sf/desktop/DAsf-1.50.682c8d91.js?csm_attribution=APE-SafeFrame","lineNumber":0,"columnNumber":26048},{"functionName":"","scriptId":"18","url":"https://images-eu.ssl-images-amazon.com/images/S/apesafeframe/ape/sf/desktop/DAsf-1.50.682c8d91.js?csm_attribution=APE-SafeFrame","lineNumber":0,"columnNumber":53246},{"functionName":"","scriptId":"18","url":"https://images-eu.ssl-images-amazon.com/images/S/apesafeframe/ape/sf/desktop/DAsf-1.50.682c8d91.js?csm_attribution=APE-SafeFrame","lineNumber":0,"columnNumber":5154},{"functionName":"p","scriptId":"10","url":"https://www.amazon.in/","lineNumber":94,"columnNumber":156},{"functionName":"","scriptId":"10","url":"https://www.amazon.in/","lineNumber":95,"columnNumber":486},{"functionName":"fa","scriptId" ...
09:31:15.049 [nioEventLoopGroup-3-1] DEBUG com.jayway.jsonpath.internal.path.CompiledPath - Evaluating path: $
09:31:15.049 [nioEventLoopGroup-3-1] DEBUG com.intuit.karate.driver.chrome_1689566473559 - << {"method":"Page.frameStartedLoading","params":{"frameId":"95A4166DDBD42C00F8FEC22E9C9B3D0E"},"sessionId":"3DF2AE793B12D0A3F73A140021ED6E81"}
09:31:15.049 [nioEventLoopGroup-3-1] DEBUG com.jayway.jsonpath.internal.path.CompiledPath - Evaluating path: $
09:31:15.049 [nioEventLoopGroup-3-1] DEBUG com.jayway.jsonpath.internal.path.CompiledPath - Evaluating path: $['frameId']
09:31:15.090 [nioEventLoopGroup-3-1] DEBUG com.intuit.karate.driver.chrome_1689566473559 - << {"method":"Page.frameAttached","params":{"frameId":"0F6EBDC4C778C0654651FC23814C334F","parentFrameId":"0444528AAEE9A137F94436C07ED200DD","stack":{"callFrames":[{"functionName":"ta","scriptId":"18","url":"https://images-eu.ssl-images-amazon.com/images/S/apesafeframe/ape/sf/desktop/DAsf-1.50.682c8d91.js?csm_attribution=APE-SafeFrame","lineNumber":0,"columnNumber":26048},{"functionName":"","scriptId":"18","url":"https://images-eu.ssl-images-amazon.com/images/S/apesafeframe/ape/sf/desktop/DAsf-1.50.682c8d91.js?csm_attribution=APE-SafeFrame","lineNumber":0,"columnNumber":53246},{"functionName":"","scriptId":"18","url":"https://images-eu.ssl-images-amazon.com/images/S/apesafeframe/ape/sf/desktop/DAsf-1.50.682c8d91.js?csm_attribution=APE-SafeFrame","lineNumber":0,"columnNumber":5154},{"functionName":"p","scriptId":"10","url":"https://www.amazon.in/","lineNumber":94,"columnNumber":156},{"functionName":"","scriptId":"10","url":"https://www.amazon.in/","lineNumber":95,"columnNumber":486},{"functionName":"fa","scriptId" ...
09:31:15.091 [nioEventLoopGroup-3-1] DEBUG com.jayway.jsonpath.internal.path.CompiledPath - Evaluating path: $
09:31:15.091 [nioEventLoopGroup-3-1] DEBUG com.intuit.karate.driver.chrome_1689566473559 - << {"method":"Page.frameStartedLoading","params":{"frameId":"0F6EBDC4C778C0654651FC23814C334F"},"sessionId":"3DF2AE793B12D0A3F73A140021ED6E81"}
09:31:15.091 [nioEventLoopGroup-3-1] DEBUG com.jayway.jsonpath.internal.path.CompiledPath - Evaluating path: $
09:31:15.091 [nioEventLoopGroup-3-1] DEBUG com.jayway.jsonpath.internal.path.CompiledPath - Evaluating path: $['frameId']
09:31:15.222 [nioEventLoopGroup-3-1] DEBUG com.intuit.karate.driver.chrome_1689566473559 - << {"method":"Target.targetCreated","params":{"targetInfo":{"targetId":"95A4166DDBD42C00F8FEC22E9C9B3D0E","type":"iframe","title":"","url":"","attached":false,"canAccessOpener":false,"browserContextId":"F7D35C0D880DE00F9CE246EF1B3C4159"}},"sessionId":"3DF2AE793B12D0A3F73A140021ED6E81"}
09:31:15.223 [nioEventLoopGroup-3-1] DEBUG com.jayway.jsonpath.internal.path.CompiledPath - Evaluating path: $
09:31:15.226 [nioEventLoopGroup-3-1] DEBUG com.intuit.karate.driver.chrome_1689566473559 - << {"method":"Target.targetCreated","params":{"targetInfo":{"targetId":"0F6EBDC4C778C0654651FC23814C334F","type":"iframe","title":"","url":"","attached":false,"canAccessOpener":false,"browserContextId":"F7D35C0D880DE00F9CE246EF1B3C4159"}},"sessionId":"3DF2AE793B12D0A3F73A140021ED6E81"}
09:31:15.226 [nioEventLoopGroup-3-1] DEBUG com.jayway.jsonpath.internal.path.CompiledPath - Evaluating path: $
09:31:15.230 [nioEventLoopGroup-3-1] DEBUG com.intuit.karate.driver.chrome_1689566473559 - << {"method":"Target.targetInfoChanged","params":{"targetInfo":{"targetId":"95A4166DDBD42C00F8FEC22E9C9B3D0E","type":"iframe","title":"https://images-eu.ssl-images-amazon.com/images/S/apesafeframe/ape/sf/whitelisted/desktop/sf-1.50.d65ec4bd.html","url":"https://images-eu.ssl-images-amazon.com/images/S/apesafeframe/ape/sf/whitelisted/desktop/sf-1.50.d65ec4bd.html","attached":false,"canAccessOpener":false,"browserContextId":"F7D35C0D880DE00F9CE246EF1B3C4159"}},"sessionId":"3DF2AE793B12D0A3F73A140021ED6E81"}
09:31:15.230 [nioEventLoopGroup-3-1] DEBUG com.jayway.jsonpath.internal.path.CompiledPath - Evaluating path: $
09:31:15.230 [nioEventLoopGroup-3-1] DEBUG com.jayway.jsonpath.internal.path.CompiledPath - Evaluating path: $['targetInfo']['targetId']
09:31:15.237 [nioEventLoopGroup-3-1] DEBUG com.intuit.karate.driver.chrome_1689566473559 - << {"method":"Target.targetInfoChanged","params":{"targetInfo":{"targetId":"0F6EBDC4C778C0654651FC23814C334F","type":"iframe","title":"https://images-eu.ssl-images-amazon.com/images/S/apesafeframe/ape/sf/whitelisted/desktop/sf-1.50.d65ec4bd.html","url":"https://images-eu.ssl-images-amazon.com/images/S/apesafeframe/ape/sf/whitelisted/desktop/sf-1.50.d65ec4bd.html","attached":false,"canAccessOpener":false,"browserContextId":"F7D35C0D880DE00F9CE246EF1B3C4159"}},"sessionId":"3DF2AE793B12D0A3F73A140021ED6E81"}
09:31:15.237 [nioEventLoopGroup-3-1] DEBUG com.jayway.jsonpath.internal.path.CompiledPath - Evaluating path: $
09:31:15.237 [nioEventLoopGroup-3-1] DEBUG com.jayway.jsonpath.internal.path.CompiledPath - Evaluating path: $['targetInfo']['targetId']
09:31:15.312 [nioEventLoopGroup-3-1] DEBUG com.intuit.karate.driver.chrome_1689566473559 - << {"method":"Page.frameStoppedLoading","params":{"frameId":"95A4166DDBD42C00F8FEC22E9C9B3D0E"},"sessionId":"3DF2AE793B12D0A3F73A140021ED6E81"}
09:31:15.313 [nioEventLoopGroup-3-1] DEBUG com.jayway.jsonpath.internal.path.CompiledPath - Evaluating path: $
09:31:15.313 [nioEventLoopGroup-3-1] DEBUG com.jayway.jsonpath.internal.path.CompiledPath - Evaluating path: $['frameId']
09:31:15.314 [nioEventLoopGroup-3-1] DEBUG com.intuit.karate.driver.chrome_1689566473559 - << {"method":"Page.frameDetached","params":{"frameId":"95A4166DDBD42C00F8FEC22E9C9B3D0E","reason":"swap"},"sessionId":"3DF2AE793B12D0A3F73A140021ED6E81"}
09:31:15.314 [nioEventLoopGroup-3-1] DEBUG com.jayway.jsonpath.internal.path.CompiledPath - Evaluating path: $
09:31:15.315 [nioEventLoopGroup-3-1] DEBUG com.intuit.karate.driver.chrome_1689566473559 - << {"method":"Page.frameStoppedLoading","params":{"frameId":"0F6EBDC4C778C0654651FC23814C334F"},"sessionId":"3DF2AE793B12D0A3F73A140021ED6E81"}
09:31:15.315 [nioEventLoopGroup-3-1] DEBUG com.jayway.jsonpath.internal.path.CompiledPath - Evaluating path: $
09:31:15.316 [nioEventLoopGroup-3-1] DEBUG com.jayway.jsonpath.internal.path.CompiledPath - Evaluating path: $['frameId']
09:31:15.319 [nioEventLoopGroup-3-1] DEBUG com.intuit.karate.driver.chrome_1689566473559 - << {"method":"Page.frameDetached","params":{"frameId":"0F6EBDC4C778C0654651FC23814C334F","reason":"swap"},"sessionId":"3DF2AE793B12D0A3F73A140021ED6E81"}
09:31:15.319 [nioEventLoopGroup-3-1] DEBUG com.jayway.jsonpath.internal.path.CompiledPath - Evaluating path: $
09:31:15.505 [nioEventLoopGroup-3-1] DEBUG com.intuit.karate.driver.chrome_1689566473559 - << {"method":"Page.domContentEventFired","params":{"timestamp":68847.337312},"sessionId":"3DF2AE793B12D0A3F73A140021ED6E81"}
09:31:15.505 [nioEventLoopGroup-3-1] DEBUG com.jayway.jsonpath.internal.path.CompiledPath - Evaluating path: $
09:31:16.281 [nioEventLoopGroup-3-1] DEBUG com.intuit.karate.driver.chrome_1689566473559 - << {"method":"Page.loadEventFired","params":{"timestamp":68848.113991},"sessionId":"3DF2AE793B12D0A3F73A140021ED6E81"}
09:31:16.282 [nioEventLoopGroup-3-1] DEBUG com.jayway.jsonpath.internal.path.CompiledPath - Evaluating path: $
09:31:16.282 [nioEventLoopGroup-3-1] DEBUG com.intuit.karate.driver.chrome_1689566473559 - << {"method":"Page.frameStoppedLoading","params":{"frameId":"0444528AAEE9A137F94436C07ED200DD"},"sessionId":"3DF2AE793B12D0A3F73A140021ED6E81"}
09:31:16.282 [nioEventLoopGroup-3-1] DEBUG com.jayway.jsonpath.internal.path.CompiledPath - Evaluating path: $
09:31:16.282 [nioEventLoopGroup-3-1] DEBUG com.jayway.jsonpath.internal.path.CompiledPath - Evaluating path: $['frameId']
09:31:16.308 [nioEventLoopGroup-3-1] DEBUG com.intuit.karate.driver.chrome_1689566473559 - << {"method":"Target.targetCreated","params":{"targetInfo":{"targetId":"EE18D4DAF69B58B71BA4DF9822623A1C","type":"service_worker","title":"Service Worker https://www.amazon.in/service-worker.js","url":"https://www.amazon.in/service-worker.js","attached":false,"canAccessOpener":false,"browserContextId":"F7D35C0D880DE00F9CE246EF1B3C4159"}},"sessionId":"3DF2AE793B12D0A3F73A140021ED6E81"}
09:31:16.309 [nioEventLoopGroup-3-1] DEBUG com.jayway.jsonpath.internal.path.CompiledPath - Evaluating path: $
09:31:16.396 [nioEventLoopGroup-3-1] DEBUG com.intuit.karate.driver.chrome_1689566473559 - << {"method":"Page.frameAttached","params":{"frameId":"ACDE8D048A72EA2A2FDDD75FE19E7F2B","parentFrameId":"0444528AAEE9A137F94436C07ED200DD","stack":{"callFrames":[{"functionName":"J","scriptId":"159","url":"https://c.amazon-adsystem.com/bao-csm/forensics/a9-tq-forensics.min.js","lineNumber":6,"columnNumber":125},{"functionName":"S","scriptId":"159","url":"https://c.amazon-adsystem.com/bao-csm/forensics/a9-tq-forensics.min.js","lineNumber":17,"columnNumber":246},{"functionName":"","scriptId":"159","url":"https://c.amazon-adsystem.com/bao-csm/forensics/a9-tq-forensics.min.js","lineNumber":36,"columnNumber":159},{"functionName":"","scriptId":"159","url":"https://c.amazon-adsystem.com/bao-csm/forensics/a9-tq-forensics.min.js","lineNumber":37,"columnNumber":56},{"functionName":"","scriptId":"159","url":"https://c.amazon-adsystem.com/bao-csm/forensics/a9-tq-forensics.min.js","lineNumber":37,"columnNumber":61}]}},"sessionId":"3DF2AE793B12D0A3F73A140021ED6E81"}
09:31:16.396 [nioEventLoopGroup-3-1] DEBUG com.jayway.jsonpath.internal.path.CompiledPath - Evaluating path: $
09:31:16.397 [nioEventLoopGroup-3-1] DEBUG com.intuit.karate.driver.chrome_1689566473559 - << {"method":"Page.frameStartedLoading","params":{"frameId":"ACDE8D048A72EA2A2FDDD75FE19E7F2B"},"sessionId":"3DF2AE793B12D0A3F73A140021ED6E81"}
09:31:16.397 [nioEventLoopGroup-3-1] DEBUG com.jayway.jsonpath.internal.path.CompiledPath - Evaluating path: $
09:31:16.397 [nioEventLoopGroup-3-1] DEBUG com.jayway.jsonpath.internal.path.CompiledPath - Evaluating path: $['frameId']
09:31:16.400 [nioEventLoopGroup-3-1] DEBUG com.intuit.karate.driver.chrome_1689566473559 - << {"method":"Runtime.executionContextCreated","params":{"context":{"id":2,"origin":"https://www.amazon.in","name":"","uniqueId":"-5310777957968472707.-6895627484582560796","auxData":{"isDefault":true,"type":"default","frameId":"ACDE8D048A72EA2A2FDDD75FE19E7F2B"}}},"sessionId":"3DF2AE793B12D0A3F73A140021ED6E81"}
09:31:16.400 [nioEventLoopGroup-3-1] DEBUG com.jayway.jsonpath.internal.path.CompiledPath - Evaluating path: $
09:31:16.400 [nioEventLoopGroup-3-1] DEBUG com.jayway.jsonpath.internal.path.CompiledPath - Evaluating path: $['context']['auxData']['frameId']
09:31:16.400 [nioEventLoopGroup-3-1] DEBUG com.jayway.jsonpath.internal.path.CompiledPath - Evaluating path: $['context']['id']
09:31:16.400 [nioEventLoopGroup-3-1] DEBUG com.intuit.karate.driver.chrome_1689566473559 - << {"method":"Page.documentOpened","params":{"frame":{"id":"ACDE8D048A72EA2A2FDDD75FE19E7F2B","parentId":"0444528AAEE9A137F94436C07ED200DD","loaderId":"EA867344A648196641162CF6B9663293","name":"4fjg81gk6yo","url":"https://www.amazon.in/","domainAndRegistry":"amazon.in","securityOrigin":"https://www.amazon.in","mimeType":"text/html","adFrameStatus":{"adFrameType":"none","explanations":[]},"secureContextType":"Secure","crossOriginIsolatedContextType":"NotIsolated","gatedAPIFeatures":[]}},"sessionId":"3DF2AE793B12D0A3F73A140021ED6E81"}
09:31:16.400 [nioEventLoopGroup-3-1] DEBUG com.jayway.jsonpath.internal.path.CompiledPath - Evaluating path: $
09:31:16.401 [nioEventLoopGroup-3-1] DEBUG com.intuit.karate.driver.chrome_1689566473559 - << {"method":"Page.frameStoppedLoading","params":{"frameId":"ACDE8D048A72EA2A2FDDD75FE19E7F2B"},"sessionId":"3DF2AE793B12D0A3F73A140021ED6E81"}
09:31:16.401 [nioEventLoopGroup-3-1] DEBUG com.jayway.jsonpath.internal.path.CompiledPath - Evaluating path: $
09:31:16.401 [nioEventLoopGroup-3-1] DEBUG com.jayway.jsonpath.internal.path.CompiledPath - Evaluating path: $['frameId']
09:31:16.410 [nioEventLoopGroup-3-1] DEBUG com.intuit.karate.driver.chrome_1689566473559 - << {"method":"Page.frameAttached","params":{"frameId":"C8ABB0DB2C9567931C7E3A75BA9CF8E7","parentFrameId":"0444528AAEE9A137F94436C07ED200DD","stack":{"callFrames":[{"functionName":"J","scriptId":"159","url":"https://c.amazon-adsystem.com/bao-csm/forensics/a9-tq-forensics.min.js","lineNumber":6,"columnNumber":125},{"functionName":"","scriptId":"159","url":"https://c.amazon-adsystem.com/bao-csm/forensics/a9-tq-forensics.min.js","lineNumber":36,"columnNumber":385},{"functionName":"","scriptId":"159","url":"https://c.amazon-adsystem.com/bao-csm/forensics/a9-tq-forensics.min.js","lineNumber":37,"columnNumber":56},{"functionName":"","scriptId":"159","url":"https://c.amazon-adsystem.com/bao-csm/forensics/a9-tq-forensics.min.js","lineNumber":37,"columnNumber":61}]}},"sessionId":"3DF2AE793B12D0A3F73A140021ED6E81"}
09:31:16.411 [nioEventLoopGroup-3-1] DEBUG com.jayway.jsonpath.internal.path.CompiledPath - Evaluating path: $
09:31:16.411 [nioEventLoopGroup-3-1] DEBUG com.intuit.karate.driver.chrome_1689566473559 - << {"method":"Page.frameStartedLoading","params":{"frameId":"C8ABB0DB2C9567931C7E3A75BA9CF8E7"},"sessionId":"3DF2AE793B12D0A3F73A140021ED6E81"}
09:31:16.411 [nioEventLoopGroup-3-1] DEBUG com.jayway.jsonpath.internal.path.CompiledPath - Evaluating path: $
09:31:16.411 [nioEventLoopGroup-3-1] DEBUG com.jayway.jsonpath.internal.path.CompiledPath - Evaluating path: $['frameId']
09:31:16.414 [nioEventLoopGroup-3-1] DEBUG com.intuit.karate.driver.chrome_1689566473559 - << {"method":"Runtime.executionContextCreated","params":{"context":{"id":3,"origin":"https://www.amazon.in","name":"","uniqueId":"-2746660802195519562.1756313278607924004","auxData":{"isDefault":true,"type":"default","frameId":"C8ABB0DB2C9567931C7E3A75BA9CF8E7"}}},"sessionId":"3DF2AE793B12D0A3F73A140021ED6E81"}
09:31:16.414 [nioEventLoopGroup-3-1] DEBUG com.jayway.jsonpath.internal.path.CompiledPath - Evaluating path: $
09:31:16.414 [nioEventLoopGroup-3-1] DEBUG com.jayway.jsonpath.internal.path.CompiledPath - Evaluating path: $['context']['auxData']['frameId']
09:31:16.414 [nioEventLoopGroup-3-1] DEBUG com.jayway.jsonpath.internal.path.CompiledPath - Evaluating path: $['context']['id']
09:31:16.414 [nioEventLoopGroup-3-1] DEBUG com.intuit.karate.driver.chrome_1689566473559 - << {"method":"Page.documentOpened","params":{"frame":{"id":"C8ABB0DB2C9567931C7E3A75BA9CF8E7","parentId":"0444528AAEE9A137F94436C07ED200DD","loaderId":"3F143B26E531B2CC20D8C7C8340C3581","name":"sgjrto457j8","url":"https://www.amazon.in/","domainAndRegistry":"amazon.in","securityOrigin":"https://www.amazon.in","mimeType":"text/html","adFrameStatus":{"adFrameType":"none","explanations":[]},"secureContextType":"Secure","crossOriginIsolatedContextType":"NotIsolated","gatedAPIFeatures":[]}},"sessionId":"3DF2AE793B12D0A3F73A140021ED6E81"}
09:31:16.415 [nioEventLoopGroup-3-1] DEBUG com.jayway.jsonpath.internal.path.CompiledPath - Evaluating path: $
09:31:16.415 [nioEventLoopGroup-3-1] DEBUG com.intuit.karate.driver.chrome_1689566473559 - << {"method":"Page.frameStoppedLoading","params":{"frameId":"C8ABB0DB2C9567931C7E3A75BA9CF8E7"},"sessionId":"3DF2AE793B12D0A3F73A140021ED6E81"}
09:31:16.415 [nioEventLoopGroup-3-1] DEBUG com.jayway.jsonpath.internal.path.CompiledPath - Evaluating path: $
09:31:16.415 [nioEventLoopGroup-3-1] DEBUG com.jayway.jsonpath.internal.path.CompiledPath - Evaluating path: $['frameId']
09:31:16.581 [nioEventLoopGroup-3-1] DEBUG com.intuit.karate.driver.chrome_1689566473559 - << {"method":"Page.frameAttached","params":{"frameId":"BEAF72B3902C4A93A80A986C8C14C407","parentFrameId":"0444528AAEE9A137F94436C07ED200DD","stack":{"callFrames":[{"functionName":"","scriptId":"137","url":"https://www.amazon.in/","lineNumber":1725,"columnNumber":344}]}},"sessionId":"3DF2AE793B12D0A3F73A140021ED6E81"}
09:31:16.582 [nioEventLoopGroup-3-1] DEBUG com.jayway.jsonpath.internal.path.CompiledPath - Evaluating path: $
09:31:16.582 [nioEventLoopGroup-3-1] DEBUG com.intuit.karate.driver.chrome_1689566473559 - << {"method":"Page.frameStartedLoading","params":{"frameId":"BEAF72B3902C4A93A80A986C8C14C407"},"sessionId":"3DF2AE793B12D0A3F73A140021ED6E81"}
09:31:16.582 [nioEventLoopGroup-3-1] DEBUG com.jayway.jsonpath.internal.path.CompiledPath - Evaluating path: $
09:31:16.582 [nioEventLoopGroup-3-1] DEBUG com.jayway.jsonpath.internal.path.CompiledPath - Evaluating path: $['frameId']
09:31:17.409 [nioEventLoopGroup-3-1] DEBUG com.intuit.karate.driver.chrome_1689566473559 - << {"method":"Runtime.executionContextCreated","params":{"context":{"id":4,"origin":"://","name":"","uniqueId":"-5022692190400769354.-6936949868106899705","auxData":{"isDefault":true,"type":"default","frameId":"BEAF72B3902C4A93A80A986C8C14C407"}}},"sessionId":"3DF2AE793B12D0A3F73A140021ED6E81"}
09:31:17.409 [nioEventLoopGroup-3-1] DEBUG com.jayway.jsonpath.internal.path.CompiledPath - Evaluating path: $
09:31:17.409 [nioEventLoopGroup-3-1] DEBUG com.jayway.jsonpath.internal.path.CompiledPath - Evaluating path: $['context']['auxData']['frameId']
09:31:17.409 [nioEventLoopGroup-3-1] DEBUG com.jayway.jsonpath.internal.path.CompiledPath - Evaluating path: $['context']['id']
09:31:17.591 [Test worker] DEBUG com.jayway.jsonpath.internal.path.CompiledPath - Evaluating path: $['expression']
09:31:17.591 [Test worker] DEBUG com.jayway.jsonpath.internal.path.CompiledPath - Evaluating path: $
09:31:17.591 [Test worker] DEBUG com.jayway.jsonpath.internal.path.CompiledPath - Evaluating path: $
09:31:17.591 [Test worker] DEBUG com.jayway.jsonpath.internal.JsonContext - Put path $ key expression value {}
09:31:17.591 [Test worker] DEBUG com.jayway.jsonpath.internal.path.CompiledPath - Evaluating path: $
09:31:17.591 [Test worker] DEBUG com.jayway.jsonpath.internal.JsonContext - Put path $ key expression value var e = document.evaluate("//input[@id='twotabsearchtextbox']", document, null, 9, null).singleNodeValue; e.focus(); try { e.selectionStart = e.selectionEnd = e.value.length } catch(x) {}
09:31:17.591 [Test worker] DEBUG com.jayway.jsonpath.internal.path.CompiledPath - Evaluating path: $['returnByValue']
09:31:17.591 [Test worker] DEBUG com.jayway.jsonpath.internal.path.CompiledPath - Evaluating path: $
09:31:17.592 [Test worker] DEBUG com.jayway.jsonpath.internal.path.CompiledPath - Evaluating path: $
09:31:17.592 [Test worker] DEBUG com.jayway.jsonpath.internal.JsonContext - Put path $ key returnByValue value {}
09:31:17.592 [Test worker] DEBUG com.jayway.jsonpath.internal.path.CompiledPath - Evaluating path: $
09:31:17.592 [Test worker] DEBUG com.jayway.jsonpath.internal.JsonContext - Put path $ key returnByValue value true
09:31:17.592 [Test worker] DEBUG com.jayway.jsonpath.internal.path.CompiledPath - Evaluating path: $
09:31:17.592 [Test worker] DEBUG com.intuit.karate.driver.chrome_1689566473559 - >> {"id":11,"sessionId":"3DF2AE793B12D0A3F73A140021ED6E81","method":"Runtime.evaluate","params":{"expression":"var e = document.evaluate(\"\/\/input[@id='twotabsearchtextbox']\", document, null, 9, null).singleNodeValue; e.focus(); try { e.selectionStart = e.selectionEnd = e.value.length } catch(x) {}","returnByValue":true}}
09:31:17.607 [nioEventLoopGroup-3-1] DEBUG com.intuit.karate.driver.chrome_1689566473559 - << {"id":11,"result":{"result":{"type":"number","value":0,"description":"0"}},"sessionId":"3DF2AE793B12D0A3F73A140021ED6E81"}
09:31:17.607 [nioEventLoopGroup-3-1] DEBUG com.jayway.jsonpath.internal.path.CompiledPath - Evaluating path: $
09:31:17.607 [Test worker] DEBUG com.jayway.jsonpath.internal.path.CompiledPath - Evaluating path: $['modifiers']
09:31:17.607 [Test worker] DEBUG com.jayway.jsonpath.internal.path.CompiledPath - Evaluating path: $
09:31:17.607 [Test worker] DEBUG com.jayway.jsonpath.internal.path.CompiledPath - Evaluating path: $
09:31:17.607 [Test worker] DEBUG com.jayway.jsonpath.internal.JsonContext - Put path $ key modifiers value {}
09:31:17.607 [Test worker] DEBUG com.jayway.jsonpath.internal.path.CompiledPath - Evaluating path: $
09:31:17.607 [Test worker] DEBUG com.jayway.jsonpath.internal.JsonContext - Put path $ key modifiers value 0
09:31:17.607 [Test worker] DEBUG com.jayway.jsonpath.internal.path.CompiledPath - Evaluating path: $['type']
09:31:17.607 [Test worker] DEBUG com.jayway.jsonpath.internal.path.CompiledPath - Evaluating path: $
09:31:17.607 [Test worker] DEBUG com.jayway.jsonpath.internal.path.CompiledPath - Evaluating path: $
09:31:17.607 [Test worker] DEBUG com.jayway.jsonpath.internal.JsonContext - Put path $ key type value {}
09:31:17.607 [Test worker] DEBUG com.jayway.jsonpath.internal.path.CompiledPath - Evaluating path: $
09:31:17.607 [Test worker] DEBUG com.jayway.jsonpath.internal.JsonContext - Put path $ key type value rawKeyDown
09:31:17.607 [Test worker] DEBUG com.jayway.jsonpath.internal.path.CompiledPath - Evaluating path: $['text']
09:31:17.607 [Test worker] DEBUG com.jayway.jsonpath.internal.path.CompiledPath - Evaluating path: $
09:31:17.607 [Test worker] DEBUG com.jayway.jsonpath.internal.path.CompiledPath - Evaluating path: $
09:31:17.607 [Test worker] DEBUG com.jayway.jsonpath.internal.JsonContext - Put path $ key text value {}
09:31:17.607 [Test worker] DEBUG com.jayway.jsonpath.internal.path.CompiledPath - Evaluating path: $
09:31:17.608 [Test worker] DEBUG com.jayway.jsonpath.internal.JsonContext - Put path $ key text value h
09:31:17.608 [Test worker] DEBUG com.jayway.jsonpath.internal.path.CompiledPath - Evaluating path: $['windowsVirtualKeyCode']
09:31:17.608 [Test worker] DEBUG com.jayway.jsonpath.internal.path.CompiledPath - Evaluating path: $
09:31:17.608 [Test worker] DEBUG com.jayway.jsonpath.internal.path.CompiledPath - Evaluating path: $
09:31:17.608 [Test worker] DEBUG com.jayway.jsonpath.internal.JsonContext - Put path $ key windowsVirtualKeyCode value {}
09:31:17.608 [Test worker] DEBUG com.jayway.jsonpath.internal.path.CompiledPath - Evaluating path: $
09:31:17.608 [Test worker] DEBUG com.jayway.jsonpath.internal.JsonContext - Put path $ key windowsVirtualKeyCode value 104
09:31:17.608 [Test worker] DEBUG com.jayway.jsonpath.internal.path.CompiledPath - Evaluating path: $
09:31:17.608 [Test worker] DEBUG com.intuit.karate.driver.chrome_1689566473559 - >> {"id":12,"sessionId":"3DF2AE793B12D0A3F73A140021ED6E81","method":"Input.dispatchKeyEvent","params":{"modifiers":0,"type":"rawKeyDown","text":"h","windowsVirtualKeyCode":104}}
09:31:17.618 [nioEventLoopGroup-3-1] DEBUG com.intuit.karate.driver.chrome_1689566473559 - << {"id":12,"result":{},"sessionId":"3DF2AE793B12D0A3F73A140021ED6E81"}
09:31:17.618 [nioEventLoopGroup-3-1] DEBUG com.jayway.jsonpath.internal.path.CompiledPath - Evaluating path: $
09:31:17.618 [Test worker] DEBUG com.jayway.jsonpath.internal.path.CompiledPath - Evaluating path: $['modifiers']
09:31:17.619 [Test worker] DEBUG com.jayway.jsonpath.internal.path.CompiledPath - Evaluating path: $
09:31:17.619 [Test worker] DEBUG com.jayway.jsonpath.internal.path.CompiledPath - Evaluating path: $
09:31:17.619 [Test worker] DEBUG com.jayway.jsonpath.internal.JsonContext - Put path $ key modifiers value {}
09:31:17.619 [Test worker] DEBUG com.jayway.jsonpath.internal.path.CompiledPath - Evaluating path: $
09:31:17.619 [Test worker] DEBUG com.jayway.jsonpath.internal.JsonContext - Put path $ key modifiers value 0
09:31:17.619 [Test worker] DEBUG com.jayway.jsonpath.internal.path.CompiledPath - Evaluating path: $['type']
09:31:17.619 [Test worker] DEBUG com.jayway.jsonpath.internal.path.CompiledPath - Evaluating path: $
09:31:17.619 [Test worker] DEBUG com.jayway.jsonpath.internal.path.CompiledPath - Evaluating path: $
09:31:17.619 [Test worker] DEBUG com.jayway.jsonpath.internal.JsonContext - Put path $ key type value {}
09:31:17.619 [Test worker] DEBUG com.jayway.jsonpath.internal.path.CompiledPath - Evaluating path: $
09:31:17.619 [Test worker] DEBUG com.jayway.jsonpath.internal.JsonContext - Put path $ key type value char
09:31:17.619 [Test worker] DEBUG com.jayway.jsonpath.internal.path.CompiledPath - Evaluating path: $['text']
09:31:17.619 [Test worker] DEBUG com.jayway.jsonpath.internal.path.CompiledPath - Evaluating path: $
09:31:17.619 [Test worker] DEBUG com.jayway.jsonpath.internal.path.CompiledPath - Evaluating path: $
09:31:17.619 [Test worker] DEBUG com.jayway.jsonpath.internal.JsonContext - Put path $ key text value {}
09:31:17.619 [Test worker] DEBUG com.jayway.jsonpath.internal.path.CompiledPath - Evaluating path: $
09:31:17.619 [Test worker] DEBUG com.jayway.jsonpath.internal.JsonContext - Put path $ key text value h
09:31:17.619 [Test worker] DEBUG com.jayway.jsonpath.internal.path.CompiledPath - Evaluating path: $['windowsVirtualKeyCode']
09:31:17.619 [Test worker] DEBUG com.jayway.jsonpath.internal.path.CompiledPath - Evaluating path: $
09:31:17.619 [Test worker] DEBUG com.jayway.jsonpath.internal.path.CompiledPath - Evaluating path: $
09:31:17.619 [Test worker] DEBUG com.jayway.jsonpath.internal.JsonContext - Put path $ key windowsVirtualKeyCode value {}
09:31:17.619 [Test worker] DEBUG com.jayway.jsonpath.internal.path.CompiledPath - Evaluating path: $
09:31:17.619 [Test worker] DEBUG com.jayway.jsonpath.internal.JsonContext - Put path $ key windowsVirtualKeyCode value 104
09:31:17.619 [Test worker] DEBUG com.jayway.jsonpath.internal.path.CompiledPath - Evaluating path: $
09:31:17.619 [Test worker] DEBUG com.intuit.karate.driver.chrome_1689566473559 - >> {"id":13,"sessionId":"3DF2AE793B12D0A3F73A140021ED6E81","method":"Input.dispatchKeyEvent","params":{"modifiers":0,"type":"char","text":"h","windowsVirtualKeyCode":104}}
09:31:17.632 [nioEventLoopGroup-3-1] DEBUG com.intuit.karate.driver.chrome_1689566473559 - << {"id":13,"result":{},"sessionId":"3DF2AE793B12D0A3F73A140021ED6E81"}
09:31:17.632 [nioEventLoopGroup-3-1] DEBUG com.jayway.jsonpath.internal.path.CompiledPath - Evaluating path: $
09:31:17.634 [Test worker] DEBUG com.jayway.jsonpath.internal.path.CompiledPath - Evaluating path: $['modifiers']
09:31:17.634 [Test worker] DEBUG com.jayway.jsonpath.internal.path.CompiledPath - Evaluating path: $
09:31:17.634 [Test worker] DEBUG com.jayway.jsonpath.internal.path.CompiledPath - Evaluating path: $
09:31:17.634 [Test worker] DEBUG com.jayway.jsonpath.internal.JsonContext - Put path $ key modifiers value {}
09:31:17.634 [Test worker] DEBUG com.jayway.jsonpath.internal.path.CompiledPath - Evaluating path: $
09:31:17.634 [Test worker] DEBUG com.jayway.jsonpath.internal.JsonContext - Put path $ key modifiers value 0
09:31:17.634 [Test worker] DEBUG com.jayway.jsonpath.internal.path.CompiledPath - Evaluating path: $['type']
09:31:17.635 [Test worker] DEBUG com.jayway.jsonpath.internal.path.CompiledPath - Evaluating path: $
09:31:17.635 [Test worker] DEBUG com.jayway.jsonpath.internal.path.CompiledPath - Evaluating path: $
09:31:17.635 [Test worker] DEBUG com.jayway.jsonpath.internal.JsonContext - Put path $ key type value {}
09:31:17.635 [Test worker] DEBUG com.jayway.jsonpath.internal.path.CompiledPath - Evaluating path: $
09:31:17.635 [Test worker] DEBUG com.jayway.jsonpath.internal.JsonContext - Put path $ key type value keyUp
09:31:17.635 [Test worker] DEBUG com.jayway.jsonpath.internal.path.CompiledPath - Evaluating path: $['text']
09:31:17.635 [Test worker] DEBUG com.jayway.jsonpath.internal.path.CompiledPath - Evaluating path: $
09:31:17.635 [Test worker] DEBUG com.jayway.jsonpath.internal.path.CompiledPath - Evaluating path: $
09:31:17.635 [Test worker] DEBUG com.jayway.jsonpath.internal.JsonContext - Put path $ key text value {}
09:31:17.635 [Test worker] DEBUG com.jayway.jsonpath.internal.path.CompiledPath - Evaluating path: $
09:31:17.635 [Test worker] DEBUG com.jayway.jsonpath.internal.JsonContext - Put path $ key text value h
09:31:17.635 [Test worker] DEBUG com.jayway.jsonpath.internal.path.CompiledPath - Evaluating path: $['windowsVirtualKeyCode']
09:31:17.635 [Test worker] DEBUG com.jayway.jsonpath.internal.path.CompiledPath - Evaluating path: $
09:31:17.635 [Test worker] DEBUG com.jayway.jsonpath.internal.path.CompiledPath - Evaluating path: $
09:31:17.635 [Test worker] DEBUG com.jayway.jsonpath.internal.JsonContext - Put path $ key windowsVirtualKeyCode value {}
09:31:17.635 [Test worker] DEBUG com.jayway.jsonpath.internal.path.CompiledPath - Evaluating path: $
09:31:17.635 [Test worker] DEBUG com.jayway.jsonpath.internal.JsonContext - Put path $ key windowsVirtualKeyCode value 104
09:31:17.635 [Test worker] DEBUG com.jayway.jsonpath.internal.path.CompiledPath - Evaluating path: $
09:31:17.635 [Test worker] DEBUG com.intuit.karate.driver.chrome_1689566473559 - >> {"id":14,"sessionId":"3DF2AE793B12D0A3F73A140021ED6E81","method":"Input.dispatchKeyEvent","params":{"modifiers":0,"type":"keyUp","text":"h","windowsVirtualKeyCode":104}}
09:31:17.638 [nioEventLoopGroup-3-1] DEBUG com.intuit.karate.driver.chrome_1689566473559 - << {"id":14,"result":{},"sessionId":"3DF2AE793B12D0A3F73A140021ED6E81"}
09:31:17.639 [nioEventLoopGroup-3-1] DEBUG com.jayway.jsonpath.internal.path.CompiledPath - Evaluating path: $
09:31:17.639 [Test worker] DEBUG com.jayway.jsonpath.internal.path.CompiledPath - Evaluating path: $['modifiers']
09:31:17.639 [Test worker] DEBUG com.jayway.jsonpath.internal.path.CompiledPath - Evaluating path: $
09:31:17.639 [Test worker] DEBUG com.jayway.jsonpath.internal.path.CompiledPath - Evaluating path: $
09:31:17.639 [Test worker] DEBUG com.jayway.jsonpath.internal.JsonContext - Put path $ key modifiers value {}
09:31:17.639 [Test worker] DEBUG com.jayway.jsonpath.internal.path.CompiledPath - Evaluating path: $
09:31:17.639 [Test worker] DEBUG com.jayway.jsonpath.internal.JsonContext - Put path $ key modifiers value 0
09:31:17.639 [Test worker] DEBUG com.jayway.jsonpath.internal.path.CompiledPath - Evaluating path: $['type']
09:31:17.639 [Test worker] DEBUG com.jayway.jsonpath.internal.path.CompiledPath - Evaluating path: $
09:31:17.639 [Test worker] DEBUG com.jayway.jsonpath.internal.path.CompiledPath - Evaluating path: $
09:31:17.639 [Test worker] DEBUG com.jayway.jsonpath.internal.JsonContext - Put path $ key type value {}
09:31:17.639 [Test worker] DEBUG com.jayway.jsonpath.internal.path.CompiledPath - Evaluating path: $
09:31:17.639 [Test worker] DEBUG com.jayway.jsonpath.internal.JsonContext - Put path $ key type value rawKeyDown
09:31:17.639 [Test worker] DEBUG com.jayway.jsonpath.internal.path.CompiledPath - Evaluating path: $['text']
09:31:17.639 [Test worker] DEBUG com.jayway.jsonpath.internal.path.CompiledPath - Evaluating path: $
09:31:17.639 [Test worker] DEBUG com.jayway.jsonpath.internal.path.CompiledPath - Evaluating path: $
09:31:17.639 [Test worker] DEBUG com.jayway.jsonpath.internal.JsonContext - Put path $ key text value {}
09:31:17.639 [Test worker] DEBUG com.jayway.jsonpath.internal.path.CompiledPath - Evaluating path: $
09:31:17.639 [Test worker] DEBUG com.jayway.jsonpath.internal.JsonContext - Put path $ key text value e
09:31:17.639 [Test worker] DEBUG com.jayway.jsonpath.internal.path.CompiledPath - Evaluating path: $['windowsVirtualKeyCode']
09:31:17.640 [Test worker] DEBUG com.jayway.jsonpath.internal.path.CompiledPath - Evaluating path: $
09:31:17.640 [Test worker] DEBUG com.jayway.jsonpath.internal.path.CompiledPath - Evaluating path: $
09:31:17.640 [Test worker] DEBUG com.jayway.jsonpath.internal.JsonContext - Put path $ key windowsVirtualKeyCode value {}
09:31:17.640 [Test worker] DEBUG com.jayway.jsonpath.internal.path.CompiledPath - Evaluating path: $
09:31:17.640 [Test worker] DEBUG com.jayway.jsonpath.internal.JsonContext - Put path $ key windowsVirtualKeyCode value 101
09:31:17.640 [Test worker] DEBUG com.jayway.jsonpath.internal.path.CompiledPath - Evaluating path: $
09:31:17.640 [Test worker] DEBUG com.intuit.karate.driver.chrome_1689566473559 - >> {"id":15,"sessionId":"3DF2AE793B12D0A3F73A140021ED6E81","method":"Input.dispatchKeyEvent","params":{"modifiers":0,"type":"rawKeyDown","text":"e","windowsVirtualKeyCode":101}}
09:31:17.644 [nioEventLoopGroup-3-1] DEBUG com.intuit.karate.driver.chrome_1689566473559 - << {"id":15,"result":{},"sessionId":"3DF2AE793B12D0A3F73A140021ED6E81"}
09:31:17.645 [nioEventLoopGroup-3-1] DEBUG com.jayway.jsonpath.internal.path.CompiledPath - Evaluating path: $
09:31:17.645 [Test worker] DEBUG com.jayway.jsonpath.internal.path.CompiledPath - Evaluating path: $['modifiers']
09:31:17.645 [Test worker] DEBUG com.jayway.jsonpath.internal.path.CompiledPath - Evaluating path: $
09:31:17.645 [Test worker] DEBUG com.jayway.jsonpath.internal.path.CompiledPath - Evaluating path: $
09:31:17.645 [Test worker] DEBUG com.jayway.jsonpath.internal.JsonContext - Put path $ key modifiers value {}
09:31:17.645 [Test worker] DEBUG com.jayway.jsonpath.internal.path.CompiledPath - Evaluating path: $
09:31:17.645 [Test worker] DEBUG com.jayway.jsonpath.internal.JsonContext - Put path $ key modifiers value 0
09:31:17.645 [Test worker] DEBUG com.jayway.jsonpath.internal.path.CompiledPath - Evaluating path: $['type']
09:31:17.645 [Test worker] DEBUG com.jayway.jsonpath.internal.path.CompiledPath - Evaluating path: $
09:31:17.645 [Test worker] DEBUG com.jayway.jsonpath.internal.path.CompiledPath - Evaluating path: $
09:31:17.645 [Test worker] DEBUG com.jayway.jsonpath.internal.JsonContext - Put path $ key type value {}
09:31:17.645 [Test worker] DEBUG com.jayway.jsonpath.internal.path.CompiledPath - Evaluating path: $
09:31:17.645 [Test worker] DEBUG com.jayway.jsonpath.internal.JsonContext - Put path $ key type value char
09:31:17.645 [Test worker] DEBUG com.jayway.jsonpath.internal.path.CompiledPath - Evaluating path: $['text']
09:31:17.645 [Test worker] DEBUG com.jayway.jsonpath.internal.path.CompiledPath - Evaluating path: $
09:31:17.645 [Test worker] DEBUG com.jayway.jsonpath.internal.path.CompiledPath - Evaluating path: $
09:31:17.645 [Test worker] DEBUG com.jayway.jsonpath.internal.JsonContext - Put path $ key text value {}
09:31:17.645 [Test worker] DEBUG com.jayway.jsonpath.internal.path.CompiledPath - Evaluating path: $
09:31:17.645 [Test worker] DEBUG com.jayway.jsonpath.internal.JsonContext - Put path $ key text value e
09:31:17.645 [Test worker] DEBUG com.jayway.jsonpath.internal.path.CompiledPath - Evaluating path: $['windowsVirtualKeyCode']
09:31:17.645 [Test worker] DEBUG com.jayway.jsonpath.internal.path.CompiledPath - Evaluating path: $
09:31:17.645 [Test worker] DEBUG com.jayway.jsonpath.internal.path.CompiledPath - Evaluating path: $
09:31:17.645 [Test worker] DEBUG com.jayway.jsonpath.internal.JsonContext - Put path $ key windowsVirtualKeyCode value {}
09:31:17.645 [Test worker] DEBUG com.jayway.jsonpath.internal.path.CompiledPath - Evaluating path: $
09:31:17.645 [Test worker] DEBUG com.jayway.jsonpath.internal.JsonContext - Put path $ key windowsVirtualKeyCode value 101
09:31:17.645 [Test worker] DEBUG com.jayway.jsonpath.internal.path.CompiledPath - Evaluating path: $
09:31:17.645 [Test worker] DEBUG com.intuit.karate.driver.chrome_1689566473559 - >> {"id":16,"sessionId":"3DF2AE793B12D0A3F73A140021ED6E81","method":"Input.dispatchKeyEvent","params":{"modifiers":0,"type":"char","text":"e","windowsVirtualKeyCode":101}}
09:31:17.653 [nioEventLoopGroup-3-1] DEBUG com.intuit.karate.driver.chrome_1689566473559 - << {"method":"Target.targetCreated","params":{"targetInfo":{"targetId":"B0890B50E229FB4B8EC3C7AC88D1E783","type":"app","title":"Chrome Web Store Payments","url":"","attached":false,"canAccessOpener":false,"browserContextId":"F7D35C0D880DE00F9CE246EF1B3C4159"}},"sessionId":"3DF2AE793B12D0A3F73A140021ED6E81"}
09:31:17.653 [nioEventLoopGroup-3-1] DEBUG com.jayway.jsonpath.internal.path.CompiledPath - Evaluating path: $
09:31:17.654 [nioEventLoopGroup-3-1] DEBUG com.intuit.karate.driver.chrome_1689566473559 - << {"id":16,"result":{},"sessionId":"3DF2AE793B12D0A3F73A140021ED6E81"}
09:31:17.655 [nioEventLoopGroup-3-1] DEBUG com.jayway.jsonpath.internal.path.CompiledPath - Evaluating path: $
09:31:17.655 [Test worker] DEBUG com.jayway.jsonpath.internal.path.CompiledPath - Evaluating path: $['modifiers']
09:31:17.655 [Test worker] DEBUG com.jayway.jsonpath.internal.path.CompiledPath - Evaluating path: $
09:31:17.655 [Test worker] DEBUG com.jayway.jsonpath.internal.path.CompiledPath - Evaluating path: $
09:31:17.655 [Test worker] DEBUG com.jayway.jsonpath.internal.JsonContext - Put path $ key modifiers value {}
09:31:17.655 [Test worker] DEBUG com.jayway.jsonpath.internal.path.CompiledPath - Evaluating path: $
09:31:17.655 [Test worker] DEBUG com.jayway.jsonpath.internal.JsonContext - Put path $ key modifiers value 0
09:31:17.655 [Test worker] DEBUG com.jayway.jsonpath.internal.path.CompiledPath - Evaluating path: $['type']
09:31:17.655 [Test worker] DEBUG com.jayway.jsonpath.internal.path.CompiledPath - Evaluating path: $
09:31:17.655 [Test worker] DEBUG com.jayway.jsonpath.internal.path.CompiledPath - Evaluating path: $
09:31:17.655 [Test worker] DEBUG com.jayway.jsonpath.internal.JsonContext - Put path $ key type value {}
09:31:17.655 [Test worker] DEBUG com.jayway.jsonpath.internal.path.CompiledPath - Evaluating path: $
09:31:17.655 [Test worker] DEBUG com.jayway.jsonpath.internal.JsonContext - Put path $ key type value keyUp
09:31:17.655 [Test worker] DEBUG com.jayway.jsonpath.internal.path.CompiledPath - Evaluating path: $['text']
09:31:17.655 [Test worker] DEBUG com.jayway.jsonpath.internal.path.CompiledPath - Evaluating path: $
09:31:17.655 [Test worker] DEBUG com.jayway.jsonpath.internal.path.CompiledPath - Evaluating path: $
09:31:17.655 [Test worker] DEBUG com.jayway.jsonpath.internal.JsonContext - Put path $ key text value {}
09:31:17.655 [Test worker] DEBUG com.jayway.jsonpath.internal.path.CompiledPath - Evaluating path: $
09:31:17.655 [Test worker] DEBUG com.jayway.jsonpath.internal.JsonContext - Put path $ key text value e
09:31:17.655 [Test worker] DEBUG com.jayway.jsonpath.internal.path.CompiledPath - Evaluating path: $['windowsVirtualKeyCode']
09:31:17.655 [Test worker] DEBUG com.jayway.jsonpath.internal.path.CompiledPath - Evaluating path: $
09:31:17.655 [Test worker] DEBUG com.jayway.jsonpath.internal.path.CompiledPath - Evaluating path: $
09:31:17.655 [Test worker] DEBUG com.jayway.jsonpath.internal.JsonContext - Put path $ key windowsVirtualKeyCode value {}
09:31:17.655 [Test worker] DEBUG com.jayway.jsonpath.internal.path.CompiledPath - Evaluating path: $
09:31:17.655 [Test worker] DEBUG com.jayway.jsonpath.internal.JsonContext - Put path $ key windowsVirtualKeyCode value 101
09:31:17.656 [Test worker] DEBUG com.jayway.jsonpath.internal.path.CompiledPath - Evaluating path: $
09:31:17.656 [Test worker] DEBUG com.intuit.karate.driver.chrome_1689566473559 - >> {"id":17,"sessionId":"3DF2AE793B12D0A3F73A140021ED6E81","method":"Input.dispatchKeyEvent","params":{"modifiers":0,"type":"keyUp","text":"e","windowsVirtualKeyCode":101}}
09:31:17.664 [nioEventLoopGroup-3-1] DEBUG com.intuit.karate.driver.chrome_1689566473559 - << {"method":"Target.targetDestroyed","params":{"targetId":"EE18D4DAF69B58B71BA4DF9822623A1C"},"sessionId":"3DF2AE793B12D0A3F73A140021ED6E81"}
09:31:17.665 [nioEventLoopGroup-3-1] DEBUG com.jayway.jsonpath.internal.path.CompiledPath - Evaluating path: $
09:31:17.665 [nioEventLoopGroup-3-1] DEBUG com.intuit.karate.driver.chrome_1689566473559 - << {"id":17,"result":{},"sessionId":"3DF2AE793B12D0A3F73A140021ED6E81"}
09:31:17.666 [nioEventLoopGroup-3-1] DEBUG com.jayway.jsonpath.internal.path.CompiledPath - Evaluating path: $
09:31:17.666 [Test worker] DEBUG com.jayway.jsonpath.internal.path.CompiledPath - Evaluating path: $['modifiers']
09:31:17.666 [Test worker] DEBUG com.jayway.jsonpath.internal.path.CompiledPath - Evaluating path: $
09:31:17.667 [Test worker] DEBUG com.jayway.jsonpath.internal.path.CompiledPath - Evaluating path: $
09:31:17.667 [Test worker] DEBUG com.jayway.jsonpath.internal.JsonContext - Put path $ key modifiers value {}
09:31:17.667 [Test worker] DEBUG com.jayway.jsonpath.internal.path.CompiledPath - Evaluating path: $
09:31:17.667 [Test worker] DEBUG com.jayway.jsonpath.internal.JsonContext - Put path $ key modifiers value 0
09:31:17.667 [Test worker] DEBUG com.jayway.jsonpath.internal.path.CompiledPath - Evaluating path: $['type']
09:31:17.667 [Test worker] DEBUG com.jayway.jsonpath.internal.path.CompiledPath - Evaluating path: $
09:31:17.667 [Test worker] DEBUG com.jayway.jsonpath.internal.path.CompiledPath - Evaluating path: $
09:31:17.667 [Test worker] DEBUG com.jayway.jsonpath.internal.JsonContext - Put path $ key type value {}
09:31:17.667 [Test worker] DEBUG com.jayway.jsonpath.internal.path.CompiledPath - Evaluating path: $
09:31:17.667 [Test worker] DEBUG com.jayway.jsonpath.internal.JsonContext - Put path $ key type value rawKeyDown
09:31:17.667 [Test worker] DEBUG com.jayway.jsonpath.internal.path.CompiledPath - Evaluating path: $['text']
09:31:17.667 [Test worker] DEBUG com.jayway.jsonpath.internal.path.CompiledPath - Evaluating path: $
09:31:17.667 [Test worker] DEBUG com.jayway.jsonpath.internal.path.CompiledPath - Evaluating path: $
09:31:17.667 [Test worker] DEBUG com.jayway.jsonpath.internal.JsonContext - Put path $ key text value {}
09:31:17.667 [Test worker] DEBUG com.jayway.jsonpath.internal.path.CompiledPath - Evaluating path: $
09:31:17.667 [Test worker] DEBUG com.jayway.jsonpath.internal.JsonContext - Put path $ key text value a
09:31:17.667 [Test worker] DEBUG com.jayway.jsonpath.internal.path.CompiledPath - Evaluating path: $['windowsVirtualKeyCode']
09:31:17.667 [Test worker] DEBUG com.jayway.jsonpath.internal.path.CompiledPath - Evaluating path: $
09:31:17.667 [Test worker] DEBUG com.jayway.jsonpath.internal.path.CompiledPath - Evaluating path: $
09:31:17.667 [Test worker] DEBUG com.jayway.jsonpath.internal.JsonContext - Put path $ key windowsVirtualKeyCode value {}
09:31:17.667 [Test worker] DEBUG com.jayway.jsonpath.internal.path.CompiledPath - Evaluating path: $
09:31:17.667 [Test worker] DEBUG com.jayway.jsonpath.internal.JsonContext - Put path $ key windowsVirtualKeyCode value 97
09:31:17.667 [Test worker] DEBUG com.jayway.jsonpath.internal.path.CompiledPath - Evaluating path: $
09:31:17.667 [Test worker] DEBUG com.intuit.karate.driver.chrome_1689566473559 - >> {"id":18,"sessionId":"3DF2AE793B12D0A3F73A140021ED6E81","method":"Input.dispatchKeyEvent","params":{"modifiers":0,"type":"rawKeyDown","text":"a","windowsVirtualKeyCode":97}}
09:31:17.667 [nioEventLoopGroup-3-1] DEBUG com.intuit.karate.driver.chrome_1689566473559 - << {"method":"Runtime.exceptionThrown","params":{"timestamp":1.689566477664502e+12,"exceptionDetails":{"exceptionId":2,"text":"Uncaught (in promise)","lineNumber":0,"columnNumber":0,"scriptId":"1","url":"https://www.amazon.in/","exception":{"type":"string","value":""},"executionContextId":1}},"sessionId":"3DF2AE793B12D0A3F73A140021ED6E81"}
09:31:17.667 [nioEventLoopGroup-3-1] DEBUG com.jayway.jsonpath.internal.path.CompiledPath - Evaluating path: $
09:31:17.683 [nioEventLoopGroup-3-1] DEBUG com.intuit.karate.driver.chrome_1689566473559 - << {"id":18,"result":{},"sessionId":"3DF2AE793B12D0A3F73A140021ED6E81"}
09:31:17.683 [nioEventLoopGroup-3-1] DEBUG com.jayway.jsonpath.internal.path.CompiledPath - Evaluating path: $
09:31:17.683 [Test worker] DEBUG com.jayway.jsonpath.internal.path.CompiledPath - Evaluating path: $['modifiers']
09:31:17.683 [Test worker] DEBUG com.jayway.jsonpath.internal.path.CompiledPath - Evaluating path: $
09:31:17.683 [Test worker] DEBUG com.jayway.jsonpath.internal.path.CompiledPath - Evaluating path: $
09:31:17.683 [Test worker] DEBUG com.jayway.jsonpath.internal.JsonContext - Put path $ key modifiers value {}
09:31:17.683 [Test worker] DEBUG com.jayway.jsonpath.internal.path.CompiledPath - Evaluating path: $
09:31:17.683 [Test worker] DEBUG com.jayway.jsonpath.internal.JsonContext - Put path $ key modifiers value 0
09:31:17.683 [Test worker] DEBUG com.jayway.jsonpath.internal.path.CompiledPath - Evaluating path: $['type']
09:31:17.683 [Test worker] DEBUG com.jayway.jsonpath.internal.path.CompiledPath - Evaluating path: $
09:31:17.683 [Test worker] DEBUG com.jayway.jsonpath.internal.path.CompiledPath - Evaluating path: $
09:31:17.683 [Test worker] DEBUG com.jayway.jsonpath.internal.JsonContext - Put path $ key type value {}
09:31:17.683 [Test worker] DEBUG com.jayway.jsonpath.internal.path.CompiledPath - Evaluating path: $
09:31:17.683 [Test worker] DEBUG com.jayway.jsonpath.internal.JsonContext - Put path $ key type value char
09:31:17.683 [Test worker] DEBUG com.jayway.jsonpath.internal.path.CompiledPath - Evaluating path: $['text']
09:31:17.683 [Test worker] DEBUG com.jayway.jsonpath.internal.path.CompiledPath - Evaluating path: $
09:31:17.683 [Test worker] DEBUG com.jayway.jsonpath.internal.path.CompiledPath - Evaluating path: $
09:31:17.683 [Test worker] DEBUG com.jayway.jsonpath.internal.JsonContext - Put path $ key text value {}
09:31:17.683 [Test worker] DEBUG com.jayway.jsonpath.internal.path.CompiledPath - Evaluating path: $
09:31:17.683 [Test worker] DEBUG com.jayway.jsonpath.internal.JsonContext - Put path $ key text value a
09:31:17.683 [Test worker] DEBUG com.jayway.jsonpath.internal.path.CompiledPath - Evaluating path: $['windowsVirtualKeyCode']
09:31:17.683 [Test worker] DEBUG com.jayway.jsonpath.internal.path.CompiledPath - Evaluating path: $
09:31:17.684 [Test worker] DEBUG com.jayway.jsonpath.internal.path.CompiledPath - Evaluating path: $
09:31:17.684 [Test worker] DEBUG com.jayway.jsonpath.internal.JsonContext - Put path $ key windowsVirtualKeyCode value {}
09:31:17.684 [Test worker] DEBUG com.jayway.jsonpath.internal.path.CompiledPath - Evaluating path: $
09:31:17.684 [Test worker] DEBUG com.jayway.jsonpath.internal.JsonContext - Put path $ key windowsVirtualKeyCode value 97
09:31:17.684 [Test worker] DEBUG com.jayway.jsonpath.internal.path.CompiledPath - Evaluating path: $
09:31:17.684 [Test worker] DEBUG com.intuit.karate.driver.chrome_1689566473559 - >> {"id":19,"sessionId":"3DF2AE793B12D0A3F73A140021ED6E81","method":"Input.dispatchKeyEvent","params":{"modifiers":0,"type":"char","text":"a","windowsVirtualKeyCode":97}}
09:31:17.691 [nioEventLoopGroup-3-1] DEBUG com.intuit.karate.driver.chrome_1689566473559 - << {"method":"Target.targetCreated","params":{"targetInfo":{"targetId":"3EA553E1AFAAC2B2171A49722C647548","type":"service_worker","title":"Service Worker https://www.amazon.in/service-worker.js","url":"https://www.amazon.in/service-worker.js","attached":false,"canAccessOpener":false,"browserContextId":"F7D35C0D880DE00F9CE246EF1B3C4159"}},"sessionId":"3DF2AE793B12D0A3F73A140021ED6E81"}
09:31:17.692 [nioEventLoopGroup-3-1] DEBUG com.jayway.jsonpath.internal.path.CompiledPath - Evaluating path: $
09:31:17.697 [nioEventLoopGroup-3-1] DEBUG com.intuit.karate.driver.chrome_1689566473559 - << {"id":19,"result":{},"sessionId":"3DF2AE793B12D0A3F73A140021ED6E81"}
09:31:17.697 [nioEventLoopGroup-3-1] DEBUG com.jayway.jsonpath.internal.path.CompiledPath - Evaluating path: $
09:31:17.698 [Test worker] DEBUG com.jayway.jsonpath.internal.path.CompiledPath - Evaluating path: $['modifiers']
09:31:17.698 [Test worker] DEBUG com.jayway.jsonpath.internal.path.CompiledPath - Evaluating path: $
09:31:17.698 [Test worker] DEBUG com.jayway.jsonpath.internal.path.CompiledPath - Evaluating path: $
09:31:17.699 [Test worker] DEBUG com.jayway.jsonpath.internal.JsonContext - Put path $ key modifiers value {}
09:31:17.699 [Test worker] DEBUG com.jayway.jsonpath.internal.path.CompiledPath - Evaluating path: $
09:31:17.699 [Test worker] DEBUG com.jayway.jsonpath.internal.JsonContext - Put path $ key modifiers value 0
09:31:17.699 [Test worker] DEBUG com.jayway.jsonpath.internal.path.CompiledPath - Evaluating path: $['type']
09:31:17.699 [Test worker] DEBUG com.jayway.jsonpath.internal.path.CompiledPath - Evaluating path: $
09:31:17.699 [Test worker] DEBUG com.jayway.jsonpath.internal.path.CompiledPath - Evaluating path: $
09:31:17.699 [Test worker] DEBUG com.jayway.jsonpath.internal.JsonContext - Put path $ key type value {}
09:31:17.699 [Test worker] DEBUG com.jayway.jsonpath.internal.path.CompiledPath - Evaluating path: $
09:31:17.699 [Test worker] DEBUG com.jayway.jsonpath.internal.JsonContext - Put path $ key type value keyUp
09:31:17.699 [Test worker] DEBUG com.jayway.jsonpath.internal.path.CompiledPath - Evaluating path: $['text']
09:31:17.699 [Test worker] DEBUG com.jayway.jsonpath.internal.path.CompiledPath - Evaluating path: $
09:31:17.699 [Test worker] DEBUG com.jayway.jsonpath.internal.path.CompiledPath - Evaluating path: $
09:31:17.699 [Test worker] DEBUG com.jayway.jsonpath.internal.JsonContext - Put path $ key text value {}
09:31:17.699 [Test worker] DEBUG com.jayway.jsonpath.internal.path.CompiledPath - Evaluating path: $
09:31:17.699 [Test worker] DEBUG com.jayway.jsonpath.internal.JsonContext - Put path $ key text value a
09:31:17.699 [Test worker] DEBUG com.jayway.jsonpath.internal.path.CompiledPath - Evaluating path: $['windowsVirtualKeyCode']
09:31:17.699 [Test worker] DEBUG com.jayway.jsonpath.internal.path.CompiledPath - Evaluating path: $
09:31:17.699 [Test worker] DEBUG com.jayway.jsonpath.internal.path.CompiledPath - Evaluating path: $
09:31:17.699 [Test worker] DEBUG com.jayway.jsonpath.internal.JsonContext - Put path $ key windowsVirtualKeyCode value {}
09:31:17.699 [Test worker] DEBUG com.jayway.jsonpath.internal.path.CompiledPath - Evaluating path: $
09:31:17.699 [Test worker] DEBUG com.jayway.jsonpath.internal.JsonContext - Put path $ key windowsVirtualKeyCode value 97
09:31:17.699 [Test worker] DEBUG com.jayway.jsonpath.internal.path.CompiledPath - Evaluating path: $
09:31:17.699 [Test worker] DEBUG com.intuit.karate.driver.chrome_1689566473559 - >> {"id":20,"sessionId":"3DF2AE793B12D0A3F73A140021ED6E81","method":"Input.dispatchKeyEvent","params":{"modifiers":0,"type":"keyUp","text":"a","windowsVirtualKeyCode":97}}
09:31:17.703 [nioEventLoopGroup-3-1] DEBUG com.intuit.karate.driver.chrome_1689566473559 - << {"id":20,"result":{},"sessionId":"3DF2AE793B12D0A3F73A140021ED6E81"}
09:31:17.704 [nioEventLoopGroup-3-1] DEBUG com.jayway.jsonpath.internal.path.CompiledPath - Evaluating path: $
09:31:17.705 [Test worker] DEBUG com.jayway.jsonpath.internal.path.CompiledPath - Evaluating path: $['modifiers']
09:31:17.705 [Test worker] DEBUG com.jayway.jsonpath.internal.path.CompiledPath - Evaluating path: $
09:31:17.705 [Test worker] DEBUG com.jayway.jsonpath.internal.path.CompiledPath - Evaluating path: $
09:31:17.705 [Test worker] DEBUG com.jayway.jsonpath.internal.JsonContext - Put path $ key modifiers value {}
09:31:17.705 [Test worker] DEBUG com.jayway.jsonpath.internal.path.CompiledPath - Evaluating path: $
09:31:17.705 [Test worker] DEBUG com.jayway.jsonpath.internal.JsonContext - Put path $ key modifiers value 0
09:31:17.705 [Test worker] DEBUG com.jayway.jsonpath.internal.path.CompiledPath - Evaluating path: $['type']
09:31:17.705 [Test worker] DEBUG com.jayway.jsonpath.internal.path.CompiledPath - Evaluating path: $
09:31:17.705 [Test worker] DEBUG com.jayway.jsonpath.internal.path.CompiledPath - Evaluating path: $
09:31:17.705 [Test worker] DEBUG com.jayway.jsonpath.internal.JsonContext - Put path $ key type value {}
09:31:17.705 [Test worker] DEBUG com.jayway.jsonpath.internal.path.CompiledPath - Evaluating path: $
09:31:17.705 [Test worker] DEBUG com.jayway.jsonpath.internal.JsonContext - Put path $ key type value rawKeyDown
09:31:17.705 [Test worker] DEBUG com.jayway.jsonpath.internal.path.CompiledPath - Evaluating path: $['text']
09:31:17.705 [Test worker] DEBUG com.jayway.jsonpath.internal.path.CompiledPath - Evaluating path: $
09:31:17.705 [Test worker] DEBUG com.jayway.jsonpath.internal.path.CompiledPath - Evaluating path: $
09:31:17.705 [Test worker] DEBUG com.jayway.jsonpath.internal.JsonContext - Put path $ key text value {}
09:31:17.705 [Test worker] DEBUG com.jayway.jsonpath.internal.path.CompiledPath - Evaluating path: $
09:31:17.705 [Test worker] DEBUG com.jayway.jsonpath.internal.JsonContext - Put path $ key text value d
09:31:17.705 [Test worker] DEBUG com.jayway.jsonpath.internal.path.CompiledPath - Evaluating path: $['windowsVirtualKeyCode']
09:31:17.705 [Test worker] DEBUG com.jayway.jsonpath.internal.path.CompiledPath - Evaluating path: $
09:31:17.705 [Test worker] DEBUG com.jayway.jsonpath.internal.path.CompiledPath - Evaluating path: $
09:31:17.705 [Test worker] DEBUG com.jayway.jsonpath.internal.JsonContext - Put path $ key windowsVirtualKeyCode value {}
09:31:17.705 [Test worker] DEBUG com.jayway.jsonpath.internal.path.CompiledPath - Evaluating path: $
09:31:17.705 [Test worker] DEBUG com.jayway.jsonpath.internal.JsonContext - Put path $ key windowsVirtualKeyCode value 100
09:31:17.705 [Test worker] DEBUG com.jayway.jsonpath.internal.path.CompiledPath - Evaluating path: $
09:31:17.705 [Test worker] DEBUG com.intuit.karate.driver.chrome_1689566473559 - >> {"id":21,"sessionId":"3DF2AE793B12D0A3F73A140021ED6E81","method":"Input.dispatchKeyEvent","params":{"modifiers":0,"type":"rawKeyDown","text":"d","windowsVirtualKeyCode":100}}
09:31:17.711 [nioEventLoopGroup-3-1] DEBUG com.intuit.karate.driver.chrome_1689566473559 - << {"id":21,"result":{},"sessionId":"3DF2AE793B12D0A3F73A140021ED6E81"}
09:31:17.711 [nioEventLoopGroup-3-1] DEBUG com.jayway.jsonpath.internal.path.CompiledPath - Evaluating path: $
09:31:17.713 [Test worker] DEBUG com.jayway.jsonpath.internal.path.CompiledPath - Evaluating path: $['modifiers']
09:31:17.713 [Test worker] DEBUG com.jayway.jsonpath.internal.path.CompiledPath - Evaluating path: $
09:31:17.713 [Test worker] DEBUG com.jayway.jsonpath.internal.path.CompiledPath - Evaluating path: $
09:31:17.713 [Test worker] DEBUG com.jayway.jsonpath.internal.JsonContext - Put path $ key modifiers value {}
09:31:17.713 [Test worker] DEBUG com.jayway.jsonpath.internal.path.CompiledPath - Evaluating path: $
09:31:17.713 [Test worker] DEBUG com.jayway.jsonpath.internal.JsonContext - Put path $ key modifiers value 0
09:31:17.713 [Test worker] DEBUG com.jayway.jsonpath.internal.path.CompiledPath - Evaluating path: $['type']
09:31:17.713 [Test worker] DEBUG com.jayway.jsonpath.internal.path.CompiledPath - Evaluating path: $
09:31:17.713 [Test worker] DEBUG com.jayway.jsonpath.internal.path.CompiledPath - Evaluating path: $
09:31:17.713 [Test worker] DEBUG com.jayway.jsonpath.internal.JsonContext - Put path $ key type value {}
09:31:17.713 [Test worker] DEBUG com.jayway.jsonpath.internal.path.CompiledPath - Evaluating path: $
09:31:17.713 [Test worker] DEBUG com.jayway.jsonpath.internal.JsonContext - Put path $ key type value char
09:31:17.713 [Test worker] DEBUG com.jayway.jsonpath.internal.path.CompiledPath - Evaluating path: $['text']
09:31:17.714 [Test worker] DEBUG com.jayway.jsonpath.internal.path.CompiledPath - Evaluating path: $
09:31:17.714 [Test worker] DEBUG com.jayway.jsonpath.internal.path.CompiledPath - Evaluating path: $
09:31:17.714 [Test worker] DEBUG com.jayway.jsonpath.internal.JsonContext - Put path $ key text value {}
09:31:17.714 [Test worker] DEBUG com.jayway.jsonpath.internal.path.CompiledPath - Evaluating path: $
09:31:17.714 [Test worker] DEBUG com.jayway.jsonpath.internal.JsonContext - Put path $ key text value d
09:31:17.714 [Test worker] DEBUG com.jayway.jsonpath.internal.path.CompiledPath - Evaluating path: $['windowsVirtualKeyCode']
09:31:17.714 [Test worker] DEBUG com.jayway.jsonpath.internal.path.CompiledPath - Evaluating path: $
09:31:17.714 [Test worker] DEBUG com.jayway.jsonpath.internal.path.CompiledPath - Evaluating path: $
09:31:17.714 [Test worker] DEBUG com.jayway.jsonpath.internal.JsonContext - Put path $ key windowsVirtualKeyCode value {}
09:31:17.714 [Test worker] DEBUG com.jayway.jsonpath.internal.path.CompiledPath - Evaluating path: $
09:31:17.714 [Test worker] DEBUG com.jayway.jsonpath.internal.JsonContext - Put path $ key windowsVirtualKeyCode value 100
09:31:17.714 [Test worker] DEBUG com.jayway.jsonpath.internal.path.CompiledPath - Evaluating path: $
09:31:17.714 [Test worker] DEBUG com.intuit.karate.driver.chrome_1689566473559 - >> {"id":22,"sessionId":"3DF2AE793B12D0A3F73A140021ED6E81","method":"Input.dispatchKeyEvent","params":{"modifiers":0,"type":"char","text":"d","windowsVirtualKeyCode":100}}
09:31:17.726 [nioEventLoopGroup-3-1] DEBUG com.intuit.karate.driver.chrome_1689566473559 - << {"id":22,"result":{},"sessionId":"3DF2AE793B12D0A3F73A140021ED6E81"}
09:31:17.726 [nioEventLoopGroup-3-1] DEBUG com.jayway.jsonpath.internal.path.CompiledPath - Evaluating path: $
09:31:17.726 [Test worker] DEBUG com.jayway.jsonpath.internal.path.CompiledPath - Evaluating path: $['modifiers']
09:31:17.726 [Test worker] DEBUG com.jayway.jsonpath.internal.path.CompiledPath - Evaluating path: $
09:31:17.726 [Test worker] DEBUG com.jayway.jsonpath.internal.path.CompiledPath - Evaluating path: $
09:31:17.726 [Test worker] DEBUG com.jayway.jsonpath.internal.JsonContext - Put path $ key modifiers value {}
09:31:17.726 [Test worker] DEBUG com.jayway.jsonpath.internal.path.CompiledPath - Evaluating path: $
09:31:17.726 [Test worker] DEBUG com.jayway.jsonpath.internal.JsonContext - Put path $ key modifiers value 0
09:31:17.726 [Test worker] DEBUG com.jayway.jsonpath.internal.path.CompiledPath - Evaluating path: $['type']
09:31:17.726 [Test worker] DEBUG com.jayway.jsonpath.internal.path.CompiledPath - Evaluating path: $
09:31:17.726 [Test worker] DEBUG com.jayway.jsonpath.internal.path.CompiledPath - Evaluating path: $
09:31:17.726 [Test worker] DEBUG com.jayway.jsonpath.internal.JsonContext - Put path $ key type value {}
09:31:17.726 [Test worker] DEBUG com.jayway.jsonpath.internal.path.CompiledPath - Evaluating path: $
09:31:17.726 [Test worker] DEBUG com.jayway.jsonpath.internal.JsonContext - Put path $ key type value keyUp
09:31:17.726 [Test worker] DEBUG com.jayway.jsonpath.internal.path.CompiledPath - Evaluating path: $['text']
09:31:17.726 [Test worker] DEBUG com.jayway.jsonpath.internal.path.CompiledPath - Evaluating path: $
09:31:17.726 [Test worker] DEBUG com.jayway.jsonpath.internal.path.CompiledPath - Evaluating path: $
09:31:17.726 [Test worker] DEBUG com.jayway.jsonpath.internal.JsonContext - Put path $ key text value {}
09:31:17.726 [Test worker] DEBUG com.jayway.jsonpath.internal.path.CompiledPath - Evaluating path: $
09:31:17.726 [Test worker] DEBUG com.jayway.jsonpath.internal.JsonContext - Put path $ key text value d
09:31:17.726 [Test worker] DEBUG com.jayway.jsonpath.internal.path.CompiledPath - Evaluating path: $['windowsVirtualKeyCode']
09:31:17.726 [Test worker] DEBUG com.jayway.jsonpath.internal.path.CompiledPath - Evaluating path: $
09:31:17.726 [Test worker] DEBUG com.jayway.jsonpath.internal.path.CompiledPath - Evaluating path: $
09:31:17.726 [Test worker] DEBUG com.jayway.jsonpath.internal.JsonContext - Put path $ key windowsVirtualKeyCode value {}
09:31:17.726 [Test worker] DEBUG com.jayway.jsonpath.internal.path.CompiledPath - Evaluating path: $
09:31:17.726 [Test worker] DEBUG com.jayway.jsonpath.internal.JsonContext - Put path $ key windowsVirtualKeyCode value 100
09:31:17.726 [Test worker] DEBUG com.jayway.jsonpath.internal.path.CompiledPath - Evaluating path: $
09:31:17.726 [Test worker] DEBUG com.intuit.karate.driver.chrome_1689566473559 - >> {"id":23,"sessionId":"3DF2AE793B12D0A3F73A140021ED6E81","method":"Input.dispatchKeyEvent","params":{"modifiers":0,"type":"keyUp","text":"d","windowsVirtualKeyCode":100}}
09:31:17.732 [nioEventLoopGroup-3-1] DEBUG com.intuit.karate.driver.chrome_1689566473559 - << {"id":23,"result":{},"sessionId":"3DF2AE793B12D0A3F73A140021ED6E81"}
09:31:17.733 [nioEventLoopGroup-3-1] DEBUG com.jayway.jsonpath.internal.path.CompiledPath - Evaluating path: $
09:31:17.733 [Test worker] DEBUG com.jayway.jsonpath.internal.path.CompiledPath - Evaluating path: $['modifiers']
09:31:17.733 [Test worker] DEBUG com.jayway.jsonpath.internal.path.CompiledPath - Evaluating path: $
09:31:17.734 [Test worker] DEBUG com.jayway.jsonpath.internal.path.CompiledPath - Evaluating path: $
09:31:17.734 [Test worker] DEBUG com.jayway.jsonpath.internal.JsonContext - Put path $ key modifiers value {}
09:31:17.734 [Test worker] DEBUG com.jayway.jsonpath.internal.path.CompiledPath - Evaluating path: $
09:31:17.734 [Test worker] DEBUG com.jayway.jsonpath.internal.JsonContext - Put path $ key modifiers value 0
09:31:17.734 [Test worker] DEBUG com.jayway.jsonpath.internal.path.CompiledPath - Evaluating path: $['type']
09:31:17.734 [Test worker] DEBUG com.jayway.jsonpath.internal.path.CompiledPath - Evaluating path: $
09:31:17.734 [Test worker] DEBUG com.jayway.jsonpath.internal.path.CompiledPath - Evaluating path: $
09:31:17.734 [Test worker] DEBUG com.jayway.jsonpath.internal.JsonContext - Put path $ key type value {}
09:31:17.734 [Test worker] DEBUG com.jayway.jsonpath.internal.path.CompiledPath - Evaluating path: $
09:31:17.734 [Test worker] DEBUG com.jayway.jsonpath.internal.JsonContext - Put path $ key type value rawKeyDown
09:31:17.734 [Test worker] DEBUG com.jayway.jsonpath.internal.path.CompiledPath - Evaluating path: $['text']
09:31:17.734 [Test worker] DEBUG com.jayway.jsonpath.internal.path.CompiledPath - Evaluating path: $
09:31:17.734 [Test worker] DEBUG com.jayway.jsonpath.internal.path.CompiledPath - Evaluating path: $
09:31:17.734 [Test worker] DEBUG com.jayway.jsonpath.internal.JsonContext - Put path $ key text value {}
09:31:17.734 [Test worker] DEBUG com.jayway.jsonpath.internal.path.CompiledPath - Evaluating path: $
09:31:17.734 [Test worker] DEBUG com.jayway.jsonpath.internal.JsonContext - Put path $ key text value p
09:31:17.734 [Test worker] DEBUG com.jayway.jsonpath.internal.path.CompiledPath - Evaluating path: $['windowsVirtualKeyCode']
09:31:17.734 [Test worker] DEBUG com.jayway.jsonpath.internal.path.CompiledPath - Evaluating path: $
09:31:17.734 [Test worker] DEBUG com.jayway.jsonpath.internal.path.CompiledPath - Evaluating path: $
09:31:17.734 [Test worker] DEBUG com.jayway.jsonpath.internal.JsonContext - Put path $ key windowsVirtualKeyCode value {}
09:31:17.734 [Test worker] DEBUG com.jayway.jsonpath.internal.path.CompiledPath - Evaluating path: $
09:31:17.734 [Test worker] DEBUG com.jayway.jsonpath.internal.JsonContext - Put path $ key windowsVirtualKeyCode value 112
09:31:17.734 [Test worker] DEBUG com.jayway.jsonpath.internal.path.CompiledPath - Evaluating path: $
09:31:17.734 [Test worker] DEBUG com.intuit.karate.driver.chrome_1689566473559 - >> {"id":24,"sessionId":"3DF2AE793B12D0A3F73A140021ED6E81","method":"Input.dispatchKeyEvent","params":{"modifiers":0,"type":"rawKeyDown","text":"p","windowsVirtualKeyCode":112}}
09:31:17.739 [nioEventLoopGroup-3-1] DEBUG com.intuit.karate.driver.chrome_1689566473559 - << {"id":24,"result":{},"sessionId":"3DF2AE793B12D0A3F73A140021ED6E81"}
09:31:17.740 [nioEventLoopGroup-3-1] DEBUG com.jayway.jsonpath.internal.path.CompiledPath - Evaluating path: $
09:31:17.740 [Test worker] DEBUG com.jayway.jsonpath.internal.path.CompiledPath - Evaluating path: $['modifiers']
09:31:17.740 [Test worker] DEBUG com.jayway.jsonpath.internal.path.CompiledPath - Evaluating path: $
09:31:17.740 [Test worker] DEBUG com.jayway.jsonpath.internal.path.CompiledPath - Evaluating path: $
09:31:17.740 [Test worker] DEBUG com.jayway.jsonpath.internal.JsonContext - Put path $ key modifiers value {}
09:31:17.740 [Test worker] DEBUG com.jayway.jsonpath.internal.path.CompiledPath - Evaluating path: $
09:31:17.740 [Test worker] DEBUG com.jayway.jsonpath.internal.JsonContext - Put path $ key modifiers value 0
09:31:17.740 [Test worker] DEBUG com.jayway.jsonpath.internal.path.CompiledPath - Evaluating path: $['type']
09:31:17.740 [Test worker] DEBUG com.jayway.jsonpath.internal.path.CompiledPath - Evaluating path: $
09:31:17.740 [Test worker] DEBUG com.jayway.jsonpath.internal.path.CompiledPath - Evaluating path: $
09:31:17.740 [Test worker] DEBUG com.jayway.jsonpath.internal.JsonContext - Put path $ key type value {}
09:31:17.740 [Test worker] DEBUG com.jayway.jsonpath.internal.path.CompiledPath - Evaluating path: $
09:31:17.740 [Test worker] DEBUG com.jayway.jsonpath.internal.JsonContext - Put path $ key type value char
09:31:17.740 [Test worker] DEBUG com.jayway.jsonpath.internal.path.CompiledPath - Evaluating path: $['text']
09:31:17.740 [Test worker] DEBUG com.jayway.jsonpath.internal.path.CompiledPath - Evaluating path: $
09:31:17.740 [Test worker] DEBUG com.jayway.jsonpath.internal.path.CompiledPath - Evaluating path: $
09:31:17.740 [Test worker] DEBUG com.jayway.jsonpath.internal.JsonContext - Put path $ key text value {}
09:31:17.740 [Test worker] DEBUG com.jayway.jsonpath.internal.path.CompiledPath - Evaluating path: $
09:31:17.740 [Test worker] DEBUG com.jayway.jsonpath.internal.JsonContext - Put path $ key text value p
09:31:17.740 [Test worker] DEBUG com.jayway.jsonpath.internal.path.CompiledPath - Evaluating path: $['windowsVirtualKeyCode']
09:31:17.740 [Test worker] DEBUG com.jayway.jsonpath.internal.path.CompiledPath - Evaluating path: $
09:31:17.740 [Test worker] DEBUG com.jayway.jsonpath.internal.path.CompiledPath - Evaluating path: $
09:31:17.740 [Test worker] DEBUG com.jayway.jsonpath.internal.JsonContext - Put path $ key windowsVirtualKeyCode value {}
09:31:17.740 [Test worker] DEBUG com.jayway.jsonpath.internal.path.CompiledPath - Evaluating path: $
09:31:17.740 [Test worker] DEBUG com.jayway.jsonpath.internal.JsonContext - Put path $ key windowsVirtualKeyCode value 112
09:31:17.740 [Test worker] DEBUG com.jayway.jsonpath.internal.path.CompiledPath - Evaluating path: $
09:31:17.741 [Test worker] DEBUG com.intuit.karate.driver.chrome_1689566473559 - >> {"id":25,"sessionId":"3DF2AE793B12D0A3F73A140021ED6E81","method":"Input.dispatchKeyEvent","params":{"modifiers":0,"type":"char","text":"p","windowsVirtualKeyCode":112}}
09:31:17.748 [nioEventLoopGroup-3-1] DEBUG com.intuit.karate.driver.chrome_1689566473559 - << {"id":25,"result":{},"sessionId":"3DF2AE793B12D0A3F73A140021ED6E81"}
09:31:17.748 [nioEventLoopGroup-3-1] DEBUG com.jayway.jsonpath.internal.path.CompiledPath - Evaluating path: $
09:31:17.749 [Test worker] DEBUG com.jayway.jsonpath.internal.path.CompiledPath - Evaluating path: $['modifiers']
09:31:17.749 [Test worker] DEBUG com.jayway.jsonpath.internal.path.CompiledPath - Evaluating path: $
09:31:17.749 [Test worker] DEBUG com.jayway.jsonpath.internal.path.CompiledPath - Evaluating path: $
09:31:17.749 [Test worker] DEBUG com.jayway.jsonpath.internal.JsonContext - Put path $ key modifiers value {}
09:31:17.749 [Test worker] DEBUG com.jayway.jsonpath.internal.path.CompiledPath - Evaluating path: $
09:31:17.749 [Test worker] DEBUG com.jayway.jsonpath.internal.JsonContext - Put path $ key modifiers value 0
09:31:17.749 [Test worker] DEBUG com.jayway.jsonpath.internal.path.CompiledPath - Evaluating path: $['type']
09:31:17.749 [Test worker] DEBUG com.jayway.jsonpath.internal.path.CompiledPath - Evaluating path: $
09:31:17.749 [Test worker] DEBUG com.jayway.jsonpath.internal.path.CompiledPath - Evaluating path: $
09:31:17.749 [Test worker] DEBUG com.jayway.jsonpath.internal.JsonContext - Put path $ key type value {}
09:31:17.749 [Test worker] DEBUG com.jayway.jsonpath.internal.path.CompiledPath - Evaluating path: $
09:31:17.749 [Test worker] DEBUG com.jayway.jsonpath.internal.JsonContext - Put path $ key type value keyUp
09:31:17.749 [Test worker] DEBUG com.jayway.jsonpath.internal.path.CompiledPath - Evaluating path: $['text']
09:31:17.749 [Test worker] DEBUG com.jayway.jsonpath.internal.path.CompiledPath - Evaluating path: $
09:31:17.749 [Test worker] DEBUG com.jayway.jsonpath.internal.path.CompiledPath - Evaluating path: $
09:31:17.749 [Test worker] DEBUG com.jayway.jsonpath.internal.JsonContext - Put path $ key text value {}
09:31:17.749 [Test worker] DEBUG com.jayway.jsonpath.internal.path.CompiledPath - Evaluating path: $
09:31:17.749 [Test worker] DEBUG com.jayway.jsonpath.internal.JsonContext - Put path $ key text value p
09:31:17.749 [Test worker] DEBUG com.jayway.jsonpath.internal.path.CompiledPath - Evaluating path: $['windowsVirtualKeyCode']
09:31:17.749 [Test worker] DEBUG com.jayway.jsonpath.internal.path.CompiledPath - Evaluating path: $
09:31:17.749 [Test worker] DEBUG com.jayway.jsonpath.internal.path.CompiledPath - Evaluating path: $
09:31:17.749 [Test worker] DEBUG com.jayway.jsonpath.internal.JsonContext - Put path $ key windowsVirtualKeyCode value {}
09:31:17.749 [Test worker] DEBUG com.jayway.jsonpath.internal.path.CompiledPath - Evaluating path: $
09:31:17.749 [Test worker] DEBUG com.jayway.jsonpath.internal.JsonContext - Put path $ key windowsVirtualKeyCode value 112
09:31:17.749 [Test worker] DEBUG com.jayway.jsonpath.internal.path.CompiledPath - Evaluating path: $
09:31:17.749 [Test worker] DEBUG com.intuit.karate.driver.chrome_1689566473559 - >> {"id":26,"sessionId":"3DF2AE793B12D0A3F73A140021ED6E81","method":"Input.dispatchKeyEvent","params":{"modifiers":0,"type":"keyUp","text":"p","windowsVirtualKeyCode":112}}
09:31:17.755 [nioEventLoopGroup-3-1] DEBUG com.intuit.karate.driver.chrome_1689566473559 - << {"id":26,"result":{},"sessionId":"3DF2AE793B12D0A3F73A140021ED6E81"}
09:31:17.755 [nioEventLoopGroup-3-1] DEBUG com.jayway.jsonpath.internal.path.CompiledPath - Evaluating path: $
09:31:17.755 [Test worker] DEBUG com.jayway.jsonpath.internal.path.CompiledPath - Evaluating path: $['modifiers']
09:31:17.755 [Test worker] DEBUG com.jayway.jsonpath.internal.path.CompiledPath - Evaluating path: $
09:31:17.755 [Test worker] DEBUG com.jayway.jsonpath.internal.path.CompiledPath - Evaluating path: $
09:31:17.755 [Test worker] DEBUG com.jayway.jsonpath.internal.JsonContext - Put path $ key modifiers value {}
09:31:17.755 [Test worker] DEBUG com.jayway.jsonpath.internal.path.CompiledPath - Evaluating path: $
09:31:17.756 [Test worker] DEBUG com.jayway.jsonpath.internal.JsonContext - Put path $ key modifiers value 0
09:31:17.756 [Test worker] DEBUG com.jayway.jsonpath.internal.path.CompiledPath - Evaluating path: $['type']
09:31:17.756 [Test worker] DEBUG com.jayway.jsonpath.internal.path.CompiledPath - Evaluating path: $
09:31:17.756 [Test worker] DEBUG com.jayway.jsonpath.internal.path.CompiledPath - Evaluating path: $
09:31:17.756 [Test worker] DEBUG com.jayway.jsonpath.internal.JsonContext - Put path $ key type value {}
09:31:17.756 [Test worker] DEBUG com.jayway.jsonpath.internal.path.CompiledPath - Evaluating path: $
09:31:17.756 [Test worker] DEBUG com.jayway.jsonpath.internal.JsonContext - Put path $ key type value rawKeyDown
09:31:17.756 [Test worker] DEBUG com.jayway.jsonpath.internal.path.CompiledPath - Evaluating path: $['text']
09:31:17.756 [Test worker] DEBUG com.jayway.jsonpath.internal.path.CompiledPath - Evaluating path: $
09:31:17.756 [Test worker] DEBUG com.jayway.jsonpath.internal.path.CompiledPath - Evaluating path: $
09:31:17.756 [Test worker] DEBUG com.jayway.jsonpath.internal.JsonContext - Put path $ key text value {}
09:31:17.756 [Test worker] DEBUG com.jayway.jsonpath.internal.path.CompiledPath - Evaluating path: $
09:31:17.756 [Test worker] DEBUG com.jayway.jsonpath.internal.JsonContext - Put path $ key text value h
09:31:17.756 [Test worker] DEBUG com.jayway.jsonpath.internal.path.CompiledPath - Evaluating path: $['windowsVirtualKeyCode']
09:31:17.756 [Test worker] DEBUG com.jayway.jsonpath.internal.path.CompiledPath - Evaluating path: $
09:31:17.756 [Test worker] DEBUG com.jayway.jsonpath.internal.path.CompiledPath - Evaluating path: $
09:31:17.756 [Test worker] DEBUG com.jayway.jsonpath.internal.JsonContext - Put path $ key windowsVirtualKeyCode value {}
09:31:17.756 [Test worker] DEBUG com.jayway.jsonpath.internal.path.CompiledPath - Evaluating path: $
09:31:17.756 [Test worker] DEBUG com.jayway.jsonpath.internal.JsonContext - Put path $ key windowsVirtualKeyCode value 104
09:31:17.756 [Test worker] DEBUG com.jayway.jsonpath.internal.path.CompiledPath - Evaluating path: $
09:31:17.756 [Test worker] DEBUG com.intuit.karate.driver.chrome_1689566473559 - >> {"id":27,"sessionId":"3DF2AE793B12D0A3F73A140021ED6E81","method":"Input.dispatchKeyEvent","params":{"modifiers":0,"type":"rawKeyDown","text":"h","windowsVirtualKeyCode":104}}
09:31:17.759 [nioEventLoopGroup-3-1] DEBUG com.intuit.karate.driver.chrome_1689566473559 - << {"id":27,"result":{},"sessionId":"3DF2AE793B12D0A3F73A140021ED6E81"}
09:31:17.759 [nioEventLoopGroup-3-1] DEBUG com.jayway.jsonpath.internal.path.CompiledPath - Evaluating path: $
09:31:17.759 [Test worker] DEBUG com.jayway.jsonpath.internal.path.CompiledPath - Evaluating path: $['modifiers']
09:31:17.759 [Test worker] DEBUG com.jayway.jsonpath.internal.path.CompiledPath - Evaluating path: $
09:31:17.759 [Test worker] DEBUG com.jayway.jsonpath.internal.path.CompiledPath - Evaluating path: $
09:31:17.759 [Test worker] DEBUG com.jayway.jsonpath.internal.JsonContext - Put path $ key modifiers value {}
09:31:17.759 [Test worker] DEBUG com.jayway.jsonpath.internal.path.CompiledPath - Evaluating path: $
09:31:17.759 [Test worker] DEBUG com.jayway.jsonpath.internal.JsonContext - Put path $ key modifiers value 0
09:31:17.759 [Test worker] DEBUG com.jayway.jsonpath.internal.path.CompiledPath - Evaluating path: $['type']
09:31:17.759 [Test worker] DEBUG com.jayway.jsonpath.internal.path.CompiledPath - Evaluating path: $
09:31:17.760 [Test worker] DEBUG com.jayway.jsonpath.internal.path.CompiledPath - Evaluating path: $
09:31:17.760 [Test worker] DEBUG com.jayway.jsonpath.internal.JsonContext - Put path $ key type value {}
09:31:17.760 [Test worker] DEBUG com.jayway.jsonpath.internal.path.CompiledPath - Evaluating path: $
09:31:17.760 [Test worker] DEBUG com.jayway.jsonpath.internal.JsonContext - Put path $ key type value char
09:31:17.760 [Test worker] DEBUG com.jayway.jsonpath.internal.path.CompiledPath - Evaluating path: $['text']
09:31:17.760 [Test worker] DEBUG com.jayway.jsonpath.internal.path.CompiledPath - Evaluating path: $
09:31:17.760 [Test worker] DEBUG com.jayway.jsonpath.internal.path.CompiledPath - Evaluating path: $
09:31:17.760 [Test worker] DEBUG com.jayway.jsonpath.internal.JsonContext - Put path $ key text value {}
09:31:17.760 [Test worker] DEBUG com.jayway.jsonpath.internal.path.CompiledPath - Evaluating path: $
09:31:17.760 [Test worker] DEBUG com.jayway.jsonpath.internal.JsonContext - Put path $ key text value h
09:31:17.760 [Test worker] DEBUG com.jayway.jsonpath.internal.path.CompiledPath - Evaluating path: $['windowsVirtualKeyCode']
09:31:17.760 [Test worker] DEBUG com.jayway.jsonpath.internal.path.CompiledPath - Evaluating path: $
09:31:17.760 [Test worker] DEBUG com.jayway.jsonpath.internal.path.CompiledPath - Evaluating path: $
09:31:17.760 [Test worker] DEBUG com.jayway.jsonpath.internal.JsonContext - Put path $ key windowsVirtualKeyCode value {}
09:31:17.760 [Test worker] DEBUG com.jayway.jsonpath.internal.path.CompiledPath - Evaluating path: $
09:31:17.760 [Test worker] DEBUG com.jayway.jsonpath.internal.JsonContext - Put path $ key windowsVirtualKeyCode value 104
09:31:17.760 [Test worker] DEBUG com.jayway.jsonpath.internal.path.CompiledPath - Evaluating path: $
09:31:17.760 [Test worker] DEBUG com.intuit.karate.driver.chrome_1689566473559 - >> {"id":28,"sessionId":"3DF2AE793B12D0A3F73A140021ED6E81","method":"Input.dispatchKeyEvent","params":{"modifiers":0,"type":"char","text":"h","windowsVirtualKeyCode":104}}
09:31:17.766 [nioEventLoopGroup-3-1] DEBUG com.intuit.karate.driver.chrome_1689566473559 - << {"id":28,"result":{},"sessionId":"3DF2AE793B12D0A3F73A140021ED6E81"}
09:31:17.766 [nioEventLoopGroup-3-1] DEBUG com.jayway.jsonpath.internal.path.CompiledPath - Evaluating path: $
09:31:17.766 [Test worker] DEBUG com.jayway.jsonpath.internal.path.CompiledPath - Evaluating path: $['modifiers']
09:31:17.766 [Test worker] DEBUG com.jayway.jsonpath.internal.path.CompiledPath - Evaluating path: $
09:31:17.767 [Test worker] DEBUG com.jayway.jsonpath.internal.path.CompiledPath - Evaluating path: $
09:31:17.767 [Test worker] DEBUG com.jayway.jsonpath.internal.JsonContext - Put path $ key modifiers value {}
09:31:17.767 [Test worker] DEBUG com.jayway.jsonpath.internal.path.CompiledPath - Evaluating path: $
09:31:17.767 [Test worker] DEBUG com.jayway.jsonpath.internal.JsonContext - Put path $ key modifiers value 0
09:31:17.767 [Test worker] DEBUG com.jayway.jsonpath.internal.path.CompiledPath - Evaluating path: $['type']
09:31:17.767 [Test worker] DEBUG com.jayway.jsonpath.internal.path.CompiledPath - Evaluating path: $
09:31:17.767 [Test worker] DEBUG com.jayway.jsonpath.internal.path.CompiledPath - Evaluating path: $
09:31:17.767 [Test worker] DEBUG com.jayway.jsonpath.internal.JsonContext - Put path $ key type value {}
09:31:17.767 [Test worker] DEBUG com.jayway.jsonpath.internal.path.CompiledPath - Evaluating path: $
09:31:17.767 [Test worker] DEBUG com.jayway.jsonpath.internal.JsonContext - Put path $ key type value keyUp
09:31:17.767 [Test worker] DEBUG com.jayway.jsonpath.internal.path.CompiledPath - Evaluating path: $['text']
09:31:17.767 [Test worker] DEBUG com.jayway.jsonpath.internal.path.CompiledPath - Evaluating path: $
09:31:17.767 [Test worker] DEBUG com.jayway.jsonpath.internal.path.CompiledPath - Evaluating path: $
09:31:17.767 [Test worker] DEBUG com.jayway.jsonpath.internal.JsonContext - Put path $ key text value {}
09:31:17.767 [Test worker] DEBUG com.jayway.jsonpath.internal.path.CompiledPath - Evaluating path: $
09:31:17.767 [Test worker] DEBUG com.jayway.jsonpath.internal.JsonContext - Put path $ key text value h
09:31:17.767 [Test worker] DEBUG com.jayway.jsonpath.internal.path.CompiledPath - Evaluating path: $['windowsVirtualKeyCode']
09:31:17.767 [Test worker] DEBUG com.jayway.jsonpath.internal.path.CompiledPath - Evaluating path: $
09:31:17.767 [Test worker] DEBUG com.jayway.jsonpath.internal.path.CompiledPath - Evaluating path: $
09:31:17.767 [Test worker] DEBUG com.jayway.jsonpath.internal.JsonContext - Put path $ key windowsVirtualKeyCode value {}
09:31:17.767 [Test worker] DEBUG com.jayway.jsonpath.internal.path.CompiledPath - Evaluating path: $
09:31:17.767 [Test worker] DEBUG com.jayway.jsonpath.internal.JsonContext - Put path $ key windowsVirtualKeyCode value 104
09:31:17.767 [Test worker] DEBUG com.jayway.jsonpath.internal.path.CompiledPath - Evaluating path: $
09:31:17.767 [Test worker] DEBUG com.intuit.karate.driver.chrome_1689566473559 - >> {"id":29,"sessionId":"3DF2AE793B12D0A3F73A140021ED6E81","method":"Input.dispatchKeyEvent","params":{"modifiers":0,"type":"keyUp","text":"h","windowsVirtualKeyCode":104}}
09:31:17.776 [nioEventLoopGroup-3-1] DEBUG com.intuit.karate.driver.chrome_1689566473559 - << {"id":29,"result":{},"sessionId":"3DF2AE793B12D0A3F73A140021ED6E81"}
09:31:17.776 [nioEventLoopGroup-3-1] DEBUG com.jayway.jsonpath.internal.path.CompiledPath - Evaluating path: $
09:31:17.776 [Test worker] DEBUG com.jayway.jsonpath.internal.path.CompiledPath - Evaluating path: $['modifiers']
09:31:17.776 [Test worker] DEBUG com.jayway.jsonpath.internal.path.CompiledPath - Evaluating path: $
09:31:17.776 [Test worker] DEBUG com.jayway.jsonpath.internal.path.CompiledPath - Evaluating path: $
09:31:17.776 [Test worker] DEBUG com.jayway.jsonpath.internal.JsonContext - Put path $ key modifiers value {}
09:31:17.776 [Test worker] DEBUG com.jayway.jsonpath.internal.path.CompiledPath - Evaluating path: $
09:31:17.776 [Test worker] DEBUG com.jayway.jsonpath.internal.JsonContext - Put path $ key modifiers value 0
09:31:17.776 [Test worker] DEBUG com.jayway.jsonpath.internal.path.CompiledPath - Evaluating path: $['type']
09:31:17.776 [Test worker] DEBUG com.jayway.jsonpath.internal.path.CompiledPath - Evaluating path: $
09:31:17.776 [Test worker] DEBUG com.jayway.jsonpath.internal.path.CompiledPath - Evaluating path: $
09:31:17.776 [Test worker] DEBUG com.jayway.jsonpath.internal.JsonContext - Put path $ key type value {}
09:31:17.776 [Test worker] DEBUG com.jayway.jsonpath.internal.path.CompiledPath - Evaluating path: $
09:31:17.776 [Test worker] DEBUG com.jayway.jsonpath.internal.JsonContext - Put path $ key type value rawKeyDown
09:31:17.776 [Test worker] DEBUG com.jayway.jsonpath.internal.path.CompiledPath - Evaluating path: $['text']
09:31:17.776 [Test worker] DEBUG com.jayway.jsonpath.internal.path.CompiledPath - Evaluating path: $
09:31:17.776 [Test worker] DEBUG com.jayway.jsonpath.internal.path.CompiledPath - Evaluating path: $
09:31:17.776 [Test worker] DEBUG com.jayway.jsonpath.internal.JsonContext - Put path $ key text value {}
09:31:17.776 [Test worker] DEBUG com.jayway.jsonpath.internal.path.CompiledPath - Evaluating path: $
09:31:17.776 [Test worker] DEBUG com.jayway.jsonpath.internal.JsonContext - Put path $ key text value o
09:31:17.776 [Test worker] DEBUG com.jayway.jsonpath.internal.path.CompiledPath - Evaluating path: $['windowsVirtualKeyCode']
09:31:17.776 [Test worker] DEBUG com.jayway.jsonpath.internal.path.CompiledPath - Evaluating path: $
09:31:17.776 [Test worker] DEBUG com.jayway.jsonpath.internal.path.CompiledPath - Evaluating path: $
09:31:17.776 [Test worker] DEBUG com.jayway.jsonpath.internal.JsonContext - Put path $ key windowsVirtualKeyCode value {}
09:31:17.776 [Test worker] DEBUG com.jayway.jsonpath.internal.path.CompiledPath - Evaluating path: $
09:31:17.776 [Test worker] DEBUG com.jayway.jsonpath.internal.JsonContext - Put path $ key windowsVirtualKeyCode value 111
09:31:17.776 [Test worker] DEBUG com.jayway.jsonpath.internal.path.CompiledPath - Evaluating path: $
09:31:17.776 [Test worker] DEBUG com.intuit.karate.driver.chrome_1689566473559 - >> {"id":30,"sessionId":"3DF2AE793B12D0A3F73A140021ED6E81","method":"Input.dispatchKeyEvent","params":{"modifiers":0,"type":"rawKeyDown","text":"o","windowsVirtualKeyCode":111}}
09:31:17.782 [nioEventLoopGroup-3-1] DEBUG com.intuit.karate.driver.chrome_1689566473559 - << {"id":30,"result":{},"sessionId":"3DF2AE793B12D0A3F73A140021ED6E81"}
09:31:17.782 [nioEventLoopGroup-3-1] DEBUG com.jayway.jsonpath.internal.path.CompiledPath - Evaluating path: $
09:31:17.782 [Test worker] DEBUG com.jayway.jsonpath.internal.path.CompiledPath - Evaluating path: $['modifiers']
09:31:17.782 [Test worker] DEBUG com.jayway.jsonpath.internal.path.CompiledPath - Evaluating path: $
09:31:17.782 [Test worker] DEBUG com.jayway.jsonpath.internal.path.CompiledPath - Evaluating path: $
09:31:17.782 [Test worker] DEBUG com.jayway.jsonpath.internal.JsonContext - Put path $ key modifiers value {}
09:31:17.782 [Test worker] DEBUG com.jayway.jsonpath.internal.path.CompiledPath - Evaluating path: $
09:31:17.782 [Test worker] DEBUG com.jayway.jsonpath.internal.JsonContext - Put path $ key modifiers value 0
09:31:17.782 [Test worker] DEBUG com.jayway.jsonpath.internal.path.CompiledPath - Evaluating path: $['type']
09:31:17.782 [Test worker] DEBUG com.jayway.jsonpath.internal.path.CompiledPath - Evaluating path: $
09:31:17.782 [Test worker] DEBUG com.jayway.jsonpath.internal.path.CompiledPath - Evaluating path: $
09:31:17.782 [Test worker] DEBUG com.jayway.jsonpath.internal.JsonContext - Put path $ key type value {}
09:31:17.782 [Test worker] DEBUG com.jayway.jsonpath.internal.path.CompiledPath - Evaluating path: $
09:31:17.782 [Test worker] DEBUG com.jayway.jsonpath.internal.JsonContext - Put path $ key type value char
09:31:17.782 [Test worker] DEBUG com.jayway.jsonpath.internal.path.CompiledPath - Evaluating path: $['text']
09:31:17.782 [Test worker] DEBUG com.jayway.jsonpath.internal.path.CompiledPath - Evaluating path: $
09:31:17.782 [Test worker] DEBUG com.jayway.jsonpath.internal.path.CompiledPath - Evaluating path: $
09:31:17.782 [Test worker] DEBUG com.jayway.jsonpath.internal.JsonContext - Put path $ key text value {}
09:31:17.782 [Test worker] DEBUG com.jayway.jsonpath.internal.path.CompiledPath - Evaluating path: $
09:31:17.782 [Test worker] DEBUG com.jayway.jsonpath.internal.JsonContext - Put path $ key text value o
09:31:17.782 [Test worker] DEBUG com.jayway.jsonpath.internal.path.CompiledPath - Evaluating path: $['windowsVirtualKeyCode']
09:31:17.782 [Test worker] DEBUG com.jayway.jsonpath.internal.path.CompiledPath - Evaluating path: $
09:31:17.782 [Test worker] DEBUG com.jayway.jsonpath.internal.path.CompiledPath - Evaluating path: $
09:31:17.782 [Test worker] DEBUG com.jayway.jsonpath.internal.JsonContext - Put path $ key windowsVirtualKeyCode value {}
09:31:17.782 [Test worker] DEBUG com.jayway.jsonpath.internal.path.CompiledPath - Evaluating path: $
09:31:17.782 [Test worker] DEBUG com.jayway.jsonpath.internal.JsonContext - Put path $ key windowsVirtualKeyCode value 111
09:31:17.782 [Test worker] DEBUG com.jayway.jsonpath.internal.path.CompiledPath - Evaluating path: $
09:31:17.782 [Test worker] DEBUG com.intuit.karate.driver.chrome_1689566473559 - >> {"id":31,"sessionId":"3DF2AE793B12D0A3F73A140021ED6E81","method":"Input.dispatchKeyEvent","params":{"modifiers":0,"type":"char","text":"o","windowsVirtualKeyCode":111}}
09:31:17.782 [nioEventLoopGroup-3-1] DEBUG com.intuit.karate.driver.chrome_1689566473559 - << {"method":"Target.targetInfoChanged","params":{"targetInfo":{"targetId":"B0890B50E229FB4B8EC3C7AC88D1E783","type":"background_page","title":"Chrome Web Store Payments","url":"chrome-extension://nmmhkkegccagdldgiimedpiccmgmieda/_generated_background_page.html","attached":false,"canAccessOpener":false,"browserContextId":"F7D35C0D880DE00F9CE246EF1B3C4159"}},"sessionId":"3DF2AE793B12D0A3F73A140021ED6E81"}
09:31:17.782 [nioEventLoopGroup-3-1] DEBUG com.jayway.jsonpath.internal.path.CompiledPath - Evaluating path: $
09:31:17.782 [nioEventLoopGroup-3-1] DEBUG com.jayway.jsonpath.internal.path.CompiledPath - Evaluating path: $['targetInfo']['targetId']
09:31:17.789 [nioEventLoopGroup-3-1] DEBUG com.intuit.karate.driver.chrome_1689566473559 - << {"id":31,"result":{},"sessionId":"3DF2AE793B12D0A3F73A140021ED6E81"}
09:31:17.789 [nioEventLoopGroup-3-1] DEBUG com.jayway.jsonpath.internal.path.CompiledPath - Evaluating path: $
09:31:17.789 [Test worker] DEBUG com.jayway.jsonpath.internal.path.CompiledPath - Evaluating path: $['modifiers']
09:31:17.789 [Test worker] DEBUG com.jayway.jsonpath.internal.path.CompiledPath - Evaluating path: $
09:31:17.789 [Test worker] DEBUG com.jayway.jsonpath.internal.path.CompiledPath - Evaluating path: $
09:31:17.789 [Test worker] DEBUG com.jayway.jsonpath.internal.JsonContext - Put path $ key modifiers value {}
09:31:17.789 [Test worker] DEBUG com.jayway.jsonpath.internal.path.CompiledPath - Evaluating path: $
09:31:17.789 [Test worker] DEBUG com.jayway.jsonpath.internal.JsonContext - Put path $ key modifiers value 0
09:31:17.789 [Test worker] DEBUG com.jayway.jsonpath.internal.path.CompiledPath - Evaluating path: $['type']
09:31:17.789 [Test worker] DEBUG com.jayway.jsonpath.internal.path.CompiledPath - Evaluating path: $
09:31:17.789 [Test worker] DEBUG com.jayway.jsonpath.internal.path.CompiledPath - Evaluating path: $
09:31:17.789 [Test worker] DEBUG com.jayway.jsonpath.internal.JsonContext - Put path $ key type value {}
09:31:17.789 [Test worker] DEBUG com.jayway.jsonpath.internal.path.CompiledPath - Evaluating path: $
09:31:17.789 [Test worker] DEBUG com.jayway.jsonpath.internal.JsonContext - Put path $ key type value keyUp
09:31:17.789 [Test worker] DEBUG com.jayway.jsonpath.internal.path.CompiledPath - Evaluating path: $['text']
09:31:17.790 [Test worker] DEBUG com.jayway.jsonpath.internal.path.CompiledPath - Evaluating path: $
09:31:17.790 [Test worker] DEBUG com.jayway.jsonpath.internal.path.CompiledPath - Evaluating path: $
09:31:17.790 [Test worker] DEBUG com.jayway.jsonpath.internal.JsonContext - Put path $ key text value {}
09:31:17.790 [Test worker] DEBUG com.jayway.jsonpath.internal.path.CompiledPath - Evaluating path: $
09:31:17.790 [Test worker] DEBUG com.jayway.jsonpath.internal.JsonContext - Put path $ key text value o
09:31:17.790 [Test worker] DEBUG com.jayway.jsonpath.internal.path.CompiledPath - Evaluating path: $['windowsVirtualKeyCode']
09:31:17.790 [Test worker] DEBUG com.jayway.jsonpath.internal.path.CompiledPath - Evaluating path: $
09:31:17.790 [Test worker] DEBUG com.jayway.jsonpath.internal.path.CompiledPath - Evaluating path: $
09:31:17.790 [Test worker] DEBUG com.jayway.jsonpath.internal.JsonContext - Put path $ key windowsVirtualKeyCode value {}
09:31:17.790 [Test worker] DEBUG com.jayway.jsonpath.internal.path.CompiledPath - Evaluating path: $
09:31:17.790 [Test worker] DEBUG com.jayway.jsonpath.internal.JsonContext - Put path $ key windowsVirtualKeyCode value 111
09:31:17.790 [Test worker] DEBUG com.jayway.jsonpath.internal.path.CompiledPath - Evaluating path: $
09:31:17.790 [Test worker] DEBUG com.intuit.karate.driver.chrome_1689566473559 - >> {"id":32,"sessionId":"3DF2AE793B12D0A3F73A140021ED6E81","method":"Input.dispatchKeyEvent","params":{"modifiers":0,"type":"keyUp","text":"o","windowsVirtualKeyCode":111}}
09:31:17.797 [nioEventLoopGroup-3-1] DEBUG com.intuit.karate.driver.chrome_1689566473559 - << {"method":"Target.targetCreated","params":{"targetInfo":{"targetId":"BEAF72B3902C4A93A80A986C8C14C407","type":"iframe","title":"","url":"","attached":false,"canAccessOpener":false,"browserContextId":"F7D35C0D880DE00F9CE246EF1B3C4159"}},"sessionId":"3DF2AE793B12D0A3F73A140021ED6E81"}
09:31:17.797 [nioEventLoopGroup-3-1] DEBUG com.jayway.jsonpath.internal.path.CompiledPath - Evaluating path: $
09:31:17.798 [nioEventLoopGroup-3-1] DEBUG com.intuit.karate.driver.chrome_1689566473559 - << {"id":32,"result":{},"sessionId":"3DF2AE793B12D0A3F73A140021ED6E81"}
09:31:17.798 [nioEventLoopGroup-3-1] DEBUG com.jayway.jsonpath.internal.path.CompiledPath - Evaluating path: $
09:31:17.798 [Test worker] DEBUG com.jayway.jsonpath.internal.path.CompiledPath - Evaluating path: $['modifiers']
09:31:17.798 [Test worker] DEBUG com.jayway.jsonpath.internal.path.CompiledPath - Evaluating path: $
09:31:17.798 [Test worker] DEBUG com.jayway.jsonpath.internal.path.CompiledPath - Evaluating path: $
09:31:17.798 [Test worker] DEBUG com.jayway.jsonpath.internal.JsonContext - Put path $ key modifiers value {}
09:31:17.798 [Test worker] DEBUG com.jayway.jsonpath.internal.path.CompiledPath - Evaluating path: $
09:31:17.798 [Test worker] DEBUG com.jayway.jsonpath.internal.JsonContext - Put path $ key modifiers value 0
09:31:17.798 [Test worker] DEBUG com.jayway.jsonpath.internal.path.CompiledPath - Evaluating path: $['type']
09:31:17.798 [Test worker] DEBUG com.jayway.jsonpath.internal.path.CompiledPath - Evaluating path: $
09:31:17.798 [Test worker] DEBUG com.jayway.jsonpath.internal.path.CompiledPath - Evaluating path: $
09:31:17.798 [Test worker] DEBUG com.jayway.jsonpath.internal.JsonContext - Put path $ key type value {}
09:31:17.798 [Test worker] DEBUG com.jayway.jsonpath.internal.path.CompiledPath - Evaluating path: $
09:31:17.798 [Test worker] DEBUG com.jayway.jsonpath.internal.JsonContext - Put path $ key type value rawKeyDown
09:31:17.798 [Test worker] DEBUG com.jayway.jsonpath.internal.path.CompiledPath - Evaluating path: $['text']
09:31:17.798 [Test worker] DEBUG com.jayway.jsonpath.internal.path.CompiledPath - Evaluating path: $
09:31:17.798 [Test worker] DEBUG com.jayway.jsonpath.internal.path.CompiledPath - Evaluating path: $
09:31:17.798 [Test worker] DEBUG com.jayway.jsonpath.internal.JsonContext - Put path $ key text value {}
09:31:17.798 [Test worker] DEBUG com.jayway.jsonpath.internal.path.CompiledPath - Evaluating path: $
09:31:17.798 [Test worker] DEBUG com.jayway.jsonpath.internal.JsonContext - Put path $ key text value n
09:31:17.798 [Test worker] DEBUG com.jayway.jsonpath.internal.path.CompiledPath - Evaluating path: $['windowsVirtualKeyCode']
09:31:17.798 [Test worker] DEBUG com.jayway.jsonpath.internal.path.CompiledPath - Evaluating path: $
09:31:17.798 [Test worker] DEBUG com.jayway.jsonpath.internal.path.CompiledPath - Evaluating path: $
09:31:17.798 [Test worker] DEBUG com.jayway.jsonpath.internal.JsonContext - Put path $ key windowsVirtualKeyCode value {}
09:31:17.798 [Test worker] DEBUG com.jayway.jsonpath.internal.path.CompiledPath - Evaluating path: $
09:31:17.798 [Test worker] DEBUG com.jayway.jsonpath.internal.JsonContext - Put path $ key windowsVirtualKeyCode value 110
09:31:17.798 [Test worker] DEBUG com.jayway.jsonpath.internal.path.CompiledPath - Evaluating path: $
09:31:17.798 [Test worker] DEBUG com.intuit.karate.driver.chrome_1689566473559 - >> {"id":33,"sessionId":"3DF2AE793B12D0A3F73A140021ED6E81","method":"Input.dispatchKeyEvent","params":{"modifiers":0,"type":"rawKeyDown","text":"n","windowsVirtualKeyCode":110}}
09:31:17.800 [nioEventLoopGroup-3-1] DEBUG com.intuit.karate.driver.chrome_1689566473559 - << {"method":"Target.targetInfoChanged","params":{"targetInfo":{"targetId":"BEAF72B3902C4A93A80A986C8C14C407","type":"iframe","title":"https://aax-eu.amazon-adsystem.com/s/iu3?d=amazon.in&slot=navFooter&a2=0101099451f1bdcc29bc272b19165b6422f015bc4703e94ca55c95c11285a0a0a146&old_oo=0&ts=1689566474609&s=AU8Hs3qxuzA2JJ2AAS0Bh5nOEvIqVcRWFZ8J-e27tage&gdpr_consent=&gdpr_consent_avl=&cb=1689566474609&dcc=t","url":"https://aax-eu.amazon-adsystem.com/s/iu3?d=amazon.in&slot=navFooter&a2=0101099451f1bdcc29bc272b19165b6422f015bc4703e94ca55c95c11285a0a0a146&old_oo=0&ts=1689566474609&s=AU8Hs3qxuzA2JJ2AAS0Bh5nOEvIqVcRWFZ8J-e27tage&gdpr_consent=&gdpr_consent_avl=&cb=1689566474609&dcc=t","attached":false,"canAccessOpener":false,"browserContextId":"F7D35C0D880DE00F9CE246EF1B3C4159"}},"sessionId":"3DF2AE793B12D0A3F73A140021ED6E81"}
09:31:17.802 [nioEventLoopGroup-3-1] DEBUG com.jayway.jsonpath.internal.path.CompiledPath - Evaluating path: $
09:31:17.802 [nioEventLoopGroup-3-1] DEBUG com.jayway.jsonpath.internal.path.CompiledPath - Evaluating path: $['targetInfo']['targetId']
09:31:17.802 [nioEventLoopGroup-3-1] DEBUG com.intuit.karate.driver.chrome_1689566473559 - << {"id":33,"result":{},"sessionId":"3DF2AE793B12D0A3F73A140021ED6E81"}
09:31:17.802 [nioEventLoopGroup-3-1] DEBUG com.jayway.jsonpath.internal.path.CompiledPath - Evaluating path: $
09:31:17.802 [Test worker] DEBUG com.jayway.jsonpath.internal.path.CompiledPath - Evaluating path: $['modifiers']
09:31:17.802 [Test worker] DEBUG com.jayway.jsonpath.internal.path.CompiledPath - Evaluating path: $
09:31:17.802 [Test worker] DEBUG com.jayway.jsonpath.internal.path.CompiledPath - Evaluating path: $
09:31:17.802 [nioEventLoopGroup-3-1] DEBUG com.intuit.karate.driver.chrome_1689566473559 - << {"method":"Page.frameStoppedLoading","params":{"frameId":"BEAF72B3902C4A93A80A986C8C14C407"},"sessionId":"3DF2AE793B12D0A3F73A140021ED6E81"}
09:31:17.802 [Test worker] DEBUG com.jayway.jsonpath.internal.JsonContext - Put path $ key modifiers value {}
09:31:17.802 [Test worker] DEBUG com.jayway.jsonpath.internal.path.CompiledPath - Evaluating path: $
09:31:17.802 [Test worker] DEBUG com.jayway.jsonpath.internal.JsonContext - Put path $ key modifiers value 0
09:31:17.802 [nioEventLoopGroup-3-1] DEBUG com.jayway.jsonpath.internal.path.CompiledPath - Evaluating path: $
09:31:17.803 [nioEventLoopGroup-3-1] DEBUG com.jayway.jsonpath.internal.path.CompiledPath - Evaluating path: $['frameId']
09:31:17.803 [Test worker] DEBUG com.jayway.jsonpath.internal.path.CompiledPath - Evaluating path: $['type']
09:31:17.803 [Test worker] DEBUG com.jayway.jsonpath.internal.path.CompiledPath - Evaluating path: $
09:31:17.803 [Test worker] DEBUG com.jayway.jsonpath.internal.path.CompiledPath - Evaluating path: $
09:31:17.803 [Test worker] DEBUG com.jayway.jsonpath.internal.JsonContext - Put path $ key type value {}
09:31:17.803 [Test worker] DEBUG com.jayway.jsonpath.internal.path.CompiledPath - Evaluating path: $
09:31:17.803 [Test worker] DEBUG com.jayway.jsonpath.internal.JsonContext - Put path $ key type value char
09:31:17.803 [Test worker] DEBUG com.jayway.jsonpath.internal.path.CompiledPath - Evaluating path: $['text']
09:31:17.803 [Test worker] DEBUG com.jayway.jsonpath.internal.path.CompiledPath - Evaluating path: $
09:31:17.803 [Test worker] DEBUG com.jayway.jsonpath.internal.path.CompiledPath - Evaluating path: $
09:31:17.803 [Test worker] DEBUG com.jayway.jsonpath.internal.JsonContext - Put path $ key text value {}
09:31:17.803 [Test worker] DEBUG com.jayway.jsonpath.internal.path.CompiledPath - Evaluating path: $
09:31:17.803 [Test worker] DEBUG com.jayway.jsonpath.internal.JsonContext - Put path $ key text value n
09:31:17.803 [Test worker] DEBUG com.jayway.jsonpath.internal.path.CompiledPath - Evaluating path: $['windowsVirtualKeyCode']
09:31:17.803 [Test worker] DEBUG com.jayway.jsonpath.internal.path.CompiledPath - Evaluating path: $
09:31:17.803 [Test worker] DEBUG com.jayway.jsonpath.internal.path.CompiledPath - Evaluating path: $
09:31:17.803 [Test worker] DEBUG com.jayway.jsonpath.internal.JsonContext - Put path $ key windowsVirtualKeyCode value {}
09:31:17.803 [Test worker] DEBUG com.jayway.jsonpath.internal.path.CompiledPath - Evaluating path: $
09:31:17.803 [Test worker] DEBUG com.jayway.jsonpath.internal.JsonContext - Put path $ key windowsVirtualKeyCode value 110
09:31:17.803 [Test worker] DEBUG com.jayway.jsonpath.internal.path.CompiledPath - Evaluating path: $
09:31:17.803 [Test worker] DEBUG com.intuit.karate.driver.chrome_1689566473559 - >> {"id":34,"sessionId":"3DF2AE793B12D0A3F73A140021ED6E81","method":"Input.dispatchKeyEvent","params":{"modifiers":0,"type":"char","text":"n","windowsVirtualKeyCode":110}}
09:31:17.803 [nioEventLoopGroup-3-1] DEBUG com.intuit.karate.driver.chrome_1689566473559 - << {"method":"Page.frameDetached","params":{"frameId":"BEAF72B3902C4A93A80A986C8C14C407","reason":"swap"},"sessionId":"3DF2AE793B12D0A3F73A140021ED6E81"}
09:31:17.803 [nioEventLoopGroup-3-1] DEBUG com.jayway.jsonpath.internal.path.CompiledPath - Evaluating path: $
09:31:17.804 [nioEventLoopGroup-3-1] DEBUG com.intuit.karate.driver.chrome_1689566473559 - << {"method":"Runtime.executionContextDestroyed","params":{"executionContextId":4,"executionContextUniqueId":"-5022692190400769354.-6936949868106899705"},"sessionId":"3DF2AE793B12D0A3F73A140021ED6E81"}
09:31:17.804 [nioEventLoopGroup-3-1] DEBUG com.jayway.jsonpath.internal.path.CompiledPath - Evaluating path: $
09:31:17.810 [nioEventLoopGroup-3-1] DEBUG com.intuit.karate.driver.chrome_1689566473559 - << {"id":34,"result":{},"sessionId":"3DF2AE793B12D0A3F73A140021ED6E81"}
09:31:17.810 [nioEventLoopGroup-3-1] DEBUG com.jayway.jsonpath.internal.path.CompiledPath - Evaluating path: $
09:31:17.810 [Test worker] DEBUG com.jayway.jsonpath.internal.path.CompiledPath - Evaluating path: $['modifiers']
09:31:17.811 [Test worker] DEBUG com.jayway.jsonpath.internal.path.CompiledPath - Evaluating path: $
09:31:17.811 [Test worker] DEBUG com.jayway.jsonpath.internal.path.CompiledPath - Evaluating path: $
09:31:17.811 [Test worker] DEBUG com.jayway.jsonpath.internal.JsonContext - Put path $ key modifiers value {}
09:31:17.811 [Test worker] DEBUG com.jayway.jsonpath.internal.path.CompiledPath - Evaluating path: $
09:31:17.811 [Test worker] DEBUG com.jayway.jsonpath.internal.JsonContext - Put path $ key modifiers value 0
09:31:17.811 [Test worker] DEBUG com.jayway.jsonpath.internal.path.CompiledPath - Evaluating path: $['type']
09:31:17.811 [Test worker] DEBUG com.jayway.jsonpath.internal.path.CompiledPath - Evaluating path: $
09:31:17.811 [Test worker] DEBUG com.jayway.jsonpath.internal.path.CompiledPath - Evaluating path: $
09:31:17.811 [Test worker] DEBUG com.jayway.jsonpath.internal.JsonContext - Put path $ key type value {}
09:31:17.811 [Test worker] DEBUG com.jayway.jsonpath.internal.path.CompiledPath - Evaluating path: $
09:31:17.811 [Test worker] DEBUG com.jayway.jsonpath.internal.JsonContext - Put path $ key type value keyUp
09:31:17.811 [Test worker] DEBUG com.jayway.jsonpath.internal.path.CompiledPath - Evaluating path: $['text']
09:31:17.811 [Test worker] DEBUG com.jayway.jsonpath.internal.path.CompiledPath - Evaluating path: $
09:31:17.811 [Test worker] DEBUG com.jayway.jsonpath.internal.path.CompiledPath - Evaluating path: $
09:31:17.811 [Test worker] DEBUG com.jayway.jsonpath.internal.JsonContext - Put path $ key text value {}
09:31:17.811 [Test worker] DEBUG com.jayway.jsonpath.internal.path.CompiledPath - Evaluating path: $
09:31:17.811 [Test worker] DEBUG com.jayway.jsonpath.internal.JsonContext - Put path $ key text value n
09:31:17.811 [Test worker] DEBUG com.jayway.jsonpath.internal.path.CompiledPath - Evaluating path: $['windowsVirtualKeyCode']
09:31:17.811 [Test worker] DEBUG com.jayway.jsonpath.internal.path.CompiledPath - Evaluating path: $
09:31:17.811 [Test worker] DEBUG com.jayway.jsonpath.internal.path.CompiledPath - Evaluating path: $
09:31:17.811 [Test worker] DEBUG com.jayway.jsonpath.internal.JsonContext - Put path $ key windowsVirtualKeyCode value {}
09:31:17.811 [Test worker] DEBUG com.jayway.jsonpath.internal.path.CompiledPath - Evaluating path: $
09:31:17.811 [Test worker] DEBUG com.jayway.jsonpath.internal.JsonContext - Put path $ key windowsVirtualKeyCode value 110
09:31:17.811 [Test worker] DEBUG com.jayway.jsonpath.internal.path.CompiledPath - Evaluating path: $
09:31:17.811 [Test worker] DEBUG com.intuit.karate.driver.chrome_1689566473559 - >> {"id":35,"sessionId":"3DF2AE793B12D0A3F73A140021ED6E81","method":"Input.dispatchKeyEvent","params":{"modifiers":0,"type":"keyUp","text":"n","windowsVirtualKeyCode":110}}
09:31:17.821 [nioEventLoopGroup-3-1] DEBUG com.intuit.karate.driver.chrome_1689566473559 - << {"id":35,"result":{},"sessionId":"3DF2AE793B12D0A3F73A140021ED6E81"}
09:31:17.821 [nioEventLoopGroup-3-1] DEBUG com.jayway.jsonpath.internal.path.CompiledPath - Evaluating path: $
09:31:17.822 [Test worker] DEBUG com.jayway.jsonpath.internal.path.CompiledPath - Evaluating path: $['modifiers']
09:31:17.822 [Test worker] DEBUG com.jayway.jsonpath.internal.path.CompiledPath - Evaluating path: $
09:31:17.822 [Test worker] DEBUG com.jayway.jsonpath.internal.path.CompiledPath - Evaluating path: $
09:31:17.822 [Test worker] DEBUG com.jayway.jsonpath.internal.JsonContext - Put path $ key modifiers value {}
09:31:17.822 [Test worker] DEBUG com.jayway.jsonpath.internal.path.CompiledPath - Evaluating path: $
09:31:17.822 [Test worker] DEBUG com.jayway.jsonpath.internal.JsonContext - Put path $ key modifiers value 0
09:31:17.822 [Test worker] DEBUG com.jayway.jsonpath.internal.path.CompiledPath - Evaluating path: $['type']
09:31:17.822 [Test worker] DEBUG com.jayway.jsonpath.internal.path.CompiledPath - Evaluating path: $
09:31:17.822 [Test worker] DEBUG com.jayway.jsonpath.internal.path.CompiledPath - Evaluating path: $
09:31:17.822 [Test worker] DEBUG com.jayway.jsonpath.internal.JsonContext - Put path $ key type value {}
09:31:17.822 [Test worker] DEBUG com.jayway.jsonpath.internal.path.CompiledPath - Evaluating path: $
09:31:17.822 [Test worker] DEBUG com.jayway.jsonpath.internal.JsonContext - Put path $ key type value rawKeyDown
09:31:17.822 [Test worker] DEBUG com.jayway.jsonpath.internal.path.CompiledPath - Evaluating path: $['text']
09:31:17.822 [Test worker] DEBUG com.jayway.jsonpath.internal.path.CompiledPath - Evaluating path: $
09:31:17.822 [Test worker] DEBUG com.jayway.jsonpath.internal.path.CompiledPath - Evaluating path: $
09:31:17.822 [Test worker] DEBUG com.jayway.jsonpath.internal.JsonContext - Put path $ key text value {}
09:31:17.822 [Test worker] DEBUG com.jayway.jsonpath.internal.path.CompiledPath - Evaluating path: $
09:31:17.822 [Test worker] DEBUG com.jayway.jsonpath.internal.JsonContext - Put path $ key text value e
09:31:17.822 [Test worker] DEBUG com.jayway.jsonpath.internal.path.CompiledPath - Evaluating path: $['windowsVirtualKeyCode']
09:31:17.822 [Test worker] DEBUG com.jayway.jsonpath.internal.path.CompiledPath - Evaluating path: $
09:31:17.822 [Test worker] DEBUG com.jayway.jsonpath.internal.path.CompiledPath - Evaluating path: $
09:31:17.822 [Test worker] DEBUG com.jayway.jsonpath.internal.JsonContext - Put path $ key windowsVirtualKeyCode value {}
09:31:17.822 [Test worker] DEBUG com.jayway.jsonpath.internal.path.CompiledPath - Evaluating path: $
09:31:17.822 [Test worker] DEBUG com.jayway.jsonpath.internal.JsonContext - Put path $ key windowsVirtualKeyCode value 101
09:31:17.822 [Test worker] DEBUG com.jayway.jsonpath.internal.path.CompiledPath - Evaluating path: $
09:31:17.822 [Test worker] DEBUG com.intuit.karate.driver.chrome_1689566473559 - >> {"id":36,"sessionId":"3DF2AE793B12D0A3F73A140021ED6E81","method":"Input.dispatchKeyEvent","params":{"modifiers":0,"type":"rawKeyDown","text":"e","windowsVirtualKeyCode":101}}
09:31:17.830 [nioEventLoopGroup-3-1] DEBUG com.intuit.karate.driver.chrome_1689566473559 - << {"id":36,"result":{},"sessionId":"3DF2AE793B12D0A3F73A140021ED6E81"}
09:31:17.830 [nioEventLoopGroup-3-1] DEBUG com.jayway.jsonpath.internal.path.CompiledPath - Evaluating path: $
09:31:17.830 [Test worker] DEBUG com.jayway.jsonpath.internal.path.CompiledPath - Evaluating path: $['modifiers']
09:31:17.830 [Test worker] DEBUG com.jayway.jsonpath.internal.path.CompiledPath - Evaluating path: $
09:31:17.830 [Test worker] DEBUG com.jayway.jsonpath.internal.path.CompiledPath - Evaluating path: $
09:31:17.830 [Test worker] DEBUG com.jayway.jsonpath.internal.JsonContext - Put path $ key modifiers value {}
09:31:17.830 [Test worker] DEBUG com.jayway.jsonpath.internal.path.CompiledPath - Evaluating path: $
09:31:17.830 [Test worker] DEBUG com.jayway.jsonpath.internal.JsonContext - Put path $ key modifiers value 0
09:31:17.830 [Test worker] DEBUG com.jayway.jsonpath.internal.path.CompiledPath - Evaluating path: $['type']
09:31:17.830 [Test worker] DEBUG com.jayway.jsonpath.internal.path.CompiledPath - Evaluating path: $
09:31:17.830 [Test worker] DEBUG com.jayway.jsonpath.internal.path.CompiledPath - Evaluating path: $
09:31:17.830 [Test worker] DEBUG com.jayway.jsonpath.internal.JsonContext - Put path $ key type value {}
09:31:17.830 [Test worker] DEBUG com.jayway.jsonpath.internal.path.CompiledPath - Evaluating path: $
09:31:17.830 [Test worker] DEBUG com.jayway.jsonpath.internal.JsonContext - Put path $ key type value char
09:31:17.830 [Test worker] DEBUG com.jayway.jsonpath.internal.path.CompiledPath - Evaluating path: $['text']
09:31:17.830 [Test worker] DEBUG com.jayway.jsonpath.internal.path.CompiledPath - Evaluating path: $
09:31:17.830 [Test worker] DEBUG com.jayway.jsonpath.internal.path.CompiledPath - Evaluating path: $
09:31:17.831 [Test worker] DEBUG com.jayway.jsonpath.internal.JsonContext - Put path $ key text value {}
09:31:17.831 [Test worker] DEBUG com.jayway.jsonpath.internal.path.CompiledPath - Evaluating path: $
09:31:17.831 [Test worker] DEBUG com.jayway.jsonpath.internal.JsonContext - Put path $ key text value e
09:31:17.831 [Test worker] DEBUG com.jayway.jsonpath.internal.path.CompiledPath - Evaluating path: $['windowsVirtualKeyCode']
09:31:17.831 [Test worker] DEBUG com.jayway.jsonpath.internal.path.CompiledPath - Evaluating path: $
09:31:17.831 [Test worker] DEBUG com.jayway.jsonpath.internal.path.CompiledPath - Evaluating path: $
09:31:17.831 [Test worker] DEBUG com.jayway.jsonpath.internal.JsonContext - Put path $ key windowsVirtualKeyCode value {}
09:31:17.831 [Test worker] DEBUG com.jayway.jsonpath.internal.path.CompiledPath - Evaluating path: $
09:31:17.831 [Test worker] DEBUG com.jayway.jsonpath.internal.JsonContext - Put path $ key windowsVirtualKeyCode value 101
09:31:17.831 [Test worker] DEBUG com.jayway.jsonpath.internal.path.CompiledPath - Evaluating path: $
09:31:17.831 [Test worker] DEBUG com.intuit.karate.driver.chrome_1689566473559 - >> {"id":37,"sessionId":"3DF2AE793B12D0A3F73A140021ED6E81","method":"Input.dispatchKeyEvent","params":{"modifiers":0,"type":"char","text":"e","windowsVirtualKeyCode":101}}
09:31:17.836 [nioEventLoopGroup-3-1] DEBUG com.intuit.karate.driver.chrome_1689566473559 - << {"id":37,"result":{},"sessionId":"3DF2AE793B12D0A3F73A140021ED6E81"}
09:31:17.836 [nioEventLoopGroup-3-1] DEBUG com.jayway.jsonpath.internal.path.CompiledPath - Evaluating path: $
09:31:17.836 [Test worker] DEBUG com.jayway.jsonpath.internal.path.CompiledPath - Evaluating path: $['modifiers']
09:31:17.836 [Test worker] DEBUG com.jayway.jsonpath.internal.path.CompiledPath - Evaluating path: $
09:31:17.836 [Test worker] DEBUG com.jayway.jsonpath.internal.path.CompiledPath - Evaluating path: $
09:31:17.836 [Test worker] DEBUG com.jayway.jsonpath.internal.JsonContext - Put path $ key modifiers value {}
09:31:17.836 [Test worker] DEBUG com.jayway.jsonpath.internal.path.CompiledPath - Evaluating path: $
09:31:17.836 [Test worker] DEBUG com.jayway.jsonpath.internal.JsonContext - Put path $ key modifiers value 0
09:31:17.836 [Test worker] DEBUG com.jayway.jsonpath.internal.path.CompiledPath - Evaluating path: $['type']
09:31:17.836 [Test worker] DEBUG com.jayway.jsonpath.internal.path.CompiledPath - Evaluating path: $
09:31:17.836 [Test worker] DEBUG com.jayway.jsonpath.internal.path.CompiledPath - Evaluating path: $
09:31:17.836 [Test worker] DEBUG com.jayway.jsonpath.internal.JsonContext - Put path $ key type value {}
09:31:17.836 [Test worker] DEBUG com.jayway.jsonpath.internal.path.CompiledPath - Evaluating path: $
09:31:17.836 [Test worker] DEBUG com.jayway.jsonpath.internal.JsonContext - Put path $ key type value keyUp
09:31:17.836 [Test worker] DEBUG com.jayway.jsonpath.internal.path.CompiledPath - Evaluating path: $['text']
09:31:17.836 [Test worker] DEBUG com.jayway.jsonpath.internal.path.CompiledPath - Evaluating path: $
09:31:17.836 [Test worker] DEBUG com.jayway.jsonpath.internal.path.CompiledPath - Evaluating path: $
09:31:17.836 [Test worker] DEBUG com.jayway.jsonpath.internal.JsonContext - Put path $ key text value {}
09:31:17.836 [Test worker] DEBUG com.jayway.jsonpath.internal.path.CompiledPath - Evaluating path: $
09:31:17.836 [Test worker] DEBUG com.jayway.jsonpath.internal.JsonContext - Put path $ key text value e
09:31:17.836 [Test worker] DEBUG com.jayway.jsonpath.internal.path.CompiledPath - Evaluating path: $['windowsVirtualKeyCode']
09:31:17.836 [Test worker] DEBUG com.jayway.jsonpath.internal.path.CompiledPath - Evaluating path: $
09:31:17.836 [Test worker] DEBUG com.jayway.jsonpath.internal.path.CompiledPath - Evaluating path: $
09:31:17.836 [Test worker] DEBUG com.jayway.jsonpath.internal.JsonContext - Put path $ key windowsVirtualKeyCode value {}
09:31:17.836 [Test worker] DEBUG com.jayway.jsonpath.internal.path.CompiledPath - Evaluating path: $
09:31:17.836 [Test worker] DEBUG com.jayway.jsonpath.internal.JsonContext - Put path $ key windowsVirtualKeyCode value 101
09:31:17.836 [Test worker] DEBUG com.jayway.jsonpath.internal.path.CompiledPath - Evaluating path: $
09:31:17.836 [Test worker] DEBUG com.intuit.karate.driver.chrome_1689566473559 - >> {"id":38,"sessionId":"3DF2AE793B12D0A3F73A140021ED6E81","method":"Input.dispatchKeyEvent","params":{"modifiers":0,"type":"keyUp","text":"e","windowsVirtualKeyCode":101}}
09:31:17.838 [nioEventLoopGroup-3-1] DEBUG com.intuit.karate.driver.chrome_1689566473559 - << {"id":38,"result":{},"sessionId":"3DF2AE793B12D0A3F73A140021ED6E81"}
09:31:17.838 [nioEventLoopGroup-3-1] DEBUG com.jayway.jsonpath.internal.path.CompiledPath - Evaluating path: $
09:31:17.914 [nioEventLoopGroup-3-1] DEBUG com.intuit.karate.driver.chrome_1689566473559 - << {"method":"Target.targetCreated","params":{"targetInfo":{"targetId":"8D7A7DE3CBE15419418960952C14D64A","type":"service_worker","title":"Service Worker chrome-extension://ghbmnnjooekpmoecnnnilnnbdlolhkhi/service_worker_bin_prod.js","url":"chrome-extension://ghbmnnjooekpmoecnnnilnnbdlolhkhi/service_worker_bin_prod.js","attached":false,"canAccessOpener":false,"browserContextId":"F7D35C0D880DE00F9CE246EF1B3C4159"}},"sessionId":"3DF2AE793B12D0A3F73A140021ED6E81"}
09:31:17.914 [nioEventLoopGroup-3-1] DEBUG com.jayway.jsonpath.internal.path.CompiledPath - Evaluating path: $
09:31:18.333 [nioEventLoopGroup-3-1] DEBUG com.intuit.karate.driver.chrome_1689566473559 - << {"method":"Runtime.consoleAPICalled","params":{"type":"error","args":[{"type":"string","value":"Error logged with the Track&Report JS errors API(http://tiny/1covqr6l8/wamazindeClieUserJava): {\"m\":\"Late loading module @m/mash\",\"csm\":\"v5 ueLogError callee\",\"logLevel\":\"WARN\",\"attribution\":\"MIX\",\"pageURL\":\"https://www.amazon.in/\",\"s\":[\"function(a,b,c,x){b={message:b,logLevel:c||\\\"ERROR\\\",attribution:l(\\\":\\\",this.attribution,x)};if(d.ueLogError)return d.ueLogError(a||b,a?b:null),!0;console&&console.error&&\\n(console.log(b),console.error(a));return!1}\",\"function(a,b,c){return this.logError(null,a,b,c)}\",\"function(){var c=\\\"Late loading module \\\"+a;f.P.log(c,\\n\\\"WARN\\\",\\\"MIX\\\");b(c)}\"],\"t\":3754}"},{"type":"object","className":"Object","description":"Object","objectId":"-8443587442877346004.1.3","preview":{"type":"object","description":"Object","overflow":true,"properties":[{"name":"m","type":"string","value":"Late loading module @m/mash"},{"name":"name","type":"und ...
09:31:18.333 [nioEventLoopGroup-3-1] DEBUG com.jayway.jsonpath.internal.path.CompiledPath - Evaluating path: $
09:31:18.333 [nioEventLoopGroup-3-1] DEBUG com.jayway.jsonpath.internal.path.CompiledPath - Evaluating path: $['args'][*]['value']
09:31:18.333 [nioEventLoopGroup-3-1] DEBUG com.intuit.karate.driver.chrome_1689566473559 - [console] Error logged with the Track&Report JS errors API(http://tiny/1covqr6l8/wamazindeClieUserJava): {"m":"Late loading module @m/mash","csm":"v5 ueLogError callee","logLevel":"WARN","attribution":"MIX","pageURL":"https://www.amazon.in/","s":["function(a,b,c,x){b={message:b,logLevel:c||\"ERROR\",attribution:l(\":\",this.attribution,x)};if(d.ueLogError)return d.ueLogError(a||b,a?b:null),!0;console&&console.error&&\n(console.log(b),console.error(a));return!1}","function(a,b,c){return this.logError(null,a,b,c)}","function(){var c=\"Late loading module \"+a;f.P.log(c,\n\"WARN\",\"MIX\");b(c)}"],"t":3754}
09:31:19.861 [Test worker] DEBUG com.jayway.jsonpath.internal.path.CompiledPath - Evaluating path: $['expression']
09:31:19.861 [Test worker] DEBUG com.jayway.jsonpath.internal.path.CompiledPath - Evaluating path: $
09:31:19.861 [Test worker] DEBUG com.jayway.jsonpath.internal.path.CompiledPath - Evaluating path: $
09:31:19.861 [Test worker] DEBUG com.jayway.jsonpath.internal.JsonContext - Put path $ key expression value {}
09:31:19.861 [Test worker] DEBUG com.jayway.jsonpath.internal.path.CompiledPath - Evaluating path: $
09:31:19.861 [Test worker] DEBUG com.jayway.jsonpath.internal.JsonContext - Put path $ key expression value document.querySelector("#nav-search-submit-button").click()
09:31:19.861 [Test worker] DEBUG com.jayway.jsonpath.internal.path.CompiledPath - Evaluating path: $['returnByValue']
09:31:19.861 [Test worker] DEBUG com.jayway.jsonpath.internal.path.CompiledPath - Evaluating path: $
09:31:19.861 [Test worker] DEBUG com.jayway.jsonpath.internal.path.CompiledPath - Evaluating path: $
09:31:19.861 [Test worker] DEBUG com.jayway.jsonpath.internal.JsonContext - Put path $ key returnByValue value {}
09:31:19.861 [Test worker] DEBUG com.jayway.jsonpath.internal.path.CompiledPath - Evaluating path: $
09:31:19.861 [Test worker] DEBUG com.jayway.jsonpath.internal.JsonContext - Put path $ key returnByValue value true
09:31:19.861 [Test worker] DEBUG com.jayway.jsonpath.internal.path.CompiledPath - Evaluating path: $
09:31:19.861 [Test worker] DEBUG com.intuit.karate.driver.chrome_1689566473559 - >> {"id":39,"sessionId":"3DF2AE793B12D0A3F73A140021ED6E81","method":"Runtime.evaluate","params":{"expression":"document.querySelector(\"#nav-search-submit-button\").click()","returnByValue":true}}
09:31:19.867 [nioEventLoopGroup-3-1] DEBUG com.intuit.karate.driver.chrome_1689566473559 - << {"id":39,"result":{"result":{"type":"undefined"}},"sessionId":"3DF2AE793B12D0A3F73A140021ED6E81"}
09:31:19.867 [nioEventLoopGroup-3-1] DEBUG com.jayway.jsonpath.internal.path.CompiledPath - Evaluating path: $
09:31:19.870 [Test worker] DEBUG com.jayway.jsonpath.internal.path.CompiledPath - Evaluating path: $['expression']
09:31:19.870 [Test worker] DEBUG com.jayway.jsonpath.internal.path.CompiledPath - Evaluating path: $
09:31:19.870 [Test worker] DEBUG com.jayway.jsonpath.internal.path.CompiledPath - Evaluating path: $
09:31:19.870 [Test worker] DEBUG com.jayway.jsonpath.internal.JsonContext - Put path $ key expression value {}
09:31:19.870 [Test worker] DEBUG com.jayway.jsonpath.internal.path.CompiledPath - Evaluating path: $
09:31:19.870 [Test worker] DEBUG com.jayway.jsonpath.internal.JsonContext - Put path $ key expression value document.readyState == "complete"
09:31:19.870 [Test worker] DEBUG com.jayway.jsonpath.internal.path.CompiledPath - Evaluating path: $['returnByValue']
09:31:19.870 [Test worker] DEBUG com.jayway.jsonpath.internal.path.CompiledPath - Evaluating path: $
09:31:19.870 [Test worker] DEBUG com.jayway.jsonpath.internal.path.CompiledPath - Evaluating path: $
09:31:19.870 [Test worker] DEBUG com.jayway.jsonpath.internal.JsonContext - Put path $ key returnByValue value {}
09:31:19.870 [Test worker] DEBUG com.jayway.jsonpath.internal.path.CompiledPath - Evaluating path: $
09:31:19.870 [Test worker] DEBUG com.jayway.jsonpath.internal.JsonContext - Put path $ key returnByValue value true
09:31:19.870 [Test worker] DEBUG com.jayway.jsonpath.internal.path.CompiledPath - Evaluating path: $
09:31:19.870 [Test worker] DEBUG com.intuit.karate.driver.chrome_1689566473559 - >> {"id":40,"sessionId":"3DF2AE793B12D0A3F73A140021ED6E81","method":"Runtime.evaluate","params":{"expression":"document.readyState == \"complete\"","returnByValue":true}}
09:31:19.871 [nioEventLoopGroup-3-1] DEBUG com.intuit.karate.driver.chrome_1689566473559 - << {"method":"Page.frameScheduledNavigation","params":{"frameId":"0444528AAEE9A137F94436C07ED200DD","delay":0,"reason":"formSubmissionGet","url":"https://www.amazon.in/s/ref=nb_sb_noss_2?url=search-alias%3Daps&field-keywords=headphone&crid=3D1AC0WCWB0Q8&sprefix=headphone%2Caps%2C468"},"sessionId":"3DF2AE793B12D0A3F73A140021ED6E81"}
09:31:19.871 [nioEventLoopGroup-3-1] DEBUG com.jayway.jsonpath.internal.path.CompiledPath - Evaluating path: $
09:31:19.872 [nioEventLoopGroup-3-1] DEBUG com.intuit.karate.driver.chrome_1689566473559 - << {"method":"Page.frameRequestedNavigation","params":{"frameId":"0444528AAEE9A137F94436C07ED200DD","reason":"formSubmissionGet","url":"https://www.amazon.in/s/ref=nb_sb_noss_2?url=search-alias%3Daps&field-keywords=headphone&crid=3D1AC0WCWB0Q8&sprefix=headphone%2Caps%2C468","disposition":"currentTab"},"sessionId":"3DF2AE793B12D0A3F73A140021ED6E81"}
09:31:19.872 [nioEventLoopGroup-3-1] DEBUG com.jayway.jsonpath.internal.path.CompiledPath - Evaluating path: $
09:31:19.906 [nioEventLoopGroup-3-1] DEBUG com.intuit.karate.driver.chrome_1689566473559 - << {"method":"Page.frameStartedLoading","params":{"frameId":"0444528AAEE9A137F94436C07ED200DD"},"sessionId":"3DF2AE793B12D0A3F73A140021ED6E81"}
09:31:19.906 [nioEventLoopGroup-3-1] DEBUG com.jayway.jsonpath.internal.path.CompiledPath - Evaluating path: $
09:31:19.906 [nioEventLoopGroup-3-1] DEBUG com.jayway.jsonpath.internal.path.CompiledPath - Evaluating path: $['frameId']
09:31:19.909 [nioEventLoopGroup-3-1] DEBUG com.intuit.karate.driver.chrome_1689566473559 - << {"method":"Page.frameClearedScheduledNavigation","params":{"frameId":"0444528AAEE9A137F94436C07ED200DD"},"sessionId":"3DF2AE793B12D0A3F73A140021ED6E81"}
09:31:19.909 [nioEventLoopGroup-3-1] DEBUG com.jayway.jsonpath.internal.path.CompiledPath - Evaluating path: $
09:31:19.909 [nioEventLoopGroup-3-1] DEBUG com.intuit.karate.driver.chrome_1689566473559 - << {"id":40,"result":{"result":{"type":"boolean","value":true}},"sessionId":"3DF2AE793B12D0A3F73A140021ED6E81"}
09:31:19.909 [nioEventLoopGroup-3-1] DEBUG com.jayway.jsonpath.internal.path.CompiledPath - Evaluating path: $
09:31:19.912 [Test worker] DEBUG com.jayway.jsonpath.internal.path.CompiledPath - Evaluating path: $['expression']
09:31:19.912 [Test worker] DEBUG com.jayway.jsonpath.internal.path.CompiledPath - Evaluating path: $
09:31:19.912 [Test worker] DEBUG com.jayway.jsonpath.internal.path.CompiledPath - Evaluating path: $
09:31:19.912 [Test worker] DEBUG com.jayway.jsonpath.internal.JsonContext - Put path $ key expression value {}
09:31:19.912 [Test worker] DEBUG com.jayway.jsonpath.internal.path.CompiledPath - Evaluating path: $
09:31:19.912 [Test worker] DEBUG com.jayway.jsonpath.internal.JsonContext - Put path $ key expression value scroll(0, 400);
09:31:19.912 [Test worker] DEBUG com.jayway.jsonpath.internal.path.CompiledPath - Evaluating path: $['returnByValue']
09:31:19.912 [Test worker] DEBUG com.jayway.jsonpath.internal.path.CompiledPath - Evaluating path: $
09:31:19.912 [Test worker] DEBUG com.jayway.jsonpath.internal.path.CompiledPath - Evaluating path: $
09:31:19.912 [Test worker] DEBUG com.jayway.jsonpath.internal.JsonContext - Put path $ key returnByValue value {}
09:31:19.912 [Test worker] DEBUG com.jayway.jsonpath.internal.path.CompiledPath - Evaluating path: $
09:31:19.912 [Test worker] DEBUG com.jayway.jsonpath.internal.JsonContext - Put path $ key returnByValue value true
09:31:19.912 [Test worker] DEBUG com.jayway.jsonpath.internal.path.CompiledPath - Evaluating path: $
09:31:19.912 [Test worker] DEBUG com.intuit.karate.driver.chrome_1689566473559 - >> {"id":41,"sessionId":"3DF2AE793B12D0A3F73A140021ED6E81","method":"Runtime.evaluate","params":{"expression":"scroll(0, 400);","returnByValue":true}}
09:31:20.108 [nioEventLoopGroup-3-1] DEBUG com.intuit.karate.driver.chrome_1689566473559 - << {"method":"Page.frameDetached","params":{"frameId":"95A4166DDBD42C00F8FEC22E9C9B3D0E","reason":"remove"},"sessionId":"3DF2AE793B12D0A3F73A140021ED6E81"}
09:31:20.109 [nioEventLoopGroup-3-1] DEBUG com.jayway.jsonpath.internal.path.CompiledPath - Evaluating path: $
09:31:20.109 [nioEventLoopGroup-3-1] DEBUG com.intuit.karate.driver.chrome_1689566473559 - << {"method":"Target.targetDestroyed","params":{"targetId":"95A4166DDBD42C00F8FEC22E9C9B3D0E"},"sessionId":"3DF2AE793B12D0A3F73A140021ED6E81"}
09:31:20.109 [nioEventLoopGroup-3-1] DEBUG com.jayway.jsonpath.internal.path.CompiledPath - Evaluating path: $
09:31:20.109 [nioEventLoopGroup-3-1] DEBUG com.intuit.karate.driver.chrome_1689566473559 - << {"method":"Page.frameDetached","params":{"frameId":"0F6EBDC4C778C0654651FC23814C334F","reason":"remove"},"sessionId":"3DF2AE793B12D0A3F73A140021ED6E81"}
09:31:20.109 [nioEventLoopGroup-3-1] DEBUG com.jayway.jsonpath.internal.path.CompiledPath - Evaluating path: $
09:31:20.110 [nioEventLoopGroup-3-1] DEBUG com.intuit.karate.driver.chrome_1689566473559 - << {"method":"Target.targetDestroyed","params":{"targetId":"0F6EBDC4C778C0654651FC23814C334F"},"sessionId":"3DF2AE793B12D0A3F73A140021ED6E81"}
09:31:20.110 [nioEventLoopGroup-3-1] DEBUG com.jayway.jsonpath.internal.path.CompiledPath - Evaluating path: $
09:31:20.111 [nioEventLoopGroup-3-1] DEBUG com.intuit.karate.driver.chrome_1689566473559 - << {"method":"Page.frameDetached","params":{"frameId":"BEAF72B3902C4A93A80A986C8C14C407","reason":"remove"},"sessionId":"3DF2AE793B12D0A3F73A140021ED6E81"}
09:31:20.111 [nioEventLoopGroup-3-1] DEBUG com.jayway.jsonpath.internal.path.CompiledPath - Evaluating path: $
09:31:20.111 [nioEventLoopGroup-3-1] DEBUG com.intuit.karate.driver.chrome_1689566473559 - << {"method":"Target.targetDestroyed","params":{"targetId":"BEAF72B3902C4A93A80A986C8C14C407"},"sessionId":"3DF2AE793B12D0A3F73A140021ED6E81"}
09:31:20.111 [nioEventLoopGroup-3-1] DEBUG com.jayway.jsonpath.internal.path.CompiledPath - Evaluating path: $
09:31:20.122 [nioEventLoopGroup-3-1] DEBUG com.intuit.karate.driver.chrome_1689566473559 - << {"method":"Target.targetInfoChanged","params":{"targetInfo":{"targetId":"0444528AAEE9A137F94436C07ED200DD","type":"page","title":"amazon.in/s/ref=nb_sb_noss_2?url=search-alias%3Daps&field-keywords=headphone&crid=3D1AC0WCWB0Q8&sprefix=headphone%2Caps%2C468","url":"https://www.amazon.in/s/ref=nb_sb_noss_2?url=search-alias%3Daps&field-keywords=headphone&crid=3D1AC0WCWB0Q8&sprefix=headphone%2Caps%2C468","attached":true,"canAccessOpener":false,"browserContextId":"F7D35C0D880DE00F9CE246EF1B3C4159"}},"sessionId":"3DF2AE793B12D0A3F73A140021ED6E81"}
09:31:20.122 [nioEventLoopGroup-3-1] DEBUG com.jayway.jsonpath.internal.path.CompiledPath - Evaluating path: $
09:31:20.122 [nioEventLoopGroup-3-1] DEBUG com.jayway.jsonpath.internal.path.CompiledPath - Evaluating path: $['targetInfo']['targetId']
09:31:20.123 [nioEventLoopGroup-3-1] DEBUG com.intuit.karate.driver.chrome_1689566473559 - << {"method":"Page.frameDetached","params":{"frameId":"ACDE8D048A72EA2A2FDDD75FE19E7F2B","reason":"remove"},"sessionId":"3DF2AE793B12D0A3F73A140021ED6E81"}
09:31:20.123 [nioEventLoopGroup-3-1] DEBUG com.jayway.jsonpath.internal.path.CompiledPath - Evaluating path: $
09:31:20.123 [nioEventLoopGroup-3-1] DEBUG com.intuit.karate.driver.chrome_1689566473559 - << {"method":"Runtime.executionContextDestroyed","params":{"executionContextId":2,"executionContextUniqueId":"-5310777957968472707.-6895627484582560796"},"sessionId":"3DF2AE793B12D0A3F73A140021ED6E81"}
09:31:20.123 [nioEventLoopGroup-3-1] DEBUG com.jayway.jsonpath.internal.path.CompiledPath - Evaluating path: $
09:31:20.123 [nioEventLoopGroup-3-1] DEBUG com.intuit.karate.driver.chrome_1689566473559 - << {"method":"Page.frameDetached","params":{"frameId":"C8ABB0DB2C9567931C7E3A75BA9CF8E7","reason":"remove"},"sessionId":"3DF2AE793B12D0A3F73A140021ED6E81"}
09:31:20.124 [nioEventLoopGroup-3-1] DEBUG com.jayway.jsonpath.internal.path.CompiledPath - Evaluating path: $
09:31:20.124 [nioEventLoopGroup-3-1] DEBUG com.intuit.karate.driver.chrome_1689566473559 - << {"method":"Runtime.executionContextDestroyed","params":{"executionContextId":3,"executionContextUniqueId":"-2746660802195519562.1756313278607924004"},"sessionId":"3DF2AE793B12D0A3F73A140021ED6E81"}
09:31:20.124 [nioEventLoopGroup-3-1] DEBUG com.jayway.jsonpath.internal.path.CompiledPath - Evaluating path: $
09:31:20.124 [nioEventLoopGroup-3-1] DEBUG com.intuit.karate.driver.chrome_1689566473559 - << {"method":"Runtime.executionContextsCleared","params":{},"sessionId":"3DF2AE793B12D0A3F73A140021ED6E81"}
09:31:20.124 [nioEventLoopGroup-3-1] DEBUG com.jayway.jsonpath.internal.path.CompiledPath - Evaluating path: $
09:31:20.124 [nioEventLoopGroup-3-1] DEBUG com.intuit.karate.driver.chrome_1689566473559 - << {"method":"Page.frameNavigated","params":{"frame":{"id":"0444528AAEE9A137F94436C07ED200DD","loaderId":"7BA007F147C40B5726104A8E9F812C9B","url":"https://www.amazon.in/s/ref=nb_sb_noss_2?url=search-alias%3Daps&field-keywords=headphone&crid=3D1AC0WCWB0Q8&sprefix=headphone%2Caps%2C468","domainAndRegistry":"amazon.in","securityOrigin":"https://www.amazon.in","mimeType":"text/html","adFrameStatus":{"adFrameType":"none"},"secureContextType":"Secure","crossOriginIsolatedContextType":"NotIsolated","gatedAPIFeatures":[]},"type":"Navigation"},"sessionId":"3DF2AE793B12D0A3F73A140021ED6E81"}
09:31:20.124 [nioEventLoopGroup-3-1] DEBUG com.jayway.jsonpath.internal.path.CompiledPath - Evaluating path: $
09:31:20.124 [nioEventLoopGroup-3-1] DEBUG com.jayway.jsonpath.internal.path.CompiledPath - Evaluating path: $['frame']['id']
09:31:20.124 [nioEventLoopGroup-3-1] DEBUG com.jayway.jsonpath.internal.path.CompiledPath - Evaluating path: $['frame']['url']
09:31:20.124 [nioEventLoopGroup-3-1] DEBUG com.jayway.jsonpath.internal.path.CompiledPath - Evaluating path: $['frame']['name']
09:31:20.124 [nioEventLoopGroup-3-1] DEBUG com.intuit.karate.driver.chrome_1689566473559 - << {"method":"Runtime.executionContextCreated","params":{"context":{"id":5,"origin":"https://www.amazon.in","name":"","uniqueId":"6287781102563100944.5183407348891199135","auxData":{"isDefault":true,"type":"default","frameId":"0444528AAEE9A137F94436C07ED200DD"}}},"sessionId":"3DF2AE793B12D0A3F73A140021ED6E81"}
09:31:20.124 [nioEventLoopGroup-3-1] DEBUG com.jayway.jsonpath.internal.path.CompiledPath - Evaluating path: $
09:31:20.125 [nioEventLoopGroup-3-1] DEBUG com.jayway.jsonpath.internal.path.CompiledPath - Evaluating path: $['context']['auxData']['frameId']
09:31:20.125 [nioEventLoopGroup-3-1] DEBUG com.jayway.jsonpath.internal.path.CompiledPath - Evaluating path: $['context']['id']
09:31:20.125 [nioEventLoopGroup-3-1] DEBUG com.intuit.karate.driver.chrome_1689566473559 - << {"id":41,"result":{"result":{"type":"undefined"}},"sessionId":"3DF2AE793B12D0A3F73A140021ED6E81"}
09:31:20.125 [nioEventLoopGroup-3-1] DEBUG com.jayway.jsonpath.internal.path.CompiledPath - Evaluating path: $
09:31:20.125 [Test worker] DEBUG com.jayway.jsonpath.internal.path.CompiledPath - Evaluating path: $['targetId']
09:31:20.125 [Test worker] DEBUG com.jayway.jsonpath.internal.path.CompiledPath - Evaluating path: $
09:31:20.125 [Test worker] DEBUG com.jayway.jsonpath.internal.path.CompiledPath - Evaluating path: $
09:31:20.125 [Test worker] DEBUG com.jayway.jsonpath.internal.JsonContext - Put path $ key targetId value {}
09:31:20.125 [Test worker] DEBUG com.jayway.jsonpath.internal.path.CompiledPath - Evaluating path: $
09:31:20.125 [Test worker] DEBUG com.jayway.jsonpath.internal.JsonContext - Put path $ key targetId value 0444528AAEE9A137F94436C07ED200DD
09:31:20.125 [Test worker] DEBUG com.jayway.jsonpath.internal.path.CompiledPath - Evaluating path: $
09:31:20.125 [Test worker] DEBUG com.intuit.karate.driver.chrome_1689566473559 - >> {"id":42,"sessionId":"3DF2AE793B12D0A3F73A140021ED6E81","method":"Target.closeTarget","params":{"targetId":"0444528AAEE9A137F94436C07ED200DD"}}
09:31:20.127 [nioEventLoopGroup-3-1] DEBUG com.intuit.karate.http.WebSocketClientHandler - websocket client disconnected
09:31:20.131 [Test worker] DEBUG com.intuit.karate.shell.Command - closing command: chrome_1689566473559
09:31:20.139 [Test worker] DEBUG org.thymeleaf.TemplateEngine - [THYMELEAF] INITIALIZING TEMPLATE ENGINE
09:31:20.180 [Test worker] DEBUG org.thymeleaf.TemplateEngine.CONFIG - Initializing Thymeleaf Template engine configuration...
[THYMELEAF] TEMPLATE ENGINE CONFIGURATION:
[THYMELEAF] * Thymeleaf version: 3.0.14.RELEASE (built 2021-12-08T00:45:29+0000)
[THYMELEAF] * Cache Manager implementation: org.thymeleaf.cache.StandardCacheManager
[THYMELEAF] * Template resolvers:
[THYMELEAF]     * [1] com.intuit.karate.template.ResourceHtmlTemplateResolver
[THYMELEAF] * Message resolvers:
[THYMELEAF]     * org.thymeleaf.messageresolver.StandardMessageResolver
[THYMELEAF] * Link builders:
[THYMELEAF]     * org.thymeleaf.linkbuilder.StandardLinkBuilder
[THYMELEAF] * Dialect [1 of 2]: Standard (com.intuit.karate.template.KarateStandardDialect)
[THYMELEAF]     * Prefix: "th"
[THYMELEAF]     * Processors for Template Mode: HTML
[THYMELEAF]         * Element Tag Processors by [matching element and attribute name] [precedence]:
[THYMELEAF]             * [* {th:include,data-th-include}] [100]: org.thymeleaf.standard.processor.StandardIncludeTagProcessor
[THYMELEAF]             * [* {th:insert,data-th-insert}] [100]: org.thymeleaf.standard.processor.StandardInsertTagProcessor
[THYMELEAF]             * [* {th:replace,data-th-replace}] [100]: org.thymeleaf.standard.processor.StandardReplaceTagProcessor
[THYMELEAF]             * [* {th:substituteby,data-th-substituteby}] [100]: org.thymeleaf.standard.processor.StandardSubstituteByTagProcessor
[THYMELEAF]             * [* {th:each,data-th-each}] [200]: com.intuit.karate.template.KarateEachTagProcessor
[THYMELEAF]             * [* {th:switch,data-th-switch}] [250]: org.thymeleaf.standard.processor.StandardSwitchTagProcessor
[THYMELEAF]             * [* {th:case,data-th-case}] [275]: org.thymeleaf.standard.processor.StandardCaseTagProcessor
[THYMELEAF]             * [* {th:if,data-th-if}] [300]: org.thymeleaf.standard.processor.StandardIfTagProcessor
[THYMELEAF]             * [* {th:unless,data-th-unless}] [400]: org.thymeleaf.standard.processor.StandardUnlessTagProcessor
[THYMELEAF]             * [* {th:object,data-th-object}] [500]: org.thymeleaf.standard.processor.StandardObjectTagProcessor
[THYMELEAF]             * [* {th:with,data-th-with}] [600]: com.intuit.karate.template.KarateWithTagProcessor
[THYMELEAF]             * [* {th:attr,data-th-attr}] [700]: com.intuit.karate.template.KarateAttributeTagProcessor.KarateAttrTagProcessor
[THYMELEAF]             * [* {th:attrappend,data-th-attrappend}] [900]: com.intuit.karate.template.KarateAttributeTagProcessor.KarateAttrappendTagProcessor
[THYMELEAF]             * [* {th:attrprepend,data-th-attrprepend}] [900]: com.intuit.karate.template.KarateAttributeTagProcessor.KarateAttrprependTagProcessor
[THYMELEAF]             * [* {th:alt-title,data-th-alt-title}] [990]: org.thymeleaf.standard.processor.StandardAltTitleTagProcessor
[THYMELEAF]             * [* {th:lang-xmllang,data-th-lang-xmllang}] [990]: org.thymeleaf.standard.processor.StandardLangXmlLangTagProcessor
[THYMELEAF]             * [* {th:action,data-th-action}] [1000]: org.thymeleaf.standard.processor.StandardActionTagProcessor
[THYMELEAF]             * [* {th:default,data-th-default}] [1000]: org.thymeleaf.standard.processor.StandardConditionalFixedValueTagProcessor
[THYMELEAF]             * [* {th:ismap,data-th-ismap}] [1000]: org.thymeleaf.standard.processor.StandardConditionalFixedValueTagProcessor
[THYMELEAF]             * [* {th:autofocus,data-th-autofocus}] [1000]: org.thymeleaf.standard.processor.StandardConditionalFixedValueTagProcessor
[THYMELEAF]             * [* {th:open,data-th-open}] [1000]: org.thymeleaf.standard.processor.StandardConditionalFixedValueTagProcessor
[THYMELEAF]             * [* {th:novalidate,data-th-novalidate}] [1000]: org.thymeleaf.standard.processor.StandardConditionalFixedValueTagProcessor
[THYMELEAF]             * [* {th:reversed,data-th-reversed}] [1000]: org.thymeleaf.standard.processor.StandardConditionalFixedValueTagProcessor
[THYMELEAF]             * [* {th:disabled,data-th-disabled}] [1000]: org.thymeleaf.standard.processor.StandardConditionalFixedValueTagProcessor
[THYMELEAF]             * [* {th:declare,data-th-declare}] [1000]: org.thymeleaf.standard.processor.StandardConditionalFixedValueTagProcessor
[THYMELEAF]             * [* {th:seamless,data-th-seamless}] [1000]: org.thymeleaf.standard.processor.StandardConditionalFixedValueTagProcessor
[THYMELEAF]             * [* {th:scoped,data-th-scoped}] [1000]: org.thymeleaf.standard.processor.StandardConditionalFixedValueTagProcessor
[THYMELEAF]             * [* {th:required,data-th-required}] [1000]: org.thymeleaf.standard.processor.StandardConditionalFixedValueTagProcessor
[THYMELEAF]             * [* {th:readonly,data-th-readonly}] [1000]: org.thymeleaf.standard.processor.StandardConditionalFixedValueTagProcessor
[THYMELEAF]             * [* {th:selected,data-th-selected}] [1000]: org.thymeleaf.standard.processor.StandardConditionalFixedValueTagProcessor
[THYMELEAF]             * [* {th:defer,data-th-defer}] [1000]: org.thymeleaf.standard.processor.StandardConditionalFixedValueTagProcessor
[THYMELEAF]             * [* {th:formnovalidate,data-th-formnovalidate}] [1000]: org.thymeleaf.standard.processor.StandardConditionalFixedValueTagProcessor
[THYMELEAF]             * [* {th:loop,data-th-loop}] [1000]: org.thymeleaf.standard.processor.StandardConditionalFixedValueTagProcessor
[THYMELEAF]             * [* {th:controls,data-th-controls}] [1000]: org.thymeleaf.standard.processor.StandardConditionalFixedValueTagProcessor
[THYMELEAF]             * [* {th:hidden,data-th-hidden}] [1000]: org.thymeleaf.standard.processor.StandardConditionalFixedValueTagProcessor
[THYMELEAF]             * [* {th:autoplay,data-th-autoplay}] [1000]: org.thymeleaf.standard.processor.StandardConditionalFixedValueTagProcessor
[THYMELEAF]             * [* {th:nowrap,data-th-nowrap}] [1000]: org.thymeleaf.standard.processor.StandardConditionalFixedValueTagProcessor
[THYMELEAF]             * [* {th:pubdate,data-th-pubdate}] [1000]: org.thymeleaf.standard.processor.StandardConditionalFixedValueTagProcessor
[THYMELEAF]             * [* {th:checked,data-th-checked}] [1000]: org.thymeleaf.standard.processor.StandardConditionalFixedValueTagProcessor
[THYMELEAF]             * [* {th:async,data-th-async}] [1000]: org.thymeleaf.standard.processor.StandardConditionalFixedValueTagProcessor
[THYMELEAF]             * [* {th:multiple,data-th-multiple}] [1000]: org.thymeleaf.standard.processor.StandardConditionalFixedValueTagProcessor
[THYMELEAF]             * [* {th:onformchange,data-th-onformchange}] [1000]: org.thymeleaf.standard.processor.StandardDOMEventAttributeTagProcessor
[THYMELEAF]             * [* {th:onmousedown,data-th-onmousedown}] [1000]: org.thymeleaf.standard.processor.StandardDOMEventAttributeTagProcessor
[THYMELEAF]             * [* {th:onmouseover,data-th-onmouseover}] [1000]: org.thymeleaf.standard.processor.StandardDOMEventAttributeTagProcessor
[THYMELEAF]             * [* {th:onloadedmetadata,data-th-onloadedmetadata}] [1000]: org.thymeleaf.standard.processor.StandardDOMEventAttributeTagProcessor
[THYMELEAF]             * [* {th:onblur,data-th-onblur}] [1000]: org.thymeleaf.standard.processor.StandardDOMEventAttributeTagProcessor
[THYMELEAF]             * [* {th:onstalled,data-th-onstalled}] [1000]: org.thymeleaf.standard.processor.StandardDOMEventAttributeTagProcessor
[THYMELEAF]             * [* {th:oninvalid,data-th-oninvalid}] [1000]: org.thymeleaf.standard.processor.StandardDOMEventAttributeTagProcessor
[THYMELEAF]             * [* {th:onscroll,data-th-onscroll}] [1000]: org.thymeleaf.standard.processor.StandardDOMEventAttributeTagProcessor
[THYMELEAF]             * [* {th:onredo,data-th-onredo}] [1000]: org.thymeleaf.standard.processor.StandardDOMEventAttributeTagProcessor
[THYMELEAF]             * [* {th:onkeyup,data-th-onkeyup}] [1000]: org.thymeleaf.standard.processor.StandardDOMEventAttributeTagProcessor
[THYMELEAF]             * [* {th:ondblclick,data-th-ondblclick}] [1000]: org.thymeleaf.standard.processor.StandardDOMEventAttributeTagProcessor
[THYMELEAF]             * [* {th:onhashchange,data-th-onhashchange}] [1000]: org.thymeleaf.standard.processor.StandardDOMEventAttributeTagProcessor
[THYMELEAF]             * [* {th:onsuspend,data-th-onsuspend}] [1000]: org.thymeleaf.standard.processor.StandardDOMEventAttributeTagProcessor
[THYMELEAF]             * [* {th:onpause,data-th-onpause}] [1000]: org.thymeleaf.standard.processor.StandardDOMEventAttributeTagProcessor
[THYMELEAF]             * [* {th:ondragend,data-th-ondragend}] [1000]: org.thymeleaf.standard.processor.StandardDOMEventAttributeTagProcessor
[THYMELEAF]             * [* {th:onmouseout,data-th-onmouseout}] [1000]: org.thymeleaf.standard.processor.StandardDOMEventAttributeTagProcessor
[THYMELEAF]             * [* {th:onseeked,data-th-onseeked}] [1000]: org.thymeleaf.standard.processor.StandardDOMEventAttributeTagProcessor
[THYMELEAF]             * [* {th:onload,data-th-onload}] [1000]: org.thymeleaf.standard.processor.StandardDOMEventAttributeTagProcessor
[THYMELEAF]             * [* {th:onseeking,data-th-onseeking}] [1000]: org.thymeleaf.standard.processor.StandardDOMEventAttributeTagProcessor
[THYMELEAF]             * [* {th:onkeypress,data-th-onkeypress}] [1000]: org.thymeleaf.standard.processor.StandardDOMEventAttributeTagProcessor
[THYMELEAF]             * [* {th:onresize,data-th-onresize}] [1000]: org.thymeleaf.standard.processor.StandardDOMEventAttributeTagProcessor
[THYMELEAF]             * [* {th:onsubmit,data-th-onsubmit}] [1000]: org.thymeleaf.standard.processor.StandardDOMEventAttributeTagProcessor
[THYMELEAF]             * [* {th:onmousewheel,data-th-onmousewheel}] [1000]: org.thymeleaf.standard.processor.StandardDOMEventAttributeTagProcessor
[THYMELEAF]             * [* {th:onloadstart,data-th-onloadstart}] [1000]: org.thymeleaf.standard.processor.StandardDOMEventAttributeTagProcessor
[THYMELEAF]             * [* {th:onreadystatechange,data-th-onreadystatechange}] [1000]: org.thymeleaf.standard.processor.StandardDOMEventAttributeTagProcessor
[THYMELEAF]             * [* {th:onloadeddata,data-th-onloadeddata}] [1000]: org.thymeleaf.standard.processor.StandardDOMEventAttributeTagProcessor
[THYMELEAF]             * [* {th:onchange,data-th-onchange}] [1000]: org.thymeleaf.standard.processor.StandardDOMEventAttributeTagProcessor
[THYMELEAF]             * [* {th:ondurationchange,data-th-ondurationchange}] [1000]: org.thymeleaf.standard.processor.StandardDOMEventAttributeTagProcessor
[THYMELEAF]             * [* {th:onmouseup,data-th-onmouseup}] [1000]: org.thymeleaf.standard.processor.StandardDOMEventAttributeTagProcessor
[THYMELEAF]             * [* {th:onbeforeunload,data-th-onbeforeunload}] [1000]: org.thymeleaf.standard.processor.StandardDOMEventAttributeTagProcessor
[THYMELEAF]             * [* {th:onforminput,data-th-onforminput}] [1000]: org.thymeleaf.standard.processor.StandardDOMEventAttributeTagProcessor
[THYMELEAF]             * [* {th:onkeydown,data-th-onkeydown}] [1000]: org.thymeleaf.standard.processor.StandardDOMEventAttributeTagProcessor
[THYMELEAF]             * [* {th:ondragenter,data-th-ondragenter}] [1000]: org.thymeleaf.standard.processor.StandardDOMEventAttributeTagProcessor
[THYMELEAF]             * [* {th:oncanplay,data-th-oncanplay}] [1000]: org.thymeleaf.standard.processor.StandardDOMEventAttributeTagProcessor
[THYMELEAF]             * [* {th:onended,data-th-onended}] [1000]: org.thymeleaf.standard.processor.StandardDOMEventAttributeTagProcessor
[THYMELEAF]             * [* {th:ondragstart,data-th-ondragstart}] [1000]: org.thymeleaf.standard.processor.StandardDOMEventAttributeTagProcessor
[THYMELEAF]             * [* {th:onoffline,data-th-onoffline}] [1000]: org.thymeleaf.standard.processor.StandardDOMEventAttributeTagProcessor
[THYMELEAF]             * [* {th:onbeforeprint,data-th-onbeforeprint}] [1000]: org.thymeleaf.standard.processor.StandardDOMEventAttributeTagProcessor
[THYMELEAF]             * [* {th:onwaiting,data-th-onwaiting}] [1000]: org.thymeleaf.standard.processor.StandardDOMEventAttributeTagProcessor
[THYMELEAF]             * [* {th:onselect,data-th-onselect}] [1000]: org.thymeleaf.standard.processor.StandardDOMEventAttributeTagProcessor
[THYMELEAF]             * [* {th:ondragover,data-th-ondragover}] [1000]: org.thymeleaf.standard.processor.StandardDOMEventAttributeTagProcessor
[THYMELEAF]             * [* {th:onunload,data-th-onunload}] [1000]: org.thymeleaf.standard.processor.StandardDOMEventAttributeTagProcessor
[THYMELEAF]             * [* {th:onpopstate,data-th-onpopstate}] [1000]: org.thymeleaf.standard.processor.StandardDOMEventAttributeTagProcessor
[THYMELEAF]             * [* {th:oninput,data-th-oninput}] [1000]: org.thymeleaf.standard.processor.StandardDOMEventAttributeTagProcessor
[THYMELEAF]             * [* {th:onshow,data-th-onshow}] [1000]: org.thymeleaf.standard.processor.StandardDOMEventAttributeTagProcessor
[THYMELEAF]             * [* {th:onabort,data-th-onabort}] [1000]: org.thymeleaf.standard.processor.StandardDOMEventAttributeTagProcessor
[THYMELEAF]             * [* {th:oncontextmenu,data-th-oncontextmenu}] [1000]: org.thymeleaf.standard.processor.StandardDOMEventAttributeTagProcessor
[THYMELEAF]             * [* {th:onclick,data-th-onclick}] [1000]: org.thymeleaf.standard.processor.StandardDOMEventAttributeTagProcessor
[THYMELEAF]             * [* {th:oncanplaythrough,data-th-oncanplaythrough}] [1000]: org.thymeleaf.standard.processor.StandardDOMEventAttributeTagProcessor
[THYMELEAF]             * [* {th:onplaying,data-th-onplaying}] [1000]: org.thymeleaf.standard.processor.StandardDOMEventAttributeTagProcessor
[THYMELEAF]             * [* {th:onvolumechange,data-th-onvolumechange}] [1000]: org.thymeleaf.standard.processor.StandardDOMEventAttributeTagProcessor
[THYMELEAF]             * [* {th:ondrop,data-th-ondrop}] [1000]: org.thymeleaf.standard.processor.StandardDOMEventAttributeTagProcessor
[THYMELEAF]             * [* {th:onratechange,data-th-onratechange}] [1000]: org.thymeleaf.standard.processor.StandardDOMEventAttributeTagProcessor
[THYMELEAF]             * [* {th:ondragleave,data-th-ondragleave}] [1000]: org.thymeleaf.standard.processor.StandardDOMEventAttributeTagProcessor
[THYMELEAF]             * [* {th:onreset,data-th-onreset}] [1000]: org.thymeleaf.standard.processor.StandardDOMEventAttributeTagProcessor
[THYMELEAF]             * [* {th:onstorage,data-th-onstorage}] [1000]: org.thymeleaf.standard.processor.StandardDOMEventAttributeTagProcessor
[THYMELEAF]             * [* {th:onplay,data-th-onplay}] [1000]: org.thymeleaf.standard.processor.StandardDOMEventAttributeTagProcessor
[THYMELEAF]             * [* {th:onundo,data-th-onundo}] [1000]: org.thymeleaf.standard.processor.StandardDOMEventAttributeTagProcessor
[THYMELEAF]             * [* {th:onprogress,data-th-onprogress}] [1000]: org.thymeleaf.standard.processor.StandardDOMEventAttributeTagProcessor
[THYMELEAF]             * [* {th:onemptied,data-th-onemptied}] [1000]: org.thymeleaf.standard.processor.StandardDOMEventAttributeTagProcessor
[THYMELEAF]             * [* {th:onmousemove,data-th-onmousemove}] [1000]: org.thymeleaf.standard.processor.StandardDOMEventAttributeTagProcessor
[THYMELEAF]             * [* {th:onfocus,data-th-onfocus}] [1000]: org.thymeleaf.standard.processor.StandardDOMEventAttributeTagProcessor
[THYMELEAF]             * [* {th:onmessage,data-th-onmessage}] [1000]: org.thymeleaf.standard.processor.StandardDOMEventAttributeTagProcessor
[THYMELEAF]             * [* {th:ononline,data-th-ononline}] [1000]: org.thymeleaf.standard.processor.StandardDOMEventAttributeTagProcessor
[THYMELEAF]             * [* {th:ontimeupdate,data-th-ontimeupdate}] [1000]: org.thymeleaf.standard.processor.StandardDOMEventAttributeTagProcessor
[THYMELEAF]             * [* {th:ondrag,data-th-ondrag}] [1000]: org.thymeleaf.standard.processor.StandardDOMEventAttributeTagProcessor
[THYMELEAF]             * [* {th:onerror,data-th-onerror}] [1000]: org.thymeleaf.standard.processor.StandardDOMEventAttributeTagProcessor
[THYMELEAF]             * [* {th:onafterprint,data-th-onafterprint}] [1000]: org.thymeleaf.standard.processor.StandardDOMEventAttributeTagProcessor
[THYMELEAF]             * [* {th:href,data-th-href}] [1000]: org.thymeleaf.standard.processor.StandardHrefTagProcessor
[THYMELEAF]             * [* {th:inline,data-th-inline}] [1000]: org.thymeleaf.standard.processor.StandardInlineHTMLTagProcessor
[THYMELEAF]             * [* {th:method,data-th-method}] [1000]: org.thymeleaf.standard.processor.StandardMethodTagProcessor
[THYMELEAF]             * [* {th:type,data-th-type}] [1000]: org.thymeleaf.standard.processor.StandardNonRemovableAttributeTagProcessor
[THYMELEAF]             * [* {th:name,data-th-name}] [1000]: org.thymeleaf.standard.processor.StandardNonRemovableAttributeTagProcessor
[THYMELEAF]             * [* {th:formmethod,data-th-formmethod}] [1000]: org.thymeleaf.standard.processor.StandardRemovableAttributeTagProcessor
[THYMELEAF]             * [* {th:http-equiv,data-th-http-equiv}] [1000]: org.thymeleaf.standard.processor.StandardRemovableAttributeTagProcessor
[THYMELEAF]             * [* {th:maxlength,data-th-maxlength}] [1000]: org.thymeleaf.standard.processor.StandardRemovableAttributeTagProcessor
[THYMELEAF]             * [* {th:dir,data-th-dir}] [1000]: org.thymeleaf.standard.processor.StandardRemovableAttributeTagProcessor
[THYMELEAF]             * [* {th:poster,data-th-poster}] [1000]: org.thymeleaf.standard.processor.StandardRemovableAttributeTagProcessor
[THYMELEAF]             * [* {th:accept-charset,data-th-accept-charset}] [1000]: org.thymeleaf.standard.processor.StandardRemovableAttributeTagProcessor
[THYMELEAF]             * [* {th:hreflang,data-th-hreflang}] [1000]: org.thymeleaf.standard.processor.StandardRemovableAttributeTagProcessor
[THYMELEAF]             * [* {th:id,data-th-id}] [1000]: org.thymeleaf.standard.processor.StandardRemovableAttributeTagProcessor
[THYMELEAF]             * [* {th:archive,data-th-archive}] [1000]: org.thymeleaf.standard.processor.StandardRemovableAttributeTagProcessor
[THYMELEAF]             * [* {th:rowspan,data-th-rowspan}] [1000]: org.thymeleaf.standard.processor.StandardRemovableAttributeTagProcessor
[THYMELEAF]             * [* {th:span,data-th-span}] [1000]: org.thymeleaf.standard.processor.StandardRemovableAttributeTagProcessor
[THYMELEAF]             * [* {th:formenctype,data-th-formenctype}] [1000]: org.thymeleaf.standard.processor.StandardRemovableAttributeTagProcessor
[THYMELEAF]             * [* {th:form,data-th-form}] [1000]: org.thymeleaf.standard.processor.StandardRemovableAttributeTagProcessor
[THYMELEAF]             * [* {th:frame,data-th-frame}] [1000]: org.thymeleaf.standard.processor.StandardRemovableAttributeTagProcessor
[THYMELEAF]             * [* {th:preload,data-th-preload}] [1000]: org.thymeleaf.standard.processor.StandardRemovableAttributeTagProcessor
[THYMELEAF]             * [* {th:bgcolor,data-th-bgcolor}] [1000]: org.thymeleaf.standard.processor.StandardRemovableAttributeTagProcessor
[THYMELEAF]             * [* {th:rev,data-th-rev}] [1000]: org.thymeleaf.standard.processor.StandardRemovableAttributeTagProcessor
[THYMELEAF]             * [* {th:keytype,data-th-keytype}] [1000]: org.thymeleaf.standard.processor.StandardRemovableAttributeTagProcessor
[THYMELEAF]             * [* {th:height,data-th-height}] [1000]: org.thymeleaf.standard.processor.StandardRemovableAttributeTagProcessor
[THYMELEAF]             * [* {th:classid,data-th-classid}] [1000]: org.thymeleaf.standard.processor.StandardRemovableAttributeTagProcessor
[THYMELEAF]             * [* {th:contenteditable,data-th-contenteditable}] [1000]: org.thymeleaf.standard.processor.StandardRemovableAttributeTagProcessor
[THYMELEAF]             * [* {th:rules,data-th-rules}] [1000]: org.thymeleaf.standard.processor.StandardRemovableAttributeTagProcessor
[THYMELEAF]             * [* {th:tabindex,data-th-tabindex}] [1000]: org.thymeleaf.standard.processor.StandardRemovableAttributeTagProcessor
[THYMELEAF]             * [* {th:list,data-th-list}] [1000]: org.thymeleaf.standard.processor.StandardRemovableAttributeTagProcessor
[THYMELEAF]             * [* {th:autocomplete,data-th-autocomplete}] [1000]: org.thymeleaf.standard.processor.StandardRemovableAttributeTagProcessor
[THYMELEAF]             * [* {th:placeholder,data-th-placeholder}] [1000]: org.thymeleaf.standard.processor.StandardRemovableAttributeTagProcessor
[THYMELEAF]             * [* {th:min,data-th-min}] [1000]: org.thymeleaf.standard.processor.StandardRemovableAttributeTagProcessor
[THYMELEAF]             * [* {th:icon,data-th-icon}] [1000]: org.thymeleaf.standard.processor.StandardRemovableAttributeTagProcessor
[THYMELEAF]             * [* {th:width,data-th-width}] [1000]: org.thymeleaf.standard.processor.StandardRemovableAttributeTagProcessor
[THYMELEAF]             * [* {th:marginheight,data-th-marginheight}] [1000]: org.thymeleaf.standard.processor.StandardRemovableAttributeTagProcessor
[THYMELEAF]             * [* {th:cellspacing,data-th-cellspacing}] [1000]: org.thymeleaf.standard.processor.StandardRemovableAttributeTagProcessor
[THYMELEAF]             * [* {th:longdesc,data-th-longdesc}] [1000]: org.thymeleaf.standard.processor.StandardRemovableAttributeTagProcessor
[THYMELEAF]             * [* {th:cols,data-th-cols}] [1000]: org.thymeleaf.standard.processor.StandardRemovableAttributeTagProcessor
[THYMELEAF]             * [* {th:audio,data-th-audio}] [1000]: org.thymeleaf.standard.processor.StandardRemovableAttributeTagProcessor
[THYMELEAF]             * [* {th:low,data-th-low}] [1000]: org.thymeleaf.standard.processor.StandardRemovableAttributeTagProcessor
[THYMELEAF]             * [* {th:border,data-th-border}] [1000]: org.thymeleaf.standard.processor.StandardRemovableAttributeTagProcessor
[THYMELEAF]             * [* {th:usemap,data-th-usemap}] [1000]: org.thymeleaf.standard.processor.StandardRemovableAttributeTagProcessor
[THYMELEAF]             * [* {th:kind,data-th-kind}] [1000]: org.thymeleaf.standard.processor.StandardRemovableAttributeTagProcessor
[THYMELEAF]             * [* {th:sandbox,data-th-sandbox}] [1000]: org.thymeleaf.standard.processor.StandardRemovableAttributeTagProcessor
[THYMELEAF]             * [* {th:dropzone,data-th-dropzone}] [1000]: org.thymeleaf.standard.processor.StandardRemovableAttributeTagProcessor
[THYMELEAF]             * [* {th:label,data-th-label}] [1000]: org.thymeleaf.standard.processor.StandardRemovableAttributeTagProcessor
[THYMELEAF]             * [* {th:for,data-th-for}] [1000]: org.thymeleaf.standard.processor.StandardRemovableAttributeTagProcessor
[THYMELEAF]             * [* {th:codebase,data-th-codebase}] [1000]: org.thymeleaf.standard.processor.StandardRemovableAttributeTagProcessor
[THYMELEAF]             * [* {th:data,data-th-data}] [1000]: org.thymeleaf.standard.processor.StandardRemovableAttributeTagProcessor
[THYMELEAF]             * [* {th:accesskey,data-th-accesskey}] [1000]: org.thymeleaf.standard.processor.StandardRemovableAttributeTagProcessor
[THYMELEAF]             * [* {th:headers,data-th-headers}] [1000]: org.thymeleaf.standard.processor.StandardRemovableAttributeTagProcessor
[THYMELEAF]             * [* {th:contextmenu,data-th-contextmenu}] [1000]: org.thymeleaf.standard.processor.StandardRemovableAttributeTagProcessor
[THYMELEAF]             * [* {th:datetime,data-th-datetime}] [1000]: org.thymeleaf.standard.processor.StandardRemovableAttributeTagProcessor
[THYMELEAF]             * [* {th:abbr,data-th-abbr}] [1000]: org.thymeleaf.standard.processor.StandardRemovableAttributeTagProcessor
[THYMELEAF]             * [* {th:lang,data-th-lang}] [1000]: org.thymeleaf.standard.processor.StandardRemovableAttributeTagProcessor
[THYMELEAF]             * [* {th:target,data-th-target}] [1000]: org.thymeleaf.standard.processor.StandardRemovableAttributeTagProcessor
[THYMELEAF]             * [* {th:axis,data-th-axis}] [1000]: org.thymeleaf.standard.processor.StandardRemovableAttributeTagProcessor
[THYMELEAF]             * [* {th:sizes,data-th-sizes}] [1000]: org.thymeleaf.standard.processor.StandardRemovableAttributeTagProcessor
[THYMELEAF]             * [* {th:standby,data-th-standby}] [1000]: org.thymeleaf.standard.processor.StandardRemovableAttributeTagProcessor
[THYMELEAF]             * [* {th:codetype,data-th-codetype}] [1000]: org.thymeleaf.standard.processor.StandardRemovableAttributeTagProcessor
[THYMELEAF]             * [* {th:vspace,data-th-vspace}] [1000]: org.thymeleaf.standard.processor.StandardRemovableAttributeTagProcessor
[THYMELEAF]             * [* {th:media,data-th-media}] [1000]: org.thymeleaf.standard.processor.StandardRemovableAttributeTagProcessor
[THYMELEAF]             * [* {th:formtarget,data-th-formtarget}] [1000]: org.thymeleaf.standard.processor.StandardRemovableAttributeTagProcessor
[THYMELEAF]             * [* {th:frameborder,data-th-frameborder}] [1000]: org.thymeleaf.standard.processor.StandardRemovableAttributeTagProcessor
[THYMELEAF]             * [* {th:cite,data-th-cite}] [1000]: org.thymeleaf.standard.processor.StandardRemovableAttributeTagProcessor
[THYMELEAF]             * [* {th:step,data-th-step}] [1000]: org.thymeleaf.standard.processor.StandardRemovableAttributeTagProcessor
[THYMELEAF]             * [* {th:accept,data-th-accept}] [1000]: org.thymeleaf.standard.processor.StandardRemovableAttributeTagProcessor
[THYMELEAF]             * [* {th:background,data-th-background}] [1000]: org.thymeleaf.standard.processor.StandardRemovableAttributeTagProcessor
[THYMELEAF]             * [* {th:align,data-th-align}] [1000]: org.thymeleaf.standard.processor.StandardRemovableAttributeTagProcessor
[THYMELEAF]             * [* {th:style,data-th-style}] [1000]: org.thymeleaf.standard.processor.StandardRemovableAttributeTagProcessor
[THYMELEAF]             * [* {th:optimum,data-th-optimum}] [1000]: org.thymeleaf.standard.processor.StandardRemovableAttributeTagProcessor
[THYMELEAF]             * [* {th:alt,data-th-alt}] [1000]: org.thymeleaf.standard.processor.StandardRemovableAttributeTagProcessor
[THYMELEAF]             * [* {th:compact,data-th-compact}] [1000]: org.thymeleaf.standard.processor.StandardRemovableAttributeTagProcessor
[THYMELEAF]             * [* {th:hspace,data-th-hspace}] [1000]: org.thymeleaf.standard.processor.StandardRemovableAttributeTagProcessor
[THYMELEAF]             * [* {th:charset,data-th-charset}] [1000]: org.thymeleaf.standard.processor.StandardRemovableAttributeTagProcessor
[THYMELEAF]             * [* {th:high,data-th-high}] [1000]: org.thymeleaf.standard.processor.StandardRemovableAttributeTagProcessor
[THYMELEAF]             * [* {th:manifest,data-th-manifest}] [1000]: org.thymeleaf.standard.processor.StandardRemovableAttributeTagProcessor
[THYMELEAF]             * [* {th:title,data-th-title}] [1000]: org.thymeleaf.standard.processor.StandardRemovableAttributeTagProcessor
[THYMELEAF]             * [* {th:cellpadding,data-th-cellpadding}] [1000]: org.thymeleaf.standard.processor.StandardRemovableAttributeTagProcessor
[THYMELEAF]             * [* {th:scope,data-th-scope}] [1000]: org.thymeleaf.standard.processor.StandardRemovableAttributeTagProcessor
[THYMELEAF]             * [* {th:rel,data-th-rel}] [1000]: org.thymeleaf.standard.processor.StandardRemovableAttributeTagProcessor
[THYMELEAF]             * [* {th:formaction,data-th-formaction}] [1000]: org.thymeleaf.standard.processor.StandardRemovableAttributeTagProcessor
[THYMELEAF]             * [* {th:rows,data-th-rows}] [1000]: org.thymeleaf.standard.processor.StandardRemovableAttributeTagProcessor
[THYMELEAF]             * [* {th:srclang,data-th-srclang}] [1000]: org.thymeleaf.standard.processor.StandardRemovableAttributeTagProcessor
[THYMELEAF]             * [* {th:max,data-th-max}] [1000]: org.thymeleaf.standard.processor.StandardRemovableAttributeTagProcessor
[THYMELEAF]             * [* {th:enctype,data-th-enctype}] [1000]: org.thymeleaf.standard.processor.StandardRemovableAttributeTagProcessor
[THYMELEAF]             * [* {th:challenge,data-th-challenge}] [1000]: org.thymeleaf.standard.processor.StandardRemovableAttributeTagProcessor
[THYMELEAF]             * [* {th:summary,data-th-summary}] [1000]: org.thymeleaf.standard.processor.StandardRemovableAttributeTagProcessor
[THYMELEAF]             * [* {th:valuetype,data-th-valuetype}] [1000]: org.thymeleaf.standard.processor.StandardRemovableAttributeTagProcessor
[THYMELEAF]             * [* {th:colspan,data-th-colspan}] [1000]: org.thymeleaf.standard.processor.StandardRemovableAttributeTagProcessor
[THYMELEAF]             * [* {th:scheme,data-th-scheme}] [1000]: org.thymeleaf.standard.processor.StandardRemovableAttributeTagProcessor
[THYMELEAF]             * [* {th:draggable,data-th-draggable}] [1000]: org.thymeleaf.standard.processor.StandardRemovableAttributeTagProcessor
[THYMELEAF]             * [* {th:size,data-th-size}] [1000]: org.thymeleaf.standard.processor.StandardRemovableAttributeTagProcessor
[THYMELEAF]             * [* {th:marginwidth,data-th-marginwidth}] [1000]: org.thymeleaf.standard.processor.StandardRemovableAttributeTagProcessor
[THYMELEAF]             * [* {th:pattern,data-th-pattern}] [1000]: org.thymeleaf.standard.processor.StandardRemovableAttributeTagProcessor
[THYMELEAF]             * [* {th:class,data-th-class}] [1000]: org.thymeleaf.standard.processor.StandardRemovableAttributeTagProcessor
[THYMELEAF]             * [* {th:content,data-th-content}] [1000]: org.thymeleaf.standard.processor.StandardRemovableAttributeTagProcessor
[THYMELEAF]             * [* {th:wrap,data-th-wrap}] [1000]: org.thymeleaf.standard.processor.StandardRemovableAttributeTagProcessor
[THYMELEAF]             * [* {th:spellcheck,data-th-spellcheck}] [1000]: org.thymeleaf.standard.processor.StandardRemovableAttributeTagProcessor
[THYMELEAF]             * [* {th:start,data-th-start}] [1000]: org.thymeleaf.standard.processor.StandardRemovableAttributeTagProcessor
[THYMELEAF]             * [* {th:radiogroup,data-th-radiogroup}] [1000]: org.thymeleaf.standard.processor.StandardRemovableAttributeTagProcessor
[THYMELEAF]             * [* {th:scrolling,data-th-scrolling}] [1000]: org.thymeleaf.standard.processor.StandardRemovableAttributeTagProcessor
[THYMELEAF]             * [* {th:src,data-th-src}] [1000]: org.thymeleaf.standard.processor.StandardSrcTagProcessor
[THYMELEAF]             * [* {th:value,data-th-value}] [1000]: org.thymeleaf.standard.processor.StandardValueTagProcessor
[THYMELEAF]             * [* {th:xmlbase,data-th-xmlbase}] [1000]: org.thymeleaf.standard.processor.StandardXmlBaseTagProcessor
[THYMELEAF]             * [* {th:xmllang,data-th-xmllang}] [1000]: org.thymeleaf.standard.processor.StandardXmlLangTagProcessor
[THYMELEAF]             * [* {xmlns:th}] [1000]: org.thymeleaf.standard.processor.StandardXmlNsTagProcessor
[THYMELEAF]             * [* {th:xmlspace,data-th-xmlspace}] [1000]: org.thymeleaf.standard.processor.StandardXmlSpaceTagProcessor
[THYMELEAF]             * [* {th:classappend,data-th-classappend}] [1100]: org.thymeleaf.standard.processor.StandardClassappendTagProcessor
[THYMELEAF]             * [* {th:styleappend,data-th-styleappend}] [1100]: org.thymeleaf.standard.processor.StandardStyleappendTagProcessor
[THYMELEAF]             * [* {th:text,data-th-text}] [1300]: org.thymeleaf.standard.processor.StandardTextTagProcessor
[THYMELEAF]             * [* {th:utext,data-th-utext}] [1400]: org.thymeleaf.standard.processor.StandardUtextTagProcessor
[THYMELEAF]             * [* {th:fragment,data-th-fragment}] [1500]: org.thymeleaf.standard.processor.StandardFragmentTagProcessor
[THYMELEAF]             * [* {th:assert,data-th-assert}] [1550]: org.thymeleaf.standard.processor.StandardAssertTagProcessor
[THYMELEAF]             * [* {th:remove,data-th-remove}] [1600]: org.thymeleaf.standard.processor.StandardRemoveTagProcessor
[THYMELEAF]             * [* {th:ref,data-th-ref}] [10000]: org.thymeleaf.standard.processor.StandardRefAttributeTagProcessor
[THYMELEAF]             * [{th:block,th-block} *] [100000]: org.thymeleaf.standard.processor.StandardBlockTagProcessor
[THYMELEAF]             * [* th:*] [2147483647]: org.thymeleaf.standard.processor.StandardDefaultAttributesTagProcessor
[THYMELEAF]         * Text Processors by [precedence]:
[THYMELEAF]             * [1000]: org.thymeleaf.standard.processor.StandardInliningTextProcessor
[THYMELEAF]         * DOCTYPE Processors by [precedence]:
[THYMELEAF]             * [1000]: org.thymeleaf.standard.processor.StandardTranslationDocTypeProcessor
[THYMELEAF]         * CDATA Section Processors by [precedence]:
[THYMELEAF]             * [1000]: org.thymeleaf.standard.processor.StandardInliningCDATASectionProcessor
[THYMELEAF]         * Comment Processors by [precedence]:
[THYMELEAF]             * [1000]: org.thymeleaf.standard.processor.StandardInliningCommentProcessor
[THYMELEAF]             * [1100]: org.thymeleaf.standard.processor.StandardConditionalCommentProcessor
[THYMELEAF]     * Processors for Template Mode: XML
[THYMELEAF]         * Element Tag Processors by [matching element and attribute name] [precedence]:
[THYMELEAF]             * [* {th:include}] [100]: org.thymeleaf.standard.processor.StandardIncludeTagProcessor
[THYMELEAF]             * [* {th:insert}] [100]: org.thymeleaf.standard.processor.StandardInsertTagProcessor
[THYMELEAF]             * [* {th:replace}] [100]: org.thymeleaf.standard.processor.StandardReplaceTagProcessor
[THYMELEAF]             * [* {th:substituteby}] [100]: org.thymeleaf.standard.processor.StandardSubstituteByTagProcessor
[THYMELEAF]             * [* {th:each}] [200]: com.intuit.karate.template.KarateEachTagProcessor
[THYMELEAF]             * [* {th:switch}] [250]: org.thymeleaf.standard.processor.StandardSwitchTagProcessor
[THYMELEAF]             * [* {th:case}] [275]: org.thymeleaf.standard.processor.StandardCaseTagProcessor
[THYMELEAF]             * [* {th:if}] [300]: org.thymeleaf.standard.processor.StandardIfTagProcessor
[THYMELEAF]             * [* {th:unless}] [400]: org.thymeleaf.standard.processor.StandardUnlessTagProcessor
[THYMELEAF]             * [* {th:object}] [500]: org.thymeleaf.standard.processor.StandardObjectTagProcessor
[THYMELEAF]             * [* {th:with}] [600]: com.intuit.karate.template.KarateWithTagProcessor
[THYMELEAF]             * [* {th:attr}] [700]: com.intuit.karate.template.KarateAttributeTagProcessor.KarateAttrTagProcessor
[THYMELEAF]             * [* {th:attrappend}] [900]: com.intuit.karate.template.KarateAttributeTagProcessor.KarateAttrappendTagProcessor
[THYMELEAF]             * [* {th:attrprepend}] [900]: com.intuit.karate.template.KarateAttributeTagProcessor.KarateAttrprependTagProcessor
[THYMELEAF]             * [* {th:inline}] [1000]: org.thymeleaf.standard.processor.StandardInlineXMLTagProcessor
[THYMELEAF]             * [* {xmlns:th}] [1000]: org.thymeleaf.standard.processor.StandardXmlNsTagProcessor
[THYMELEAF]             * [* {th:text}] [1300]: org.thymeleaf.standard.processor.StandardTextTagProcessor
[THYMELEAF]             * [* {th:utext}] [1400]: org.thymeleaf.standard.processor.StandardUtextTagProcessor
[THYMELEAF]             * [* {th:fragment}] [1500]: org.thymeleaf.standard.processor.StandardFragmentTagProcessor
[THYMELEAF]             * [* {th:assert}] [1550]: org.thymeleaf.standard.processor.StandardAssertTagProcessor
[THYMELEAF]             * [* {th:remove}] [1600]: org.thymeleaf.standard.processor.StandardRemoveTagProcessor
[THYMELEAF]             * [* {th:ref}] [10000]: org.thymeleaf.standard.processor.StandardRefAttributeTagProcessor
[THYMELEAF]             * [{th:block} *] [100000]: org.thymeleaf.standard.processor.StandardBlockTagProcessor
[THYMELEAF]             * [* th:*] [2147483647]: org.thymeleaf.standard.processor.StandardDefaultAttributesTagProcessor
[THYMELEAF]         * Text Processors by [precedence]:
[THYMELEAF]             * [1000]: org.thymeleaf.standard.processor.StandardInliningTextProcessor
[THYMELEAF]         * CDATA Section Processors by [precedence]:
[THYMELEAF]             * [1000]: org.thymeleaf.standard.processor.StandardInliningCDATASectionProcessor
[THYMELEAF]         * Comment Processors by [precedence]:
[THYMELEAF]             * [1000]: org.thymeleaf.standard.processor.StandardInliningCommentProcessor
[THYMELEAF]     * Processors for Template Mode: TEXT
[THYMELEAF]         * Element Tag Processors by [matching element and attribute name] [precedence]:
[THYMELEAF]             * [* {th:insert}] [100]: org.thymeleaf.standard.processor.StandardInsertTagProcessor
[THYMELEAF]             * [* {th:replace}] [100]: org.thymeleaf.standard.processor.StandardReplaceTagProcessor
[THYMELEAF]             * [* {th:each}] [200]: com.intuit.karate.template.KarateEachTagProcessor
[THYMELEAF]             * [* {th:switch}] [250]: org.thymeleaf.standard.processor.StandardSwitchTagProcessor
[THYMELEAF]             * [* {th:case}] [275]: org.thymeleaf.standard.processor.StandardCaseTagProcessor
[THYMELEAF]             * [* {th:if}] [300]: org.thymeleaf.standard.processor.StandardIfTagProcessor
[THYMELEAF]             * [* {th:unless}] [400]: org.thymeleaf.standard.processor.StandardUnlessTagProcessor
[THYMELEAF]             * [* {th:object}] [500]: org.thymeleaf.standard.processor.StandardObjectTagProcessor
[THYMELEAF]             * [* {th:with}] [600]: com.intuit.karate.template.KarateWithTagProcessor
[THYMELEAF]             * [* {th:inline}] [1000]: org.thymeleaf.standard.processor.StandardInlineTextualTagProcessor
[THYMELEAF]             * [* {th:text}] [1300]: org.thymeleaf.standard.processor.StandardTextTagProcessor
[THYMELEAF]             * [* {th:utext}] [1400]: org.thymeleaf.standard.processor.StandardUtextTagProcessor
[THYMELEAF]             * [* {th:assert}] [1550]: org.thymeleaf.standard.processor.StandardAssertTagProcessor
[THYMELEAF]             * [* {th:remove}] [1600]: org.thymeleaf.standard.processor.StandardRemoveTagProcessor
[THYMELEAF]             * [{th:block} *] [100000]: org.thymeleaf.standard.processor.StandardBlockTagProcessor
[THYMELEAF]             * [* 100000] [org.thymeleaf.standard.processor.StandardBlockTagProcessor]: {}
[THYMELEAF]         * Text Processors by [precedence]:
[THYMELEAF]             * [1000]: org.thymeleaf.standard.processor.StandardInliningTextProcessor
[THYMELEAF]     * Processors for Template Mode: JAVASCRIPT
[THYMELEAF]         * Element Tag Processors by [matching element and attribute name] [precedence]:
[THYMELEAF]             * [* {th:insert}] [100]: org.thymeleaf.standard.processor.StandardInsertTagProcessor
[THYMELEAF]             * [* {th:replace}] [100]: org.thymeleaf.standard.processor.StandardReplaceTagProcessor
[THYMELEAF]             * [* {th:each}] [200]: com.intuit.karate.template.KarateEachTagProcessor
[THYMELEAF]             * [* {th:switch}] [250]: org.thymeleaf.standard.processor.StandardSwitchTagProcessor
[THYMELEAF]             * [* {th:case}] [275]: org.thymeleaf.standard.processor.StandardCaseTagProcessor
[THYMELEAF]             * [* {th:if}] [300]: org.thymeleaf.standard.processor.StandardIfTagProcessor
[THYMELEAF]             * [* {th:unless}] [400]: org.thymeleaf.standard.processor.StandardUnlessTagProcessor
[THYMELEAF]             * [* {th:object}] [500]: org.thymeleaf.standard.processor.StandardObjectTagProcessor
[THYMELEAF]             * [* {th:with}] [600]: com.intuit.karate.template.KarateWithTagProcessor
[THYMELEAF]             * [* {th:inline}] [1000]: org.thymeleaf.standard.processor.StandardInlineTextualTagProcessor
[THYMELEAF]             * [* {th:text}] [1300]: org.thymeleaf.standard.processor.StandardTextTagProcessor
[THYMELEAF]             * [* {th:utext}] [1400]: org.thymeleaf.standard.processor.StandardUtextTagProcessor
[THYMELEAF]             * [* {th:assert}] [1550]: org.thymeleaf.standard.processor.StandardAssertTagProcessor
[THYMELEAF]             * [* {th:remove}] [1600]: org.thymeleaf.standard.processor.StandardRemoveTagProcessor
[THYMELEAF]             * [{th:block} *] [100000]: org.thymeleaf.standard.processor.StandardBlockTagProcessor
[THYMELEAF]             * [* 100000] [org.thymeleaf.standard.processor.StandardBlockTagProcessor]: {}
[THYMELEAF]         * Text Processors by [precedence]:
[THYMELEAF]             * [1000]: org.thymeleaf.standard.processor.StandardInliningTextProcessor
[THYMELEAF]     * Processors for Template Mode: CSS
[THYMELEAF]         * Element Tag Processors by [matching element and attribute name] [precedence]:
[THYMELEAF]             * [* {th:insert}] [100]: org.thymeleaf.standard.processor.StandardInsertTagProcessor
[THYMELEAF]             * [* {th:replace}] [100]: org.thymeleaf.standard.processor.StandardReplaceTagProcessor
[THYMELEAF]             * [* {th:each}] [200]: com.intuit.karate.template.KarateEachTagProcessor
[THYMELEAF]             * [* {th:switch}] [250]: org.thymeleaf.standard.processor.StandardSwitchTagProcessor
[THYMELEAF]             * [* {th:case}] [275]: org.thymeleaf.standard.processor.StandardCaseTagProcessor
[THYMELEAF]             * [* {th:if}] [300]: org.thymeleaf.standard.processor.StandardIfTagProcessor
[THYMELEAF]             * [* {th:unless}] [400]: org.thymeleaf.standard.processor.StandardUnlessTagProcessor
[THYMELEAF]             * [* {th:object}] [500]: org.thymeleaf.standard.processor.StandardObjectTagProcessor
[THYMELEAF]             * [* {th:with}] [600]: com.intuit.karate.template.KarateWithTagProcessor
[THYMELEAF]             * [* {th:inline}] [1000]: org.thymeleaf.standard.processor.StandardInlineTextualTagProcessor
[THYMELEAF]             * [* {th:text}] [1300]: org.thymeleaf.standard.processor.StandardTextTagProcessor
[THYMELEAF]             * [* {th:utext}] [1400]: org.thymeleaf.standard.processor.StandardUtextTagProcessor
[THYMELEAF]             * [* {th:assert}] [1550]: org.thymeleaf.standard.processor.StandardAssertTagProcessor
[THYMELEAF]             * [* {th:remove}] [1600]: org.thymeleaf.standard.processor.StandardRemoveTagProcessor
[THYMELEAF]             * [* 100000] [org.thymeleaf.standard.processor.StandardBlockTagProcessor]: {}
[THYMELEAF]             * [{th:block} *] [100000]: org.thymeleaf.standard.processor.StandardBlockTagProcessor
[THYMELEAF]         * Text Processors by [precedence]:
[THYMELEAF]             * [1000]: org.thymeleaf.standard.processor.StandardInliningTextProcessor
[THYMELEAF]     * Expression Objects:
[THYMELEAF]         * #ctx
[THYMELEAF]         * #root
[THYMELEAF]         * #vars
[THYMELEAF]         * #object
[THYMELEAF]         * #locale
[THYMELEAF]         * #request
[THYMELEAF]         * #response
[THYMELEAF]         * #session
[THYMELEAF]         * #servletContext
[THYMELEAF]         * #conversions
[THYMELEAF]         * #uris
[THYMELEAF]         * #calendars
[THYMELEAF]         * #dates
[THYMELEAF]         * #bools
[THYMELEAF]         * #numbers
[THYMELEAF]         * #objects
[THYMELEAF]         * #strings
[THYMELEAF]         * #arrays
[THYMELEAF]         * #lists
[THYMELEAF]         * #sets
[THYMELEAF]         * #maps
[THYMELEAF]         * #aggregates
[THYMELEAF]         * #messages
[THYMELEAF]         * #ids
[THYMELEAF]         * #execInfo
[THYMELEAF]         * #httpServletRequest
[THYMELEAF]         * #httpSession
[THYMELEAF]     * Execution Attributes:
[THYMELEAF]         * "StandardExpressionParser": com.intuit.karate.template.KarateStandardDialect@6f1d799
[THYMELEAF]         * "StandardJavaScriptSerializer": org.thymeleaf.standard.serializer.StandardJavaScriptSerializer@1827fc4e
[THYMELEAF]         * "StandardCSSSerializer": org.thymeleaf.standard.serializer.StandardCSSSerializer@4c41a177
[THYMELEAF]         * "StandardVariableExpressionEvaluator": com.intuit.karate.template.KarateStandardDialect@6f1d799
[THYMELEAF]         * "StandardConversionService": org.thymeleaf.standard.expression.StandardConversionService@2faf6e4a
[THYMELEAF] * Dialect [2 of 2]: karate (com.intuit.karate.template.KarateScriptDialect)
[THYMELEAF]     * Prefix: "ka"
[THYMELEAF]     * Processors for Template Mode: HTML
[THYMELEAF]         * Element Tag Processors by [matching element and attribute name] [precedence]:
[THYMELEAF]             * [* {src}] [1000]: com.intuit.karate.template.KaScriptAttrProcessor
[THYMELEAF]         * Element Model Processors by [matching element and attribute name] [precedence]:
[THYMELEAF]             * [{script} {ka:scope,data-ka-scope}] [1000]: com.intuit.karate.template.KaScriptElemProcessor
[THYMELEAF]             * [* {ka:set,data-ka-set}] [1000]: com.intuit.karate.template.KaSetElemProcessor
[THYMELEAF] TEMPLATE ENGINE CONFIGURED OK
09:31:20.182 [Test worker] DEBUG org.thymeleaf.TemplateEngine - [THYMELEAF] TEMPLATE ENGINE INITIALIZED
09:31:20.231 [chrome_1689566473559] WARN com.intuit.karate.shell.Command - exit code was non-zero: 1 - [C:\Program Files\Google\Chrome\Application\chrome.exe, --remote-debugging-port=54759, --remote-allow-origins=*, --no-first-run, --user-data-dir=C:\Intellij projects\git-actions\build\chrome_1689566473559, --disable-popup-blocking] working dir: build\chrome_1689566473559
---------------------------------------------------------
feature: classpath:features/demo2.feature
scenarios:  1 | passed:  1 | failed:  0 | time: 6.5661
---------------------------------------------------------

Karate version: 1.4.0
======================================================
elapsed:  19.12 | threads:    1 | thread time: 16.49 
features:     2 | skipped:    0 | efficiency: 0.86
scenarios:    2 | passed:     2 | failed: 0
======================================================
09:31:20.426 [Test worker] DEBUG org.thymeleaf.TemplateEngine - [THYMELEAF] INITIALIZING TEMPLATE ENGINE
09:31:20.443 [Test worker] DEBUG org.thymeleaf.TemplateEngine.CONFIG - Initializing Thymeleaf Template engine configuration...
[THYMELEAF] TEMPLATE ENGINE CONFIGURATION:
[THYMELEAF] * Thymeleaf version: 3.0.14.RELEASE (built 2021-12-08T00:45:29+0000)
[THYMELEAF] * Cache Manager implementation: org.thymeleaf.cache.StandardCacheManager
[THYMELEAF] * Template resolvers:
[THYMELEAF]     * [1] com.intuit.karate.template.ResourceHtmlTemplateResolver
[THYMELEAF] * Message resolvers:
[THYMELEAF]     * org.thymeleaf.messageresolver.StandardMessageResolver
[THYMELEAF] * Link builders:
[THYMELEAF]     * org.thymeleaf.linkbuilder.StandardLinkBuilder
[THYMELEAF] * Dialect [1 of 2]: Standard (com.intuit.karate.template.KarateStandardDialect)
[THYMELEAF]     * Prefix: "th"
[THYMELEAF]     * Processors for Template Mode: HTML
[THYMELEAF]         * Element Tag Processors by [matching element and attribute name] [precedence]:
[THYMELEAF]             * [* {th:include,data-th-include}] [100]: org.thymeleaf.standard.processor.StandardIncludeTagProcessor
[THYMELEAF]             * [* {th:insert,data-th-insert}] [100]: org.thymeleaf.standard.processor.StandardInsertTagProcessor
[THYMELEAF]             * [* {th:replace,data-th-replace}] [100]: org.thymeleaf.standard.processor.StandardReplaceTagProcessor
[THYMELEAF]             * [* {th:substituteby,data-th-substituteby}] [100]: org.thymeleaf.standard.processor.StandardSubstituteByTagProcessor
[THYMELEAF]             * [* {th:each,data-th-each}] [200]: com.intuit.karate.template.KarateEachTagProcessor
[THYMELEAF]             * [* {th:switch,data-th-switch}] [250]: org.thymeleaf.standard.processor.StandardSwitchTagProcessor
[THYMELEAF]             * [* {th:case,data-th-case}] [275]: org.thymeleaf.standard.processor.StandardCaseTagProcessor
[THYMELEAF]             * [* {th:if,data-th-if}] [300]: org.thymeleaf.standard.processor.StandardIfTagProcessor
[THYMELEAF]             * [* {th:unless,data-th-unless}] [400]: org.thymeleaf.standard.processor.StandardUnlessTagProcessor
[THYMELEAF]             * [* {th:object,data-th-object}] [500]: org.thymeleaf.standard.processor.StandardObjectTagProcessor
[THYMELEAF]             * [* {th:with,data-th-with}] [600]: com.intuit.karate.template.KarateWithTagProcessor
[THYMELEAF]             * [* {th:attr,data-th-attr}] [700]: com.intuit.karate.template.KarateAttributeTagProcessor.KarateAttrTagProcessor
[THYMELEAF]             * [* {th:attrappend,data-th-attrappend}] [900]: com.intuit.karate.template.KarateAttributeTagProcessor.KarateAttrappendTagProcessor
[THYMELEAF]             * [* {th:attrprepend,data-th-attrprepend}] [900]: com.intuit.karate.template.KarateAttributeTagProcessor.KarateAttrprependTagProcessor
[THYMELEAF]             * [* {th:alt-title,data-th-alt-title}] [990]: org.thymeleaf.standard.processor.StandardAltTitleTagProcessor
[THYMELEAF]             * [* {th:lang-xmllang,data-th-lang-xmllang}] [990]: org.thymeleaf.standard.processor.StandardLangXmlLangTagProcessor
[THYMELEAF]             * [* {th:action,data-th-action}] [1000]: org.thymeleaf.standard.processor.StandardActionTagProcessor
[THYMELEAF]             * [* {th:formnovalidate,data-th-formnovalidate}] [1000]: org.thymeleaf.standard.processor.StandardConditionalFixedValueTagProcessor
[THYMELEAF]             * [* {th:multiple,data-th-multiple}] [1000]: org.thymeleaf.standard.processor.StandardConditionalFixedValueTagProcessor
[THYMELEAF]             * [* {th:loop,data-th-loop}] [1000]: org.thymeleaf.standard.processor.StandardConditionalFixedValueTagProcessor
[THYMELEAF]             * [* {th:nowrap,data-th-nowrap}] [1000]: org.thymeleaf.standard.processor.StandardConditionalFixedValueTagProcessor
[THYMELEAF]             * [* {th:readonly,data-th-readonly}] [1000]: org.thymeleaf.standard.processor.StandardConditionalFixedValueTagProcessor
[THYMELEAF]             * [* {th:required,data-th-required}] [1000]: org.thymeleaf.standard.processor.StandardConditionalFixedValueTagProcessor
[THYMELEAF]             * [* {th:autofocus,data-th-autofocus}] [1000]: org.thymeleaf.standard.processor.StandardConditionalFixedValueTagProcessor
[THYMELEAF]             * [* {th:scoped,data-th-scoped}] [1000]: org.thymeleaf.standard.processor.StandardConditionalFixedValueTagProcessor
[THYMELEAF]             * [* {th:defer,data-th-defer}] [1000]: org.thymeleaf.standard.processor.StandardConditionalFixedValueTagProcessor
[THYMELEAF]             * [* {th:pubdate,data-th-pubdate}] [1000]: org.thymeleaf.standard.processor.StandardConditionalFixedValueTagProcessor
[THYMELEAF]             * [* {th:hidden,data-th-hidden}] [1000]: org.thymeleaf.standard.processor.StandardConditionalFixedValueTagProcessor
[THYMELEAF]             * [* {th:ismap,data-th-ismap}] [1000]: org.thymeleaf.standard.processor.StandardConditionalFixedValueTagProcessor
[THYMELEAF]             * [* {th:controls,data-th-controls}] [1000]: org.thymeleaf.standard.processor.StandardConditionalFixedValueTagProcessor
[THYMELEAF]             * [* {th:default,data-th-default}] [1000]: org.thymeleaf.standard.processor.StandardConditionalFixedValueTagProcessor
[THYMELEAF]             * [* {th:checked,data-th-checked}] [1000]: org.thymeleaf.standard.processor.StandardConditionalFixedValueTagProcessor
[THYMELEAF]             * [* {th:autoplay,data-th-autoplay}] [1000]: org.thymeleaf.standard.processor.StandardConditionalFixedValueTagProcessor
[THYMELEAF]             * [* {th:declare,data-th-declare}] [1000]: org.thymeleaf.standard.processor.StandardConditionalFixedValueTagProcessor
[THYMELEAF]             * [* {th:reversed,data-th-reversed}] [1000]: org.thymeleaf.standard.processor.StandardConditionalFixedValueTagProcessor
[THYMELEAF]             * [* {th:open,data-th-open}] [1000]: org.thymeleaf.standard.processor.StandardConditionalFixedValueTagProcessor
[THYMELEAF]             * [* {th:novalidate,data-th-novalidate}] [1000]: org.thymeleaf.standard.processor.StandardConditionalFixedValueTagProcessor
[THYMELEAF]             * [* {th:disabled,data-th-disabled}] [1000]: org.thymeleaf.standard.processor.StandardConditionalFixedValueTagProcessor
[THYMELEAF]             * [* {th:async,data-th-async}] [1000]: org.thymeleaf.standard.processor.StandardConditionalFixedValueTagProcessor
[THYMELEAF]             * [* {th:selected,data-th-selected}] [1000]: org.thymeleaf.standard.processor.StandardConditionalFixedValueTagProcessor
[THYMELEAF]             * [* {th:seamless,data-th-seamless}] [1000]: org.thymeleaf.standard.processor.StandardConditionalFixedValueTagProcessor
[THYMELEAF]             * [* {th:onreset,data-th-onreset}] [1000]: org.thymeleaf.standard.processor.StandardDOMEventAttributeTagProcessor
[THYMELEAF]             * [* {th:onundo,data-th-onundo}] [1000]: org.thymeleaf.standard.processor.StandardDOMEventAttributeTagProcessor
[THYMELEAF]             * [* {th:onkeyup,data-th-onkeyup}] [1000]: org.thymeleaf.standard.processor.StandardDOMEventAttributeTagProcessor
[THYMELEAF]             * [* {th:onchange,data-th-onchange}] [1000]: org.thymeleaf.standard.processor.StandardDOMEventAttributeTagProcessor
[THYMELEAF]             * [* {th:onload,data-th-onload}] [1000]: org.thymeleaf.standard.processor.StandardDOMEventAttributeTagProcessor
[THYMELEAF]             * [* {th:onvolumechange,data-th-onvolumechange}] [1000]: org.thymeleaf.standard.processor.StandardDOMEventAttributeTagProcessor
[THYMELEAF]             * [* {th:onmouseover,data-th-onmouseover}] [1000]: org.thymeleaf.standard.processor.StandardDOMEventAttributeTagProcessor
[THYMELEAF]             * [* {th:ontimeupdate,data-th-ontimeupdate}] [1000]: org.thymeleaf.standard.processor.StandardDOMEventAttributeTagProcessor
[THYMELEAF]             * [* {th:ononline,data-th-ononline}] [1000]: org.thymeleaf.standard.processor.StandardDOMEventAttributeTagProcessor
[THYMELEAF]             * [* {th:onredo,data-th-onredo}] [1000]: org.thymeleaf.standard.processor.StandardDOMEventAttributeTagProcessor
[THYMELEAF]             * [* {th:onbeforeunload,data-th-onbeforeunload}] [1000]: org.thymeleaf.standard.processor.StandardDOMEventAttributeTagProcessor
[THYMELEAF]             * [* {th:ondragleave,data-th-ondragleave}] [1000]: org.thymeleaf.standard.processor.StandardDOMEventAttributeTagProcessor
[THYMELEAF]             * [* {th:onplay,data-th-onplay}] [1000]: org.thymeleaf.standard.processor.StandardDOMEventAttributeTagProcessor
[THYMELEAF]             * [* {th:ondrag,data-th-ondrag}] [1000]: org.thymeleaf.standard.processor.StandardDOMEventAttributeTagProcessor
[THYMELEAF]             * [* {th:onreadystatechange,data-th-onreadystatechange}] [1000]: org.thymeleaf.standard.processor.StandardDOMEventAttributeTagProcessor
[THYMELEAF]             * [* {th:onmousewheel,data-th-onmousewheel}] [1000]: org.thymeleaf.standard.processor.StandardDOMEventAttributeTagProcessor
[THYMELEAF]             * [* {th:ondragenter,data-th-ondragenter}] [1000]: org.thymeleaf.standard.processor.StandardDOMEventAttributeTagProcessor
[THYMELEAF]             * [* {th:onmousedown,data-th-onmousedown}] [1000]: org.thymeleaf.standard.processor.StandardDOMEventAttributeTagProcessor
[THYMELEAF]             * [* {th:onclick,data-th-onclick}] [1000]: org.thymeleaf.standard.processor.StandardDOMEventAttributeTagProcessor
[THYMELEAF]             * [* {th:onratechange,data-th-onratechange}] [1000]: org.thymeleaf.standard.processor.StandardDOMEventAttributeTagProcessor
[THYMELEAF]             * [* {th:onabort,data-th-onabort}] [1000]: org.thymeleaf.standard.processor.StandardDOMEventAttributeTagProcessor
[THYMELEAF]             * [* {th:onloadedmetadata,data-th-onloadedmetadata}] [1000]: org.thymeleaf.standard.processor.StandardDOMEventAttributeTagProcessor
[THYMELEAF]             * [* {th:onprogress,data-th-onprogress}] [1000]: org.thymeleaf.standard.processor.StandardDOMEventAttributeTagProcessor
[THYMELEAF]             * [* {th:onloadstart,data-th-onloadstart}] [1000]: org.thymeleaf.standard.processor.StandardDOMEventAttributeTagProcessor
[THYMELEAF]             * [* {th:ondblclick,data-th-ondblclick}] [1000]: org.thymeleaf.standard.processor.StandardDOMEventAttributeTagProcessor
[THYMELEAF]             * [* {th:onstorage,data-th-onstorage}] [1000]: org.thymeleaf.standard.processor.StandardDOMEventAttributeTagProcessor
[THYMELEAF]             * [* {th:onmouseup,data-th-onmouseup}] [1000]: org.thymeleaf.standard.processor.StandardDOMEventAttributeTagProcessor
[THYMELEAF]             * [* {th:ondragstart,data-th-ondragstart}] [1000]: org.thymeleaf.standard.processor.StandardDOMEventAttributeTagProcessor
[THYMELEAF]             * [* {th:onselect,data-th-onselect}] [1000]: org.thymeleaf.standard.processor.StandardDOMEventAttributeTagProcessor
[THYMELEAF]             * [* {th:onshow,data-th-onshow}] [1000]: org.thymeleaf.standard.processor.StandardDOMEventAttributeTagProcessor
[THYMELEAF]             * [* {th:onoffline,data-th-onoffline}] [1000]: org.thymeleaf.standard.processor.StandardDOMEventAttributeTagProcessor
[THYMELEAF]             * [* {th:onafterprint,data-th-onafterprint}] [1000]: org.thymeleaf.standard.processor.StandardDOMEventAttributeTagProcessor
[THYMELEAF]             * [* {th:onhashchange,data-th-onhashchange}] [1000]: org.thymeleaf.standard.processor.StandardDOMEventAttributeTagProcessor
[THYMELEAF]             * [* {th:ondrop,data-th-ondrop}] [1000]: org.thymeleaf.standard.processor.StandardDOMEventAttributeTagProcessor
[THYMELEAF]             * [* {th:onwaiting,data-th-onwaiting}] [1000]: org.thymeleaf.standard.processor.StandardDOMEventAttributeTagProcessor
[THYMELEAF]             * [* {th:onformchange,data-th-onformchange}] [1000]: org.thymeleaf.standard.processor.StandardDOMEventAttributeTagProcessor
[THYMELEAF]             * [* {th:onblur,data-th-onblur}] [1000]: org.thymeleaf.standard.processor.StandardDOMEventAttributeTagProcessor
[THYMELEAF]             * [* {th:onscroll,data-th-onscroll}] [1000]: org.thymeleaf.standard.processor.StandardDOMEventAttributeTagProcessor
[THYMELEAF]             * [* {th:onstalled,data-th-onstalled}] [1000]: org.thymeleaf.standard.processor.StandardDOMEventAttributeTagProcessor
[THYMELEAF]             * [* {th:onplaying,data-th-onplaying}] [1000]: org.thymeleaf.standard.processor.StandardDOMEventAttributeTagProcessor
[THYMELEAF]             * [* {th:onresize,data-th-onresize}] [1000]: org.thymeleaf.standard.processor.StandardDOMEventAttributeTagProcessor
[THYMELEAF]             * [* {th:onpopstate,data-th-onpopstate}] [1000]: org.thymeleaf.standard.processor.StandardDOMEventAttributeTagProcessor
[THYMELEAF]             * [* {th:oninvalid,data-th-oninvalid}] [1000]: org.thymeleaf.standard.processor.StandardDOMEventAttributeTagProcessor
[THYMELEAF]             * [* {th:onsubmit,data-th-onsubmit}] [1000]: org.thymeleaf.standard.processor.StandardDOMEventAttributeTagProcessor
[THYMELEAF]             * [* {th:onloadeddata,data-th-onloadeddata}] [1000]: org.thymeleaf.standard.processor.StandardDOMEventAttributeTagProcessor
[THYMELEAF]             * [* {th:onbeforeprint,data-th-onbeforeprint}] [1000]: org.thymeleaf.standard.processor.StandardDOMEventAttributeTagProcessor
[THYMELEAF]             * [* {th:ondragend,data-th-ondragend}] [1000]: org.thymeleaf.standard.processor.StandardDOMEventAttributeTagProcessor
[THYMELEAF]             * [* {th:onerror,data-th-onerror}] [1000]: org.thymeleaf.standard.processor.StandardDOMEventAttributeTagProcessor
[THYMELEAF]             * [* {th:onseeked,data-th-onseeked}] [1000]: org.thymeleaf.standard.processor.StandardDOMEventAttributeTagProcessor
[THYMELEAF]             * [* {th:oninput,data-th-oninput}] [1000]: org.thymeleaf.standard.processor.StandardDOMEventAttributeTagProcessor
[THYMELEAF]             * [* {th:onseeking,data-th-onseeking}] [1000]: org.thymeleaf.standard.processor.StandardDOMEventAttributeTagProcessor
[THYMELEAF]             * [* {th:ondurationchange,data-th-ondurationchange}] [1000]: org.thymeleaf.standard.processor.StandardDOMEventAttributeTagProcessor
[THYMELEAF]             * [* {th:oncanplay,data-th-oncanplay}] [1000]: org.thymeleaf.standard.processor.StandardDOMEventAttributeTagProcessor
[THYMELEAF]             * [* {th:onunload,data-th-onunload}] [1000]: org.thymeleaf.standard.processor.StandardDOMEventAttributeTagProcessor
[THYMELEAF]             * [* {th:onkeypress,data-th-onkeypress}] [1000]: org.thymeleaf.standard.processor.StandardDOMEventAttributeTagProcessor
[THYMELEAF]             * [* {th:onmessage,data-th-onmessage}] [1000]: org.thymeleaf.standard.processor.StandardDOMEventAttributeTagProcessor
[THYMELEAF]             * [* {th:oncanplaythrough,data-th-oncanplaythrough}] [1000]: org.thymeleaf.standard.processor.StandardDOMEventAttributeTagProcessor
[THYMELEAF]             * [* {th:onended,data-th-onended}] [1000]: org.thymeleaf.standard.processor.StandardDOMEventAttributeTagProcessor
[THYMELEAF]             * [* {th:onmouseout,data-th-onmouseout}] [1000]: org.thymeleaf.standard.processor.StandardDOMEventAttributeTagProcessor
[THYMELEAF]             * [* {th:oncontextmenu,data-th-oncontextmenu}] [1000]: org.thymeleaf.standard.processor.StandardDOMEventAttributeTagProcessor
[THYMELEAF]             * [* {th:onmousemove,data-th-onmousemove}] [1000]: org.thymeleaf.standard.processor.StandardDOMEventAttributeTagProcessor
[THYMELEAF]             * [* {th:ondragover,data-th-ondragover}] [1000]: org.thymeleaf.standard.processor.StandardDOMEventAttributeTagProcessor
[THYMELEAF]             * [* {th:onkeydown,data-th-onkeydown}] [1000]: org.thymeleaf.standard.processor.StandardDOMEventAttributeTagProcessor
[THYMELEAF]             * [* {th:onsuspend,data-th-onsuspend}] [1000]: org.thymeleaf.standard.processor.StandardDOMEventAttributeTagProcessor
[THYMELEAF]             * [* {th:onpause,data-th-onpause}] [1000]: org.thymeleaf.standard.processor.StandardDOMEventAttributeTagProcessor
[THYMELEAF]             * [* {th:onfocus,data-th-onfocus}] [1000]: org.thymeleaf.standard.processor.StandardDOMEventAttributeTagProcessor
[THYMELEAF]             * [* {th:onemptied,data-th-onemptied}] [1000]: org.thymeleaf.standard.processor.StandardDOMEventAttributeTagProcessor
[THYMELEAF]             * [* {th:onforminput,data-th-onforminput}] [1000]: org.thymeleaf.standard.processor.StandardDOMEventAttributeTagProcessor
[THYMELEAF]             * [* {th:href,data-th-href}] [1000]: org.thymeleaf.standard.processor.StandardHrefTagProcessor
[THYMELEAF]             * [* {th:inline,data-th-inline}] [1000]: org.thymeleaf.standard.processor.StandardInlineHTMLTagProcessor
[THYMELEAF]             * [* {th:method,data-th-method}] [1000]: org.thymeleaf.standard.processor.StandardMethodTagProcessor
[THYMELEAF]             * [* {th:type,data-th-type}] [1000]: org.thymeleaf.standard.processor.StandardNonRemovableAttributeTagProcessor
[THYMELEAF]             * [* {th:name,data-th-name}] [1000]: org.thymeleaf.standard.processor.StandardNonRemovableAttributeTagProcessor
[THYMELEAF]             * [* {th:srclang,data-th-srclang}] [1000]: org.thymeleaf.standard.processor.StandardRemovableAttributeTagProcessor
[THYMELEAF]             * [* {th:frame,data-th-frame}] [1000]: org.thymeleaf.standard.processor.StandardRemovableAttributeTagProcessor
[THYMELEAF]             * [* {th:cellspacing,data-th-cellspacing}] [1000]: org.thymeleaf.standard.processor.StandardRemovableAttributeTagProcessor
[THYMELEAF]             * [* {th:manifest,data-th-manifest}] [1000]: org.thymeleaf.standard.processor.StandardRemovableAttributeTagProcessor
[THYMELEAF]             * [* {th:colspan,data-th-colspan}] [1000]: org.thymeleaf.standard.processor.StandardRemovableAttributeTagProcessor
[THYMELEAF]             * [* {th:formenctype,data-th-formenctype}] [1000]: org.thymeleaf.standard.processor.StandardRemovableAttributeTagProcessor
[THYMELEAF]             * [* {th:icon,data-th-icon}] [1000]: org.thymeleaf.standard.processor.StandardRemovableAttributeTagProcessor
[THYMELEAF]             * [* {th:keytype,data-th-keytype}] [1000]: org.thymeleaf.standard.processor.StandardRemovableAttributeTagProcessor
[THYMELEAF]             * [* {th:border,data-th-border}] [1000]: org.thymeleaf.standard.processor.StandardRemovableAttributeTagProcessor
[THYMELEAF]             * [* {th:alt,data-th-alt}] [1000]: org.thymeleaf.standard.processor.StandardRemovableAttributeTagProcessor
[THYMELEAF]             * [* {th:datetime,data-th-datetime}] [1000]: org.thymeleaf.standard.processor.StandardRemovableAttributeTagProcessor
[THYMELEAF]             * [* {th:align,data-th-align}] [1000]: org.thymeleaf.standard.processor.StandardRemovableAttributeTagProcessor
[THYMELEAF]             * [* {th:bgcolor,data-th-bgcolor}] [1000]: org.thymeleaf.standard.processor.StandardRemovableAttributeTagProcessor
[THYMELEAF]             * [* {th:wrap,data-th-wrap}] [1000]: org.thymeleaf.standard.processor.StandardRemovableAttributeTagProcessor
[THYMELEAF]             * [* {th:background,data-th-background}] [1000]: org.thymeleaf.standard.processor.StandardRemovableAttributeTagProcessor
[THYMELEAF]             * [* {th:sandbox,data-th-sandbox}] [1000]: org.thymeleaf.standard.processor.StandardRemovableAttributeTagProcessor
[THYMELEAF]             * [* {th:rules,data-th-rules}] [1000]: org.thymeleaf.standard.processor.StandardRemovableAttributeTagProcessor
[THYMELEAF]             * [* {th:codebase,data-th-codebase}] [1000]: org.thymeleaf.standard.processor.StandardRemovableAttributeTagProcessor
[THYMELEAF]             * [* {th:spellcheck,data-th-spellcheck}] [1000]: org.thymeleaf.standard.processor.StandardRemovableAttributeTagProcessor
[THYMELEAF]             * [* {th:poster,data-th-poster}] [1000]: org.thymeleaf.standard.processor.StandardRemovableAttributeTagProcessor
[THYMELEAF]             * [* {th:target,data-th-target}] [1000]: org.thymeleaf.standard.processor.StandardRemovableAttributeTagProcessor
[THYMELEAF]             * [* {th:contenteditable,data-th-contenteditable}] [1000]: org.thymeleaf.standard.processor.StandardRemovableAttributeTagProcessor
[THYMELEAF]             * [* {th:marginwidth,data-th-marginwidth}] [1000]: org.thymeleaf.standard.processor.StandardRemovableAttributeTagProcessor
[THYMELEAF]             * [* {th:contextmenu,data-th-contextmenu}] [1000]: org.thymeleaf.standard.processor.StandardRemovableAttributeTagProcessor
[THYMELEAF]             * [* {th:formaction,data-th-formaction}] [1000]: org.thymeleaf.standard.processor.StandardRemovableAttributeTagProcessor
[THYMELEAF]             * [* {th:span,data-th-span}] [1000]: org.thymeleaf.standard.processor.StandardRemovableAttributeTagProcessor
[THYMELEAF]             * [* {th:preload,data-th-preload}] [1000]: org.thymeleaf.standard.processor.StandardRemovableAttributeTagProcessor
[THYMELEAF]             * [* {th:size,data-th-size}] [1000]: org.thymeleaf.standard.processor.StandardRemovableAttributeTagProcessor
[THYMELEAF]             * [* {th:enctype,data-th-enctype}] [1000]: org.thymeleaf.standard.processor.StandardRemovableAttributeTagProcessor
[THYMELEAF]             * [* {th:audio,data-th-audio}] [1000]: org.thymeleaf.standard.processor.StandardRemovableAttributeTagProcessor
[THYMELEAF]             * [* {th:autocomplete,data-th-autocomplete}] [1000]: org.thymeleaf.standard.processor.StandardRemovableAttributeTagProcessor
[THYMELEAF]             * [* {th:compact,data-th-compact}] [1000]: org.thymeleaf.standard.processor.StandardRemovableAttributeTagProcessor
[THYMELEAF]             * [* {th:cols,data-th-cols}] [1000]: org.thymeleaf.standard.processor.StandardRemovableAttributeTagProcessor
[THYMELEAF]             * [* {th:scheme,data-th-scheme}] [1000]: org.thymeleaf.standard.processor.StandardRemovableAttributeTagProcessor
[THYMELEAF]             * [* {th:dropzone,data-th-dropzone}] [1000]: org.thymeleaf.standard.processor.StandardRemovableAttributeTagProcessor
[THYMELEAF]             * [* {th:class,data-th-class}] [1000]: org.thymeleaf.standard.processor.StandardRemovableAttributeTagProcessor
[THYMELEAF]             * [* {th:rows,data-th-rows}] [1000]: org.thymeleaf.standard.processor.StandardRemovableAttributeTagProcessor
[THYMELEAF]             * [* {th:cite,data-th-cite}] [1000]: org.thymeleaf.standard.processor.StandardRemovableAttributeTagProcessor
[THYMELEAF]             * [* {th:hspace,data-th-hspace}] [1000]: org.thymeleaf.standard.processor.StandardRemovableAttributeTagProcessor
[THYMELEAF]             * [* {th:challenge,data-th-challenge}] [1000]: org.thymeleaf.standard.processor.StandardRemovableAttributeTagProcessor
[THYMELEAF]             * [* {th:abbr,data-th-abbr}] [1000]: org.thymeleaf.standard.processor.StandardRemovableAttributeTagProcessor
[THYMELEAF]             * [* {th:draggable,data-th-draggable}] [1000]: org.thymeleaf.standard.processor.StandardRemovableAttributeTagProcessor
[THYMELEAF]             * [* {th:accept,data-th-accept}] [1000]: org.thymeleaf.standard.processor.StandardRemovableAttributeTagProcessor
[THYMELEAF]             * [* {th:axis,data-th-axis}] [1000]: org.thymeleaf.standard.processor.StandardRemovableAttributeTagProcessor
[THYMELEAF]             * [* {th:style,data-th-style}] [1000]: org.thymeleaf.standard.processor.StandardRemovableAttributeTagProcessor
[THYMELEAF]             * [* {th:label,data-th-label}] [1000]: org.thymeleaf.standard.processor.StandardRemovableAttributeTagProcessor
[THYMELEAF]             * [* {th:http-equiv,data-th-http-equiv}] [1000]: org.thymeleaf.standard.processor.StandardRemovableAttributeTagProcessor
[THYMELEAF]             * [* {th:rev,data-th-rev}] [1000]: org.thymeleaf.standard.processor.StandardRemovableAttributeTagProcessor
[THYMELEAF]             * [* {th:accept-charset,data-th-accept-charset}] [1000]: org.thymeleaf.standard.processor.StandardRemovableAttributeTagProcessor
[THYMELEAF]             * [* {th:title,data-th-title}] [1000]: org.thymeleaf.standard.processor.StandardRemovableAttributeTagProcessor
[THYMELEAF]             * [* {th:codetype,data-th-codetype}] [1000]: org.thymeleaf.standard.processor.StandardRemovableAttributeTagProcessor
[THYMELEAF]             * [* {th:hreflang,data-th-hreflang}] [1000]: org.thymeleaf.standard.processor.StandardRemovableAttributeTagProcessor
[THYMELEAF]             * [* {th:rel,data-th-rel}] [1000]: org.thymeleaf.standard.processor.StandardRemovableAttributeTagProcessor
[THYMELEAF]             * [* {th:list,data-th-list}] [1000]: org.thymeleaf.standard.processor.StandardRemovableAttributeTagProcessor
[THYMELEAF]             * [* {th:high,data-th-high}] [1000]: org.thymeleaf.standard.processor.StandardRemovableAttributeTagProcessor
[THYMELEAF]             * [* {th:media,data-th-media}] [1000]: org.thymeleaf.standard.processor.StandardRemovableAttributeTagProcessor
[THYMELEAF]             * [* {th:marginheight,data-th-marginheight}] [1000]: org.thymeleaf.standard.processor.StandardRemovableAttributeTagProcessor
[THYMELEAF]             * [* {th:rowspan,data-th-rowspan}] [1000]: org.thymeleaf.standard.processor.StandardRemovableAttributeTagProcessor
[THYMELEAF]             * [* {th:summary,data-th-summary}] [1000]: org.thymeleaf.standard.processor.StandardRemovableAttributeTagProcessor
[THYMELEAF]             * [* {th:placeholder,data-th-placeholder}] [1000]: org.thymeleaf.standard.processor.StandardRemovableAttributeTagProcessor
[THYMELEAF]             * [* {th:frameborder,data-th-frameborder}] [1000]: org.thymeleaf.standard.processor.StandardRemovableAttributeTagProcessor
[THYMELEAF]             * [* {th:formtarget,data-th-formtarget}] [1000]: org.thymeleaf.standard.processor.StandardRemovableAttributeTagProcessor
[THYMELEAF]             * [* {th:step,data-th-step}] [1000]: org.thymeleaf.standard.processor.StandardRemovableAttributeTagProcessor
[THYMELEAF]             * [* {th:maxlength,data-th-maxlength}] [1000]: org.thymeleaf.standard.processor.StandardRemovableAttributeTagProcessor
[THYMELEAF]             * [* {th:height,data-th-height}] [1000]: org.thymeleaf.standard.processor.StandardRemovableAttributeTagProcessor
[THYMELEAF]             * [* {th:sizes,data-th-sizes}] [1000]: org.thymeleaf.standard.processor.StandardRemovableAttributeTagProcessor
[THYMELEAF]             * [* {th:dir,data-th-dir}] [1000]: org.thymeleaf.standard.processor.StandardRemovableAttributeTagProcessor
[THYMELEAF]             * [* {th:archive,data-th-archive}] [1000]: org.thymeleaf.standard.processor.StandardRemovableAttributeTagProcessor
[THYMELEAF]             * [* {th:charset,data-th-charset}] [1000]: org.thymeleaf.standard.processor.StandardRemovableAttributeTagProcessor
[THYMELEAF]             * [* {th:max,data-th-max}] [1000]: org.thymeleaf.standard.processor.StandardRemovableAttributeTagProcessor
[THYMELEAF]             * [* {th:vspace,data-th-vspace}] [1000]: org.thymeleaf.standard.processor.StandardRemovableAttributeTagProcessor
[THYMELEAF]             * [* {th:accesskey,data-th-accesskey}] [1000]: org.thymeleaf.standard.processor.StandardRemovableAttributeTagProcessor
[THYMELEAF]             * [* {th:usemap,data-th-usemap}] [1000]: org.thymeleaf.standard.processor.StandardRemovableAttributeTagProcessor
[THYMELEAF]             * [* {th:cellpadding,data-th-cellpadding}] [1000]: org.thymeleaf.standard.processor.StandardRemovableAttributeTagProcessor
[THYMELEAF]             * [* {th:form,data-th-form}] [1000]: org.thymeleaf.standard.processor.StandardRemovableAttributeTagProcessor
[THYMELEAF]             * [* {th:headers,data-th-headers}] [1000]: org.thymeleaf.standard.processor.StandardRemovableAttributeTagProcessor
[THYMELEAF]             * [* {th:lang,data-th-lang}] [1000]: org.thymeleaf.standard.processor.StandardRemovableAttributeTagProcessor
[THYMELEAF]             * [* {th:radiogroup,data-th-radiogroup}] [1000]: org.thymeleaf.standard.processor.StandardRemovableAttributeTagProcessor
[THYMELEAF]             * [* {th:low,data-th-low}] [1000]: org.thymeleaf.standard.processor.StandardRemovableAttributeTagProcessor
[THYMELEAF]             * [* {th:width,data-th-width}] [1000]: org.thymeleaf.standard.processor.StandardRemovableAttributeTagProcessor
[THYMELEAF]             * [* {th:scrolling,data-th-scrolling}] [1000]: org.thymeleaf.standard.processor.StandardRemovableAttributeTagProcessor
[THYMELEAF]             * [* {th:formmethod,data-th-formmethod}] [1000]: org.thymeleaf.standard.processor.StandardRemovableAttributeTagProcessor
[THYMELEAF]             * [* {th:classid,data-th-classid}] [1000]: org.thymeleaf.standard.processor.StandardRemovableAttributeTagProcessor
[THYMELEAF]             * [* {th:optimum,data-th-optimum}] [1000]: org.thymeleaf.standard.processor.StandardRemovableAttributeTagProcessor
[THYMELEAF]             * [* {th:for,data-th-for}] [1000]: org.thymeleaf.standard.processor.StandardRemovableAttributeTagProcessor
[THYMELEAF]             * [* {th:kind,data-th-kind}] [1000]: org.thymeleaf.standard.processor.StandardRemovableAttributeTagProcessor
[THYMELEAF]             * [* {th:start,data-th-start}] [1000]: org.thymeleaf.standard.processor.StandardRemovableAttributeTagProcessor
[THYMELEAF]             * [* {th:tabindex,data-th-tabindex}] [1000]: org.thymeleaf.standard.processor.StandardRemovableAttributeTagProcessor
[THYMELEAF]             * [* {th:valuetype,data-th-valuetype}] [1000]: org.thymeleaf.standard.processor.StandardRemovableAttributeTagProcessor
[THYMELEAF]             * [* {th:longdesc,data-th-longdesc}] [1000]: org.thymeleaf.standard.processor.StandardRemovableAttributeTagProcessor
[THYMELEAF]             * [* {th:content,data-th-content}] [1000]: org.thymeleaf.standard.processor.StandardRemovableAttributeTagProcessor
[THYMELEAF]             * [* {th:id,data-th-id}] [1000]: org.thymeleaf.standard.processor.StandardRemovableAttributeTagProcessor
[THYMELEAF]             * [* {th:scope,data-th-scope}] [1000]: org.thymeleaf.standard.processor.StandardRemovableAttributeTagProcessor
[THYMELEAF]             * [* {th:min,data-th-min}] [1000]: org.thymeleaf.standard.processor.StandardRemovableAttributeTagProcessor
[THYMELEAF]             * [* {th:standby,data-th-standby}] [1000]: org.thymeleaf.standard.processor.StandardRemovableAttributeTagProcessor
[THYMELEAF]             * [* {th:pattern,data-th-pattern}] [1000]: org.thymeleaf.standard.processor.StandardRemovableAttributeTagProcessor
[THYMELEAF]             * [* {th:data,data-th-data}] [1000]: org.thymeleaf.standard.processor.StandardRemovableAttributeTagProcessor
[THYMELEAF]             * [* {th:src,data-th-src}] [1000]: org.thymeleaf.standard.processor.StandardSrcTagProcessor
[THYMELEAF]             * [* {th:value,data-th-value}] [1000]: org.thymeleaf.standard.processor.StandardValueTagProcessor
[THYMELEAF]             * [* {th:xmlbase,data-th-xmlbase}] [1000]: org.thymeleaf.standard.processor.StandardXmlBaseTagProcessor
[THYMELEAF]             * [* {th:xmllang,data-th-xmllang}] [1000]: org.thymeleaf.standard.processor.StandardXmlLangTagProcessor
[THYMELEAF]             * [* {xmlns:th}] [1000]: org.thymeleaf.standard.processor.StandardXmlNsTagProcessor
[THYMELEAF]             * [* {th:xmlspace,data-th-xmlspace}] [1000]: org.thymeleaf.standard.processor.StandardXmlSpaceTagProcessor
[THYMELEAF]             * [* {th:classappend,data-th-classappend}] [1100]: org.thymeleaf.standard.processor.StandardClassappendTagProcessor
[THYMELEAF]             * [* {th:styleappend,data-th-styleappend}] [1100]: org.thymeleaf.standard.processor.StandardStyleappendTagProcessor
[THYMELEAF]             * [* {th:text,data-th-text}] [1300]: org.thymeleaf.standard.processor.StandardTextTagProcessor
[THYMELEAF]             * [* {th:utext,data-th-utext}] [1400]: org.thymeleaf.standard.processor.StandardUtextTagProcessor
[THYMELEAF]             * [* {th:fragment,data-th-fragment}] [1500]: org.thymeleaf.standard.processor.StandardFragmentTagProcessor
[THYMELEAF]             * [* {th:assert,data-th-assert}] [1550]: org.thymeleaf.standard.processor.StandardAssertTagProcessor
[THYMELEAF]             * [* {th:remove,data-th-remove}] [1600]: org.thymeleaf.standard.processor.StandardRemoveTagProcessor
[THYMELEAF]             * [* {th:ref,data-th-ref}] [10000]: org.thymeleaf.standard.processor.StandardRefAttributeTagProcessor
[THYMELEAF]             * [{th:block,th-block} *] [100000]: org.thymeleaf.standard.processor.StandardBlockTagProcessor
[THYMELEAF]             * [* th:*] [2147483647]: org.thymeleaf.standard.processor.StandardDefaultAttributesTagProcessor
[THYMELEAF]         * Text Processors by [precedence]:
[THYMELEAF]             * [1000]: org.thymeleaf.standard.processor.StandardInliningTextProcessor
[THYMELEAF]         * DOCTYPE Processors by [precedence]:
[THYMELEAF]             * [1000]: org.thymeleaf.standard.processor.StandardTranslationDocTypeProcessor
[THYMELEAF]         * CDATA Section Processors by [precedence]:
[THYMELEAF]             * [1000]: org.thymeleaf.standard.processor.StandardInliningCDATASectionProcessor
[THYMELEAF]         * Comment Processors by [precedence]:
[THYMELEAF]             * [1000]: org.thymeleaf.standard.processor.StandardInliningCommentProcessor
[THYMELEAF]             * [1100]: org.thymeleaf.standard.processor.StandardConditionalCommentProcessor
[THYMELEAF]     * Processors for Template Mode: XML
[THYMELEAF]         * Element Tag Processors by [matching element and attribute name] [precedence]:
[THYMELEAF]             * [* {th:include}] [100]: org.thymeleaf.standard.processor.StandardIncludeTagProcessor
[THYMELEAF]             * [* {th:insert}] [100]: org.thymeleaf.standard.processor.StandardInsertTagProcessor
[THYMELEAF]             * [* {th:replace}] [100]: org.thymeleaf.standard.processor.StandardReplaceTagProcessor
[THYMELEAF]             * [* {th:substituteby}] [100]: org.thymeleaf.standard.processor.StandardSubstituteByTagProcessor
[THYMELEAF]             * [* {th:each}] [200]: com.intuit.karate.template.KarateEachTagProcessor
[THYMELEAF]             * [* {th:switch}] [250]: org.thymeleaf.standard.processor.StandardSwitchTagProcessor
[THYMELEAF]             * [* {th:case}] [275]: org.thymeleaf.standard.processor.StandardCaseTagProcessor
[THYMELEAF]             * [* {th:if}] [300]: org.thymeleaf.standard.processor.StandardIfTagProcessor
[THYMELEAF]             * [* {th:unless}] [400]: org.thymeleaf.standard.processor.StandardUnlessTagProcessor
[THYMELEAF]             * [* {th:object}] [500]: org.thymeleaf.standard.processor.StandardObjectTagProcessor
[THYMELEAF]             * [* {th:with}] [600]: com.intuit.karate.template.KarateWithTagProcessor
[THYMELEAF]             * [* {th:attr}] [700]: com.intuit.karate.template.KarateAttributeTagProcessor.KarateAttrTagProcessor
[THYMELEAF]             * [* {th:attrappend}] [900]: com.intuit.karate.template.KarateAttributeTagProcessor.KarateAttrappendTagProcessor
[THYMELEAF]             * [* {th:attrprepend}] [900]: com.intuit.karate.template.KarateAttributeTagProcessor.KarateAttrprependTagProcessor
[THYMELEAF]             * [* {th:inline}] [1000]: org.thymeleaf.standard.processor.StandardInlineXMLTagProcessor
[THYMELEAF]             * [* {xmlns:th}] [1000]: org.thymeleaf.standard.processor.StandardXmlNsTagProcessor
[THYMELEAF]             * [* {th:text}] [1300]: org.thymeleaf.standard.processor.StandardTextTagProcessor
[THYMELEAF]             * [* {th:utext}] [1400]: org.thymeleaf.standard.processor.StandardUtextTagProcessor
[THYMELEAF]             * [* {th:fragment}] [1500]: org.thymeleaf.standard.processor.StandardFragmentTagProcessor
[THYMELEAF]             * [* {th:assert}] [1550]: org.thymeleaf.standard.processor.StandardAssertTagProcessor
[THYMELEAF]             * [* {th:remove}] [1600]: org.thymeleaf.standard.processor.StandardRemoveTagProcessor
[THYMELEAF]             * [* {th:ref}] [10000]: org.thymeleaf.standard.processor.StandardRefAttributeTagProcessor
[THYMELEAF]             * [{th:block} *] [100000]: org.thymeleaf.standard.processor.StandardBlockTagProcessor
[THYMELEAF]             * [* th:*] [2147483647]: org.thymeleaf.standard.processor.StandardDefaultAttributesTagProcessor
[THYMELEAF]         * Text Processors by [precedence]:
[THYMELEAF]             * [1000]: org.thymeleaf.standard.processor.StandardInliningTextProcessor
[THYMELEAF]         * CDATA Section Processors by [precedence]:
[THYMELEAF]             * [1000]: org.thymeleaf.standard.processor.StandardInliningCDATASectionProcessor
[THYMELEAF]         * Comment Processors by [precedence]:
[THYMELEAF]             * [1000]: org.thymeleaf.standard.processor.StandardInliningCommentProcessor
[THYMELEAF]     * Processors for Template Mode: TEXT
[THYMELEAF]         * Element Tag Processors by [matching element and attribute name] [precedence]:
[THYMELEAF]             * [* {th:insert}] [100]: org.thymeleaf.standard.processor.StandardInsertTagProcessor
[THYMELEAF]             * [* {th:replace}] [100]: org.thymeleaf.standard.processor.StandardReplaceTagProcessor
[THYMELEAF]             * [* {th:each}] [200]: com.intuit.karate.template.KarateEachTagProcessor
[THYMELEAF]             * [* {th:switch}] [250]: org.thymeleaf.standard.processor.StandardSwitchTagProcessor
[THYMELEAF]             * [* {th:case}] [275]: org.thymeleaf.standard.processor.StandardCaseTagProcessor
[THYMELEAF]             * [* {th:if}] [300]: org.thymeleaf.standard.processor.StandardIfTagProcessor
[THYMELEAF]             * [* {th:unless}] [400]: org.thymeleaf.standard.processor.StandardUnlessTagProcessor
[THYMELEAF]             * [* {th:object}] [500]: org.thymeleaf.standard.processor.StandardObjectTagProcessor
[THYMELEAF]             * [* {th:with}] [600]: com.intuit.karate.template.KarateWithTagProcessor
[THYMELEAF]             * [* {th:inline}] [1000]: org.thymeleaf.standard.processor.StandardInlineTextualTagProcessor
[THYMELEAF]             * [* {th:text}] [1300]: org.thymeleaf.standard.processor.StandardTextTagProcessor
[THYMELEAF]             * [* {th:utext}] [1400]: org.thymeleaf.standard.processor.StandardUtextTagProcessor
[THYMELEAF]             * [* {th:assert}] [1550]: org.thymeleaf.standard.processor.StandardAssertTagProcessor
[THYMELEAF]             * [* {th:remove}] [1600]: org.thymeleaf.standard.processor.StandardRemoveTagProcessor
[THYMELEAF]             * [{th:block} *] [100000]: org.thymeleaf.standard.processor.StandardBlockTagProcessor
[THYMELEAF]             * [* 100000] [org.thymeleaf.standard.processor.StandardBlockTagProcessor]: {}
[THYMELEAF]         * Text Processors by [precedence]:
[THYMELEAF]             * [1000]: org.thymeleaf.standard.processor.StandardInliningTextProcessor
[THYMELEAF]     * Processors for Template Mode: JAVASCRIPT
[THYMELEAF]         * Element Tag Processors by [matching element and attribute name] [precedence]:
[THYMELEAF]             * [* {th:insert}] [100]: org.thymeleaf.standard.processor.StandardInsertTagProcessor
[THYMELEAF]             * [* {th:replace}] [100]: org.thymeleaf.standard.processor.StandardReplaceTagProcessor
[THYMELEAF]             * [* {th:each}] [200]: com.intuit.karate.template.KarateEachTagProcessor
[THYMELEAF]             * [* {th:switch}] [250]: org.thymeleaf.standard.processor.StandardSwitchTagProcessor
[THYMELEAF]             * [* {th:case}] [275]: org.thymeleaf.standard.processor.StandardCaseTagProcessor
[THYMELEAF]             * [* {th:if}] [300]: org.thymeleaf.standard.processor.StandardIfTagProcessor
[THYMELEAF]             * [* {th:unless}] [400]: org.thymeleaf.standard.processor.StandardUnlessTagProcessor
[THYMELEAF]             * [* {th:object}] [500]: org.thymeleaf.standard.processor.StandardObjectTagProcessor
[THYMELEAF]             * [* {th:with}] [600]: com.intuit.karate.template.KarateWithTagProcessor
[THYMELEAF]             * [* {th:inline}] [1000]: org.thymeleaf.standard.processor.StandardInlineTextualTagProcessor
[THYMELEAF]             * [* {th:text}] [1300]: org.thymeleaf.standard.processor.StandardTextTagProcessor
[THYMELEAF]             * [* {th:utext}] [1400]: org.thymeleaf.standard.processor.StandardUtextTagProcessor
[THYMELEAF]             * [* {th:assert}] [1550]: org.thymeleaf.standard.processor.StandardAssertTagProcessor
[THYMELEAF]             * [* {th:remove}] [1600]: org.thymeleaf.standard.processor.StandardRemoveTagProcessor
[THYMELEAF]             * [{th:block} *] [100000]: org.thymeleaf.standard.processor.StandardBlockTagProcessor
[THYMELEAF]             * [* 100000] [org.thymeleaf.standard.processor.StandardBlockTagProcessor]: {}
[THYMELEAF]         * Text Processors by [precedence]:
[THYMELEAF]             * [1000]: org.thymeleaf.standard.processor.StandardInliningTextProcessor
[THYMELEAF]     * Processors for Template Mode: CSS
[THYMELEAF]         * Element Tag Processors by [matching element and attribute name] [precedence]:
[THYMELEAF]             * [* {th:insert}] [100]: org.thymeleaf.standard.processor.StandardInsertTagProcessor
[THYMELEAF]             * [* {th:replace}] [100]: org.thymeleaf.standard.processor.StandardReplaceTagProcessor
[THYMELEAF]             * [* {th:each}] [200]: com.intuit.karate.template.KarateEachTagProcessor
[THYMELEAF]             * [* {th:switch}] [250]: org.thymeleaf.standard.processor.StandardSwitchTagProcessor
[THYMELEAF]             * [* {th:case}] [275]: org.thymeleaf.standard.processor.StandardCaseTagProcessor
[THYMELEAF]             * [* {th:if}] [300]: org.thymeleaf.standard.processor.StandardIfTagProcessor
[THYMELEAF]             * [* {th:unless}] [400]: org.thymeleaf.standard.processor.StandardUnlessTagProcessor
[THYMELEAF]             * [* {th:object}] [500]: org.thymeleaf.standard.processor.StandardObjectTagProcessor
[THYMELEAF]             * [* {th:with}] [600]: com.intuit.karate.template.KarateWithTagProcessor
[THYMELEAF]             * [* {th:inline}] [1000]: org.thymeleaf.standard.processor.StandardInlineTextualTagProcessor
[THYMELEAF]             * [* {th:text}] [1300]: org.thymeleaf.standard.processor.StandardTextTagProcessor
[THYMELEAF]             * [* {th:utext}] [1400]: org.thymeleaf.standard.processor.StandardUtextTagProcessor
[THYMELEAF]             * [* {th:assert}] [1550]: org.thymeleaf.standard.processor.StandardAssertTagProcessor
[THYMELEAF]             * [* {th:remove}] [1600]: org.thymeleaf.standard.processor.StandardRemoveTagProcessor
[THYMELEAF]             * [{th:block} *] [100000]: org.thymeleaf.standard.processor.StandardBlockTagProcessor
[THYMELEAF]             * [* 100000] [org.thymeleaf.standard.processor.StandardBlockTagProcessor]: {}
[THYMELEAF]         * Text Processors by [precedence]:
[THYMELEAF]             * [1000]: org.thymeleaf.standard.processor.StandardInliningTextProcessor
[THYMELEAF]     * Expression Objects:
[THYMELEAF]         * #ctx
[THYMELEAF]         * #root
[THYMELEAF]         * #vars
[THYMELEAF]         * #object
[THYMELEAF]         * #locale
[THYMELEAF]         * #request
[THYMELEAF]         * #response
[THYMELEAF]         * #session
[THYMELEAF]         * #servletContext
[THYMELEAF]         * #conversions
[THYMELEAF]         * #uris
[THYMELEAF]         * #calendars
[THYMELEAF]         * #dates
[THYMELEAF]         * #bools
[THYMELEAF]         * #numbers
[THYMELEAF]         * #objects
[THYMELEAF]         * #strings
[THYMELEAF]         * #arrays
[THYMELEAF]         * #lists
[THYMELEAF]         * #sets
[THYMELEAF]         * #maps
[THYMELEAF]         * #aggregates
[THYMELEAF]         * #messages
[THYMELEAF]         * #ids
[THYMELEAF]         * #execInfo
[THYMELEAF]         * #httpServletRequest
[THYMELEAF]         * #httpSession
[THYMELEAF]     * Execution Attributes:
[THYMELEAF]         * "StandardExpressionParser": com.intuit.karate.template.KarateStandardDialect@6dbb3d7d
[THYMELEAF]         * "StandardJavaScriptSerializer": org.thymeleaf.standard.serializer.StandardJavaScriptSerializer@450d10cb
[THYMELEAF]         * "StandardCSSSerializer": org.thymeleaf.standard.serializer.StandardCSSSerializer@1bd59b82
[THYMELEAF]         * "StandardVariableExpressionEvaluator": com.intuit.karate.template.KarateStandardDialect@6dbb3d7d
[THYMELEAF]         * "StandardConversionService": org.thymeleaf.standard.expression.StandardConversionService@6a9df5
[THYMELEAF] * Dialect [2 of 2]: karate (com.intuit.karate.template.KarateScriptDialect)
[THYMELEAF]     * Prefix: "ka"
[THYMELEAF]     * Processors for Template Mode: HTML
[THYMELEAF]         * Element Tag Processors by [matching element and attribute name] [precedence]:
[THYMELEAF]             * [* {src}] [1000]: com.intuit.karate.template.KaScriptAttrProcessor
[THYMELEAF]         * Element Model Processors by [matching element and attribute name] [precedence]:
[THYMELEAF]             * [{script} {ka:scope,data-ka-scope}] [1000]: com.intuit.karate.template.KaScriptElemProcessor
[THYMELEAF]             * [* {ka:set,data-ka-set}] [1000]: com.intuit.karate.template.KaSetElemProcessor
[THYMELEAF] TEMPLATE ENGINE CONFIGURED OK
09:31:20.444 [Test worker] DEBUG org.thymeleaf.TemplateEngine - [THYMELEAF] TEMPLATE ENGINE INITIALIZED
09:31:20.456 [Test worker] DEBUG org.thymeleaf.TemplateEngine - [THYMELEAF] INITIALIZING TEMPLATE ENGINE
09:31:20.488 [Test worker] DEBUG org.thymeleaf.TemplateEngine.CONFIG - Initializing Thymeleaf Template engine configuration...
[THYMELEAF] TEMPLATE ENGINE CONFIGURATION:
[THYMELEAF] * Thymeleaf version: 3.0.14.RELEASE (built 2021-12-08T00:45:29+0000)
[THYMELEAF] * Cache Manager implementation: org.thymeleaf.cache.StandardCacheManager
[THYMELEAF] * Template resolvers:
[THYMELEAF]     * [1] com.intuit.karate.template.ResourceHtmlTemplateResolver
[THYMELEAF] * Message resolvers:
[THYMELEAF]     * org.thymeleaf.messageresolver.StandardMessageResolver
[THYMELEAF] * Link builders:
[THYMELEAF]     * org.thymeleaf.linkbuilder.StandardLinkBuilder
[THYMELEAF] * Dialect [1 of 2]: Standard (com.intuit.karate.template.KarateStandardDialect)
[THYMELEAF]     * Prefix: "th"
[THYMELEAF]     * Processors for Template Mode: HTML
[THYMELEAF]         * Element Tag Processors by [matching element and attribute name] [precedence]:
[THYMELEAF]             * [* {th:include,data-th-include}] [100]: org.thymeleaf.standard.processor.StandardIncludeTagProcessor
[THYMELEAF]             * [* {th:insert,data-th-insert}] [100]: org.thymeleaf.standard.processor.StandardInsertTagProcessor
[THYMELEAF]             * [* {th:replace,data-th-replace}] [100]: org.thymeleaf.standard.processor.StandardReplaceTagProcessor
[THYMELEAF]             * [* {th:substituteby,data-th-substituteby}] [100]: org.thymeleaf.standard.processor.StandardSubstituteByTagProcessor
[THYMELEAF]             * [* {th:each,data-th-each}] [200]: com.intuit.karate.template.KarateEachTagProcessor
[THYMELEAF]             * [* {th:switch,data-th-switch}] [250]: org.thymeleaf.standard.processor.StandardSwitchTagProcessor
[THYMELEAF]             * [* {th:case,data-th-case}] [275]: org.thymeleaf.standard.processor.StandardCaseTagProcessor
[THYMELEAF]             * [* {th:if,data-th-if}] [300]: org.thymeleaf.standard.processor.StandardIfTagProcessor
[THYMELEAF]             * [* {th:unless,data-th-unless}] [400]: org.thymeleaf.standard.processor.StandardUnlessTagProcessor
[THYMELEAF]             * [* {th:object,data-th-object}] [500]: org.thymeleaf.standard.processor.StandardObjectTagProcessor
[THYMELEAF]             * [* {th:with,data-th-with}] [600]: com.intuit.karate.template.KarateWithTagProcessor
[THYMELEAF]             * [* {th:attr,data-th-attr}] [700]: com.intuit.karate.template.KarateAttributeTagProcessor.KarateAttrTagProcessor
[THYMELEAF]             * [* {th:attrappend,data-th-attrappend}] [900]: com.intuit.karate.template.KarateAttributeTagProcessor.KarateAttrappendTagProcessor
[THYMELEAF]             * [* {th:attrprepend,data-th-attrprepend}] [900]: com.intuit.karate.template.KarateAttributeTagProcessor.KarateAttrprependTagProcessor
[THYMELEAF]             * [* {th:alt-title,data-th-alt-title}] [990]: org.thymeleaf.standard.processor.StandardAltTitleTagProcessor
[THYMELEAF]             * [* {th:lang-xmllang,data-th-lang-xmllang}] [990]: org.thymeleaf.standard.processor.StandardLangXmlLangTagProcessor
[THYMELEAF]             * [* {th:action,data-th-action}] [1000]: org.thymeleaf.standard.processor.StandardActionTagProcessor
[THYMELEAF]             * [* {th:checked,data-th-checked}] [1000]: org.thymeleaf.standard.processor.StandardConditionalFixedValueTagProcessor
[THYMELEAF]             * [* {th:selected,data-th-selected}] [1000]: org.thymeleaf.standard.processor.StandardConditionalFixedValueTagProcessor
[THYMELEAF]             * [* {th:controls,data-th-controls}] [1000]: org.thymeleaf.standard.processor.StandardConditionalFixedValueTagProcessor
[THYMELEAF]             * [* {th:multiple,data-th-multiple}] [1000]: org.thymeleaf.standard.processor.StandardConditionalFixedValueTagProcessor
[THYMELEAF]             * [* {th:ismap,data-th-ismap}] [1000]: org.thymeleaf.standard.processor.StandardConditionalFixedValueTagProcessor
[THYMELEAF]             * [* {th:readonly,data-th-readonly}] [1000]: org.thymeleaf.standard.processor.StandardConditionalFixedValueTagProcessor
[THYMELEAF]             * [* {th:defer,data-th-defer}] [1000]: org.thymeleaf.standard.processor.StandardConditionalFixedValueTagProcessor
[THYMELEAF]             * [* {th:scoped,data-th-scoped}] [1000]: org.thymeleaf.standard.processor.StandardConditionalFixedValueTagProcessor
[THYMELEAF]             * [* {th:autofocus,data-th-autofocus}] [1000]: org.thymeleaf.standard.processor.StandardConditionalFixedValueTagProcessor
[THYMELEAF]             * [* {th:hidden,data-th-hidden}] [1000]: org.thymeleaf.standard.processor.StandardConditionalFixedValueTagProcessor
[THYMELEAF]             * [* {th:async,data-th-async}] [1000]: org.thymeleaf.standard.processor.StandardConditionalFixedValueTagProcessor
[THYMELEAF]             * [* {th:novalidate,data-th-novalidate}] [1000]: org.thymeleaf.standard.processor.StandardConditionalFixedValueTagProcessor
[THYMELEAF]             * [* {th:loop,data-th-loop}] [1000]: org.thymeleaf.standard.processor.StandardConditionalFixedValueTagProcessor
[THYMELEAF]             * [* {th:nowrap,data-th-nowrap}] [1000]: org.thymeleaf.standard.processor.StandardConditionalFixedValueTagProcessor
[THYMELEAF]             * [* {th:open,data-th-open}] [1000]: org.thymeleaf.standard.processor.StandardConditionalFixedValueTagProcessor
[THYMELEAF]             * [* {th:disabled,data-th-disabled}] [1000]: org.thymeleaf.standard.processor.StandardConditionalFixedValueTagProcessor
[THYMELEAF]             * [* {th:reversed,data-th-reversed}] [1000]: org.thymeleaf.standard.processor.StandardConditionalFixedValueTagProcessor
[THYMELEAF]             * [* {th:required,data-th-required}] [1000]: org.thymeleaf.standard.processor.StandardConditionalFixedValueTagProcessor
[THYMELEAF]             * [* {th:seamless,data-th-seamless}] [1000]: org.thymeleaf.standard.processor.StandardConditionalFixedValueTagProcessor
[THYMELEAF]             * [* {th:pubdate,data-th-pubdate}] [1000]: org.thymeleaf.standard.processor.StandardConditionalFixedValueTagProcessor
[THYMELEAF]             * [* {th:autoplay,data-th-autoplay}] [1000]: org.thymeleaf.standard.processor.StandardConditionalFixedValueTagProcessor
[THYMELEAF]             * [* {th:declare,data-th-declare}] [1000]: org.thymeleaf.standard.processor.StandardConditionalFixedValueTagProcessor
[THYMELEAF]             * [* {th:formnovalidate,data-th-formnovalidate}] [1000]: org.thymeleaf.standard.processor.StandardConditionalFixedValueTagProcessor
[THYMELEAF]             * [* {th:default,data-th-default}] [1000]: org.thymeleaf.standard.processor.StandardConditionalFixedValueTagProcessor
[THYMELEAF]             * [* {th:onoffline,data-th-onoffline}] [1000]: org.thymeleaf.standard.processor.StandardDOMEventAttributeTagProcessor
[THYMELEAF]             * [* {th:onmousemove,data-th-onmousemove}] [1000]: org.thymeleaf.standard.processor.StandardDOMEventAttributeTagProcessor
[THYMELEAF]             * [* {th:ononline,data-th-ononline}] [1000]: org.thymeleaf.standard.processor.StandardDOMEventAttributeTagProcessor
[THYMELEAF]             * [* {th:onbeforeprint,data-th-onbeforeprint}] [1000]: org.thymeleaf.standard.processor.StandardDOMEventAttributeTagProcessor
[THYMELEAF]             * [* {th:onplaying,data-th-onplaying}] [1000]: org.thymeleaf.standard.processor.StandardDOMEventAttributeTagProcessor
[THYMELEAF]             * [* {th:ondrag,data-th-ondrag}] [1000]: org.thymeleaf.standard.processor.StandardDOMEventAttributeTagProcessor
[THYMELEAF]             * [* {th:ondurationchange,data-th-ondurationchange}] [1000]: org.thymeleaf.standard.processor.StandardDOMEventAttributeTagProcessor
[THYMELEAF]             * [* {th:onmouseover,data-th-onmouseover}] [1000]: org.thymeleaf.standard.processor.StandardDOMEventAttributeTagProcessor
[THYMELEAF]             * [* {th:onvolumechange,data-th-onvolumechange}] [1000]: org.thymeleaf.standard.processor.StandardDOMEventAttributeTagProcessor
[THYMELEAF]             * [* {th:onstorage,data-th-onstorage}] [1000]: org.thymeleaf.standard.processor.StandardDOMEventAttributeTagProcessor
[THYMELEAF]             * [* {th:oncanplay,data-th-oncanplay}] [1000]: org.thymeleaf.standard.processor.StandardDOMEventAttributeTagProcessor
[THYMELEAF]             * [* {th:ontimeupdate,data-th-ontimeupdate}] [1000]: org.thymeleaf.standard.processor.StandardDOMEventAttributeTagProcessor
[THYMELEAF]             * [* {th:onbeforeunload,data-th-onbeforeunload}] [1000]: org.thymeleaf.standard.processor.StandardDOMEventAttributeTagProcessor
[THYMELEAF]             * [* {th:onfocus,data-th-onfocus}] [1000]: org.thymeleaf.standard.processor.StandardDOMEventAttributeTagProcessor
[THYMELEAF]             * [* {th:onafterprint,data-th-onafterprint}] [1000]: org.thymeleaf.standard.processor.StandardDOMEventAttributeTagProcessor
[THYMELEAF]             * [* {th:onloadeddata,data-th-onloadeddata}] [1000]: org.thymeleaf.standard.processor.StandardDOMEventAttributeTagProcessor
[THYMELEAF]             * [* {th:onkeyup,data-th-onkeyup}] [1000]: org.thymeleaf.standard.processor.StandardDOMEventAttributeTagProcessor
[THYMELEAF]             * [* {th:onscroll,data-th-onscroll}] [1000]: org.thymeleaf.standard.processor.StandardDOMEventAttributeTagProcessor
[THYMELEAF]             * [* {th:onsubmit,data-th-onsubmit}] [1000]: org.thymeleaf.standard.processor.StandardDOMEventAttributeTagProcessor
[THYMELEAF]             * [* {th:onkeydown,data-th-onkeydown}] [1000]: org.thymeleaf.standard.processor.StandardDOMEventAttributeTagProcessor
[THYMELEAF]             * [* {th:onmousewheel,data-th-onmousewheel}] [1000]: org.thymeleaf.standard.processor.StandardDOMEventAttributeTagProcessor
[THYMELEAF]             * [* {th:ondblclick,data-th-ondblclick}] [1000]: org.thymeleaf.standard.processor.StandardDOMEventAttributeTagProcessor
[THYMELEAF]             * [* {th:oncontextmenu,data-th-oncontextmenu}] [1000]: org.thymeleaf.standard.processor.StandardDOMEventAttributeTagProcessor
[THYMELEAF]             * [* {th:onundo,data-th-onundo}] [1000]: org.thymeleaf.standard.processor.StandardDOMEventAttributeTagProcessor
[THYMELEAF]             * [* {th:oninput,data-th-oninput}] [1000]: org.thymeleaf.standard.processor.StandardDOMEventAttributeTagProcessor
[THYMELEAF]             * [* {th:onmouseout,data-th-onmouseout}] [1000]: org.thymeleaf.standard.processor.StandardDOMEventAttributeTagProcessor
[THYMELEAF]             * [* {th:onstalled,data-th-onstalled}] [1000]: org.thymeleaf.standard.processor.StandardDOMEventAttributeTagProcessor
[THYMELEAF]             * [* {th:onselect,data-th-onselect}] [1000]: org.thymeleaf.standard.processor.StandardDOMEventAttributeTagProcessor
[THYMELEAF]             * [* {th:ondrop,data-th-ondrop}] [1000]: org.thymeleaf.standard.processor.StandardDOMEventAttributeTagProcessor
[THYMELEAF]             * [* {th:onwaiting,data-th-onwaiting}] [1000]: org.thymeleaf.standard.processor.StandardDOMEventAttributeTagProcessor
[THYMELEAF]             * [* {th:onshow,data-th-onshow}] [1000]: org.thymeleaf.standard.processor.StandardDOMEventAttributeTagProcessor
[THYMELEAF]             * [* {th:onblur,data-th-onblur}] [1000]: org.thymeleaf.standard.processor.StandardDOMEventAttributeTagProcessor
[THYMELEAF]             * [* {th:onerror,data-th-onerror}] [1000]: org.thymeleaf.standard.processor.StandardDOMEventAttributeTagProcessor
[THYMELEAF]             * [* {th:onemptied,data-th-onemptied}] [1000]: org.thymeleaf.standard.processor.StandardDOMEventAttributeTagProcessor
[THYMELEAF]             * [* {th:onpause,data-th-onpause}] [1000]: org.thymeleaf.standard.processor.StandardDOMEventAttributeTagProcessor
[THYMELEAF]             * [* {th:onsuspend,data-th-onsuspend}] [1000]: org.thymeleaf.standard.processor.StandardDOMEventAttributeTagProcessor
[THYMELEAF]             * [* {th:onended,data-th-onended}] [1000]: org.thymeleaf.standard.processor.StandardDOMEventAttributeTagProcessor
[THYMELEAF]             * [* {th:onloadstart,data-th-onloadstart}] [1000]: org.thymeleaf.standard.processor.StandardDOMEventAttributeTagProcessor
[THYMELEAF]             * [* {th:ondragleave,data-th-ondragleave}] [1000]: org.thymeleaf.standard.processor.StandardDOMEventAttributeTagProcessor
[THYMELEAF]             * [* {th:onreadystatechange,data-th-onreadystatechange}] [1000]: org.thymeleaf.standard.processor.StandardDOMEventAttributeTagProcessor
[THYMELEAF]             * [* {th:onclick,data-th-onclick}] [1000]: org.thymeleaf.standard.processor.StandardDOMEventAttributeTagProcessor
[THYMELEAF]             * [* {th:onmouseup,data-th-onmouseup}] [1000]: org.thymeleaf.standard.processor.StandardDOMEventAttributeTagProcessor
[THYMELEAF]             * [* {th:ondragover,data-th-ondragover}] [1000]: org.thymeleaf.standard.processor.StandardDOMEventAttributeTagProcessor
[THYMELEAF]             * [* {th:onseeked,data-th-onseeked}] [1000]: org.thymeleaf.standard.processor.StandardDOMEventAttributeTagProcessor
[THYMELEAF]             * [* {th:onkeypress,data-th-onkeypress}] [1000]: org.thymeleaf.standard.processor.StandardDOMEventAttributeTagProcessor
[THYMELEAF]             * [* {th:onhashchange,data-th-onhashchange}] [1000]: org.thymeleaf.standard.processor.StandardDOMEventAttributeTagProcessor
[THYMELEAF]             * [* {th:onunload,data-th-onunload}] [1000]: org.thymeleaf.standard.processor.StandardDOMEventAttributeTagProcessor
[THYMELEAF]             * [* {th:onload,data-th-onload}] [1000]: org.thymeleaf.standard.processor.StandardDOMEventAttributeTagProcessor
[THYMELEAF]             * [* {th:onforminput,data-th-onforminput}] [1000]: org.thymeleaf.standard.processor.StandardDOMEventAttributeTagProcessor
[THYMELEAF]             * [* {th:onmousedown,data-th-onmousedown}] [1000]: org.thymeleaf.standard.processor.StandardDOMEventAttributeTagProcessor
[THYMELEAF]             * [* {th:ondragend,data-th-ondragend}] [1000]: org.thymeleaf.standard.processor.StandardDOMEventAttributeTagProcessor
[THYMELEAF]             * [* {th:onformchange,data-th-onformchange}] [1000]: org.thymeleaf.standard.processor.StandardDOMEventAttributeTagProcessor
[THYMELEAF]             * [* {th:onresize,data-th-onresize}] [1000]: org.thymeleaf.standard.processor.StandardDOMEventAttributeTagProcessor
[THYMELEAF]             * [* {th:ondragstart,data-th-ondragstart}] [1000]: org.thymeleaf.standard.processor.StandardDOMEventAttributeTagProcessor
[THYMELEAF]             * [* {th:onratechange,data-th-onratechange}] [1000]: org.thymeleaf.standard.processor.StandardDOMEventAttributeTagProcessor
[THYMELEAF]             * [* {th:onchange,data-th-onchange}] [1000]: org.thymeleaf.standard.processor.StandardDOMEventAttributeTagProcessor
[THYMELEAF]             * [* {th:onabort,data-th-onabort}] [1000]: org.thymeleaf.standard.processor.StandardDOMEventAttributeTagProcessor
[THYMELEAF]             * [* {th:onplay,data-th-onplay}] [1000]: org.thymeleaf.standard.processor.StandardDOMEventAttributeTagProcessor
[THYMELEAF]             * [* {th:onpopstate,data-th-onpopstate}] [1000]: org.thymeleaf.standard.processor.StandardDOMEventAttributeTagProcessor
[THYMELEAF]             * [* {th:oninvalid,data-th-oninvalid}] [1000]: org.thymeleaf.standard.processor.StandardDOMEventAttributeTagProcessor
[THYMELEAF]             * [* {th:onreset,data-th-onreset}] [1000]: org.thymeleaf.standard.processor.StandardDOMEventAttributeTagProcessor
[THYMELEAF]             * [* {th:onprogress,data-th-onprogress}] [1000]: org.thymeleaf.standard.processor.StandardDOMEventAttributeTagProcessor
[THYMELEAF]             * [* {th:oncanplaythrough,data-th-oncanplaythrough}] [1000]: org.thymeleaf.standard.processor.StandardDOMEventAttributeTagProcessor
[THYMELEAF]             * [* {th:ondragenter,data-th-ondragenter}] [1000]: org.thymeleaf.standard.processor.StandardDOMEventAttributeTagProcessor
[THYMELEAF]             * [* {th:onredo,data-th-onredo}] [1000]: org.thymeleaf.standard.processor.StandardDOMEventAttributeTagProcessor
[THYMELEAF]             * [* {th:onmessage,data-th-onmessage}] [1000]: org.thymeleaf.standard.processor.StandardDOMEventAttributeTagProcessor
[THYMELEAF]             * [* {th:onseeking,data-th-onseeking}] [1000]: org.thymeleaf.standard.processor.StandardDOMEventAttributeTagProcessor
[THYMELEAF]             * [* {th:onloadedmetadata,data-th-onloadedmetadata}] [1000]: org.thymeleaf.standard.processor.StandardDOMEventAttributeTagProcessor
[THYMELEAF]             * [* {th:href,data-th-href}] [1000]: org.thymeleaf.standard.processor.StandardHrefTagProcessor
[THYMELEAF]             * [* {th:inline,data-th-inline}] [1000]: org.thymeleaf.standard.processor.StandardInlineHTMLTagProcessor
[THYMELEAF]             * [* {th:method,data-th-method}] [1000]: org.thymeleaf.standard.processor.StandardMethodTagProcessor
[THYMELEAF]             * [* {th:name,data-th-name}] [1000]: org.thymeleaf.standard.processor.StandardNonRemovableAttributeTagProcessor
[THYMELEAF]             * [* {th:type,data-th-type}] [1000]: org.thymeleaf.standard.processor.StandardNonRemovableAttributeTagProcessor
[THYMELEAF]             * [* {th:accept,data-th-accept}] [1000]: org.thymeleaf.standard.processor.StandardRemovableAttributeTagProcessor
[THYMELEAF]             * [* {th:draggable,data-th-draggable}] [1000]: org.thymeleaf.standard.processor.StandardRemovableAttributeTagProcessor
[THYMELEAF]             * [* {th:frameborder,data-th-frameborder}] [1000]: org.thymeleaf.standard.processor.StandardRemovableAttributeTagProcessor
[THYMELEAF]             * [* {th:hspace,data-th-hspace}] [1000]: org.thymeleaf.standard.processor.StandardRemovableAttributeTagProcessor
[THYMELEAF]             * [* {th:audio,data-th-audio}] [1000]: org.thymeleaf.standard.processor.StandardRemovableAttributeTagProcessor
[THYMELEAF]             * [* {th:contenteditable,data-th-contenteditable}] [1000]: org.thymeleaf.standard.processor.StandardRemovableAttributeTagProcessor
[THYMELEAF]             * [* {th:background,data-th-background}] [1000]: org.thymeleaf.standard.processor.StandardRemovableAttributeTagProcessor
[THYMELEAF]             * [* {th:scheme,data-th-scheme}] [1000]: org.thymeleaf.standard.processor.StandardRemovableAttributeTagProcessor
[THYMELEAF]             * [* {th:scope,data-th-scope}] [1000]: org.thymeleaf.standard.processor.StandardRemovableAttributeTagProcessor
[THYMELEAF]             * [* {th:for,data-th-for}] [1000]: org.thymeleaf.standard.processor.StandardRemovableAttributeTagProcessor
[THYMELEAF]             * [* {th:target,data-th-target}] [1000]: org.thymeleaf.standard.processor.StandardRemovableAttributeTagProcessor
[THYMELEAF]             * [* {th:id,data-th-id}] [1000]: org.thymeleaf.standard.processor.StandardRemovableAttributeTagProcessor
[THYMELEAF]             * [* {th:manifest,data-th-manifest}] [1000]: org.thymeleaf.standard.processor.StandardRemovableAttributeTagProcessor
[THYMELEAF]             * [* {th:rel,data-th-rel}] [1000]: org.thymeleaf.standard.processor.StandardRemovableAttributeTagProcessor
[THYMELEAF]             * [* {th:formmethod,data-th-formmethod}] [1000]: org.thymeleaf.standard.processor.StandardRemovableAttributeTagProcessor
[THYMELEAF]             * [* {th:codetype,data-th-codetype}] [1000]: org.thymeleaf.standard.processor.StandardRemovableAttributeTagProcessor
[THYMELEAF]             * [* {th:cellspacing,data-th-cellspacing}] [1000]: org.thymeleaf.standard.processor.StandardRemovableAttributeTagProcessor
[THYMELEAF]             * [* {th:placeholder,data-th-placeholder}] [1000]: org.thymeleaf.standard.processor.StandardRemovableAttributeTagProcessor
[THYMELEAF]             * [* {th:valuetype,data-th-valuetype}] [1000]: org.thymeleaf.standard.processor.StandardRemovableAttributeTagProcessor
[THYMELEAF]             * [* {th:axis,data-th-axis}] [1000]: org.thymeleaf.standard.processor.StandardRemovableAttributeTagProcessor
[THYMELEAF]             * [* {th:span,data-th-span}] [1000]: org.thymeleaf.standard.processor.StandardRemovableAttributeTagProcessor
[THYMELEAF]             * [* {th:formtarget,data-th-formtarget}] [1000]: org.thymeleaf.standard.processor.StandardRemovableAttributeTagProcessor
[THYMELEAF]             * [* {th:lang,data-th-lang}] [1000]: org.thymeleaf.standard.processor.StandardRemovableAttributeTagProcessor
[THYMELEAF]             * [* {th:frame,data-th-frame}] [1000]: org.thymeleaf.standard.processor.StandardRemovableAttributeTagProcessor
[THYMELEAF]             * [* {th:min,data-th-min}] [1000]: org.thymeleaf.standard.processor.StandardRemovableAttributeTagProcessor
[THYMELEAF]             * [* {th:spellcheck,data-th-spellcheck}] [1000]: org.thymeleaf.standard.processor.StandardRemovableAttributeTagProcessor
[THYMELEAF]             * [* {th:datetime,data-th-datetime}] [1000]: org.thymeleaf.standard.processor.StandardRemovableAttributeTagProcessor
[THYMELEAF]             * [* {th:start,data-th-start}] [1000]: org.thymeleaf.standard.processor.StandardRemovableAttributeTagProcessor
[THYMELEAF]             * [* {th:hreflang,data-th-hreflang}] [1000]: org.thymeleaf.standard.processor.StandardRemovableAttributeTagProcessor
[THYMELEAF]             * [* {th:height,data-th-height}] [1000]: org.thymeleaf.standard.processor.StandardRemovableAttributeTagProcessor
[THYMELEAF]             * [* {th:dir,data-th-dir}] [1000]: org.thymeleaf.standard.processor.StandardRemovableAttributeTagProcessor
[THYMELEAF]             * [* {th:wrap,data-th-wrap}] [1000]: org.thymeleaf.standard.processor.StandardRemovableAttributeTagProcessor
[THYMELEAF]             * [* {th:dropzone,data-th-dropzone}] [1000]: org.thymeleaf.standard.processor.StandardRemovableAttributeTagProcessor
[THYMELEAF]             * [* {th:abbr,data-th-abbr}] [1000]: org.thymeleaf.standard.processor.StandardRemovableAttributeTagProcessor
[THYMELEAF]             * [* {th:autocomplete,data-th-autocomplete}] [1000]: org.thymeleaf.standard.processor.StandardRemovableAttributeTagProcessor
[THYMELEAF]             * [* {th:content,data-th-content}] [1000]: org.thymeleaf.standard.processor.StandardRemovableAttributeTagProcessor
[THYMELEAF]             * [* {th:poster,data-th-poster}] [1000]: org.thymeleaf.standard.processor.StandardRemovableAttributeTagProcessor
[THYMELEAF]             * [* {th:size,data-th-size}] [1000]: org.thymeleaf.standard.processor.StandardRemovableAttributeTagProcessor
[THYMELEAF]             * [* {th:longdesc,data-th-longdesc}] [1000]: org.thymeleaf.standard.processor.StandardRemovableAttributeTagProcessor
[THYMELEAF]             * [* {th:usemap,data-th-usemap}] [1000]: org.thymeleaf.standard.processor.StandardRemovableAttributeTagProcessor
[THYMELEAF]             * [* {th:codebase,data-th-codebase}] [1000]: org.thymeleaf.standard.processor.StandardRemovableAttributeTagProcessor
[THYMELEAF]             * [* {th:enctype,data-th-enctype}] [1000]: org.thymeleaf.standard.processor.StandardRemovableAttributeTagProcessor
[THYMELEAF]             * [* {th:kind,data-th-kind}] [1000]: org.thymeleaf.standard.processor.StandardRemovableAttributeTagProcessor
[THYMELEAF]             * [* {th:class,data-th-class}] [1000]: org.thymeleaf.standard.processor.StandardRemovableAttributeTagProcessor
[THYMELEAF]             * [* {th:contextmenu,data-th-contextmenu}] [1000]: org.thymeleaf.standard.processor.StandardRemovableAttributeTagProcessor
[THYMELEAF]             * [* {th:accesskey,data-th-accesskey}] [1000]: org.thymeleaf.standard.processor.StandardRemovableAttributeTagProcessor
[THYMELEAF]             * [* {th:archive,data-th-archive}] [1000]: org.thymeleaf.standard.processor.StandardRemovableAttributeTagProcessor
[THYMELEAF]             * [* {th:colspan,data-th-colspan}] [1000]: org.thymeleaf.standard.processor.StandardRemovableAttributeTagProcessor
[THYMELEAF]             * [* {th:high,data-th-high}] [1000]: org.thymeleaf.standard.processor.StandardRemovableAttributeTagProcessor
[THYMELEAF]             * [* {th:summary,data-th-summary}] [1000]: org.thymeleaf.standard.processor.StandardRemovableAttributeTagProcessor
[THYMELEAF]             * [* {th:icon,data-th-icon}] [1000]: org.thymeleaf.standard.processor.StandardRemovableAttributeTagProcessor
[THYMELEAF]             * [* {th:max,data-th-max}] [1000]: org.thymeleaf.standard.processor.StandardRemovableAttributeTagProcessor
[THYMELEAF]             * [* {th:accept-charset,data-th-accept-charset}] [1000]: org.thymeleaf.standard.processor.StandardRemovableAttributeTagProcessor
[THYMELEAF]             * [* {th:standby,data-th-standby}] [1000]: org.thymeleaf.standard.processor.StandardRemovableAttributeTagProcessor
[THYMELEAF]             * [* {th:formaction,data-th-formaction}] [1000]: org.thymeleaf.standard.processor.StandardRemovableAttributeTagProcessor
[THYMELEAF]             * [* {th:cols,data-th-cols}] [1000]: org.thymeleaf.standard.processor.StandardRemovableAttributeTagProcessor
[THYMELEAF]             * [* {th:challenge,data-th-challenge}] [1000]: org.thymeleaf.standard.processor.StandardRemovableAttributeTagProcessor
[THYMELEAF]             * [* {th:border,data-th-border}] [1000]: org.thymeleaf.standard.processor.StandardRemovableAttributeTagProcessor
[THYMELEAF]             * [* {th:compact,data-th-compact}] [1000]: org.thymeleaf.standard.processor.StandardRemovableAttributeTagProcessor
[THYMELEAF]             * [* {th:width,data-th-width}] [1000]: org.thymeleaf.standard.processor.StandardRemovableAttributeTagProcessor
[THYMELEAF]             * [* {th:maxlength,data-th-maxlength}] [1000]: org.thymeleaf.standard.processor.StandardRemovableAttributeTagProcessor
[THYMELEAF]             * [* {th:keytype,data-th-keytype}] [1000]: org.thymeleaf.standard.processor.StandardRemovableAttributeTagProcessor
[THYMELEAF]             * [* {th:formenctype,data-th-formenctype}] [1000]: org.thymeleaf.standard.processor.StandardRemovableAttributeTagProcessor
[THYMELEAF]             * [* {th:radiogroup,data-th-radiogroup}] [1000]: org.thymeleaf.standard.processor.StandardRemovableAttributeTagProcessor
[THYMELEAF]             * [* {th:cellpadding,data-th-cellpadding}] [1000]: org.thymeleaf.standard.processor.StandardRemovableAttributeTagProcessor
[THYMELEAF]             * [* {th:align,data-th-align}] [1000]: org.thymeleaf.standard.processor.StandardRemovableAttributeTagProcessor
[THYMELEAF]             * [* {th:low,data-th-low}] [1000]: org.thymeleaf.standard.processor.StandardRemovableAttributeTagProcessor
[THYMELEAF]             * [* {th:title,data-th-title}] [1000]: org.thymeleaf.standard.processor.StandardRemovableAttributeTagProcessor
[THYMELEAF]             * [* {th:bgcolor,data-th-bgcolor}] [1000]: org.thymeleaf.standard.processor.StandardRemovableAttributeTagProcessor
[THYMELEAF]             * [* {th:headers,data-th-headers}] [1000]: org.thymeleaf.standard.processor.StandardRemovableAttributeTagProcessor
[THYMELEAF]             * [* {th:media,data-th-media}] [1000]: org.thymeleaf.standard.processor.StandardRemovableAttributeTagProcessor
[THYMELEAF]             * [* {th:step,data-th-step}] [1000]: org.thymeleaf.standard.processor.StandardRemovableAttributeTagProcessor
[THYMELEAF]             * [* {th:label,data-th-label}] [1000]: org.thymeleaf.standard.processor.StandardRemovableAttributeTagProcessor
[THYMELEAF]             * [* {th:charset,data-th-charset}] [1000]: org.thymeleaf.standard.processor.StandardRemovableAttributeTagProcessor
[THYMELEAF]             * [* {th:srclang,data-th-srclang}] [1000]: org.thymeleaf.standard.processor.StandardRemovableAttributeTagProcessor
[THYMELEAF]             * [* {th:optimum,data-th-optimum}] [1000]: org.thymeleaf.standard.processor.StandardRemovableAttributeTagProcessor
[THYMELEAF]             * [* {th:http-equiv,data-th-http-equiv}] [1000]: org.thymeleaf.standard.processor.StandardRemovableAttributeTagProcessor
[THYMELEAF]             * [* {th:rowspan,data-th-rowspan}] [1000]: org.thymeleaf.standard.processor.StandardRemovableAttributeTagProcessor
[THYMELEAF]             * [* {th:style,data-th-style}] [1000]: org.thymeleaf.standard.processor.StandardRemovableAttributeTagProcessor
[THYMELEAF]             * [* {th:form,data-th-form}] [1000]: org.thymeleaf.standard.processor.StandardRemovableAttributeTagProcessor
[THYMELEAF]             * [* {th:rules,data-th-rules}] [1000]: org.thymeleaf.standard.processor.StandardRemovableAttributeTagProcessor
[THYMELEAF]             * [* {th:tabindex,data-th-tabindex}] [1000]: org.thymeleaf.standard.processor.StandardRemovableAttributeTagProcessor
[THYMELEAF]             * [* {th:preload,data-th-preload}] [1000]: org.thymeleaf.standard.processor.StandardRemovableAttributeTagProcessor
[THYMELEAF]             * [* {th:sandbox,data-th-sandbox}] [1000]: org.thymeleaf.standard.processor.StandardRemovableAttributeTagProcessor
[THYMELEAF]             * [* {th:list,data-th-list}] [1000]: org.thymeleaf.standard.processor.StandardRemovableAttributeTagProcessor
[THYMELEAF]             * [* {th:marginheight,data-th-marginheight}] [1000]: org.thymeleaf.standard.processor.StandardRemovableAttributeTagProcessor
[THYMELEAF]             * [* {th:rows,data-th-rows}] [1000]: org.thymeleaf.standard.processor.StandardRemovableAttributeTagProcessor
[THYMELEAF]             * [* {th:alt,data-th-alt}] [1000]: org.thymeleaf.standard.processor.StandardRemovableAttributeTagProcessor
[THYMELEAF]             * [* {th:sizes,data-th-sizes}] [1000]: org.thymeleaf.standard.processor.StandardRemovableAttributeTagProcessor
[THYMELEAF]             * [* {th:pattern,data-th-pattern}] [1000]: org.thymeleaf.standard.processor.StandardRemovableAttributeTagProcessor
[THYMELEAF]             * [* {th:marginwidth,data-th-marginwidth}] [1000]: org.thymeleaf.standard.processor.StandardRemovableAttributeTagProcessor
[THYMELEAF]             * [* {th:classid,data-th-classid}] [1000]: org.thymeleaf.standard.processor.StandardRemovableAttributeTagProcessor
[THYMELEAF]             * [* {th:vspace,data-th-vspace}] [1000]: org.thymeleaf.standard.processor.StandardRemovableAttributeTagProcessor
[THYMELEAF]             * [* {th:rev,data-th-rev}] [1000]: org.thymeleaf.standard.processor.StandardRemovableAttributeTagProcessor
[THYMELEAF]             * [* {th:data,data-th-data}] [1000]: org.thymeleaf.standard.processor.StandardRemovableAttributeTagProcessor
[THYMELEAF]             * [* {th:scrolling,data-th-scrolling}] [1000]: org.thymeleaf.standard.processor.StandardRemovableAttributeTagProcessor
[THYMELEAF]             * [* {th:cite,data-th-cite}] [1000]: org.thymeleaf.standard.processor.StandardRemovableAttributeTagProcessor
[THYMELEAF]             * [* {th:src,data-th-src}] [1000]: org.thymeleaf.standard.processor.StandardSrcTagProcessor
[THYMELEAF]             * [* {th:value,data-th-value}] [1000]: org.thymeleaf.standard.processor.StandardValueTagProcessor
[THYMELEAF]             * [* {th:xmlbase,data-th-xmlbase}] [1000]: org.thymeleaf.standard.processor.StandardXmlBaseTagProcessor
[THYMELEAF]             * [* {th:xmllang,data-th-xmllang}] [1000]: org.thymeleaf.standard.processor.StandardXmlLangTagProcessor
[THYMELEAF]             * [* {xmlns:th}] [1000]: org.thymeleaf.standard.processor.StandardXmlNsTagProcessor
[THYMELEAF]             * [* {th:xmlspace,data-th-xmlspace}] [1000]: org.thymeleaf.standard.processor.StandardXmlSpaceTagProcessor
[THYMELEAF]             * [* {th:classappend,data-th-classappend}] [1100]: org.thymeleaf.standard.processor.StandardClassappendTagProcessor
[THYMELEAF]             * [* {th:styleappend,data-th-styleappend}] [1100]: org.thymeleaf.standard.processor.StandardStyleappendTagProcessor
[THYMELEAF]             * [* {th:text,data-th-text}] [1300]: org.thymeleaf.standard.processor.StandardTextTagProcessor
[THYMELEAF]             * [* {th:utext,data-th-utext}] [1400]: org.thymeleaf.standard.processor.StandardUtextTagProcessor
[THYMELEAF]             * [* {th:fragment,data-th-fragment}] [1500]: org.thymeleaf.standard.processor.StandardFragmentTagProcessor
[THYMELEAF]             * [* {th:assert,data-th-assert}] [1550]: org.thymeleaf.standard.processor.StandardAssertTagProcessor
[THYMELEAF]             * [* {th:remove,data-th-remove}] [1600]: org.thymeleaf.standard.processor.StandardRemoveTagProcessor
[THYMELEAF]             * [* {th:ref,data-th-ref}] [10000]: org.thymeleaf.standard.processor.StandardRefAttributeTagProcessor
[THYMELEAF]             * [{th:block,th-block} *] [100000]: org.thymeleaf.standard.processor.StandardBlockTagProcessor
[THYMELEAF]             * [* th:*] [2147483647]: org.thymeleaf.standard.processor.StandardDefaultAttributesTagProcessor
[THYMELEAF]         * Text Processors by [precedence]:
[THYMELEAF]             * [1000]: org.thymeleaf.standard.processor.StandardInliningTextProcessor
[THYMELEAF]         * DOCTYPE Processors by [precedence]:
[THYMELEAF]             * [1000]: org.thymeleaf.standard.processor.StandardTranslationDocTypeProcessor
[THYMELEAF]         * CDATA Section Processors by [precedence]:
[THYMELEAF]             * [1000]: org.thymeleaf.standard.processor.StandardInliningCDATASectionProcessor
[THYMELEAF]         * Comment Processors by [precedence]:
[THYMELEAF]             * [1000]: org.thymeleaf.standard.processor.StandardInliningCommentProcessor
[THYMELEAF]             * [1100]: org.thymeleaf.standard.processor.StandardConditionalCommentProcessor
[THYMELEAF]     * Processors for Template Mode: XML
[THYMELEAF]         * Element Tag Processors by [matching element and attribute name] [precedence]:
[THYMELEAF]             * [* {th:include}] [100]: org.thymeleaf.standard.processor.StandardIncludeTagProcessor
[THYMELEAF]             * [* {th:insert}] [100]: org.thymeleaf.standard.processor.StandardInsertTagProcessor
[THYMELEAF]             * [* {th:replace}] [100]: org.thymeleaf.standard.processor.StandardReplaceTagProcessor
[THYMELEAF]             * [* {th:substituteby}] [100]: org.thymeleaf.standard.processor.StandardSubstituteByTagProcessor
[THYMELEAF]             * [* {th:each}] [200]: com.intuit.karate.template.KarateEachTagProcessor
[THYMELEAF]             * [* {th:switch}] [250]: org.thymeleaf.standard.processor.StandardSwitchTagProcessor
[THYMELEAF]             * [* {th:case}] [275]: org.thymeleaf.standard.processor.StandardCaseTagProcessor
[THYMELEAF]             * [* {th:if}] [300]: org.thymeleaf.standard.processor.StandardIfTagProcessor
[THYMELEAF]             * [* {th:unless}] [400]: org.thymeleaf.standard.processor.StandardUnlessTagProcessor
[THYMELEAF]             * [* {th:object}] [500]: org.thymeleaf.standard.processor.StandardObjectTagProcessor
[THYMELEAF]             * [* {th:with}] [600]: com.intuit.karate.template.KarateWithTagProcessor
[THYMELEAF]             * [* {th:attr}] [700]: com.intuit.karate.template.KarateAttributeTagProcessor.KarateAttrTagProcessor
[THYMELEAF]             * [* {th:attrappend}] [900]: com.intuit.karate.template.KarateAttributeTagProcessor.KarateAttrappendTagProcessor
[THYMELEAF]             * [* {th:attrprepend}] [900]: com.intuit.karate.template.KarateAttributeTagProcessor.KarateAttrprependTagProcessor
[THYMELEAF]             * [* {th:inline}] [1000]: org.thymeleaf.standard.processor.StandardInlineXMLTagProcessor
[THYMELEAF]             * [* {xmlns:th}] [1000]: org.thymeleaf.standard.processor.StandardXmlNsTagProcessor
[THYMELEAF]             * [* {th:text}] [1300]: org.thymeleaf.standard.processor.StandardTextTagProcessor
[THYMELEAF]             * [* {th:utext}] [1400]: org.thymeleaf.standard.processor.StandardUtextTagProcessor
[THYMELEAF]             * [* {th:fragment}] [1500]: org.thymeleaf.standard.processor.StandardFragmentTagProcessor
[THYMELEAF]             * [* {th:assert}] [1550]: org.thymeleaf.standard.processor.StandardAssertTagProcessor
[THYMELEAF]             * [* {th:remove}] [1600]: org.thymeleaf.standard.processor.StandardRemoveTagProcessor
[THYMELEAF]             * [* {th:ref}] [10000]: org.thymeleaf.standard.processor.StandardRefAttributeTagProcessor
[THYMELEAF]             * [{th:block} *] [100000]: org.thymeleaf.standard.processor.StandardBlockTagProcessor
[THYMELEAF]             * [* th:*] [2147483647]: org.thymeleaf.standard.processor.StandardDefaultAttributesTagProcessor
[THYMELEAF]         * Text Processors by [precedence]:
[THYMELEAF]             * [1000]: org.thymeleaf.standard.processor.StandardInliningTextProcessor
[THYMELEAF]         * CDATA Section Processors by [precedence]:
[THYMELEAF]             * [1000]: org.thymeleaf.standard.processor.StandardInliningCDATASectionProcessor
[THYMELEAF]         * Comment Processors by [precedence]:
[THYMELEAF]             * [1000]: org.thymeleaf.standard.processor.StandardInliningCommentProcessor
[THYMELEAF]     * Processors for Template Mode: TEXT
[THYMELEAF]         * Element Tag Processors by [matching element and attribute name] [precedence]:
[THYMELEAF]             * [* {th:insert}] [100]: org.thymeleaf.standard.processor.StandardInsertTagProcessor
[THYMELEAF]             * [* {th:replace}] [100]: org.thymeleaf.standard.processor.StandardReplaceTagProcessor
[THYMELEAF]             * [* {th:each}] [200]: com.intuit.karate.template.KarateEachTagProcessor
[THYMELEAF]             * [* {th:switch}] [250]: org.thymeleaf.standard.processor.StandardSwitchTagProcessor
[THYMELEAF]             * [* {th:case}] [275]: org.thymeleaf.standard.processor.StandardCaseTagProcessor
[THYMELEAF]             * [* {th:if}] [300]: org.thymeleaf.standard.processor.StandardIfTagProcessor
[THYMELEAF]             * [* {th:unless}] [400]: org.thymeleaf.standard.processor.StandardUnlessTagProcessor
[THYMELEAF]             * [* {th:object}] [500]: org.thymeleaf.standard.processor.StandardObjectTagProcessor
[THYMELEAF]             * [* {th:with}] [600]: com.intuit.karate.template.KarateWithTagProcessor
[THYMELEAF]             * [* {th:inline}] [1000]: org.thymeleaf.standard.processor.StandardInlineTextualTagProcessor
[THYMELEAF]             * [* {th:text}] [1300]: org.thymeleaf.standard.processor.StandardTextTagProcessor
[THYMELEAF]             * [* {th:utext}] [1400]: org.thymeleaf.standard.processor.StandardUtextTagProcessor
[THYMELEAF]             * [* {th:assert}] [1550]: org.thymeleaf.standard.processor.StandardAssertTagProcessor
[THYMELEAF]             * [* {th:remove}] [1600]: org.thymeleaf.standard.processor.StandardRemoveTagProcessor
[THYMELEAF]             * [* 100000] [org.thymeleaf.standard.processor.StandardBlockTagProcessor]: {}
[THYMELEAF]             * [{th:block} *] [100000]: org.thymeleaf.standard.processor.StandardBlockTagProcessor
[THYMELEAF]         * Text Processors by [precedence]:
[THYMELEAF]             * [1000]: org.thymeleaf.standard.processor.StandardInliningTextProcessor
[THYMELEAF]     * Processors for Template Mode: JAVASCRIPT
[THYMELEAF]         * Element Tag Processors by [matching element and attribute name] [precedence]:
[THYMELEAF]             * [* {th:insert}] [100]: org.thymeleaf.standard.processor.StandardInsertTagProcessor
[THYMELEAF]             * [* {th:replace}] [100]: org.thymeleaf.standard.processor.StandardReplaceTagProcessor
[THYMELEAF]             * [* {th:each}] [200]: com.intuit.karate.template.KarateEachTagProcessor
[THYMELEAF]             * [* {th:switch}] [250]: org.thymeleaf.standard.processor.StandardSwitchTagProcessor
[THYMELEAF]             * [* {th:case}] [275]: org.thymeleaf.standard.processor.StandardCaseTagProcessor
[THYMELEAF]             * [* {th:if}] [300]: org.thymeleaf.standard.processor.StandardIfTagProcessor
[THYMELEAF]             * [* {th:unless}] [400]: org.thymeleaf.standard.processor.StandardUnlessTagProcessor
[THYMELEAF]             * [* {th:object}] [500]: org.thymeleaf.standard.processor.StandardObjectTagProcessor
[THYMELEAF]             * [* {th:with}] [600]: com.intuit.karate.template.KarateWithTagProcessor
[THYMELEAF]             * [* {th:inline}] [1000]: org.thymeleaf.standard.processor.StandardInlineTextualTagProcessor
[THYMELEAF]             * [* {th:text}] [1300]: org.thymeleaf.standard.processor.StandardTextTagProcessor
[THYMELEAF]             * [* {th:utext}] [1400]: org.thymeleaf.standard.processor.StandardUtextTagProcessor
[THYMELEAF]             * [* {th:assert}] [1550]: org.thymeleaf.standard.processor.StandardAssertTagProcessor
[THYMELEAF]             * [* {th:remove}] [1600]: org.thymeleaf.standard.processor.StandardRemoveTagProcessor
[THYMELEAF]             * [{th:block} *] [100000]: org.thymeleaf.standard.processor.StandardBlockTagProcessor
[THYMELEAF]             * [* 100000] [org.thymeleaf.standard.processor.StandardBlockTagProcessor]: {}
[THYMELEAF]         * Text Processors by [precedence]:
[THYMELEAF]             * [1000]: org.thymeleaf.standard.processor.StandardInliningTextProcessor
[THYMELEAF]     * Processors for Template Mode: CSS
[THYMELEAF]         * Element Tag Processors by [matching element and attribute name] [precedence]:
[THYMELEAF]             * [* {th:insert}] [100]: org.thymeleaf.standard.processor.StandardInsertTagProcessor
[THYMELEAF]             * [* {th:replace}] [100]: org.thymeleaf.standard.processor.StandardReplaceTagProcessor
[THYMELEAF]             * [* {th:each}] [200]: com.intuit.karate.template.KarateEachTagProcessor
[THYMELEAF]             * [* {th:switch}] [250]: org.thymeleaf.standard.processor.StandardSwitchTagProcessor
[THYMELEAF]             * [* {th:case}] [275]: org.thymeleaf.standard.processor.StandardCaseTagProcessor
[THYMELEAF]             * [* {th:if}] [300]: org.thymeleaf.standard.processor.StandardIfTagProcessor
[THYMELEAF]             * [* {th:unless}] [400]: org.thymeleaf.standard.processor.StandardUnlessTagProcessor
[THYMELEAF]             * [* {th:object}] [500]: org.thymeleaf.standard.processor.StandardObjectTagProcessor
[THYMELEAF]             * [* {th:with}] [600]: com.intuit.karate.template.KarateWithTagProcessor
[THYMELEAF]             * [* {th:inline}] [1000]: org.thymeleaf.standard.processor.StandardInlineTextualTagProcessor
[THYMELEAF]             * [* {th:text}] [1300]: org.thymeleaf.standard.processor.StandardTextTagProcessor
[THYMELEAF]             * [* {th:utext}] [1400]: org.thymeleaf.standard.processor.StandardUtextTagProcessor
[THYMELEAF]             * [* {th:assert}] [1550]: org.thymeleaf.standard.processor.StandardAssertTagProcessor
[THYMELEAF]             * [* {th:remove}] [1600]: org.thymeleaf.standard.processor.StandardRemoveTagProcessor
[THYMELEAF]             * [{th:block} *] [100000]: org.thymeleaf.standard.processor.StandardBlockTagProcessor
[THYMELEAF]             * [* 100000] [org.thymeleaf.standard.processor.StandardBlockTagProcessor]: {}
[THYMELEAF]         * Text Processors by [precedence]:
[THYMELEAF]             * [1000]: org.thymeleaf.standard.processor.StandardInliningTextProcessor
[THYMELEAF]     * Expression Objects:
[THYMELEAF]         * #ctx
[THYMELEAF]         * #root
[THYMELEAF]         * #vars
[THYMELEAF]         * #object
[THYMELEAF]         * #locale
[THYMELEAF]         * #request
[THYMELEAF]         * #response
[THYMELEAF]         * #session
[THYMELEAF]         * #servletContext
[THYMELEAF]         * #conversions
[THYMELEAF]         * #uris
[THYMELEAF]         * #calendars
[THYMELEAF]         * #dates
[THYMELEAF]         * #bools
[THYMELEAF]         * #numbers
[THYMELEAF]         * #objects
[THYMELEAF]         * #strings
[THYMELEAF]         * #arrays
[THYMELEAF]         * #lists
[THYMELEAF]         * #sets
[THYMELEAF]         * #maps
[THYMELEAF]         * #aggregates
[THYMELEAF]         * #messages
[THYMELEAF]         * #ids
[THYMELEAF]         * #execInfo
[THYMELEAF]         * #httpServletRequest
[THYMELEAF]         * #httpSession
[THYMELEAF]     * Execution Attributes:
[THYMELEAF]         * "StandardExpressionParser": com.intuit.karate.template.KarateStandardDialect@53918b5e
[THYMELEAF]         * "StandardJavaScriptSerializer": org.thymeleaf.standard.serializer.StandardJavaScriptSerializer@4f2b1e9f
[THYMELEAF]         * "StandardCSSSerializer": org.thymeleaf.standard.serializer.StandardCSSSerializer@7ef9c8a5
[THYMELEAF]         * "StandardVariableExpressionEvaluator": com.intuit.karate.template.KarateStandardDialect@53918b5e
[THYMELEAF]         * "StandardConversionService": org.thymeleaf.standard.expression.StandardConversionService@c6244e7
[THYMELEAF] * Dialect [2 of 2]: karate (com.intuit.karate.template.KarateScriptDialect)
[THYMELEAF]     * Prefix: "ka"
[THYMELEAF]     * Processors for Template Mode: HTML
[THYMELEAF]         * Element Tag Processors by [matching element and attribute name] [precedence]:
[THYMELEAF]             * [* {src}] [1000]: com.intuit.karate.template.KaScriptAttrProcessor
[THYMELEAF]         * Element Model Processors by [matching element and attribute name] [precedence]:
[THYMELEAF]             * [{script} {ka:scope,data-ka-scope}] [1000]: com.intuit.karate.template.KaScriptElemProcessor
[THYMELEAF]             * [* {ka:set,data-ka-set}] [1000]: com.intuit.karate.template.KaSetElemProcessor
[THYMELEAF] TEMPLATE ENGINE CONFIGURED OK
09:31:20.489 [Test worker] DEBUG org.thymeleaf.TemplateEngine - [THYMELEAF] TEMPLATE ENGINE INITIALIZED
09:31:20.523 [Test worker] DEBUG org.thymeleaf.TemplateEngine - [THYMELEAF] INITIALIZING TEMPLATE ENGINE
09:31:20.534 [Test worker] DEBUG org.thymeleaf.TemplateEngine.CONFIG - Initializing Thymeleaf Template engine configuration...
[THYMELEAF] TEMPLATE ENGINE CONFIGURATION:
[THYMELEAF] * Thymeleaf version: 3.0.14.RELEASE (built 2021-12-08T00:45:29+0000)
[THYMELEAF] * Cache Manager implementation: org.thymeleaf.cache.StandardCacheManager
[THYMELEAF] * Template resolvers:
[THYMELEAF]     * [1] com.intuit.karate.template.ResourceHtmlTemplateResolver
[THYMELEAF] * Message resolvers:
[THYMELEAF]     * org.thymeleaf.messageresolver.StandardMessageResolver
[THYMELEAF] * Link builders:
[THYMELEAF]     * org.thymeleaf.linkbuilder.StandardLinkBuilder
[THYMELEAF] * Dialect [1 of 2]: Standard (com.intuit.karate.template.KarateStandardDialect)
[THYMELEAF]     * Prefix: "th"
[THYMELEAF]     * Processors for Template Mode: HTML
[THYMELEAF]         * Element Tag Processors by [matching element and attribute name] [precedence]:
[THYMELEAF]             * [* {th:include,data-th-include}] [100]: org.thymeleaf.standard.processor.StandardIncludeTagProcessor
[THYMELEAF]             * [* {th:insert,data-th-insert}] [100]: org.thymeleaf.standard.processor.StandardInsertTagProcessor
[THYMELEAF]             * [* {th:replace,data-th-replace}] [100]: org.thymeleaf.standard.processor.StandardReplaceTagProcessor
[THYMELEAF]             * [* {th:substituteby,data-th-substituteby}] [100]: org.thymeleaf.standard.processor.StandardSubstituteByTagProcessor
[THYMELEAF]             * [* {th:each,data-th-each}] [200]: com.intuit.karate.template.KarateEachTagProcessor
[THYMELEAF]             * [* {th:switch,data-th-switch}] [250]: org.thymeleaf.standard.processor.StandardSwitchTagProcessor
[THYMELEAF]             * [* {th:case,data-th-case}] [275]: org.thymeleaf.standard.processor.StandardCaseTagProcessor
[THYMELEAF]             * [* {th:if,data-th-if}] [300]: org.thymeleaf.standard.processor.StandardIfTagProcessor
[THYMELEAF]             * [* {th:unless,data-th-unless}] [400]: org.thymeleaf.standard.processor.StandardUnlessTagProcessor
[THYMELEAF]             * [* {th:object,data-th-object}] [500]: org.thymeleaf.standard.processor.StandardObjectTagProcessor
[THYMELEAF]             * [* {th:with,data-th-with}] [600]: com.intuit.karate.template.KarateWithTagProcessor
[THYMELEAF]             * [* {th:attr,data-th-attr}] [700]: com.intuit.karate.template.KarateAttributeTagProcessor.KarateAttrTagProcessor
[THYMELEAF]             * [* {th:attrappend,data-th-attrappend}] [900]: com.intuit.karate.template.KarateAttributeTagProcessor.KarateAttrappendTagProcessor
[THYMELEAF]             * [* {th:attrprepend,data-th-attrprepend}] [900]: com.intuit.karate.template.KarateAttributeTagProcessor.KarateAttrprependTagProcessor
[THYMELEAF]             * [* {th:alt-title,data-th-alt-title}] [990]: org.thymeleaf.standard.processor.StandardAltTitleTagProcessor
[THYMELEAF]             * [* {th:lang-xmllang,data-th-lang-xmllang}] [990]: org.thymeleaf.standard.processor.StandardLangXmlLangTagProcessor
[THYMELEAF]             * [* {th:action,data-th-action}] [1000]: org.thymeleaf.standard.processor.StandardActionTagProcessor
[THYMELEAF]             * [* {th:loop,data-th-loop}] [1000]: org.thymeleaf.standard.processor.StandardConditionalFixedValueTagProcessor
[THYMELEAF]             * [* {th:formnovalidate,data-th-formnovalidate}] [1000]: org.thymeleaf.standard.processor.StandardConditionalFixedValueTagProcessor
[THYMELEAF]             * [* {th:pubdate,data-th-pubdate}] [1000]: org.thymeleaf.standard.processor.StandardConditionalFixedValueTagProcessor
[THYMELEAF]             * [* {th:seamless,data-th-seamless}] [1000]: org.thymeleaf.standard.processor.StandardConditionalFixedValueTagProcessor
[THYMELEAF]             * [* {th:default,data-th-default}] [1000]: org.thymeleaf.standard.processor.StandardConditionalFixedValueTagProcessor
[THYMELEAF]             * [* {th:async,data-th-async}] [1000]: org.thymeleaf.standard.processor.StandardConditionalFixedValueTagProcessor
[THYMELEAF]             * [* {th:novalidate,data-th-novalidate}] [1000]: org.thymeleaf.standard.processor.StandardConditionalFixedValueTagProcessor
[THYMELEAF]             * [* {th:scoped,data-th-scoped}] [1000]: org.thymeleaf.standard.processor.StandardConditionalFixedValueTagProcessor
[THYMELEAF]             * [* {th:nowrap,data-th-nowrap}] [1000]: org.thymeleaf.standard.processor.StandardConditionalFixedValueTagProcessor
[THYMELEAF]             * [* {th:disabled,data-th-disabled}] [1000]: org.thymeleaf.standard.processor.StandardConditionalFixedValueTagProcessor
[THYMELEAF]             * [* {th:defer,data-th-defer}] [1000]: org.thymeleaf.standard.processor.StandardConditionalFixedValueTagProcessor
[THYMELEAF]             * [* {th:multiple,data-th-multiple}] [1000]: org.thymeleaf.standard.processor.StandardConditionalFixedValueTagProcessor
[THYMELEAF]             * [* {th:reversed,data-th-reversed}] [1000]: org.thymeleaf.standard.processor.StandardConditionalFixedValueTagProcessor
[THYMELEAF]             * [* {th:autofocus,data-th-autofocus}] [1000]: org.thymeleaf.standard.processor.StandardConditionalFixedValueTagProcessor
[THYMELEAF]             * [* {th:readonly,data-th-readonly}] [1000]: org.thymeleaf.standard.processor.StandardConditionalFixedValueTagProcessor
[THYMELEAF]             * [* {th:open,data-th-open}] [1000]: org.thymeleaf.standard.processor.StandardConditionalFixedValueTagProcessor
[THYMELEAF]             * [* {th:declare,data-th-declare}] [1000]: org.thymeleaf.standard.processor.StandardConditionalFixedValueTagProcessor
[THYMELEAF]             * [* {th:checked,data-th-checked}] [1000]: org.thymeleaf.standard.processor.StandardConditionalFixedValueTagProcessor
[THYMELEAF]             * [* {th:selected,data-th-selected}] [1000]: org.thymeleaf.standard.processor.StandardConditionalFixedValueTagProcessor
[THYMELEAF]             * [* {th:required,data-th-required}] [1000]: org.thymeleaf.standard.processor.StandardConditionalFixedValueTagProcessor
[THYMELEAF]             * [* {th:controls,data-th-controls}] [1000]: org.thymeleaf.standard.processor.StandardConditionalFixedValueTagProcessor
[THYMELEAF]             * [* {th:hidden,data-th-hidden}] [1000]: org.thymeleaf.standard.processor.StandardConditionalFixedValueTagProcessor
[THYMELEAF]             * [* {th:ismap,data-th-ismap}] [1000]: org.thymeleaf.standard.processor.StandardConditionalFixedValueTagProcessor
[THYMELEAF]             * [* {th:autoplay,data-th-autoplay}] [1000]: org.thymeleaf.standard.processor.StandardConditionalFixedValueTagProcessor
[THYMELEAF]             * [* {th:onloadstart,data-th-onloadstart}] [1000]: org.thymeleaf.standard.processor.StandardDOMEventAttributeTagProcessor
[THYMELEAF]             * [* {th:ondrop,data-th-ondrop}] [1000]: org.thymeleaf.standard.processor.StandardDOMEventAttributeTagProcessor
[THYMELEAF]             * [* {th:onloadeddata,data-th-onloadeddata}] [1000]: org.thymeleaf.standard.processor.StandardDOMEventAttributeTagProcessor
[THYMELEAF]             * [* {th:ondragend,data-th-ondragend}] [1000]: org.thymeleaf.standard.processor.StandardDOMEventAttributeTagProcessor
[THYMELEAF]             * [* {th:onpopstate,data-th-onpopstate}] [1000]: org.thymeleaf.standard.processor.StandardDOMEventAttributeTagProcessor
[THYMELEAF]             * [* {th:onended,data-th-onended}] [1000]: org.thymeleaf.standard.processor.StandardDOMEventAttributeTagProcessor
[THYMELEAF]             * [* {th:onloadedmetadata,data-th-onloadedmetadata}] [1000]: org.thymeleaf.standard.processor.StandardDOMEventAttributeTagProcessor
[THYMELEAF]             * [* {th:onwaiting,data-th-onwaiting}] [1000]: org.thymeleaf.standard.processor.StandardDOMEventAttributeTagProcessor
[THYMELEAF]             * [* {th:onafterprint,data-th-onafterprint}] [1000]: org.thymeleaf.standard.processor.StandardDOMEventAttributeTagProcessor
[THYMELEAF]             * [* {th:onshow,data-th-onshow}] [1000]: org.thymeleaf.standard.processor.StandardDOMEventAttributeTagProcessor
[THYMELEAF]             * [* {th:onkeypress,data-th-onkeypress}] [1000]: org.thymeleaf.standard.processor.StandardDOMEventAttributeTagProcessor
[THYMELEAF]             * [* {th:oninvalid,data-th-oninvalid}] [1000]: org.thymeleaf.standard.processor.StandardDOMEventAttributeTagProcessor
[THYMELEAF]             * [* {th:ondurationchange,data-th-ondurationchange}] [1000]: org.thymeleaf.standard.processor.StandardDOMEventAttributeTagProcessor
[THYMELEAF]             * [* {th:onseeking,data-th-onseeking}] [1000]: org.thymeleaf.standard.processor.StandardDOMEventAttributeTagProcessor
[THYMELEAF]             * [* {th:onkeydown,data-th-onkeydown}] [1000]: org.thymeleaf.standard.processor.StandardDOMEventAttributeTagProcessor
[THYMELEAF]             * [* {th:ondblclick,data-th-ondblclick}] [1000]: org.thymeleaf.standard.processor.StandardDOMEventAttributeTagProcessor
[THYMELEAF]             * [* {th:onmouseout,data-th-onmouseout}] [1000]: org.thymeleaf.standard.processor.StandardDOMEventAttributeTagProcessor
[THYMELEAF]             * [* {th:onsubmit,data-th-onsubmit}] [1000]: org.thymeleaf.standard.processor.StandardDOMEventAttributeTagProcessor
[THYMELEAF]             * [* {th:onkeyup,data-th-onkeyup}] [1000]: org.thymeleaf.standard.processor.StandardDOMEventAttributeTagProcessor
[THYMELEAF]             * [* {th:onbeforeprint,data-th-onbeforeprint}] [1000]: org.thymeleaf.standard.processor.StandardDOMEventAttributeTagProcessor
[THYMELEAF]             * [* {th:ondrag,data-th-ondrag}] [1000]: org.thymeleaf.standard.processor.StandardDOMEventAttributeTagProcessor
[THYMELEAF]             * [* {th:onforminput,data-th-onforminput}] [1000]: org.thymeleaf.standard.processor.StandardDOMEventAttributeTagProcessor
[THYMELEAF]             * [* {th:onresize,data-th-onresize}] [1000]: org.thymeleaf.standard.processor.StandardDOMEventAttributeTagProcessor
[THYMELEAF]             * [* {th:onmessage,data-th-onmessage}] [1000]: org.thymeleaf.standard.processor.StandardDOMEventAttributeTagProcessor
[THYMELEAF]             * [* {th:onmouseover,data-th-onmouseover}] [1000]: org.thymeleaf.standard.processor.StandardDOMEventAttributeTagProcessor
[THYMELEAF]             * [* {th:oncanplay,data-th-oncanplay}] [1000]: org.thymeleaf.standard.processor.StandardDOMEventAttributeTagProcessor
[THYMELEAF]             * [* {th:onmousedown,data-th-onmousedown}] [1000]: org.thymeleaf.standard.processor.StandardDOMEventAttributeTagProcessor
[THYMELEAF]             * [* {th:onredo,data-th-onredo}] [1000]: org.thymeleaf.standard.processor.StandardDOMEventAttributeTagProcessor
[THYMELEAF]             * [* {th:ontimeupdate,data-th-ontimeupdate}] [1000]: org.thymeleaf.standard.processor.StandardDOMEventAttributeTagProcessor
[THYMELEAF]             * [* {th:onmousemove,data-th-onmousemove}] [1000]: org.thymeleaf.standard.processor.StandardDOMEventAttributeTagProcessor
[THYMELEAF]             * [* {th:onemptied,data-th-onemptied}] [1000]: org.thymeleaf.standard.processor.StandardDOMEventAttributeTagProcessor
[THYMELEAF]             * [* {th:ondragenter,data-th-ondragenter}] [1000]: org.thymeleaf.standard.processor.StandardDOMEventAttributeTagProcessor
[THYMELEAF]             * [* {th:onplay,data-th-onplay}] [1000]: org.thymeleaf.standard.processor.StandardDOMEventAttributeTagProcessor
[THYMELEAF]             * [* {th:onclick,data-th-onclick}] [1000]: org.thymeleaf.standard.processor.StandardDOMEventAttributeTagProcessor
[THYMELEAF]             * [* {th:onblur,data-th-onblur}] [1000]: org.thymeleaf.standard.processor.StandardDOMEventAttributeTagProcessor
[THYMELEAF]             * [* {th:onformchange,data-th-onformchange}] [1000]: org.thymeleaf.standard.processor.StandardDOMEventAttributeTagProcessor
[THYMELEAF]             * [* {th:ononline,data-th-ononline}] [1000]: org.thymeleaf.standard.processor.StandardDOMEventAttributeTagProcessor
[THYMELEAF]             * [* {th:onunload,data-th-onunload}] [1000]: org.thymeleaf.standard.processor.StandardDOMEventAttributeTagProcessor
[THYMELEAF]             * [* {th:onoffline,data-th-onoffline}] [1000]: org.thymeleaf.standard.processor.StandardDOMEventAttributeTagProcessor
[THYMELEAF]             * [* {th:ondragstart,data-th-ondragstart}] [1000]: org.thymeleaf.standard.processor.StandardDOMEventAttributeTagProcessor
[THYMELEAF]             * [* {th:oncanplaythrough,data-th-oncanplaythrough}] [1000]: org.thymeleaf.standard.processor.StandardDOMEventAttributeTagProcessor
[THYMELEAF]             * [* {th:onfocus,data-th-onfocus}] [1000]: org.thymeleaf.standard.processor.StandardDOMEventAttributeTagProcessor
[THYMELEAF]             * [* {th:onreset,data-th-onreset}] [1000]: org.thymeleaf.standard.processor.StandardDOMEventAttributeTagProcessor
[THYMELEAF]             * [* {th:onmousewheel,data-th-onmousewheel}] [1000]: org.thymeleaf.standard.processor.StandardDOMEventAttributeTagProcessor
[THYMELEAF]             * [* {th:onreadystatechange,data-th-onreadystatechange}] [1000]: org.thymeleaf.standard.processor.StandardDOMEventAttributeTagProcessor
[THYMELEAF]             * [* {th:oninput,data-th-oninput}] [1000]: org.thymeleaf.standard.processor.StandardDOMEventAttributeTagProcessor
[THYMELEAF]             * [* {th:oncontextmenu,data-th-oncontextmenu}] [1000]: org.thymeleaf.standard.processor.StandardDOMEventAttributeTagProcessor
[THYMELEAF]             * [* {th:onratechange,data-th-onratechange}] [1000]: org.thymeleaf.standard.processor.StandardDOMEventAttributeTagProcessor
[THYMELEAF]             * [* {th:ondragover,data-th-ondragover}] [1000]: org.thymeleaf.standard.processor.StandardDOMEventAttributeTagProcessor
[THYMELEAF]             * [* {th:ondragleave,data-th-ondragleave}] [1000]: org.thymeleaf.standard.processor.StandardDOMEventAttributeTagProcessor
[THYMELEAF]             * [* {th:onstalled,data-th-onstalled}] [1000]: org.thymeleaf.standard.processor.StandardDOMEventAttributeTagProcessor
[THYMELEAF]             * [* {th:onvolumechange,data-th-onvolumechange}] [1000]: org.thymeleaf.standard.processor.StandardDOMEventAttributeTagProcessor
[THYMELEAF]             * [* {th:onseeked,data-th-onseeked}] [1000]: org.thymeleaf.standard.processor.StandardDOMEventAttributeTagProcessor
[THYMELEAF]             * [* {th:onpause,data-th-onpause}] [1000]: org.thymeleaf.standard.processor.StandardDOMEventAttributeTagProcessor
[THYMELEAF]             * [* {th:onstorage,data-th-onstorage}] [1000]: org.thymeleaf.standard.processor.StandardDOMEventAttributeTagProcessor
[THYMELEAF]             * [* {th:onchange,data-th-onchange}] [1000]: org.thymeleaf.standard.processor.StandardDOMEventAttributeTagProcessor
[THYMELEAF]             * [* {th:onplaying,data-th-onplaying}] [1000]: org.thymeleaf.standard.processor.StandardDOMEventAttributeTagProcessor
[THYMELEAF]             * [* {th:onbeforeunload,data-th-onbeforeunload}] [1000]: org.thymeleaf.standard.processor.StandardDOMEventAttributeTagProcessor
[THYMELEAF]             * [* {th:onselect,data-th-onselect}] [1000]: org.thymeleaf.standard.processor.StandardDOMEventAttributeTagProcessor
[THYMELEAF]             * [* {th:onload,data-th-onload}] [1000]: org.thymeleaf.standard.processor.StandardDOMEventAttributeTagProcessor
[THYMELEAF]             * [* {th:onundo,data-th-onundo}] [1000]: org.thymeleaf.standard.processor.StandardDOMEventAttributeTagProcessor
[THYMELEAF]             * [* {th:onmouseup,data-th-onmouseup}] [1000]: org.thymeleaf.standard.processor.StandardDOMEventAttributeTagProcessor
[THYMELEAF]             * [* {th:onsuspend,data-th-onsuspend}] [1000]: org.thymeleaf.standard.processor.StandardDOMEventAttributeTagProcessor
[THYMELEAF]             * [* {th:onabort,data-th-onabort}] [1000]: org.thymeleaf.standard.processor.StandardDOMEventAttributeTagProcessor
[THYMELEAF]             * [* {th:onprogress,data-th-onprogress}] [1000]: org.thymeleaf.standard.processor.StandardDOMEventAttributeTagProcessor
[THYMELEAF]             * [* {th:onhashchange,data-th-onhashchange}] [1000]: org.thymeleaf.standard.processor.StandardDOMEventAttributeTagProcessor
[THYMELEAF]             * [* {th:onerror,data-th-onerror}] [1000]: org.thymeleaf.standard.processor.StandardDOMEventAttributeTagProcessor
[THYMELEAF]             * [* {th:onscroll,data-th-onscroll}] [1000]: org.thymeleaf.standard.processor.StandardDOMEventAttributeTagProcessor
[THYMELEAF]             * [* {th:href,data-th-href}] [1000]: org.thymeleaf.standard.processor.StandardHrefTagProcessor
[THYMELEAF]             * [* {th:inline,data-th-inline}] [1000]: org.thymeleaf.standard.processor.StandardInlineHTMLTagProcessor
[THYMELEAF]             * [* {th:method,data-th-method}] [1000]: org.thymeleaf.standard.processor.StandardMethodTagProcessor
[THYMELEAF]             * [* {th:type,data-th-type}] [1000]: org.thymeleaf.standard.processor.StandardNonRemovableAttributeTagProcessor
[THYMELEAF]             * [* {th:name,data-th-name}] [1000]: org.thymeleaf.standard.processor.StandardNonRemovableAttributeTagProcessor
[THYMELEAF]             * [* {th:formaction,data-th-formaction}] [1000]: org.thymeleaf.standard.processor.StandardRemovableAttributeTagProcessor
[THYMELEAF]             * [* {th:contextmenu,data-th-contextmenu}] [1000]: org.thymeleaf.standard.processor.StandardRemovableAttributeTagProcessor
[THYMELEAF]             * [* {th:span,data-th-span}] [1000]: org.thymeleaf.standard.processor.StandardRemovableAttributeTagProcessor
[THYMELEAF]             * [* {th:size,data-th-size}] [1000]: org.thymeleaf.standard.processor.StandardRemovableAttributeTagProcessor
[THYMELEAF]             * [* {th:pattern,data-th-pattern}] [1000]: org.thymeleaf.standard.processor.StandardRemovableAttributeTagProcessor
[THYMELEAF]             * [* {th:low,data-th-low}] [1000]: org.thymeleaf.standard.processor.StandardRemovableAttributeTagProcessor
[THYMELEAF]             * [* {th:background,data-th-background}] [1000]: org.thymeleaf.standard.processor.StandardRemovableAttributeTagProcessor
[THYMELEAF]             * [* {th:align,data-th-align}] [1000]: org.thymeleaf.standard.processor.StandardRemovableAttributeTagProcessor
[THYMELEAF]             * [* {th:formenctype,data-th-formenctype}] [1000]: org.thymeleaf.standard.processor.StandardRemovableAttributeTagProcessor
[THYMELEAF]             * [* {th:accesskey,data-th-accesskey}] [1000]: org.thymeleaf.standard.processor.StandardRemovableAttributeTagProcessor
[THYMELEAF]             * [* {th:class,data-th-class}] [1000]: org.thymeleaf.standard.processor.StandardRemovableAttributeTagProcessor
[THYMELEAF]             * [* {th:frame,data-th-frame}] [1000]: org.thymeleaf.standard.processor.StandardRemovableAttributeTagProcessor
[THYMELEAF]             * [* {th:rows,data-th-rows}] [1000]: org.thymeleaf.standard.processor.StandardRemovableAttributeTagProcessor
[THYMELEAF]             * [* {th:srclang,data-th-srclang}] [1000]: org.thymeleaf.standard.processor.StandardRemovableAttributeTagProcessor
[THYMELEAF]             * [* {th:target,data-th-target}] [1000]: org.thymeleaf.standard.processor.StandardRemovableAttributeTagProcessor
[THYMELEAF]             * [* {th:height,data-th-height}] [1000]: org.thymeleaf.standard.processor.StandardRemovableAttributeTagProcessor
[THYMELEAF]             * [* {th:usemap,data-th-usemap}] [1000]: org.thymeleaf.standard.processor.StandardRemovableAttributeTagProcessor
[THYMELEAF]             * [* {th:start,data-th-start}] [1000]: org.thymeleaf.standard.processor.StandardRemovableAttributeTagProcessor
[THYMELEAF]             * [* {th:scrolling,data-th-scrolling}] [1000]: org.thymeleaf.standard.processor.StandardRemovableAttributeTagProcessor
[THYMELEAF]             * [* {th:accept,data-th-accept}] [1000]: org.thymeleaf.standard.processor.StandardRemovableAttributeTagProcessor
[THYMELEAF]             * [* {th:content,data-th-content}] [1000]: org.thymeleaf.standard.processor.StandardRemovableAttributeTagProcessor
[THYMELEAF]             * [* {th:contenteditable,data-th-contenteditable}] [1000]: org.thymeleaf.standard.processor.StandardRemovableAttributeTagProcessor
[THYMELEAF]             * [* {th:http-equiv,data-th-http-equiv}] [1000]: org.thymeleaf.standard.processor.StandardRemovableAttributeTagProcessor
[THYMELEAF]             * [* {th:alt,data-th-alt}] [1000]: org.thymeleaf.standard.processor.StandardRemovableAttributeTagProcessor
[THYMELEAF]             * [* {th:cite,data-th-cite}] [1000]: org.thymeleaf.standard.processor.StandardRemovableAttributeTagProcessor
[THYMELEAF]             * [* {th:rowspan,data-th-rowspan}] [1000]: org.thymeleaf.standard.processor.StandardRemovableAttributeTagProcessor
[THYMELEAF]             * [* {th:id,data-th-id}] [1000]: org.thymeleaf.standard.processor.StandardRemovableAttributeTagProcessor
[THYMELEAF]             * [* {th:audio,data-th-audio}] [1000]: org.thymeleaf.standard.processor.StandardRemovableAttributeTagProcessor
[THYMELEAF]             * [* {th:icon,data-th-icon}] [1000]: org.thymeleaf.standard.processor.StandardRemovableAttributeTagProcessor
[THYMELEAF]             * [* {th:min,data-th-min}] [1000]: org.thymeleaf.standard.processor.StandardRemovableAttributeTagProcessor
[THYMELEAF]             * [* {th:rel,data-th-rel}] [1000]: org.thymeleaf.standard.processor.StandardRemovableAttributeTagProcessor
[THYMELEAF]             * [* {th:style,data-th-style}] [1000]: org.thymeleaf.standard.processor.StandardRemovableAttributeTagProcessor
[THYMELEAF]             * [* {th:form,data-th-form}] [1000]: org.thymeleaf.standard.processor.StandardRemovableAttributeTagProcessor
[THYMELEAF]             * [* {th:accept-charset,data-th-accept-charset}] [1000]: org.thymeleaf.standard.processor.StandardRemovableAttributeTagProcessor
[THYMELEAF]             * [* {th:scheme,data-th-scheme}] [1000]: org.thymeleaf.standard.processor.StandardRemovableAttributeTagProcessor
[THYMELEAF]             * [* {th:media,data-th-media}] [1000]: org.thymeleaf.standard.processor.StandardRemovableAttributeTagProcessor
[THYMELEAF]             * [* {th:valuetype,data-th-valuetype}] [1000]: org.thymeleaf.standard.processor.StandardRemovableAttributeTagProcessor
[THYMELEAF]             * [* {th:vspace,data-th-vspace}] [1000]: org.thymeleaf.standard.processor.StandardRemovableAttributeTagProcessor
[THYMELEAF]             * [* {th:dropzone,data-th-dropzone}] [1000]: org.thymeleaf.standard.processor.StandardRemovableAttributeTagProcessor
[THYMELEAF]             * [* {th:marginheight,data-th-marginheight}] [1000]: org.thymeleaf.standard.processor.StandardRemovableAttributeTagProcessor
[THYMELEAF]             * [* {th:title,data-th-title}] [1000]: org.thymeleaf.standard.processor.StandardRemovableAttributeTagProcessor
[THYMELEAF]             * [* {th:marginwidth,data-th-marginwidth}] [1000]: org.thymeleaf.standard.processor.StandardRemovableAttributeTagProcessor
[THYMELEAF]             * [* {th:scope,data-th-scope}] [1000]: org.thymeleaf.standard.processor.StandardRemovableAttributeTagProcessor
[THYMELEAF]             * [* {th:dir,data-th-dir}] [1000]: org.thymeleaf.standard.processor.StandardRemovableAttributeTagProcessor
[THYMELEAF]             * [* {th:hreflang,data-th-hreflang}] [1000]: org.thymeleaf.standard.processor.StandardRemovableAttributeTagProcessor
[THYMELEAF]             * [* {th:challenge,data-th-challenge}] [1000]: org.thymeleaf.standard.processor.StandardRemovableAttributeTagProcessor
[THYMELEAF]             * [* {th:list,data-th-list}] [1000]: org.thymeleaf.standard.processor.StandardRemovableAttributeTagProcessor
[THYMELEAF]             * [* {th:classid,data-th-classid}] [1000]: org.thymeleaf.standard.processor.StandardRemovableAttributeTagProcessor
[THYMELEAF]             * [* {th:colspan,data-th-colspan}] [1000]: org.thymeleaf.standard.processor.StandardRemovableAttributeTagProcessor
[THYMELEAF]             * [* {th:enctype,data-th-enctype}] [1000]: org.thymeleaf.standard.processor.StandardRemovableAttributeTagProcessor
[THYMELEAF]             * [* {th:for,data-th-for}] [1000]: org.thymeleaf.standard.processor.StandardRemovableAttributeTagProcessor
[THYMELEAF]             * [* {th:radiogroup,data-th-radiogroup}] [1000]: org.thymeleaf.standard.processor.StandardRemovableAttributeTagProcessor
[THYMELEAF]             * [* {th:summary,data-th-summary}] [1000]: org.thymeleaf.standard.processor.StandardRemovableAttributeTagProcessor
[THYMELEAF]             * [* {th:datetime,data-th-datetime}] [1000]: org.thymeleaf.standard.processor.StandardRemovableAttributeTagProcessor
[THYMELEAF]             * [* {th:codebase,data-th-codebase}] [1000]: org.thymeleaf.standard.processor.StandardRemovableAttributeTagProcessor
[THYMELEAF]             * [* {th:compact,data-th-compact}] [1000]: org.thymeleaf.standard.processor.StandardRemovableAttributeTagProcessor
[THYMELEAF]             * [* {th:high,data-th-high}] [1000]: org.thymeleaf.standard.processor.StandardRemovableAttributeTagProcessor
[THYMELEAF]             * [* {th:hspace,data-th-hspace}] [1000]: org.thymeleaf.standard.processor.StandardRemovableAttributeTagProcessor
[THYMELEAF]             * [* {th:data,data-th-data}] [1000]: org.thymeleaf.standard.processor.StandardRemovableAttributeTagProcessor
[THYMELEAF]             * [* {th:maxlength,data-th-maxlength}] [1000]: org.thymeleaf.standard.processor.StandardRemovableAttributeTagProcessor
[THYMELEAF]             * [* {th:frameborder,data-th-frameborder}] [1000]: org.thymeleaf.standard.processor.StandardRemovableAttributeTagProcessor
[THYMELEAF]             * [* {th:archive,data-th-archive}] [1000]: org.thymeleaf.standard.processor.StandardRemovableAttributeTagProcessor
[THYMELEAF]             * [* {th:bgcolor,data-th-bgcolor}] [1000]: org.thymeleaf.standard.processor.StandardRemovableAttributeTagProcessor
[THYMELEAF]             * [* {th:autocomplete,data-th-autocomplete}] [1000]: org.thymeleaf.standard.processor.StandardRemovableAttributeTagProcessor
[THYMELEAF]             * [* {th:kind,data-th-kind}] [1000]: org.thymeleaf.standard.processor.StandardRemovableAttributeTagProcessor
[THYMELEAF]             * [* {th:lang,data-th-lang}] [1000]: org.thymeleaf.standard.processor.StandardRemovableAttributeTagProcessor
[THYMELEAF]             * [* {th:headers,data-th-headers}] [1000]: org.thymeleaf.standard.processor.StandardRemovableAttributeTagProcessor
[THYMELEAF]             * [* {th:label,data-th-label}] [1000]: org.thymeleaf.standard.processor.StandardRemovableAttributeTagProcessor
[THYMELEAF]             * [* {th:draggable,data-th-draggable}] [1000]: org.thymeleaf.standard.processor.StandardRemovableAttributeTagProcessor
[THYMELEAF]             * [* {th:keytype,data-th-keytype}] [1000]: org.thymeleaf.standard.processor.StandardRemovableAttributeTagProcessor
[THYMELEAF]             * [* {th:cols,data-th-cols}] [1000]: org.thymeleaf.standard.processor.StandardRemovableAttributeTagProcessor
[THYMELEAF]             * [* {th:sizes,data-th-sizes}] [1000]: org.thymeleaf.standard.processor.StandardRemovableAttributeTagProcessor
[THYMELEAF]             * [* {th:rev,data-th-rev}] [1000]: org.thymeleaf.standard.processor.StandardRemovableAttributeTagProcessor
[THYMELEAF]             * [* {th:rules,data-th-rules}] [1000]: org.thymeleaf.standard.processor.StandardRemovableAttributeTagProcessor
[THYMELEAF]             * [* {th:border,data-th-border}] [1000]: org.thymeleaf.standard.processor.StandardRemovableAttributeTagProcessor
[THYMELEAF]             * [* {th:sandbox,data-th-sandbox}] [1000]: org.thymeleaf.standard.processor.StandardRemovableAttributeTagProcessor
[THYMELEAF]             * [* {th:spellcheck,data-th-spellcheck}] [1000]: org.thymeleaf.standard.processor.StandardRemovableAttributeTagProcessor
[THYMELEAF]             * [* {th:preload,data-th-preload}] [1000]: org.thymeleaf.standard.processor.StandardRemovableAttributeTagProcessor
[THYMELEAF]             * [* {th:abbr,data-th-abbr}] [1000]: org.thymeleaf.standard.processor.StandardRemovableAttributeTagProcessor
[THYMELEAF]             * [* {th:cellspacing,data-th-cellspacing}] [1000]: org.thymeleaf.standard.processor.StandardRemovableAttributeTagProcessor
[THYMELEAF]             * [* {th:width,data-th-width}] [1000]: org.thymeleaf.standard.processor.StandardRemovableAttributeTagProcessor
[THYMELEAF]             * [* {th:manifest,data-th-manifest}] [1000]: org.thymeleaf.standard.processor.StandardRemovableAttributeTagProcessor
[THYMELEAF]             * [* {th:axis,data-th-axis}] [1000]: org.thymeleaf.standard.processor.StandardRemovableAttributeTagProcessor
[THYMELEAF]             * [* {th:optimum,data-th-optimum}] [1000]: org.thymeleaf.standard.processor.StandardRemovableAttributeTagProcessor
[THYMELEAF]             * [* {th:codetype,data-th-codetype}] [1000]: org.thymeleaf.standard.processor.StandardRemovableAttributeTagProcessor
[THYMELEAF]             * [* {th:longdesc,data-th-longdesc}] [1000]: org.thymeleaf.standard.processor.StandardRemovableAttributeTagProcessor
[THYMELEAF]             * [* {th:formmethod,data-th-formmethod}] [1000]: org.thymeleaf.standard.processor.StandardRemovableAttributeTagProcessor
[THYMELEAF]             * [* {th:placeholder,data-th-placeholder}] [1000]: org.thymeleaf.standard.processor.StandardRemovableAttributeTagProcessor
[THYMELEAF]             * [* {th:max,data-th-max}] [1000]: org.thymeleaf.standard.processor.StandardRemovableAttributeTagProcessor
[THYMELEAF]             * [* {th:formtarget,data-th-formtarget}] [1000]: org.thymeleaf.standard.processor.StandardRemovableAttributeTagProcessor
[THYMELEAF]             * [* {th:standby,data-th-standby}] [1000]: org.thymeleaf.standard.processor.StandardRemovableAttributeTagProcessor
[THYMELEAF]             * [* {th:wrap,data-th-wrap}] [1000]: org.thymeleaf.standard.processor.StandardRemovableAttributeTagProcessor
[THYMELEAF]             * [* {th:step,data-th-step}] [1000]: org.thymeleaf.standard.processor.StandardRemovableAttributeTagProcessor
[THYMELEAF]             * [* {th:poster,data-th-poster}] [1000]: org.thymeleaf.standard.processor.StandardRemovableAttributeTagProcessor
[THYMELEAF]             * [* {th:charset,data-th-charset}] [1000]: org.thymeleaf.standard.processor.StandardRemovableAttributeTagProcessor
[THYMELEAF]             * [* {th:cellpadding,data-th-cellpadding}] [1000]: org.thymeleaf.standard.processor.StandardRemovableAttributeTagProcessor
[THYMELEAF]             * [* {th:tabindex,data-th-tabindex}] [1000]: org.thymeleaf.standard.processor.StandardRemovableAttributeTagProcessor
[THYMELEAF]             * [* {th:src,data-th-src}] [1000]: org.thymeleaf.standard.processor.StandardSrcTagProcessor
[THYMELEAF]             * [* {th:value,data-th-value}] [1000]: org.thymeleaf.standard.processor.StandardValueTagProcessor
[THYMELEAF]             * [* {th:xmlbase,data-th-xmlbase}] [1000]: org.thymeleaf.standard.processor.StandardXmlBaseTagProcessor
[THYMELEAF]             * [* {th:xmllang,data-th-xmllang}] [1000]: org.thymeleaf.standard.processor.StandardXmlLangTagProcessor
[THYMELEAF]             * [* {xmlns:th}] [1000]: org.thymeleaf.standard.processor.StandardXmlNsTagProcessor
[THYMELEAF]             * [* {th:xmlspace,data-th-xmlspace}] [1000]: org.thymeleaf.standard.processor.StandardXmlSpaceTagProcessor
[THYMELEAF]             * [* {th:classappend,data-th-classappend}] [1100]: org.thymeleaf.standard.processor.StandardClassappendTagProcessor
[THYMELEAF]             * [* {th:styleappend,data-th-styleappend}] [1100]: org.thymeleaf.standard.processor.StandardStyleappendTagProcessor
[THYMELEAF]             * [* {th:text,data-th-text}] [1300]: org.thymeleaf.standard.processor.StandardTextTagProcessor
[THYMELEAF]             * [* {th:utext,data-th-utext}] [1400]: org.thymeleaf.standard.processor.StandardUtextTagProcessor
[THYMELEAF]             * [* {th:fragment,data-th-fragment}] [1500]: org.thymeleaf.standard.processor.StandardFragmentTagProcessor
[THYMELEAF]             * [* {th:assert,data-th-assert}] [1550]: org.thymeleaf.standard.processor.StandardAssertTagProcessor
[THYMELEAF]             * [* {th:remove,data-th-remove}] [1600]: org.thymeleaf.standard.processor.StandardRemoveTagProcessor
[THYMELEAF]             * [* {th:ref,data-th-ref}] [10000]: org.thymeleaf.standard.processor.StandardRefAttributeTagProcessor
[THYMELEAF]             * [{th:block,th-block} *] [100000]: org.thymeleaf.standard.processor.StandardBlockTagProcessor
[THYMELEAF]             * [* th:*] [2147483647]: org.thymeleaf.standard.processor.StandardDefaultAttributesTagProcessor
[THYMELEAF]         * Text Processors by [precedence]:
[THYMELEAF]             * [1000]: org.thymeleaf.standard.processor.StandardInliningTextProcessor
[THYMELEAF]         * DOCTYPE Processors by [precedence]:
[THYMELEAF]             * [1000]: org.thymeleaf.standard.processor.StandardTranslationDocTypeProcessor
[THYMELEAF]         * CDATA Section Processors by [precedence]:
[THYMELEAF]             * [1000]: org.thymeleaf.standard.processor.StandardInliningCDATASectionProcessor
[THYMELEAF]         * Comment Processors by [precedence]:
[THYMELEAF]             * [1000]: org.thymeleaf.standard.processor.StandardInliningCommentProcessor
[THYMELEAF]             * [1100]: org.thymeleaf.standard.processor.StandardConditionalCommentProcessor
[THYMELEAF]     * Processors for Template Mode: XML
[THYMELEAF]         * Element Tag Processors by [matching element and attribute name] [precedence]:
[THYMELEAF]             * [* {th:include}] [100]: org.thymeleaf.standard.processor.StandardIncludeTagProcessor
[THYMELEAF]             * [* {th:insert}] [100]: org.thymeleaf.standard.processor.StandardInsertTagProcessor
[THYMELEAF]             * [* {th:replace}] [100]: org.thymeleaf.standard.processor.StandardReplaceTagProcessor
[THYMELEAF]             * [* {th:substituteby}] [100]: org.thymeleaf.standard.processor.StandardSubstituteByTagProcessor
[THYMELEAF]             * [* {th:each}] [200]: com.intuit.karate.template.KarateEachTagProcessor
[THYMELEAF]             * [* {th:switch}] [250]: org.thymeleaf.standard.processor.StandardSwitchTagProcessor
[THYMELEAF]             * [* {th:case}] [275]: org.thymeleaf.standard.processor.StandardCaseTagProcessor
[THYMELEAF]             * [* {th:if}] [300]: org.thymeleaf.standard.processor.StandardIfTagProcessor
[THYMELEAF]             * [* {th:unless}] [400]: org.thymeleaf.standard.processor.StandardUnlessTagProcessor
[THYMELEAF]             * [* {th:object}] [500]: org.thymeleaf.standard.processor.StandardObjectTagProcessor
[THYMELEAF]             * [* {th:with}] [600]: com.intuit.karate.template.KarateWithTagProcessor
[THYMELEAF]             * [* {th:attr}] [700]: com.intuit.karate.template.KarateAttributeTagProcessor.KarateAttrTagProcessor
[THYMELEAF]             * [* {th:attrappend}] [900]: com.intuit.karate.template.KarateAttributeTagProcessor.KarateAttrappendTagProcessor
[THYMELEAF]             * [* {th:attrprepend}] [900]: com.intuit.karate.template.KarateAttributeTagProcessor.KarateAttrprependTagProcessor
[THYMELEAF]             * [* {th:inline}] [1000]: org.thymeleaf.standard.processor.StandardInlineXMLTagProcessor
[THYMELEAF]             * [* {xmlns:th}] [1000]: org.thymeleaf.standard.processor.StandardXmlNsTagProcessor
[THYMELEAF]             * [* {th:text}] [1300]: org.thymeleaf.standard.processor.StandardTextTagProcessor
[THYMELEAF]             * [* {th:utext}] [1400]: org.thymeleaf.standard.processor.StandardUtextTagProcessor
[THYMELEAF]             * [* {th:fragment}] [1500]: org.thymeleaf.standard.processor.StandardFragmentTagProcessor
[THYMELEAF]             * [* {th:assert}] [1550]: org.thymeleaf.standard.processor.StandardAssertTagProcessor
[THYMELEAF]             * [* {th:remove}] [1600]: org.thymeleaf.standard.processor.StandardRemoveTagProcessor
[THYMELEAF]             * [* {th:ref}] [10000]: org.thymeleaf.standard.processor.StandardRefAttributeTagProcessor
[THYMELEAF]             * [{th:block} *] [100000]: org.thymeleaf.standard.processor.StandardBlockTagProcessor
[THYMELEAF]             * [* th:*] [2147483647]: org.thymeleaf.standard.processor.StandardDefaultAttributesTagProcessor
[THYMELEAF]         * Text Processors by [precedence]:
[THYMELEAF]             * [1000]: org.thymeleaf.standard.processor.StandardInliningTextProcessor
[THYMELEAF]         * CDATA Section Processors by [precedence]:
[THYMELEAF]             * [1000]: org.thymeleaf.standard.processor.StandardInliningCDATASectionProcessor
[THYMELEAF]         * Comment Processors by [precedence]:
[THYMELEAF]             * [1000]: org.thymeleaf.standard.processor.StandardInliningCommentProcessor
[THYMELEAF]     * Processors for Template Mode: TEXT
[THYMELEAF]         * Element Tag Processors by [matching element and attribute name] [precedence]:
[THYMELEAF]             * [* {th:insert}] [100]: org.thymeleaf.standard.processor.StandardInsertTagProcessor
[THYMELEAF]             * [* {th:replace}] [100]: org.thymeleaf.standard.processor.StandardReplaceTagProcessor
[THYMELEAF]             * [* {th:each}] [200]: com.intuit.karate.template.KarateEachTagProcessor
[THYMELEAF]             * [* {th:switch}] [250]: org.thymeleaf.standard.processor.StandardSwitchTagProcessor
[THYMELEAF]             * [* {th:case}] [275]: org.thymeleaf.standard.processor.StandardCaseTagProcessor
[THYMELEAF]             * [* {th:if}] [300]: org.thymeleaf.standard.processor.StandardIfTagProcessor
[THYMELEAF]             * [* {th:unless}] [400]: org.thymeleaf.standard.processor.StandardUnlessTagProcessor
[THYMELEAF]             * [* {th:object}] [500]: org.thymeleaf.standard.processor.StandardObjectTagProcessor
[THYMELEAF]             * [* {th:with}] [600]: com.intuit.karate.template.KarateWithTagProcessor
[THYMELEAF]             * [* {th:inline}] [1000]: org.thymeleaf.standard.processor.StandardInlineTextualTagProcessor
[THYMELEAF]             * [* {th:text}] [1300]: org.thymeleaf.standard.processor.StandardTextTagProcessor
[THYMELEAF]             * [* {th:utext}] [1400]: org.thymeleaf.standard.processor.StandardUtextTagProcessor
[THYMELEAF]             * [* {th:assert}] [1550]: org.thymeleaf.standard.processor.StandardAssertTagProcessor
[THYMELEAF]             * [* {th:remove}] [1600]: org.thymeleaf.standard.processor.StandardRemoveTagProcessor
[THYMELEAF]             * [* 100000] [org.thymeleaf.standard.processor.StandardBlockTagProcessor]: {}
[THYMELEAF]             * [{th:block} *] [100000]: org.thymeleaf.standard.processor.StandardBlockTagProcessor
[THYMELEAF]         * Text Processors by [precedence]:
[THYMELEAF]             * [1000]: org.thymeleaf.standard.processor.StandardInliningTextProcessor
[THYMELEAF]     * Processors for Template Mode: JAVASCRIPT
[THYMELEAF]         * Element Tag Processors by [matching element and attribute name] [precedence]:
[THYMELEAF]             * [* {th:insert}] [100]: org.thymeleaf.standard.processor.StandardInsertTagProcessor
[THYMELEAF]             * [* {th:replace}] [100]: org.thymeleaf.standard.processor.StandardReplaceTagProcessor
[THYMELEAF]             * [* {th:each}] [200]: com.intuit.karate.template.KarateEachTagProcessor
[THYMELEAF]             * [* {th:switch}] [250]: org.thymeleaf.standard.processor.StandardSwitchTagProcessor
[THYMELEAF]             * [* {th:case}] [275]: org.thymeleaf.standard.processor.StandardCaseTagProcessor
[THYMELEAF]             * [* {th:if}] [300]: org.thymeleaf.standard.processor.StandardIfTagProcessor
[THYMELEAF]             * [* {th:unless}] [400]: org.thymeleaf.standard.processor.StandardUnlessTagProcessor
[THYMELEAF]             * [* {th:object}] [500]: org.thymeleaf.standard.processor.StandardObjectTagProcessor
[THYMELEAF]             * [* {th:with}] [600]: com.intuit.karate.template.KarateWithTagProcessor
[THYMELEAF]             * [* {th:inline}] [1000]: org.thymeleaf.standard.processor.StandardInlineTextualTagProcessor
[THYMELEAF]             * [* {th:text}] [1300]: org.thymeleaf.standard.processor.StandardTextTagProcessor
[THYMELEAF]             * [* {th:utext}] [1400]: org.thymeleaf.standard.processor.StandardUtextTagProcessor
[THYMELEAF]             * [* {th:assert}] [1550]: org.thymeleaf.standard.processor.StandardAssertTagProcessor
[THYMELEAF]             * [* {th:remove}] [1600]: org.thymeleaf.standard.processor.StandardRemoveTagProcessor
[THYMELEAF]             * [{th:block} *] [100000]: org.thymeleaf.standard.processor.StandardBlockTagProcessor
[THYMELEAF]             * [* 100000] [org.thymeleaf.standard.processor.StandardBlockTagProcessor]: {}
[THYMELEAF]         * Text Processors by [precedence]:
[THYMELEAF]             * [1000]: org.thymeleaf.standard.processor.StandardInliningTextProcessor
[THYMELEAF]     * Processors for Template Mode: CSS
[THYMELEAF]         * Element Tag Processors by [matching element and attribute name] [precedence]:
[THYMELEAF]             * [* {th:insert}] [100]: org.thymeleaf.standard.processor.StandardInsertTagProcessor
[THYMELEAF]             * [* {th:replace}] [100]: org.thymeleaf.standard.processor.StandardReplaceTagProcessor
[THYMELEAF]             * [* {th:each}] [200]: com.intuit.karate.template.KarateEachTagProcessor
[THYMELEAF]             * [* {th:switch}] [250]: org.thymeleaf.standard.processor.StandardSwitchTagProcessor
[THYMELEAF]             * [* {th:case}] [275]: org.thymeleaf.standard.processor.StandardCaseTagProcessor
[THYMELEAF]             * [* {th:if}] [300]: org.thymeleaf.standard.processor.StandardIfTagProcessor
[THYMELEAF]             * [* {th:unless}] [400]: org.thymeleaf.standard.processor.StandardUnlessTagProcessor
[THYMELEAF]             * [* {th:object}] [500]: org.thymeleaf.standard.processor.StandardObjectTagProcessor
[THYMELEAF]             * [* {th:with}] [600]: com.intuit.karate.template.KarateWithTagProcessor
[THYMELEAF]             * [* {th:inline}] [1000]: org.thymeleaf.standard.processor.StandardInlineTextualTagProcessor
[THYMELEAF]             * [* {th:text}] [1300]: org.thymeleaf.standard.processor.StandardTextTagProcessor
[THYMELEAF]             * [* {th:utext}] [1400]: org.thymeleaf.standard.processor.StandardUtextTagProcessor
[THYMELEAF]             * [* {th:assert}] [1550]: org.thymeleaf.standard.processor.StandardAssertTagProcessor
[THYMELEAF]             * [* {th:remove}] [1600]: org.thymeleaf.standard.processor.StandardRemoveTagProcessor
[THYMELEAF]             * [{th:block} *] [100000]: org.thymeleaf.standard.processor.StandardBlockTagProcessor
[THYMELEAF]             * [* 100000] [org.thymeleaf.standard.processor.StandardBlockTagProcessor]: {}
[THYMELEAF]         * Text Processors by [precedence]:
[THYMELEAF]             * [1000]: org.thymeleaf.standard.processor.StandardInliningTextProcessor
[THYMELEAF]     * Expression Objects:
[THYMELEAF]         * #ctx
[THYMELEAF]         * #root
[THYMELEAF]         * #vars
[THYMELEAF]         * #object
[THYMELEAF]         * #locale
[THYMELEAF]         * #request
[THYMELEAF]         * #response
[THYMELEAF]         * #session
[THYMELEAF]         * #servletContext
[THYMELEAF]         * #conversions
[THYMELEAF]         * #uris
[THYMELEAF]         * #calendars
[THYMELEAF]         * #dates
[THYMELEAF]         * #bools
[THYMELEAF]         * #numbers
[THYMELEAF]         * #objects
[THYMELEAF]         * #strings
[THYMELEAF]         * #arrays
[THYMELEAF]         * #lists
[THYMELEAF]         * #sets
[THYMELEAF]         * #maps
[THYMELEAF]         * #aggregates
[THYMELEAF]         * #messages
[THYMELEAF]         * #ids
[THYMELEAF]         * #execInfo
[THYMELEAF]         * #httpServletRequest
[THYMELEAF]         * #httpSession
[THYMELEAF]     * Execution Attributes:
[THYMELEAF]         * "StandardExpressionParser": com.intuit.karate.template.KarateStandardDialect@34e07e65
[THYMELEAF]         * "StandardJavaScriptSerializer": org.thymeleaf.standard.serializer.StandardJavaScriptSerializer@4dd752e8
[THYMELEAF]         * "StandardCSSSerializer": org.thymeleaf.standard.serializer.StandardCSSSerializer@62c46e53
[THYMELEAF]         * "StandardVariableExpressionEvaluator": com.intuit.karate.template.KarateStandardDialect@34e07e65
[THYMELEAF]         * "StandardConversionService": org.thymeleaf.standard.expression.StandardConversionService@55317c63
[THYMELEAF] * Dialect [2 of 2]: karate (com.intuit.karate.template.KarateScriptDialect)
[THYMELEAF]     * Prefix: "ka"
[THYMELEAF]     * Processors for Template Mode: HTML
[THYMELEAF]         * Element Tag Processors by [matching element and attribute name] [precedence]:
[THYMELEAF]             * [* {src}] [1000]: com.intuit.karate.template.KaScriptAttrProcessor
[THYMELEAF]         * Element Model Processors by [matching element and attribute name] [precedence]:
[THYMELEAF]             * [{script} {ka:scope,data-ka-scope}] [1000]: com.intuit.karate.template.KaScriptElemProcessor
[THYMELEAF]             * [* {ka:set,data-ka-set}] [1000]: com.intuit.karate.template.KaSetElemProcessor
[THYMELEAF] TEMPLATE ENGINE CONFIGURED OK
09:31:20.535 [Test worker] DEBUG org.thymeleaf.TemplateEngine - [THYMELEAF] TEMPLATE ENGINE INITIALIZED

HTML report: (paste into browser to view) | Karate version: 1.4.0
file:///C:/Intellij%20projects/git-actions/build/karate-reports/karate-summary.html
===================================================================

]]></system-out>
  <system-err><![CDATA[]]></system-err>
</testsuite>
